[2025-01-30T14:45:41.802+0000] {processor.py:186} INFO - Started process (PID=651) to work on /opt/airflow/dags/my_first_dag.py
[2025-01-30T14:45:41.804+0000] {processor.py:914} INFO - Processing file /opt/airflow/dags/my_first_dag.py for tasks to queue
[2025-01-30T14:45:41.808+0000] {logging_mixin.py:190} INFO - [2025-01-30T14:45:41.807+0000] {dagbag.py:588} INFO - Filling up the DagBag from /opt/airflow/dags/my_first_dag.py
[2025-01-30T14:45:41.829+0000] {processor.py:925} INFO - DAG(s) 'sample_dag' retrieved from /opt/airflow/dags/my_first_dag.py
[2025-01-30T14:45:41.981+0000] {logging_mixin.py:190} INFO - [2025-01-30T14:45:41.980+0000] {override.py:1911} INFO - Created Permission View: can read on DAG:sample_dag
[2025-01-30T14:45:41.998+0000] {logging_mixin.py:190} INFO - [2025-01-30T14:45:41.998+0000] {override.py:1911} INFO - Created Permission View: can delete on DAG:sample_dag
[2025-01-30T14:45:42.011+0000] {logging_mixin.py:190} INFO - [2025-01-30T14:45:42.010+0000] {override.py:1911} INFO - Created Permission View: can edit on DAG:sample_dag
[2025-01-30T14:45:42.028+0000] {logging_mixin.py:190} INFO - [2025-01-30T14:45:42.028+0000] {override.py:1911} INFO - Created Permission View: menu access on DAG Run:sample_dag
[2025-01-30T14:45:42.040+0000] {logging_mixin.py:190} INFO - [2025-01-30T14:45:42.039+0000] {override.py:1911} INFO - Created Permission View: can read on DAG Run:sample_dag
[2025-01-30T14:45:42.052+0000] {logging_mixin.py:190} INFO - [2025-01-30T14:45:42.051+0000] {override.py:1911} INFO - Created Permission View: can delete on DAG Run:sample_dag
[2025-01-30T14:45:42.065+0000] {logging_mixin.py:190} INFO - [2025-01-30T14:45:42.065+0000] {override.py:1911} INFO - Created Permission View: can create on DAG Run:sample_dag
[2025-01-30T14:45:42.066+0000] {logging_mixin.py:190} INFO - [2025-01-30T14:45:42.065+0000] {dag.py:3239} INFO - Sync 1 DAGs
[2025-01-30T14:45:42.089+0000] {logging_mixin.py:190} INFO - [2025-01-30T14:45:42.088+0000] {dag.py:3262} INFO - Creating ORM DAG for sample_dag
[2025-01-30T14:45:42.106+0000] {logging_mixin.py:190} INFO - [2025-01-30T14:45:42.105+0000] {dag.py:4180} INFO - Setting next_dagrun for sample_dag to 2025-01-29 00:00:00+00:00, run_after=2025-01-30 00:00:00+00:00
[2025-01-30T14:45:42.128+0000] {processor.py:208} INFO - Processing /opt/airflow/dags/my_first_dag.py took 0.336 seconds
[2025-01-30T14:46:12.500+0000] {processor.py:186} INFO - Started process (PID=661) to work on /opt/airflow/dags/my_first_dag.py
[2025-01-30T14:46:12.502+0000] {processor.py:914} INFO - Processing file /opt/airflow/dags/my_first_dag.py for tasks to queue
[2025-01-30T14:46:12.506+0000] {logging_mixin.py:190} INFO - [2025-01-30T14:46:12.506+0000] {dagbag.py:588} INFO - Filling up the DagBag from /opt/airflow/dags/my_first_dag.py
[2025-01-30T14:46:12.534+0000] {processor.py:925} INFO - DAG(s) 'sample_dag' retrieved from /opt/airflow/dags/my_first_dag.py
[2025-01-30T14:46:12.560+0000] {logging_mixin.py:190} INFO - [2025-01-30T14:46:12.560+0000] {dag.py:3239} INFO - Sync 1 DAGs
[2025-01-30T14:46:12.587+0000] {logging_mixin.py:190} INFO - [2025-01-30T14:46:12.587+0000] {dag.py:4180} INFO - Setting next_dagrun for sample_dag to 2025-01-29 00:00:00+00:00, run_after=2025-01-30 00:00:00+00:00
[2025-01-30T14:46:12.613+0000] {processor.py:208} INFO - Processing /opt/airflow/dags/my_first_dag.py took 0.127 seconds
[2025-01-30T14:46:43.009+0000] {processor.py:186} INFO - Started process (PID=671) to work on /opt/airflow/dags/my_first_dag.py
[2025-01-30T14:46:43.011+0000] {processor.py:914} INFO - Processing file /opt/airflow/dags/my_first_dag.py for tasks to queue
[2025-01-30T14:46:43.016+0000] {logging_mixin.py:190} INFO - [2025-01-30T14:46:43.016+0000] {dagbag.py:588} INFO - Filling up the DagBag from /opt/airflow/dags/my_first_dag.py
[2025-01-30T14:46:43.036+0000] {processor.py:925} INFO - DAG(s) 'sample_dag' retrieved from /opt/airflow/dags/my_first_dag.py
[2025-01-30T14:46:43.084+0000] {logging_mixin.py:190} INFO - [2025-01-30T14:46:43.084+0000] {dag.py:3239} INFO - Sync 1 DAGs
[2025-01-30T14:46:43.125+0000] {logging_mixin.py:190} INFO - [2025-01-30T14:46:43.124+0000] {dag.py:4180} INFO - Setting next_dagrun for sample_dag to 2025-01-29 00:00:00+00:00, run_after=2025-01-30 00:00:00+00:00
[2025-01-30T14:46:43.147+0000] {processor.py:208} INFO - Processing /opt/airflow/dags/my_first_dag.py took 0.152 seconds
[2025-01-30T14:47:13.521+0000] {processor.py:186} INFO - Started process (PID=681) to work on /opt/airflow/dags/my_first_dag.py
[2025-01-30T14:47:13.523+0000] {processor.py:914} INFO - Processing file /opt/airflow/dags/my_first_dag.py for tasks to queue
[2025-01-30T14:47:13.529+0000] {logging_mixin.py:190} INFO - [2025-01-30T14:47:13.528+0000] {dagbag.py:588} INFO - Filling up the DagBag from /opt/airflow/dags/my_first_dag.py
[2025-01-30T14:47:13.561+0000] {processor.py:925} INFO - DAG(s) 'sample_dag' retrieved from /opt/airflow/dags/my_first_dag.py
[2025-01-30T14:47:13.611+0000] {logging_mixin.py:190} INFO - [2025-01-30T14:47:13.611+0000] {dag.py:3239} INFO - Sync 1 DAGs
[2025-01-30T14:47:13.657+0000] {logging_mixin.py:190} INFO - [2025-01-30T14:47:13.657+0000] {dag.py:4180} INFO - Setting next_dagrun for sample_dag to 2025-01-29 00:00:00+00:00, run_after=2025-01-30 00:00:00+00:00
[2025-01-30T14:47:13.681+0000] {processor.py:208} INFO - Processing /opt/airflow/dags/my_first_dag.py took 0.177 seconds
[2025-01-30T14:47:44.050+0000] {processor.py:186} INFO - Started process (PID=691) to work on /opt/airflow/dags/my_first_dag.py
[2025-01-30T14:47:44.052+0000] {processor.py:914} INFO - Processing file /opt/airflow/dags/my_first_dag.py for tasks to queue
[2025-01-30T14:47:44.055+0000] {logging_mixin.py:190} INFO - [2025-01-30T14:47:44.055+0000] {dagbag.py:588} INFO - Filling up the DagBag from /opt/airflow/dags/my_first_dag.py
[2025-01-30T14:47:44.077+0000] {processor.py:925} INFO - DAG(s) 'sample_dag' retrieved from /opt/airflow/dags/my_first_dag.py
[2025-01-30T14:47:44.123+0000] {logging_mixin.py:190} INFO - [2025-01-30T14:47:44.122+0000] {dag.py:3239} INFO - Sync 1 DAGs
[2025-01-30T14:47:44.167+0000] {logging_mixin.py:190} INFO - [2025-01-30T14:47:44.167+0000] {dag.py:4180} INFO - Setting next_dagrun for sample_dag to 2025-01-29 00:00:00+00:00, run_after=2025-01-30 00:00:00+00:00
[2025-01-30T14:47:44.195+0000] {processor.py:208} INFO - Processing /opt/airflow/dags/my_first_dag.py took 0.161 seconds
[2025-01-30T14:48:14.574+0000] {processor.py:186} INFO - Started process (PID=701) to work on /opt/airflow/dags/my_first_dag.py
[2025-01-30T14:48:14.577+0000] {processor.py:914} INFO - Processing file /opt/airflow/dags/my_first_dag.py for tasks to queue
[2025-01-30T14:48:14.584+0000] {logging_mixin.py:190} INFO - [2025-01-30T14:48:14.583+0000] {dagbag.py:588} INFO - Filling up the DagBag from /opt/airflow/dags/my_first_dag.py
[2025-01-30T14:48:14.612+0000] {processor.py:925} INFO - DAG(s) 'sample_dag' retrieved from /opt/airflow/dags/my_first_dag.py
[2025-01-30T14:48:14.661+0000] {logging_mixin.py:190} INFO - [2025-01-30T14:48:14.660+0000] {dag.py:3239} INFO - Sync 1 DAGs
[2025-01-30T14:48:14.723+0000] {logging_mixin.py:190} INFO - [2025-01-30T14:48:14.723+0000] {dag.py:4180} INFO - Setting next_dagrun for sample_dag to 2025-01-29 00:00:00+00:00, run_after=2025-01-30 00:00:00+00:00
[2025-01-30T14:48:14.753+0000] {processor.py:208} INFO - Processing /opt/airflow/dags/my_first_dag.py took 0.199 seconds
[2025-01-30T14:48:45.089+0000] {processor.py:186} INFO - Started process (PID=711) to work on /opt/airflow/dags/my_first_dag.py
[2025-01-30T14:48:45.091+0000] {processor.py:914} INFO - Processing file /opt/airflow/dags/my_first_dag.py for tasks to queue
[2025-01-30T14:48:45.098+0000] {logging_mixin.py:190} INFO - [2025-01-30T14:48:45.097+0000] {dagbag.py:588} INFO - Filling up the DagBag from /opt/airflow/dags/my_first_dag.py
[2025-01-30T14:48:45.123+0000] {processor.py:925} INFO - DAG(s) 'sample_dag' retrieved from /opt/airflow/dags/my_first_dag.py
[2025-01-30T14:48:45.155+0000] {logging_mixin.py:190} INFO - [2025-01-30T14:48:45.155+0000] {dag.py:3239} INFO - Sync 1 DAGs
[2025-01-30T14:48:45.188+0000] {logging_mixin.py:190} INFO - [2025-01-30T14:48:45.188+0000] {dag.py:4180} INFO - Setting next_dagrun for sample_dag to 2025-01-29 00:00:00+00:00, run_after=2025-01-30 00:00:00+00:00
[2025-01-30T14:48:45.218+0000] {processor.py:208} INFO - Processing /opt/airflow/dags/my_first_dag.py took 0.136 seconds
[2025-01-30T14:49:15.603+0000] {processor.py:186} INFO - Started process (PID=721) to work on /opt/airflow/dags/my_first_dag.py
[2025-01-30T14:49:15.606+0000] {processor.py:914} INFO - Processing file /opt/airflow/dags/my_first_dag.py for tasks to queue
[2025-01-30T14:49:15.613+0000] {logging_mixin.py:190} INFO - [2025-01-30T14:49:15.611+0000] {dagbag.py:588} INFO - Filling up the DagBag from /opt/airflow/dags/my_first_dag.py
[2025-01-30T14:49:15.634+0000] {processor.py:925} INFO - DAG(s) 'sample_dag' retrieved from /opt/airflow/dags/my_first_dag.py
[2025-01-30T14:49:15.689+0000] {logging_mixin.py:190} INFO - [2025-01-30T14:49:15.688+0000] {dag.py:3239} INFO - Sync 1 DAGs
[2025-01-30T14:49:15.723+0000] {logging_mixin.py:190} INFO - [2025-01-30T14:49:15.723+0000] {dag.py:4180} INFO - Setting next_dagrun for sample_dag to 2025-01-29 00:00:00+00:00, run_after=2025-01-30 00:00:00+00:00
[2025-01-30T14:49:15.761+0000] {processor.py:208} INFO - Processing /opt/airflow/dags/my_first_dag.py took 0.173 seconds
[2025-01-30T14:49:46.113+0000] {processor.py:186} INFO - Started process (PID=731) to work on /opt/airflow/dags/my_first_dag.py
[2025-01-30T14:49:46.115+0000] {processor.py:914} INFO - Processing file /opt/airflow/dags/my_first_dag.py for tasks to queue
[2025-01-30T14:49:46.125+0000] {logging_mixin.py:190} INFO - [2025-01-30T14:49:46.123+0000] {dagbag.py:588} INFO - Filling up the DagBag from /opt/airflow/dags/my_first_dag.py
[2025-01-30T14:49:46.157+0000] {processor.py:925} INFO - DAG(s) 'sample_dag' retrieved from /opt/airflow/dags/my_first_dag.py
[2025-01-30T14:49:46.197+0000] {logging_mixin.py:190} INFO - [2025-01-30T14:49:46.197+0000] {dag.py:3239} INFO - Sync 1 DAGs
[2025-01-30T14:49:46.239+0000] {logging_mixin.py:190} INFO - [2025-01-30T14:49:46.239+0000] {dag.py:4180} INFO - Setting next_dagrun for sample_dag to 2025-01-29 00:00:00+00:00, run_after=2025-01-30 00:00:00+00:00
[2025-01-30T14:49:46.272+0000] {processor.py:208} INFO - Processing /opt/airflow/dags/my_first_dag.py took 0.177 seconds
[2025-01-30T14:50:17.163+0000] {processor.py:186} INFO - Started process (PID=743) to work on /opt/airflow/dags/my_first_dag.py
[2025-01-30T14:50:17.165+0000] {processor.py:914} INFO - Processing file /opt/airflow/dags/my_first_dag.py for tasks to queue
[2025-01-30T14:50:17.173+0000] {logging_mixin.py:190} INFO - [2025-01-30T14:50:17.172+0000] {dagbag.py:588} INFO - Filling up the DagBag from /opt/airflow/dags/my_first_dag.py
[2025-01-30T14:50:17.196+0000] {processor.py:925} INFO - DAG(s) 'sample_dag' retrieved from /opt/airflow/dags/my_first_dag.py
[2025-01-30T14:50:17.241+0000] {logging_mixin.py:190} INFO - [2025-01-30T14:50:17.240+0000] {dag.py:3239} INFO - Sync 1 DAGs
[2025-01-30T14:50:17.278+0000] {logging_mixin.py:190} INFO - [2025-01-30T14:50:17.277+0000] {dag.py:4180} INFO - Setting next_dagrun for sample_dag to 2025-01-29 00:00:00+00:00, run_after=2025-01-30 00:00:00+00:00
[2025-01-30T14:50:17.317+0000] {processor.py:208} INFO - Processing /opt/airflow/dags/my_first_dag.py took 0.173 seconds
[2025-01-30T14:50:47.727+0000] {processor.py:186} INFO - Started process (PID=753) to work on /opt/airflow/dags/my_first_dag.py
[2025-01-30T14:50:47.729+0000] {processor.py:914} INFO - Processing file /opt/airflow/dags/my_first_dag.py for tasks to queue
[2025-01-30T14:50:47.738+0000] {logging_mixin.py:190} INFO - [2025-01-30T14:50:47.737+0000] {dagbag.py:588} INFO - Filling up the DagBag from /opt/airflow/dags/my_first_dag.py
[2025-01-30T14:50:47.768+0000] {processor.py:925} INFO - DAG(s) 'sample_dag' retrieved from /opt/airflow/dags/my_first_dag.py
[2025-01-30T14:50:47.849+0000] {logging_mixin.py:190} INFO - [2025-01-30T14:50:47.848+0000] {dag.py:3239} INFO - Sync 1 DAGs
[2025-01-30T14:50:47.928+0000] {logging_mixin.py:190} INFO - [2025-01-30T14:50:47.924+0000] {dag.py:4180} INFO - Setting next_dagrun for sample_dag to 2025-01-29 00:00:00+00:00, run_after=2025-01-30 00:00:00+00:00
[2025-01-30T14:50:47.998+0000] {processor.py:208} INFO - Processing /opt/airflow/dags/my_first_dag.py took 0.287 seconds
[2025-01-30T14:51:18.403+0000] {processor.py:186} INFO - Started process (PID=763) to work on /opt/airflow/dags/my_first_dag.py
[2025-01-30T14:51:18.405+0000] {processor.py:914} INFO - Processing file /opt/airflow/dags/my_first_dag.py for tasks to queue
[2025-01-30T14:51:18.414+0000] {logging_mixin.py:190} INFO - [2025-01-30T14:51:18.412+0000] {dagbag.py:588} INFO - Filling up the DagBag from /opt/airflow/dags/my_first_dag.py
[2025-01-30T14:51:18.444+0000] {processor.py:925} INFO - DAG(s) 'sample_dag' retrieved from /opt/airflow/dags/my_first_dag.py
[2025-01-30T14:51:18.491+0000] {logging_mixin.py:190} INFO - [2025-01-30T14:51:18.491+0000] {dag.py:3239} INFO - Sync 1 DAGs
[2025-01-30T14:51:18.533+0000] {logging_mixin.py:190} INFO - [2025-01-30T14:51:18.532+0000] {dag.py:4180} INFO - Setting next_dagrun for sample_dag to 2025-01-29 00:00:00+00:00, run_after=2025-01-30 00:00:00+00:00
[2025-01-30T14:51:18.571+0000] {processor.py:208} INFO - Processing /opt/airflow/dags/my_first_dag.py took 0.181 seconds
[2025-01-30T14:51:48.994+0000] {processor.py:186} INFO - Started process (PID=773) to work on /opt/airflow/dags/my_first_dag.py
[2025-01-30T14:51:48.996+0000] {processor.py:914} INFO - Processing file /opt/airflow/dags/my_first_dag.py for tasks to queue
[2025-01-30T14:51:49.002+0000] {logging_mixin.py:190} INFO - [2025-01-30T14:51:49.001+0000] {dagbag.py:588} INFO - Filling up the DagBag from /opt/airflow/dags/my_first_dag.py
[2025-01-30T14:51:49.024+0000] {processor.py:925} INFO - DAG(s) 'sample_dag' retrieved from /opt/airflow/dags/my_first_dag.py
[2025-01-30T14:51:49.065+0000] {logging_mixin.py:190} INFO - [2025-01-30T14:51:49.065+0000] {dag.py:3239} INFO - Sync 1 DAGs
[2025-01-30T14:51:49.123+0000] {logging_mixin.py:190} INFO - [2025-01-30T14:51:49.122+0000] {dag.py:4180} INFO - Setting next_dagrun for sample_dag to 2025-01-29 00:00:00+00:00, run_after=2025-01-30 00:00:00+00:00
[2025-01-30T14:51:49.159+0000] {processor.py:208} INFO - Processing /opt/airflow/dags/my_first_dag.py took 0.182 seconds
[2025-01-30T14:52:19.555+0000] {processor.py:186} INFO - Started process (PID=783) to work on /opt/airflow/dags/my_first_dag.py
[2025-01-30T14:52:19.558+0000] {processor.py:914} INFO - Processing file /opt/airflow/dags/my_first_dag.py for tasks to queue
[2025-01-30T14:52:19.564+0000] {logging_mixin.py:190} INFO - [2025-01-30T14:52:19.563+0000] {dagbag.py:588} INFO - Filling up the DagBag from /opt/airflow/dags/my_first_dag.py
[2025-01-30T14:52:19.603+0000] {processor.py:925} INFO - DAG(s) 'sample_dag' retrieved from /opt/airflow/dags/my_first_dag.py
[2025-01-30T14:52:19.636+0000] {logging_mixin.py:190} INFO - [2025-01-30T14:52:19.636+0000] {dag.py:3239} INFO - Sync 1 DAGs
[2025-01-30T14:52:19.672+0000] {logging_mixin.py:190} INFO - [2025-01-30T14:52:19.672+0000] {dag.py:4180} INFO - Setting next_dagrun for sample_dag to 2025-01-29 00:00:00+00:00, run_after=2025-01-30 00:00:00+00:00
[2025-01-30T14:52:19.706+0000] {processor.py:208} INFO - Processing /opt/airflow/dags/my_first_dag.py took 0.175 seconds
[2025-01-30T14:52:50.114+0000] {processor.py:186} INFO - Started process (PID=793) to work on /opt/airflow/dags/my_first_dag.py
[2025-01-30T14:52:50.117+0000] {processor.py:914} INFO - Processing file /opt/airflow/dags/my_first_dag.py for tasks to queue
[2025-01-30T14:52:50.124+0000] {logging_mixin.py:190} INFO - [2025-01-30T14:52:50.123+0000] {dagbag.py:588} INFO - Filling up the DagBag from /opt/airflow/dags/my_first_dag.py
[2025-01-30T14:52:50.170+0000] {processor.py:925} INFO - DAG(s) 'sample_dag' retrieved from /opt/airflow/dags/my_first_dag.py
[2025-01-30T14:52:50.212+0000] {logging_mixin.py:190} INFO - [2025-01-30T14:52:50.212+0000] {dag.py:3239} INFO - Sync 1 DAGs
[2025-01-30T14:52:50.265+0000] {logging_mixin.py:190} INFO - [2025-01-30T14:52:50.264+0000] {dag.py:4180} INFO - Setting next_dagrun for sample_dag to 2025-01-29 00:00:00+00:00, run_after=2025-01-30 00:00:00+00:00
[2025-01-30T14:52:50.299+0000] {processor.py:208} INFO - Processing /opt/airflow/dags/my_first_dag.py took 0.205 seconds
[2025-01-30T14:53:20.654+0000] {processor.py:186} INFO - Started process (PID=802) to work on /opt/airflow/dags/my_first_dag.py
[2025-01-30T14:53:20.655+0000] {processor.py:914} INFO - Processing file /opt/airflow/dags/my_first_dag.py for tasks to queue
[2025-01-30T14:53:20.660+0000] {logging_mixin.py:190} INFO - [2025-01-30T14:53:20.659+0000] {dagbag.py:588} INFO - Filling up the DagBag from /opt/airflow/dags/my_first_dag.py
[2025-01-30T14:53:20.696+0000] {processor.py:925} INFO - DAG(s) 'sample_dag' retrieved from /opt/airflow/dags/my_first_dag.py
[2025-01-30T14:53:20.737+0000] {logging_mixin.py:190} INFO - [2025-01-30T14:53:20.737+0000] {dag.py:3239} INFO - Sync 1 DAGs
[2025-01-30T14:53:20.781+0000] {logging_mixin.py:190} INFO - [2025-01-30T14:53:20.780+0000] {dag.py:4180} INFO - Setting next_dagrun for sample_dag to 2025-01-29 00:00:00+00:00, run_after=2025-01-30 00:00:00+00:00
[2025-01-30T14:53:20.804+0000] {processor.py:208} INFO - Processing /opt/airflow/dags/my_first_dag.py took 0.160 seconds
[2025-01-30T14:53:51.153+0000] {processor.py:186} INFO - Started process (PID=812) to work on /opt/airflow/dags/my_first_dag.py
[2025-01-30T14:53:51.155+0000] {processor.py:914} INFO - Processing file /opt/airflow/dags/my_first_dag.py for tasks to queue
[2025-01-30T14:53:51.162+0000] {logging_mixin.py:190} INFO - [2025-01-30T14:53:51.161+0000] {dagbag.py:588} INFO - Filling up the DagBag from /opt/airflow/dags/my_first_dag.py
[2025-01-30T14:53:51.204+0000] {processor.py:925} INFO - DAG(s) 'sample_dag' retrieved from /opt/airflow/dags/my_first_dag.py
[2025-01-30T14:53:51.248+0000] {logging_mixin.py:190} INFO - [2025-01-30T14:53:51.247+0000] {dag.py:3239} INFO - Sync 1 DAGs
[2025-01-30T14:53:51.278+0000] {logging_mixin.py:190} INFO - [2025-01-30T14:53:51.278+0000] {dag.py:4180} INFO - Setting next_dagrun for sample_dag to 2025-01-29 00:00:00+00:00, run_after=2025-01-30 00:00:00+00:00
[2025-01-30T14:53:51.305+0000] {processor.py:208} INFO - Processing /opt/airflow/dags/my_first_dag.py took 0.169 seconds
[2025-01-30T14:54:21.656+0000] {processor.py:186} INFO - Started process (PID=822) to work on /opt/airflow/dags/my_first_dag.py
[2025-01-30T14:54:21.658+0000] {processor.py:914} INFO - Processing file /opt/airflow/dags/my_first_dag.py for tasks to queue
[2025-01-30T14:54:21.666+0000] {logging_mixin.py:190} INFO - [2025-01-30T14:54:21.665+0000] {dagbag.py:588} INFO - Filling up the DagBag from /opt/airflow/dags/my_first_dag.py
[2025-01-30T14:54:21.691+0000] {processor.py:925} INFO - DAG(s) 'sample_dag' retrieved from /opt/airflow/dags/my_first_dag.py
[2025-01-30T14:54:21.734+0000] {logging_mixin.py:190} INFO - [2025-01-30T14:54:21.734+0000] {dag.py:3239} INFO - Sync 1 DAGs
[2025-01-30T14:54:21.777+0000] {logging_mixin.py:190} INFO - [2025-01-30T14:54:21.776+0000] {dag.py:4180} INFO - Setting next_dagrun for sample_dag to 2025-01-29 00:00:00+00:00, run_after=2025-01-30 00:00:00+00:00
[2025-01-30T14:54:21.810+0000] {processor.py:208} INFO - Processing /opt/airflow/dags/my_first_dag.py took 0.169 seconds
[2025-01-30T14:54:52.173+0000] {processor.py:186} INFO - Started process (PID=832) to work on /opt/airflow/dags/my_first_dag.py
[2025-01-30T14:54:52.175+0000] {processor.py:914} INFO - Processing file /opt/airflow/dags/my_first_dag.py for tasks to queue
[2025-01-30T14:54:52.181+0000] {logging_mixin.py:190} INFO - [2025-01-30T14:54:52.180+0000] {dagbag.py:588} INFO - Filling up the DagBag from /opt/airflow/dags/my_first_dag.py
[2025-01-30T14:54:52.207+0000] {processor.py:925} INFO - DAG(s) 'sample_dag' retrieved from /opt/airflow/dags/my_first_dag.py
[2025-01-30T14:54:52.253+0000] {logging_mixin.py:190} INFO - [2025-01-30T14:54:52.252+0000] {dag.py:3239} INFO - Sync 1 DAGs
[2025-01-30T14:54:52.288+0000] {logging_mixin.py:190} INFO - [2025-01-30T14:54:52.287+0000] {dag.py:4180} INFO - Setting next_dagrun for sample_dag to 2025-01-29 00:00:00+00:00, run_after=2025-01-30 00:00:00+00:00
[2025-01-30T14:54:52.325+0000] {processor.py:208} INFO - Processing /opt/airflow/dags/my_first_dag.py took 0.162 seconds
[2025-01-30T14:55:22.721+0000] {processor.py:186} INFO - Started process (PID=842) to work on /opt/airflow/dags/my_first_dag.py
[2025-01-30T14:55:22.723+0000] {processor.py:914} INFO - Processing file /opt/airflow/dags/my_first_dag.py for tasks to queue
[2025-01-30T14:55:22.728+0000] {logging_mixin.py:190} INFO - [2025-01-30T14:55:22.728+0000] {dagbag.py:588} INFO - Filling up the DagBag from /opt/airflow/dags/my_first_dag.py
[2025-01-30T14:55:22.759+0000] {processor.py:925} INFO - DAG(s) 'sample_dag' retrieved from /opt/airflow/dags/my_first_dag.py
[2025-01-30T14:55:22.802+0000] {logging_mixin.py:190} INFO - [2025-01-30T14:55:22.801+0000] {dag.py:3239} INFO - Sync 1 DAGs
[2025-01-30T14:55:22.834+0000] {logging_mixin.py:190} INFO - [2025-01-30T14:55:22.834+0000] {dag.py:4180} INFO - Setting next_dagrun for sample_dag to 2025-01-29 00:00:00+00:00, run_after=2025-01-30 00:00:00+00:00
[2025-01-30T14:55:22.863+0000] {processor.py:208} INFO - Processing /opt/airflow/dags/my_first_dag.py took 0.161 seconds
[2025-01-30T14:55:53.231+0000] {processor.py:186} INFO - Started process (PID=858) to work on /opt/airflow/dags/my_first_dag.py
[2025-01-30T14:55:53.233+0000] {processor.py:914} INFO - Processing file /opt/airflow/dags/my_first_dag.py for tasks to queue
[2025-01-30T14:55:53.238+0000] {logging_mixin.py:190} INFO - [2025-01-30T14:55:53.238+0000] {dagbag.py:588} INFO - Filling up the DagBag from /opt/airflow/dags/my_first_dag.py
[2025-01-30T14:55:53.258+0000] {processor.py:925} INFO - DAG(s) 'sample_dag' retrieved from /opt/airflow/dags/my_first_dag.py
[2025-01-30T14:55:53.307+0000] {logging_mixin.py:190} INFO - [2025-01-30T14:55:53.306+0000] {dag.py:3239} INFO - Sync 1 DAGs
[2025-01-30T14:55:53.350+0000] {logging_mixin.py:190} INFO - [2025-01-30T14:55:53.349+0000] {dag.py:4180} INFO - Setting next_dagrun for sample_dag to 2025-01-29 00:00:00+00:00, run_after=2025-01-30 00:00:00+00:00
[2025-01-30T14:55:53.379+0000] {processor.py:208} INFO - Processing /opt/airflow/dags/my_first_dag.py took 0.164 seconds
