[2025-01-30T14:45:41.790+0000] {processor.py:186} INFO - Started process (PID=650) to work on /opt/airflow/dags/postgres_loader.py
[2025-01-30T14:45:41.792+0000] {processor.py:914} INFO - Processing file /opt/airflow/dags/postgres_loader.py for tasks to queue
[2025-01-30T14:45:41.797+0000] {logging_mixin.py:190} INFO - [2025-01-30T14:45:41.797+0000] {dagbag.py:588} INFO - Filling up the DagBag from /opt/airflow/dags/postgres_loader.py
[2025-01-30T14:45:41.846+0000] {processor.py:925} INFO - DAG(s) 'postgres_loader' retrieved from /opt/airflow/dags/postgres_loader.py
[2025-01-30T14:45:41.996+0000] {logging_mixin.py:190} INFO - [2025-01-30T14:45:41.995+0000] {override.py:1911} INFO - Created Permission View: can read on DAG:postgres_loader
[2025-01-30T14:45:42.015+0000] {logging_mixin.py:190} INFO - [2025-01-30T14:45:42.014+0000] {override.py:1911} INFO - Created Permission View: can delete on DAG:postgres_loader
[2025-01-30T14:45:42.025+0000] {logging_mixin.py:190} INFO - [2025-01-30T14:45:42.025+0000] {override.py:1911} INFO - Created Permission View: can edit on DAG:postgres_loader
[2025-01-30T14:45:42.042+0000] {logging_mixin.py:190} INFO - [2025-01-30T14:45:42.042+0000] {override.py:1911} INFO - Created Permission View: menu access on DAG Run:postgres_loader
[2025-01-30T14:45:42.055+0000] {logging_mixin.py:190} INFO - [2025-01-30T14:45:42.054+0000] {override.py:1911} INFO - Created Permission View: can read on DAG Run:postgres_loader
[2025-01-30T14:45:42.068+0000] {logging_mixin.py:190} INFO - [2025-01-30T14:45:42.067+0000] {override.py:1911} INFO - Created Permission View: can delete on DAG Run:postgres_loader
[2025-01-30T14:45:42.080+0000] {logging_mixin.py:190} INFO - [2025-01-30T14:45:42.080+0000] {override.py:1911} INFO - Created Permission View: can create on DAG Run:postgres_loader
[2025-01-30T14:45:42.081+0000] {logging_mixin.py:190} INFO - [2025-01-30T14:45:42.081+0000] {dag.py:3239} INFO - Sync 1 DAGs
[2025-01-30T14:45:42.095+0000] {logging_mixin.py:190} INFO - [2025-01-30T14:45:42.094+0000] {dag.py:3262} INFO - Creating ORM DAG for postgres_loader
[2025-01-30T14:45:42.111+0000] {logging_mixin.py:190} INFO - [2025-01-30T14:45:42.110+0000] {dag.py:4180} INFO - Setting next_dagrun for postgres_loader to 2025-01-29 00:00:00+00:00, run_after=2025-01-30 00:00:00+00:00
[2025-01-30T14:45:42.138+0000] {processor.py:208} INFO - Processing /opt/airflow/dags/postgres_loader.py took 0.356 seconds
[2025-01-30T14:46:12.497+0000] {processor.py:186} INFO - Started process (PID=660) to work on /opt/airflow/dags/postgres_loader.py
[2025-01-30T14:46:12.499+0000] {processor.py:914} INFO - Processing file /opt/airflow/dags/postgres_loader.py for tasks to queue
[2025-01-30T14:46:12.507+0000] {logging_mixin.py:190} INFO - [2025-01-30T14:46:12.504+0000] {dagbag.py:588} INFO - Filling up the DagBag from /opt/airflow/dags/postgres_loader.py
[2025-01-30T14:46:12.539+0000] {processor.py:925} INFO - DAG(s) 'postgres_loader' retrieved from /opt/airflow/dags/postgres_loader.py
[2025-01-30T14:46:12.591+0000] {logging_mixin.py:190} INFO - [2025-01-30T14:46:12.590+0000] {dag.py:3239} INFO - Sync 1 DAGs
[2025-01-30T14:46:12.645+0000] {logging_mixin.py:190} INFO - [2025-01-30T14:46:12.644+0000] {dag.py:4180} INFO - Setting next_dagrun for postgres_loader to 2025-01-29 00:00:00+00:00, run_after=2025-01-30 00:00:00+00:00
[2025-01-30T14:46:12.668+0000] {processor.py:208} INFO - Processing /opt/airflow/dags/postgres_loader.py took 0.194 seconds
[2025-01-30T14:46:42.990+0000] {processor.py:186} INFO - Started process (PID=670) to work on /opt/airflow/dags/postgres_loader.py
[2025-01-30T14:46:42.992+0000] {processor.py:914} INFO - Processing file /opt/airflow/dags/postgres_loader.py for tasks to queue
[2025-01-30T14:46:43.000+0000] {logging_mixin.py:190} INFO - [2025-01-30T14:46:43.000+0000] {dagbag.py:588} INFO - Filling up the DagBag from /opt/airflow/dags/postgres_loader.py
[2025-01-30T14:46:43.017+0000] {processor.py:925} INFO - DAG(s) 'postgres_loader' retrieved from /opt/airflow/dags/postgres_loader.py
[2025-01-30T14:46:43.051+0000] {logging_mixin.py:190} INFO - [2025-01-30T14:46:43.051+0000] {dag.py:3239} INFO - Sync 1 DAGs
[2025-01-30T14:46:43.082+0000] {logging_mixin.py:190} INFO - [2025-01-30T14:46:43.082+0000] {dag.py:4180} INFO - Setting next_dagrun for postgres_loader to 2025-01-29 00:00:00+00:00, run_after=2025-01-30 00:00:00+00:00
[2025-01-30T14:46:43.111+0000] {processor.py:208} INFO - Processing /opt/airflow/dags/postgres_loader.py took 0.136 seconds
[2025-01-30T14:47:13.501+0000] {processor.py:186} INFO - Started process (PID=680) to work on /opt/airflow/dags/postgres_loader.py
[2025-01-30T14:47:13.503+0000] {processor.py:914} INFO - Processing file /opt/airflow/dags/postgres_loader.py for tasks to queue
[2025-01-30T14:47:13.511+0000] {logging_mixin.py:190} INFO - [2025-01-30T14:47:13.510+0000] {dagbag.py:588} INFO - Filling up the DagBag from /opt/airflow/dags/postgres_loader.py
[2025-01-30T14:47:13.535+0000] {processor.py:925} INFO - DAG(s) 'postgres_loader' retrieved from /opt/airflow/dags/postgres_loader.py
[2025-01-30T14:47:13.571+0000] {logging_mixin.py:190} INFO - [2025-01-30T14:47:13.571+0000] {dag.py:3239} INFO - Sync 1 DAGs
[2025-01-30T14:47:13.615+0000] {logging_mixin.py:190} INFO - [2025-01-30T14:47:13.614+0000] {dag.py:4180} INFO - Setting next_dagrun for postgres_loader to 2025-01-29 00:00:00+00:00, run_after=2025-01-30 00:00:00+00:00
[2025-01-30T14:47:13.642+0000] {processor.py:208} INFO - Processing /opt/airflow/dags/postgres_loader.py took 0.153 seconds
[2025-01-30T14:47:44.036+0000] {processor.py:186} INFO - Started process (PID=690) to work on /opt/airflow/dags/postgres_loader.py
[2025-01-30T14:47:44.038+0000] {processor.py:914} INFO - Processing file /opt/airflow/dags/postgres_loader.py for tasks to queue
[2025-01-30T14:47:44.042+0000] {logging_mixin.py:190} INFO - [2025-01-30T14:47:44.041+0000] {dagbag.py:588} INFO - Filling up the DagBag from /opt/airflow/dags/postgres_loader.py
[2025-01-30T14:47:44.059+0000] {processor.py:925} INFO - DAG(s) 'postgres_loader' retrieved from /opt/airflow/dags/postgres_loader.py
[2025-01-30T14:47:44.096+0000] {logging_mixin.py:190} INFO - [2025-01-30T14:47:44.096+0000] {dag.py:3239} INFO - Sync 1 DAGs
[2025-01-30T14:47:44.130+0000] {logging_mixin.py:190} INFO - [2025-01-30T14:47:44.129+0000] {dag.py:4180} INFO - Setting next_dagrun for postgres_loader to 2025-01-29 00:00:00+00:00, run_after=2025-01-30 00:00:00+00:00
[2025-01-30T14:47:44.163+0000] {processor.py:208} INFO - Processing /opt/airflow/dags/postgres_loader.py took 0.149 seconds
[2025-01-30T14:48:14.551+0000] {processor.py:186} INFO - Started process (PID=700) to work on /opt/airflow/dags/postgres_loader.py
[2025-01-30T14:48:14.552+0000] {processor.py:914} INFO - Processing file /opt/airflow/dags/postgres_loader.py for tasks to queue
[2025-01-30T14:48:14.559+0000] {logging_mixin.py:190} INFO - [2025-01-30T14:48:14.558+0000] {dagbag.py:588} INFO - Filling up the DagBag from /opt/airflow/dags/postgres_loader.py
[2025-01-30T14:48:14.577+0000] {processor.py:925} INFO - DAG(s) 'postgres_loader' retrieved from /opt/airflow/dags/postgres_loader.py
[2025-01-30T14:48:14.625+0000] {logging_mixin.py:190} INFO - [2025-01-30T14:48:14.624+0000] {dag.py:3239} INFO - Sync 1 DAGs
[2025-01-30T14:48:14.671+0000] {logging_mixin.py:190} INFO - [2025-01-30T14:48:14.671+0000] {dag.py:4180} INFO - Setting next_dagrun for postgres_loader to 2025-01-29 00:00:00+00:00, run_after=2025-01-30 00:00:00+00:00
[2025-01-30T14:48:14.703+0000] {processor.py:208} INFO - Processing /opt/airflow/dags/postgres_loader.py took 0.165 seconds
[2025-01-30T14:48:45.071+0000] {processor.py:186} INFO - Started process (PID=710) to work on /opt/airflow/dags/postgres_loader.py
[2025-01-30T14:48:45.073+0000] {processor.py:914} INFO - Processing file /opt/airflow/dags/postgres_loader.py for tasks to queue
[2025-01-30T14:48:45.079+0000] {logging_mixin.py:190} INFO - [2025-01-30T14:48:45.079+0000] {dagbag.py:588} INFO - Filling up the DagBag from /opt/airflow/dags/postgres_loader.py
[2025-01-30T14:48:45.100+0000] {processor.py:925} INFO - DAG(s) 'postgres_loader' retrieved from /opt/airflow/dags/postgres_loader.py
[2025-01-30T14:48:45.157+0000] {logging_mixin.py:190} INFO - [2025-01-30T14:48:45.156+0000] {dag.py:3239} INFO - Sync 1 DAGs
[2025-01-30T14:48:45.207+0000] {logging_mixin.py:190} INFO - [2025-01-30T14:48:45.207+0000] {dag.py:4180} INFO - Setting next_dagrun for postgres_loader to 2025-01-29 00:00:00+00:00, run_after=2025-01-30 00:00:00+00:00
[2025-01-30T14:48:45.239+0000] {processor.py:208} INFO - Processing /opt/airflow/dags/postgres_loader.py took 0.176 seconds
[2025-01-30T14:49:15.589+0000] {processor.py:186} INFO - Started process (PID=720) to work on /opt/airflow/dags/postgres_loader.py
[2025-01-30T14:49:15.592+0000] {processor.py:914} INFO - Processing file /opt/airflow/dags/postgres_loader.py for tasks to queue
[2025-01-30T14:49:15.598+0000] {logging_mixin.py:190} INFO - [2025-01-30T14:49:15.597+0000] {dagbag.py:588} INFO - Filling up the DagBag from /opt/airflow/dags/postgres_loader.py
[2025-01-30T14:49:15.633+0000] {processor.py:925} INFO - DAG(s) 'postgres_loader' retrieved from /opt/airflow/dags/postgres_loader.py
[2025-01-30T14:49:15.674+0000] {logging_mixin.py:190} INFO - [2025-01-30T14:49:15.674+0000] {dag.py:3239} INFO - Sync 1 DAGs
[2025-01-30T14:49:15.708+0000] {logging_mixin.py:190} INFO - [2025-01-30T14:49:15.708+0000] {dag.py:4180} INFO - Setting next_dagrun for postgres_loader to 2025-01-29 00:00:00+00:00, run_after=2025-01-30 00:00:00+00:00
[2025-01-30T14:49:15.743+0000] {processor.py:208} INFO - Processing /opt/airflow/dags/postgres_loader.py took 0.172 seconds
[2025-01-30T14:49:46.097+0000] {processor.py:186} INFO - Started process (PID=730) to work on /opt/airflow/dags/postgres_loader.py
[2025-01-30T14:49:46.100+0000] {processor.py:914} INFO - Processing file /opt/airflow/dags/postgres_loader.py for tasks to queue
[2025-01-30T14:49:46.108+0000] {logging_mixin.py:190} INFO - [2025-01-30T14:49:46.107+0000] {dagbag.py:588} INFO - Filling up the DagBag from /opt/airflow/dags/postgres_loader.py
[2025-01-30T14:49:46.141+0000] {processor.py:925} INFO - DAG(s) 'postgres_loader' retrieved from /opt/airflow/dags/postgres_loader.py
[2025-01-30T14:49:46.176+0000] {logging_mixin.py:190} INFO - [2025-01-30T14:49:46.175+0000] {dag.py:3239} INFO - Sync 1 DAGs
[2025-01-30T14:49:46.210+0000] {logging_mixin.py:190} INFO - [2025-01-30T14:49:46.210+0000] {dag.py:4180} INFO - Setting next_dagrun for postgres_loader to 2025-01-29 00:00:00+00:00, run_after=2025-01-30 00:00:00+00:00
[2025-01-30T14:49:46.246+0000] {processor.py:208} INFO - Processing /opt/airflow/dags/postgres_loader.py took 0.166 seconds
[2025-01-30T14:50:17.136+0000] {processor.py:186} INFO - Started process (PID=742) to work on /opt/airflow/dags/postgres_loader.py
[2025-01-30T14:50:17.138+0000] {processor.py:914} INFO - Processing file /opt/airflow/dags/postgres_loader.py for tasks to queue
[2025-01-30T14:50:17.147+0000] {logging_mixin.py:190} INFO - [2025-01-30T14:50:17.145+0000] {dagbag.py:588} INFO - Filling up the DagBag from /opt/airflow/dags/postgres_loader.py
[2025-01-30T14:50:17.171+0000] {processor.py:925} INFO - DAG(s) 'postgres_loader' retrieved from /opt/airflow/dags/postgres_loader.py
[2025-01-30T14:50:17.219+0000] {logging_mixin.py:190} INFO - [2025-01-30T14:50:17.219+0000] {dag.py:3239} INFO - Sync 1 DAGs
[2025-01-30T14:50:17.272+0000] {logging_mixin.py:190} INFO - [2025-01-30T14:50:17.271+0000] {dag.py:4180} INFO - Setting next_dagrun for postgres_loader to 2025-01-29 00:00:00+00:00, run_after=2025-01-30 00:00:00+00:00
[2025-01-30T14:50:17.307+0000] {processor.py:208} INFO - Processing /opt/airflow/dags/postgres_loader.py took 0.179 seconds
[2025-01-30T14:50:47.711+0000] {processor.py:186} INFO - Started process (PID=752) to work on /opt/airflow/dags/postgres_loader.py
[2025-01-30T14:50:47.713+0000] {processor.py:914} INFO - Processing file /opt/airflow/dags/postgres_loader.py for tasks to queue
[2025-01-30T14:50:47.721+0000] {logging_mixin.py:190} INFO - [2025-01-30T14:50:47.721+0000] {dagbag.py:588} INFO - Filling up the DagBag from /opt/airflow/dags/postgres_loader.py
[2025-01-30T14:50:47.750+0000] {processor.py:925} INFO - DAG(s) 'postgres_loader' retrieved from /opt/airflow/dags/postgres_loader.py
[2025-01-30T14:50:47.840+0000] {logging_mixin.py:190} INFO - [2025-01-30T14:50:47.839+0000] {dag.py:3239} INFO - Sync 1 DAGs
[2025-01-30T14:50:47.929+0000] {logging_mixin.py:190} INFO - [2025-01-30T14:50:47.928+0000] {dag.py:4180} INFO - Setting next_dagrun for postgres_loader to 2025-01-29 00:00:00+00:00, run_after=2025-01-30 00:00:00+00:00
[2025-01-30T14:50:48.004+0000] {processor.py:208} INFO - Processing /opt/airflow/dags/postgres_loader.py took 0.308 seconds
[2025-01-30T14:51:18.391+0000] {processor.py:186} INFO - Started process (PID=762) to work on /opt/airflow/dags/postgres_loader.py
[2025-01-30T14:51:18.393+0000] {processor.py:914} INFO - Processing file /opt/airflow/dags/postgres_loader.py for tasks to queue
[2025-01-30T14:51:18.402+0000] {logging_mixin.py:190} INFO - [2025-01-30T14:51:18.401+0000] {dagbag.py:588} INFO - Filling up the DagBag from /opt/airflow/dags/postgres_loader.py
[2025-01-30T14:51:18.438+0000] {processor.py:925} INFO - DAG(s) 'postgres_loader' retrieved from /opt/airflow/dags/postgres_loader.py
[2025-01-30T14:51:18.507+0000] {logging_mixin.py:190} INFO - [2025-01-30T14:51:18.506+0000] {dag.py:3239} INFO - Sync 1 DAGs
[2025-01-30T14:51:18.553+0000] {logging_mixin.py:190} INFO - [2025-01-30T14:51:18.551+0000] {dag.py:4180} INFO - Setting next_dagrun for postgres_loader to 2025-01-29 00:00:00+00:00, run_after=2025-01-30 00:00:00+00:00
[2025-01-30T14:51:18.593+0000] {processor.py:208} INFO - Processing /opt/airflow/dags/postgres_loader.py took 0.218 seconds
[2025-01-30T14:51:48.982+0000] {processor.py:186} INFO - Started process (PID=772) to work on /opt/airflow/dags/postgres_loader.py
[2025-01-30T14:51:48.984+0000] {processor.py:914} INFO - Processing file /opt/airflow/dags/postgres_loader.py for tasks to queue
[2025-01-30T14:51:48.991+0000] {logging_mixin.py:190} INFO - [2025-01-30T14:51:48.990+0000] {dagbag.py:588} INFO - Filling up the DagBag from /opt/airflow/dags/postgres_loader.py
[2025-01-30T14:51:49.031+0000] {processor.py:925} INFO - DAG(s) 'postgres_loader' retrieved from /opt/airflow/dags/postgres_loader.py
[2025-01-30T14:51:49.066+0000] {logging_mixin.py:190} INFO - [2025-01-30T14:51:49.066+0000] {dag.py:3239} INFO - Sync 1 DAGs
[2025-01-30T14:51:49.100+0000] {logging_mixin.py:190} INFO - [2025-01-30T14:51:49.100+0000] {dag.py:4180} INFO - Setting next_dagrun for postgres_loader to 2025-01-29 00:00:00+00:00, run_after=2025-01-30 00:00:00+00:00
[2025-01-30T14:51:49.131+0000] {processor.py:208} INFO - Processing /opt/airflow/dags/postgres_loader.py took 0.167 seconds
[2025-01-30T14:52:19.533+0000] {processor.py:186} INFO - Started process (PID=782) to work on /opt/airflow/dags/postgres_loader.py
[2025-01-30T14:52:19.536+0000] {processor.py:914} INFO - Processing file /opt/airflow/dags/postgres_loader.py for tasks to queue
[2025-01-30T14:52:19.544+0000] {logging_mixin.py:190} INFO - [2025-01-30T14:52:19.543+0000] {dagbag.py:588} INFO - Filling up the DagBag from /opt/airflow/dags/postgres_loader.py
[2025-01-30T14:52:19.571+0000] {processor.py:925} INFO - DAG(s) 'postgres_loader' retrieved from /opt/airflow/dags/postgres_loader.py
[2025-01-30T14:52:19.602+0000] {logging_mixin.py:190} INFO - [2025-01-30T14:52:19.602+0000] {dag.py:3239} INFO - Sync 1 DAGs
[2025-01-30T14:52:19.649+0000] {logging_mixin.py:190} INFO - [2025-01-30T14:52:19.648+0000] {dag.py:4180} INFO - Setting next_dagrun for postgres_loader to 2025-01-29 00:00:00+00:00, run_after=2025-01-30 00:00:00+00:00
[2025-01-30T14:52:19.690+0000] {processor.py:208} INFO - Processing /opt/airflow/dags/postgres_loader.py took 0.174 seconds
[2025-01-30T14:52:50.088+0000] {processor.py:186} INFO - Started process (PID=792) to work on /opt/airflow/dags/postgres_loader.py
[2025-01-30T14:52:50.092+0000] {processor.py:914} INFO - Processing file /opt/airflow/dags/postgres_loader.py for tasks to queue
[2025-01-30T14:52:50.101+0000] {logging_mixin.py:190} INFO - [2025-01-30T14:52:50.100+0000] {dagbag.py:588} INFO - Filling up the DagBag from /opt/airflow/dags/postgres_loader.py
[2025-01-30T14:52:50.141+0000] {processor.py:925} INFO - DAG(s) 'postgres_loader' retrieved from /opt/airflow/dags/postgres_loader.py
[2025-01-30T14:52:50.212+0000] {logging_mixin.py:190} INFO - [2025-01-30T14:52:50.212+0000] {dag.py:3239} INFO - Sync 1 DAGs
[2025-01-30T14:52:50.250+0000] {logging_mixin.py:190} INFO - [2025-01-30T14:52:50.250+0000] {dag.py:4180} INFO - Setting next_dagrun for postgres_loader to 2025-01-29 00:00:00+00:00, run_after=2025-01-30 00:00:00+00:00
[2025-01-30T14:52:50.287+0000] {processor.py:208} INFO - Processing /opt/airflow/dags/postgres_loader.py took 0.219 seconds
[2025-01-30T14:53:20.648+0000] {processor.py:186} INFO - Started process (PID=801) to work on /opt/airflow/dags/postgres_loader.py
[2025-01-30T14:53:20.650+0000] {processor.py:914} INFO - Processing file /opt/airflow/dags/postgres_loader.py for tasks to queue
[2025-01-30T14:53:20.655+0000] {logging_mixin.py:190} INFO - [2025-01-30T14:53:20.654+0000] {dagbag.py:588} INFO - Filling up the DagBag from /opt/airflow/dags/postgres_loader.py
[2025-01-30T14:53:20.675+0000] {processor.py:925} INFO - DAG(s) 'postgres_loader' retrieved from /opt/airflow/dags/postgres_loader.py
[2025-01-30T14:53:20.706+0000] {logging_mixin.py:190} INFO - [2025-01-30T14:53:20.705+0000] {dag.py:3239} INFO - Sync 1 DAGs
[2025-01-30T14:53:20.735+0000] {logging_mixin.py:190} INFO - [2025-01-30T14:53:20.735+0000] {dag.py:4180} INFO - Setting next_dagrun for postgres_loader to 2025-01-29 00:00:00+00:00, run_after=2025-01-30 00:00:00+00:00
[2025-01-30T14:53:20.766+0000] {processor.py:208} INFO - Processing /opt/airflow/dags/postgres_loader.py took 0.135 seconds
[2025-01-30T14:53:51.137+0000] {processor.py:186} INFO - Started process (PID=811) to work on /opt/airflow/dags/postgres_loader.py
[2025-01-30T14:53:51.139+0000] {processor.py:914} INFO - Processing file /opt/airflow/dags/postgres_loader.py for tasks to queue
[2025-01-30T14:53:51.146+0000] {logging_mixin.py:190} INFO - [2025-01-30T14:53:51.145+0000] {dagbag.py:588} INFO - Filling up the DagBag from /opt/airflow/dags/postgres_loader.py
[2025-01-30T14:53:51.172+0000] {processor.py:925} INFO - DAG(s) 'postgres_loader' retrieved from /opt/airflow/dags/postgres_loader.py
[2025-01-30T14:53:51.207+0000] {logging_mixin.py:190} INFO - [2025-01-30T14:53:51.206+0000] {dag.py:3239} INFO - Sync 1 DAGs
[2025-01-30T14:53:51.239+0000] {logging_mixin.py:190} INFO - [2025-01-30T14:53:51.238+0000] {dag.py:4180} INFO - Setting next_dagrun for postgres_loader to 2025-01-29 00:00:00+00:00, run_after=2025-01-30 00:00:00+00:00
[2025-01-30T14:53:51.271+0000] {processor.py:208} INFO - Processing /opt/airflow/dags/postgres_loader.py took 0.150 seconds
[2025-01-30T14:54:21.629+0000] {processor.py:186} INFO - Started process (PID=821) to work on /opt/airflow/dags/postgres_loader.py
[2025-01-30T14:54:21.631+0000] {processor.py:914} INFO - Processing file /opt/airflow/dags/postgres_loader.py for tasks to queue
[2025-01-30T14:54:21.640+0000] {logging_mixin.py:190} INFO - [2025-01-30T14:54:21.639+0000] {dagbag.py:588} INFO - Filling up the DagBag from /opt/airflow/dags/postgres_loader.py
[2025-01-30T14:54:21.666+0000] {processor.py:925} INFO - DAG(s) 'postgres_loader' retrieved from /opt/airflow/dags/postgres_loader.py
[2025-01-30T14:54:21.708+0000] {logging_mixin.py:190} INFO - [2025-01-30T14:54:21.708+0000] {dag.py:3239} INFO - Sync 1 DAGs
[2025-01-30T14:54:21.752+0000] {logging_mixin.py:190} INFO - [2025-01-30T14:54:21.751+0000] {dag.py:4180} INFO - Setting next_dagrun for postgres_loader to 2025-01-29 00:00:00+00:00, run_after=2025-01-30 00:00:00+00:00
[2025-01-30T14:54:21.782+0000] {processor.py:208} INFO - Processing /opt/airflow/dags/postgres_loader.py took 0.159 seconds
[2025-01-30T14:54:52.156+0000] {processor.py:186} INFO - Started process (PID=831) to work on /opt/airflow/dags/postgres_loader.py
[2025-01-30T14:54:52.157+0000] {processor.py:914} INFO - Processing file /opt/airflow/dags/postgres_loader.py for tasks to queue
[2025-01-30T14:54:52.167+0000] {logging_mixin.py:190} INFO - [2025-01-30T14:54:52.166+0000] {dagbag.py:588} INFO - Filling up the DagBag from /opt/airflow/dags/postgres_loader.py
[2025-01-30T14:54:52.188+0000] {processor.py:925} INFO - DAG(s) 'postgres_loader' retrieved from /opt/airflow/dags/postgres_loader.py
[2025-01-30T14:54:52.224+0000] {logging_mixin.py:190} INFO - [2025-01-30T14:54:52.224+0000] {dag.py:3239} INFO - Sync 1 DAGs
[2025-01-30T14:54:52.271+0000] {logging_mixin.py:190} INFO - [2025-01-30T14:54:52.270+0000] {dag.py:4180} INFO - Setting next_dagrun for postgres_loader to 2025-01-29 00:00:00+00:00, run_after=2025-01-30 00:00:00+00:00
[2025-01-30T14:54:52.309+0000] {processor.py:208} INFO - Processing /opt/airflow/dags/postgres_loader.py took 0.163 seconds
[2025-01-30T14:55:22.702+0000] {processor.py:186} INFO - Started process (PID=841) to work on /opt/airflow/dags/postgres_loader.py
[2025-01-30T14:55:22.705+0000] {processor.py:914} INFO - Processing file /opt/airflow/dags/postgres_loader.py for tasks to queue
[2025-01-30T14:55:22.712+0000] {logging_mixin.py:190} INFO - [2025-01-30T14:55:22.711+0000] {dagbag.py:588} INFO - Filling up the DagBag from /opt/airflow/dags/postgres_loader.py
[2025-01-30T14:55:22.734+0000] {processor.py:925} INFO - DAG(s) 'postgres_loader' retrieved from /opt/airflow/dags/postgres_loader.py
[2025-01-30T14:55:22.762+0000] {logging_mixin.py:190} INFO - [2025-01-30T14:55:22.762+0000] {dag.py:3239} INFO - Sync 1 DAGs
[2025-01-30T14:55:22.792+0000] {logging_mixin.py:190} INFO - [2025-01-30T14:55:22.791+0000] {dag.py:4180} INFO - Setting next_dagrun for postgres_loader to 2025-01-29 00:00:00+00:00, run_after=2025-01-30 00:00:00+00:00
[2025-01-30T14:55:22.822+0000] {processor.py:208} INFO - Processing /opt/airflow/dags/postgres_loader.py took 0.137 seconds
[2025-01-30T14:55:53.214+0000] {processor.py:186} INFO - Started process (PID=857) to work on /opt/airflow/dags/postgres_loader.py
[2025-01-30T14:55:53.217+0000] {processor.py:914} INFO - Processing file /opt/airflow/dags/postgres_loader.py for tasks to queue
[2025-01-30T14:55:53.224+0000] {logging_mixin.py:190} INFO - [2025-01-30T14:55:53.223+0000] {dagbag.py:588} INFO - Filling up the DagBag from /opt/airflow/dags/postgres_loader.py
[2025-01-30T14:55:53.245+0000] {processor.py:925} INFO - DAG(s) 'postgres_loader' retrieved from /opt/airflow/dags/postgres_loader.py
[2025-01-30T14:55:53.281+0000] {logging_mixin.py:190} INFO - [2025-01-30T14:55:53.280+0000] {dag.py:3239} INFO - Sync 1 DAGs
[2025-01-30T14:55:53.311+0000] {logging_mixin.py:190} INFO - [2025-01-30T14:55:53.311+0000] {dag.py:4180} INFO - Setting next_dagrun for postgres_loader to 2025-01-29 00:00:00+00:00, run_after=2025-01-30 00:00:00+00:00
[2025-01-30T14:55:53.340+0000] {processor.py:208} INFO - Processing /opt/airflow/dags/postgres_loader.py took 0.142 seconds
