[2025-01-28T15:27:53.379+0000] {processor.py:186} INFO - Started process (PID=117) to work on /home/airflow/.local/lib/python3.12/site-packages/airflow/example_dags/example_branch_datetime_operator.py
[2025-01-28T15:27:53.381+0000] {processor.py:914} INFO - Processing file /home/airflow/.local/lib/python3.12/site-packages/airflow/example_dags/example_branch_datetime_operator.py for tasks to queue
[2025-01-28T15:27:53.387+0000] {logging_mixin.py:190} INFO - [2025-01-28T15:27:53.386+0000] {dagbag.py:588} INFO - Filling up the DagBag from /home/airflow/.local/lib/python3.12/site-packages/airflow/example_dags/example_branch_datetime_operator.py
[2025-01-28T15:27:53.404+0000] {processor.py:925} INFO - DAG(s) 'example_branch_datetime_operator', 'example_branch_datetime_operator_3', 'example_branch_datetime_operator_2' retrieved from /home/airflow/.local/lib/python3.12/site-packages/airflow/example_dags/example_branch_datetime_operator.py
[2025-01-28T15:27:53.520+0000] {logging_mixin.py:190} INFO - [2025-01-28T15:27:53.519+0000] {override.py:1911} INFO - Created Permission View: can delete on DAG:example_branch_datetime_operator
[2025-01-28T15:27:53.534+0000] {logging_mixin.py:190} INFO - [2025-01-28T15:27:53.534+0000] {override.py:1911} INFO - Created Permission View: can edit on DAG:example_branch_datetime_operator
[2025-01-28T15:27:53.547+0000] {logging_mixin.py:190} INFO - [2025-01-28T15:27:53.546+0000] {override.py:1911} INFO - Created Permission View: can read on DAG:example_branch_datetime_operator
[2025-01-28T15:27:53.565+0000] {logging_mixin.py:190} INFO - [2025-01-28T15:27:53.564+0000] {override.py:1911} INFO - Created Permission View: menu access on DAG Run:example_branch_datetime_operator
[2025-01-28T15:27:53.581+0000] {logging_mixin.py:190} INFO - [2025-01-28T15:27:53.580+0000] {override.py:1911} INFO - Created Permission View: can delete on DAG Run:example_branch_datetime_operator
[2025-01-28T15:27:53.596+0000] {logging_mixin.py:190} INFO - [2025-01-28T15:27:53.595+0000] {override.py:1911} INFO - Created Permission View: can create on DAG Run:example_branch_datetime_operator
[2025-01-28T15:27:53.607+0000] {logging_mixin.py:190} INFO - [2025-01-28T15:27:53.606+0000] {override.py:1911} INFO - Created Permission View: can read on DAG Run:example_branch_datetime_operator
[2025-01-28T15:27:53.636+0000] {logging_mixin.py:190} INFO - [2025-01-28T15:27:53.635+0000] {override.py:1911} INFO - Created Permission View: can delete on DAG:example_branch_datetime_operator_3
[2025-01-28T15:27:53.654+0000] {logging_mixin.py:190} INFO - [2025-01-28T15:27:53.654+0000] {override.py:1911} INFO - Created Permission View: can edit on DAG:example_branch_datetime_operator_3
[2025-01-28T15:27:53.670+0000] {logging_mixin.py:190} INFO - [2025-01-28T15:27:53.669+0000] {override.py:1911} INFO - Created Permission View: can read on DAG:example_branch_datetime_operator_3
[2025-01-28T15:27:53.690+0000] {logging_mixin.py:190} INFO - [2025-01-28T15:27:53.689+0000] {override.py:1911} INFO - Created Permission View: menu access on DAG Run:example_branch_datetime_operator_3
[2025-01-28T15:27:53.707+0000] {logging_mixin.py:190} INFO - [2025-01-28T15:27:53.707+0000] {override.py:1911} INFO - Created Permission View: can delete on DAG Run:example_branch_datetime_operator_3
[2025-01-28T15:27:53.723+0000] {logging_mixin.py:190} INFO - [2025-01-28T15:27:53.722+0000] {override.py:1911} INFO - Created Permission View: can create on DAG Run:example_branch_datetime_operator_3
[2025-01-28T15:27:53.739+0000] {logging_mixin.py:190} INFO - [2025-01-28T15:27:53.738+0000] {override.py:1911} INFO - Created Permission View: can read on DAG Run:example_branch_datetime_operator_3
[2025-01-28T15:27:53.774+0000] {logging_mixin.py:190} INFO - [2025-01-28T15:27:53.774+0000] {override.py:1911} INFO - Created Permission View: can delete on DAG:example_branch_datetime_operator_2
[2025-01-28T15:27:53.794+0000] {logging_mixin.py:190} INFO - [2025-01-28T15:27:53.793+0000] {override.py:1911} INFO - Created Permission View: can edit on DAG:example_branch_datetime_operator_2
[2025-01-28T15:27:53.811+0000] {logging_mixin.py:190} INFO - [2025-01-28T15:27:53.810+0000] {override.py:1911} INFO - Created Permission View: can read on DAG:example_branch_datetime_operator_2
[2025-01-28T15:27:53.830+0000] {logging_mixin.py:190} INFO - [2025-01-28T15:27:53.829+0000] {override.py:1911} INFO - Created Permission View: menu access on DAG Run:example_branch_datetime_operator_2
[2025-01-28T15:27:53.850+0000] {logging_mixin.py:190} INFO - [2025-01-28T15:27:53.850+0000] {override.py:1911} INFO - Created Permission View: can delete on DAG Run:example_branch_datetime_operator_2
[2025-01-28T15:27:53.867+0000] {logging_mixin.py:190} INFO - [2025-01-28T15:27:53.867+0000] {override.py:1911} INFO - Created Permission View: can create on DAG Run:example_branch_datetime_operator_2
[2025-01-28T15:27:53.882+0000] {logging_mixin.py:190} INFO - [2025-01-28T15:27:53.882+0000] {override.py:1911} INFO - Created Permission View: can read on DAG Run:example_branch_datetime_operator_2
[2025-01-28T15:27:53.883+0000] {logging_mixin.py:190} INFO - [2025-01-28T15:27:53.883+0000] {dag.py:3239} INFO - Sync 3 DAGs
[2025-01-28T15:27:53.902+0000] {logging_mixin.py:190} INFO - [2025-01-28T15:27:53.902+0000] {dag.py:3262} INFO - Creating ORM DAG for example_branch_datetime_operator_3
[2025-01-28T15:27:53.904+0000] {logging_mixin.py:190} INFO - [2025-01-28T15:27:53.903+0000] {dag.py:3262} INFO - Creating ORM DAG for example_branch_datetime_operator
[2025-01-28T15:27:53.906+0000] {logging_mixin.py:190} INFO - [2025-01-28T15:27:53.905+0000] {dag.py:3262} INFO - Creating ORM DAG for example_branch_datetime_operator_2
[2025-01-28T15:27:53.927+0000] {logging_mixin.py:190} INFO - [2025-01-28T15:27:53.927+0000] {dag.py:4180} INFO - Setting next_dagrun for example_branch_datetime_operator to 2025-01-27 00:00:00+00:00, run_after=2025-01-28 00:00:00+00:00
[2025-01-28T15:27:53.930+0000] {logging_mixin.py:190} INFO - [2025-01-28T15:27:53.929+0000] {dag.py:4180} INFO - Setting next_dagrun for example_branch_datetime_operator_2 to 2025-01-27 00:00:00+00:00, run_after=2025-01-28 00:00:00+00:00
[2025-01-28T15:27:53.932+0000] {logging_mixin.py:190} INFO - [2025-01-28T15:27:53.931+0000] {dag.py:4180} INFO - Setting next_dagrun for example_branch_datetime_operator_3 to 2025-01-27 00:00:00+00:00, run_after=2025-01-28 00:00:00+00:00
[2025-01-28T15:27:53.960+0000] {processor.py:208} INFO - Processing /home/airflow/.local/lib/python3.12/site-packages/airflow/example_dags/example_branch_datetime_operator.py took 0.593 seconds
[2025-01-28T15:28:24.430+0000] {processor.py:186} INFO - Started process (PID=180) to work on /home/airflow/.local/lib/python3.12/site-packages/airflow/example_dags/example_branch_datetime_operator.py
[2025-01-28T15:28:24.431+0000] {processor.py:914} INFO - Processing file /home/airflow/.local/lib/python3.12/site-packages/airflow/example_dags/example_branch_datetime_operator.py for tasks to queue
[2025-01-28T15:28:24.436+0000] {logging_mixin.py:190} INFO - [2025-01-28T15:28:24.435+0000] {dagbag.py:588} INFO - Filling up the DagBag from /home/airflow/.local/lib/python3.12/site-packages/airflow/example_dags/example_branch_datetime_operator.py
[2025-01-28T15:28:24.453+0000] {processor.py:925} INFO - DAG(s) 'example_branch_datetime_operator_2', 'example_branch_datetime_operator', 'example_branch_datetime_operator_3' retrieved from /home/airflow/.local/lib/python3.12/site-packages/airflow/example_dags/example_branch_datetime_operator.py
[2025-01-28T15:28:24.495+0000] {logging_mixin.py:190} INFO - [2025-01-28T15:28:24.495+0000] {dag.py:3239} INFO - Sync 3 DAGs
[2025-01-28T15:28:24.533+0000] {logging_mixin.py:190} INFO - [2025-01-28T15:28:24.533+0000] {dag.py:4180} INFO - Setting next_dagrun for example_branch_datetime_operator to 2025-01-27 00:00:00+00:00, run_after=2025-01-28 00:00:00+00:00
[2025-01-28T15:28:24.541+0000] {logging_mixin.py:190} INFO - [2025-01-28T15:28:24.541+0000] {dag.py:4180} INFO - Setting next_dagrun for example_branch_datetime_operator_2 to 2025-01-27 00:00:00+00:00, run_after=2025-01-28 00:00:00+00:00
[2025-01-28T15:28:24.545+0000] {logging_mixin.py:190} INFO - [2025-01-28T15:28:24.545+0000] {dag.py:4180} INFO - Setting next_dagrun for example_branch_datetime_operator_3 to 2025-01-27 00:00:00+00:00, run_after=2025-01-28 00:00:00+00:00
[2025-01-28T15:28:24.576+0000] {processor.py:208} INFO - Processing /home/airflow/.local/lib/python3.12/site-packages/airflow/example_dags/example_branch_datetime_operator.py took 0.155 seconds
[2025-01-28T15:28:55.455+0000] {processor.py:186} INFO - Started process (PID=243) to work on /home/airflow/.local/lib/python3.12/site-packages/airflow/example_dags/example_branch_datetime_operator.py
[2025-01-28T15:28:55.456+0000] {processor.py:914} INFO - Processing file /home/airflow/.local/lib/python3.12/site-packages/airflow/example_dags/example_branch_datetime_operator.py for tasks to queue
[2025-01-28T15:28:55.461+0000] {logging_mixin.py:190} INFO - [2025-01-28T15:28:55.460+0000] {dagbag.py:588} INFO - Filling up the DagBag from /home/airflow/.local/lib/python3.12/site-packages/airflow/example_dags/example_branch_datetime_operator.py
[2025-01-28T15:28:55.480+0000] {processor.py:925} INFO - DAG(s) 'example_branch_datetime_operator_3', 'example_branch_datetime_operator', 'example_branch_datetime_operator_2' retrieved from /home/airflow/.local/lib/python3.12/site-packages/airflow/example_dags/example_branch_datetime_operator.py
[2025-01-28T15:28:55.528+0000] {logging_mixin.py:190} INFO - [2025-01-28T15:28:55.528+0000] {dag.py:3239} INFO - Sync 3 DAGs
[2025-01-28T15:28:55.574+0000] {logging_mixin.py:190} INFO - [2025-01-28T15:28:55.574+0000] {dag.py:4180} INFO - Setting next_dagrun for example_branch_datetime_operator to 2025-01-27 00:00:00+00:00, run_after=2025-01-28 00:00:00+00:00
[2025-01-28T15:28:55.584+0000] {logging_mixin.py:190} INFO - [2025-01-28T15:28:55.584+0000] {dag.py:4180} INFO - Setting next_dagrun for example_branch_datetime_operator_2 to 2025-01-27 00:00:00+00:00, run_after=2025-01-28 00:00:00+00:00
[2025-01-28T15:28:55.591+0000] {logging_mixin.py:190} INFO - [2025-01-28T15:28:55.590+0000] {dag.py:4180} INFO - Setting next_dagrun for example_branch_datetime_operator_3 to 2025-01-27 00:00:00+00:00, run_after=2025-01-28 00:00:00+00:00
[2025-01-28T15:28:55.630+0000] {processor.py:208} INFO - Processing /home/airflow/.local/lib/python3.12/site-packages/airflow/example_dags/example_branch_datetime_operator.py took 0.186 seconds
[2025-01-28T15:29:26.649+0000] {processor.py:186} INFO - Started process (PID=306) to work on /home/airflow/.local/lib/python3.12/site-packages/airflow/example_dags/example_branch_datetime_operator.py
[2025-01-28T15:29:26.651+0000] {processor.py:914} INFO - Processing file /home/airflow/.local/lib/python3.12/site-packages/airflow/example_dags/example_branch_datetime_operator.py for tasks to queue
[2025-01-28T15:29:26.656+0000] {logging_mixin.py:190} INFO - [2025-01-28T15:29:26.655+0000] {dagbag.py:588} INFO - Filling up the DagBag from /home/airflow/.local/lib/python3.12/site-packages/airflow/example_dags/example_branch_datetime_operator.py
[2025-01-28T15:29:26.674+0000] {processor.py:925} INFO - DAG(s) 'example_branch_datetime_operator', 'example_branch_datetime_operator_2', 'example_branch_datetime_operator_3' retrieved from /home/airflow/.local/lib/python3.12/site-packages/airflow/example_dags/example_branch_datetime_operator.py
[2025-01-28T15:29:26.719+0000] {logging_mixin.py:190} INFO - [2025-01-28T15:29:26.718+0000] {dag.py:3239} INFO - Sync 3 DAGs
[2025-01-28T15:29:26.758+0000] {logging_mixin.py:190} INFO - [2025-01-28T15:29:26.758+0000] {dag.py:4180} INFO - Setting next_dagrun for example_branch_datetime_operator to 2025-01-27 00:00:00+00:00, run_after=2025-01-28 00:00:00+00:00
[2025-01-28T15:29:26.766+0000] {logging_mixin.py:190} INFO - [2025-01-28T15:29:26.766+0000] {dag.py:4180} INFO - Setting next_dagrun for example_branch_datetime_operator_2 to 2025-01-27 00:00:00+00:00, run_after=2025-01-28 00:00:00+00:00
[2025-01-28T15:29:26.770+0000] {logging_mixin.py:190} INFO - [2025-01-28T15:29:26.770+0000] {dag.py:4180} INFO - Setting next_dagrun for example_branch_datetime_operator_3 to 2025-01-27 00:00:00+00:00, run_after=2025-01-28 00:00:00+00:00
[2025-01-28T15:29:26.800+0000] {processor.py:208} INFO - Processing /home/airflow/.local/lib/python3.12/site-packages/airflow/example_dags/example_branch_datetime_operator.py took 0.164 seconds
[2025-01-28T15:29:58.181+0000] {processor.py:186} INFO - Started process (PID=369) to work on /home/airflow/.local/lib/python3.12/site-packages/airflow/example_dags/example_branch_datetime_operator.py
[2025-01-28T15:29:58.183+0000] {processor.py:914} INFO - Processing file /home/airflow/.local/lib/python3.12/site-packages/airflow/example_dags/example_branch_datetime_operator.py for tasks to queue
[2025-01-28T15:29:58.190+0000] {logging_mixin.py:190} INFO - [2025-01-28T15:29:58.189+0000] {dagbag.py:588} INFO - Filling up the DagBag from /home/airflow/.local/lib/python3.12/site-packages/airflow/example_dags/example_branch_datetime_operator.py
[2025-01-28T15:29:58.207+0000] {processor.py:925} INFO - DAG(s) 'example_branch_datetime_operator', 'example_branch_datetime_operator_2', 'example_branch_datetime_operator_3' retrieved from /home/airflow/.local/lib/python3.12/site-packages/airflow/example_dags/example_branch_datetime_operator.py
[2025-01-28T15:29:58.253+0000] {logging_mixin.py:190} INFO - [2025-01-28T15:29:58.253+0000] {dag.py:3239} INFO - Sync 3 DAGs
[2025-01-28T15:29:58.294+0000] {logging_mixin.py:190} INFO - [2025-01-28T15:29:58.294+0000] {dag.py:4180} INFO - Setting next_dagrun for example_branch_datetime_operator to 2025-01-27 00:00:00+00:00, run_after=2025-01-28 00:00:00+00:00
[2025-01-28T15:29:58.302+0000] {logging_mixin.py:190} INFO - [2025-01-28T15:29:58.302+0000] {dag.py:4180} INFO - Setting next_dagrun for example_branch_datetime_operator_2 to 2025-01-27 00:00:00+00:00, run_after=2025-01-28 00:00:00+00:00
[2025-01-28T15:29:58.306+0000] {logging_mixin.py:190} INFO - [2025-01-28T15:29:58.306+0000] {dag.py:4180} INFO - Setting next_dagrun for example_branch_datetime_operator_3 to 2025-01-27 00:00:00+00:00, run_after=2025-01-28 00:00:00+00:00
[2025-01-28T15:29:58.335+0000] {processor.py:208} INFO - Processing /home/airflow/.local/lib/python3.12/site-packages/airflow/example_dags/example_branch_datetime_operator.py took 0.168 seconds
[2025-01-28T15:30:29.467+0000] {processor.py:186} INFO - Started process (PID=432) to work on /home/airflow/.local/lib/python3.12/site-packages/airflow/example_dags/example_branch_datetime_operator.py
[2025-01-28T15:30:29.470+0000] {processor.py:914} INFO - Processing file /home/airflow/.local/lib/python3.12/site-packages/airflow/example_dags/example_branch_datetime_operator.py for tasks to queue
[2025-01-28T15:30:29.476+0000] {logging_mixin.py:190} INFO - [2025-01-28T15:30:29.475+0000] {dagbag.py:588} INFO - Filling up the DagBag from /home/airflow/.local/lib/python3.12/site-packages/airflow/example_dags/example_branch_datetime_operator.py
[2025-01-28T15:30:29.499+0000] {processor.py:925} INFO - DAG(s) 'example_branch_datetime_operator', 'example_branch_datetime_operator_3', 'example_branch_datetime_operator_2' retrieved from /home/airflow/.local/lib/python3.12/site-packages/airflow/example_dags/example_branch_datetime_operator.py
[2025-01-28T15:30:29.546+0000] {logging_mixin.py:190} INFO - [2025-01-28T15:30:29.545+0000] {dag.py:3239} INFO - Sync 3 DAGs
[2025-01-28T15:30:29.586+0000] {logging_mixin.py:190} INFO - [2025-01-28T15:30:29.586+0000] {dag.py:4180} INFO - Setting next_dagrun for example_branch_datetime_operator to 2025-01-27 00:00:00+00:00, run_after=2025-01-28 00:00:00+00:00
[2025-01-28T15:30:29.600+0000] {logging_mixin.py:190} INFO - [2025-01-28T15:30:29.599+0000] {dag.py:4180} INFO - Setting next_dagrun for example_branch_datetime_operator_2 to 2025-01-27 00:00:00+00:00, run_after=2025-01-28 00:00:00+00:00
[2025-01-28T15:30:29.604+0000] {logging_mixin.py:190} INFO - [2025-01-28T15:30:29.604+0000] {dag.py:4180} INFO - Setting next_dagrun for example_branch_datetime_operator_3 to 2025-01-27 00:00:00+00:00, run_after=2025-01-28 00:00:00+00:00
[2025-01-28T15:30:29.635+0000] {processor.py:208} INFO - Processing /home/airflow/.local/lib/python3.12/site-packages/airflow/example_dags/example_branch_datetime_operator.py took 0.183 seconds
[2025-01-28T15:31:00.921+0000] {processor.py:186} INFO - Started process (PID=495) to work on /home/airflow/.local/lib/python3.12/site-packages/airflow/example_dags/example_branch_datetime_operator.py
[2025-01-28T15:31:00.923+0000] {processor.py:914} INFO - Processing file /home/airflow/.local/lib/python3.12/site-packages/airflow/example_dags/example_branch_datetime_operator.py for tasks to queue
[2025-01-28T15:31:00.930+0000] {logging_mixin.py:190} INFO - [2025-01-28T15:31:00.929+0000] {dagbag.py:588} INFO - Filling up the DagBag from /home/airflow/.local/lib/python3.12/site-packages/airflow/example_dags/example_branch_datetime_operator.py
[2025-01-28T15:31:00.953+0000] {processor.py:925} INFO - DAG(s) 'example_branch_datetime_operator_2', 'example_branch_datetime_operator', 'example_branch_datetime_operator_3' retrieved from /home/airflow/.local/lib/python3.12/site-packages/airflow/example_dags/example_branch_datetime_operator.py
[2025-01-28T15:31:00.998+0000] {logging_mixin.py:190} INFO - [2025-01-28T15:31:00.998+0000] {dag.py:3239} INFO - Sync 3 DAGs
[2025-01-28T15:31:01.037+0000] {logging_mixin.py:190} INFO - [2025-01-28T15:31:01.037+0000] {dag.py:4180} INFO - Setting next_dagrun for example_branch_datetime_operator to 2025-01-27 00:00:00+00:00, run_after=2025-01-28 00:00:00+00:00
[2025-01-28T15:31:01.045+0000] {logging_mixin.py:190} INFO - [2025-01-28T15:31:01.045+0000] {dag.py:4180} INFO - Setting next_dagrun for example_branch_datetime_operator_2 to 2025-01-27 00:00:00+00:00, run_after=2025-01-28 00:00:00+00:00
[2025-01-28T15:31:01.050+0000] {logging_mixin.py:190} INFO - [2025-01-28T15:31:01.050+0000] {dag.py:4180} INFO - Setting next_dagrun for example_branch_datetime_operator_3 to 2025-01-27 00:00:00+00:00, run_after=2025-01-28 00:00:00+00:00
[2025-01-28T15:31:01.081+0000] {processor.py:208} INFO - Processing /home/airflow/.local/lib/python3.12/site-packages/airflow/example_dags/example_branch_datetime_operator.py took 0.168 seconds
[2025-01-28T15:31:32.083+0000] {processor.py:186} INFO - Started process (PID=558) to work on /home/airflow/.local/lib/python3.12/site-packages/airflow/example_dags/example_branch_datetime_operator.py
[2025-01-28T15:31:32.085+0000] {processor.py:914} INFO - Processing file /home/airflow/.local/lib/python3.12/site-packages/airflow/example_dags/example_branch_datetime_operator.py for tasks to queue
[2025-01-28T15:31:32.090+0000] {logging_mixin.py:190} INFO - [2025-01-28T15:31:32.090+0000] {dagbag.py:588} INFO - Filling up the DagBag from /home/airflow/.local/lib/python3.12/site-packages/airflow/example_dags/example_branch_datetime_operator.py
[2025-01-28T15:31:32.109+0000] {processor.py:925} INFO - DAG(s) 'example_branch_datetime_operator_2', 'example_branch_datetime_operator_3', 'example_branch_datetime_operator' retrieved from /home/airflow/.local/lib/python3.12/site-packages/airflow/example_dags/example_branch_datetime_operator.py
[2025-01-28T15:31:32.153+0000] {logging_mixin.py:190} INFO - [2025-01-28T15:31:32.153+0000] {dag.py:3239} INFO - Sync 3 DAGs
[2025-01-28T15:31:32.197+0000] {logging_mixin.py:190} INFO - [2025-01-28T15:31:32.197+0000] {dag.py:4180} INFO - Setting next_dagrun for example_branch_datetime_operator to 2025-01-27 00:00:00+00:00, run_after=2025-01-28 00:00:00+00:00
[2025-01-28T15:31:32.205+0000] {logging_mixin.py:190} INFO - [2025-01-28T15:31:32.204+0000] {dag.py:4180} INFO - Setting next_dagrun for example_branch_datetime_operator_2 to 2025-01-27 00:00:00+00:00, run_after=2025-01-28 00:00:00+00:00
[2025-01-28T15:31:32.209+0000] {logging_mixin.py:190} INFO - [2025-01-28T15:31:32.209+0000] {dag.py:4180} INFO - Setting next_dagrun for example_branch_datetime_operator_3 to 2025-01-27 00:00:00+00:00, run_after=2025-01-28 00:00:00+00:00
[2025-01-28T15:31:32.250+0000] {processor.py:208} INFO - Processing /home/airflow/.local/lib/python3.12/site-packages/airflow/example_dags/example_branch_datetime_operator.py took 0.182 seconds
[2025-01-28T16:33:29.136+0000] {processor.py:186} INFO - Started process (PID=112) to work on /home/airflow/.local/lib/python3.12/site-packages/airflow/example_dags/example_branch_datetime_operator.py
[2025-01-28T16:33:29.137+0000] {processor.py:914} INFO - Processing file /home/airflow/.local/lib/python3.12/site-packages/airflow/example_dags/example_branch_datetime_operator.py for tasks to queue
[2025-01-28T16:33:29.141+0000] {logging_mixin.py:190} INFO - [2025-01-28T16:33:29.141+0000] {dagbag.py:588} INFO - Filling up the DagBag from /home/airflow/.local/lib/python3.12/site-packages/airflow/example_dags/example_branch_datetime_operator.py
[2025-01-28T16:33:29.156+0000] {processor.py:925} INFO - DAG(s) 'example_branch_datetime_operator', 'example_branch_datetime_operator_2', 'example_branch_datetime_operator_3' retrieved from /home/airflow/.local/lib/python3.12/site-packages/airflow/example_dags/example_branch_datetime_operator.py
[2025-01-28T16:33:29.207+0000] {logging_mixin.py:190} INFO - [2025-01-28T16:33:29.207+0000] {dag.py:3239} INFO - Sync 3 DAGs
[2025-01-28T16:33:29.262+0000] {logging_mixin.py:190} INFO - [2025-01-28T16:33:29.262+0000] {dag.py:4180} INFO - Setting next_dagrun for example_branch_datetime_operator to 2025-01-27 00:00:00+00:00, run_after=2025-01-28 00:00:00+00:00
[2025-01-28T16:33:29.276+0000] {logging_mixin.py:190} INFO - [2025-01-28T16:33:29.275+0000] {dag.py:4180} INFO - Setting next_dagrun for example_branch_datetime_operator_2 to 2025-01-27 00:00:00+00:00, run_after=2025-01-28 00:00:00+00:00
[2025-01-28T16:33:29.281+0000] {logging_mixin.py:190} INFO - [2025-01-28T16:33:29.281+0000] {dag.py:4180} INFO - Setting next_dagrun for example_branch_datetime_operator_3 to 2025-01-27 00:00:00+00:00, run_after=2025-01-28 00:00:00+00:00
[2025-01-28T16:33:29.306+0000] {processor.py:208} INFO - Processing /home/airflow/.local/lib/python3.12/site-packages/airflow/example_dags/example_branch_datetime_operator.py took 0.177 seconds
[2025-01-28T16:34:00.836+0000] {processor.py:186} INFO - Started process (PID=175) to work on /home/airflow/.local/lib/python3.12/site-packages/airflow/example_dags/example_branch_datetime_operator.py
[2025-01-28T16:34:00.838+0000] {processor.py:914} INFO - Processing file /home/airflow/.local/lib/python3.12/site-packages/airflow/example_dags/example_branch_datetime_operator.py for tasks to queue
[2025-01-28T16:34:00.842+0000] {logging_mixin.py:190} INFO - [2025-01-28T16:34:00.842+0000] {dagbag.py:588} INFO - Filling up the DagBag from /home/airflow/.local/lib/python3.12/site-packages/airflow/example_dags/example_branch_datetime_operator.py
[2025-01-28T16:34:00.866+0000] {processor.py:925} INFO - DAG(s) 'example_branch_datetime_operator', 'example_branch_datetime_operator_2', 'example_branch_datetime_operator_3' retrieved from /home/airflow/.local/lib/python3.12/site-packages/airflow/example_dags/example_branch_datetime_operator.py
[2025-01-28T16:34:00.910+0000] {logging_mixin.py:190} INFO - [2025-01-28T16:34:00.909+0000] {dag.py:3239} INFO - Sync 3 DAGs
[2025-01-28T16:34:00.949+0000] {logging_mixin.py:190} INFO - [2025-01-28T16:34:00.949+0000] {dag.py:4180} INFO - Setting next_dagrun for example_branch_datetime_operator to 2025-01-27 00:00:00+00:00, run_after=2025-01-28 00:00:00+00:00
[2025-01-28T16:34:00.958+0000] {logging_mixin.py:190} INFO - [2025-01-28T16:34:00.958+0000] {dag.py:4180} INFO - Setting next_dagrun for example_branch_datetime_operator_2 to 2025-01-27 00:00:00+00:00, run_after=2025-01-28 00:00:00+00:00
[2025-01-28T16:34:00.963+0000] {logging_mixin.py:190} INFO - [2025-01-28T16:34:00.962+0000] {dag.py:4180} INFO - Setting next_dagrun for example_branch_datetime_operator_3 to 2025-01-27 00:00:00+00:00, run_after=2025-01-28 00:00:00+00:00
[2025-01-28T16:34:00.993+0000] {processor.py:208} INFO - Processing /home/airflow/.local/lib/python3.12/site-packages/airflow/example_dags/example_branch_datetime_operator.py took 0.165 seconds
[2025-01-28T16:34:32.190+0000] {processor.py:186} INFO - Started process (PID=238) to work on /home/airflow/.local/lib/python3.12/site-packages/airflow/example_dags/example_branch_datetime_operator.py
[2025-01-28T16:34:32.192+0000] {processor.py:914} INFO - Processing file /home/airflow/.local/lib/python3.12/site-packages/airflow/example_dags/example_branch_datetime_operator.py for tasks to queue
[2025-01-28T16:34:32.196+0000] {logging_mixin.py:190} INFO - [2025-01-28T16:34:32.195+0000] {dagbag.py:588} INFO - Filling up the DagBag from /home/airflow/.local/lib/python3.12/site-packages/airflow/example_dags/example_branch_datetime_operator.py
[2025-01-28T16:34:32.216+0000] {processor.py:925} INFO - DAG(s) 'example_branch_datetime_operator_3', 'example_branch_datetime_operator', 'example_branch_datetime_operator_2' retrieved from /home/airflow/.local/lib/python3.12/site-packages/airflow/example_dags/example_branch_datetime_operator.py
[2025-01-28T16:34:32.278+0000] {logging_mixin.py:190} INFO - [2025-01-28T16:34:32.277+0000] {dag.py:3239} INFO - Sync 3 DAGs
[2025-01-28T16:34:32.319+0000] {logging_mixin.py:190} INFO - [2025-01-28T16:34:32.318+0000] {dag.py:4180} INFO - Setting next_dagrun for example_branch_datetime_operator to 2025-01-27 00:00:00+00:00, run_after=2025-01-28 00:00:00+00:00
[2025-01-28T16:34:32.329+0000] {logging_mixin.py:190} INFO - [2025-01-28T16:34:32.328+0000] {dag.py:4180} INFO - Setting next_dagrun for example_branch_datetime_operator_2 to 2025-01-27 00:00:00+00:00, run_after=2025-01-28 00:00:00+00:00
[2025-01-28T16:34:32.333+0000] {logging_mixin.py:190} INFO - [2025-01-28T16:34:32.333+0000] {dag.py:4180} INFO - Setting next_dagrun for example_branch_datetime_operator_3 to 2025-01-27 00:00:00+00:00, run_after=2025-01-28 00:00:00+00:00
[2025-01-28T16:34:32.370+0000] {processor.py:208} INFO - Processing /home/airflow/.local/lib/python3.12/site-packages/airflow/example_dags/example_branch_datetime_operator.py took 0.189 seconds
[2025-01-28T16:35:03.853+0000] {processor.py:186} INFO - Started process (PID=301) to work on /home/airflow/.local/lib/python3.12/site-packages/airflow/example_dags/example_branch_datetime_operator.py
[2025-01-28T16:35:03.856+0000] {processor.py:914} INFO - Processing file /home/airflow/.local/lib/python3.12/site-packages/airflow/example_dags/example_branch_datetime_operator.py for tasks to queue
[2025-01-28T16:35:03.860+0000] {logging_mixin.py:190} INFO - [2025-01-28T16:35:03.860+0000] {dagbag.py:588} INFO - Filling up the DagBag from /home/airflow/.local/lib/python3.12/site-packages/airflow/example_dags/example_branch_datetime_operator.py
[2025-01-28T16:35:03.880+0000] {processor.py:925} INFO - DAG(s) 'example_branch_datetime_operator', 'example_branch_datetime_operator_2', 'example_branch_datetime_operator_3' retrieved from /home/airflow/.local/lib/python3.12/site-packages/airflow/example_dags/example_branch_datetime_operator.py
[2025-01-28T16:35:03.928+0000] {logging_mixin.py:190} INFO - [2025-01-28T16:35:03.928+0000] {dag.py:3239} INFO - Sync 3 DAGs
[2025-01-28T16:35:03.969+0000] {logging_mixin.py:190} INFO - [2025-01-28T16:35:03.969+0000] {dag.py:4180} INFO - Setting next_dagrun for example_branch_datetime_operator to 2025-01-27 00:00:00+00:00, run_after=2025-01-28 00:00:00+00:00
[2025-01-28T16:35:03.977+0000] {logging_mixin.py:190} INFO - [2025-01-28T16:35:03.976+0000] {dag.py:4180} INFO - Setting next_dagrun for example_branch_datetime_operator_2 to 2025-01-27 00:00:00+00:00, run_after=2025-01-28 00:00:00+00:00
[2025-01-28T16:35:03.981+0000] {logging_mixin.py:190} INFO - [2025-01-28T16:35:03.981+0000] {dag.py:4180} INFO - Setting next_dagrun for example_branch_datetime_operator_3 to 2025-01-27 00:00:00+00:00, run_after=2025-01-28 00:00:00+00:00
[2025-01-28T16:35:04.022+0000] {processor.py:208} INFO - Processing /home/airflow/.local/lib/python3.12/site-packages/airflow/example_dags/example_branch_datetime_operator.py took 0.183 seconds
[2025-01-28T16:35:35.208+0000] {processor.py:186} INFO - Started process (PID=363) to work on /home/airflow/.local/lib/python3.12/site-packages/airflow/example_dags/example_branch_datetime_operator.py
[2025-01-28T16:35:35.210+0000] {processor.py:914} INFO - Processing file /home/airflow/.local/lib/python3.12/site-packages/airflow/example_dags/example_branch_datetime_operator.py for tasks to queue
[2025-01-28T16:35:35.216+0000] {logging_mixin.py:190} INFO - [2025-01-28T16:35:35.215+0000] {dagbag.py:588} INFO - Filling up the DagBag from /home/airflow/.local/lib/python3.12/site-packages/airflow/example_dags/example_branch_datetime_operator.py
[2025-01-28T16:35:35.241+0000] {processor.py:925} INFO - DAG(s) 'example_branch_datetime_operator', 'example_branch_datetime_operator_3', 'example_branch_datetime_operator_2' retrieved from /home/airflow/.local/lib/python3.12/site-packages/airflow/example_dags/example_branch_datetime_operator.py
[2025-01-28T16:35:35.284+0000] {logging_mixin.py:190} INFO - [2025-01-28T16:35:35.284+0000] {dag.py:3239} INFO - Sync 3 DAGs
[2025-01-28T16:35:35.326+0000] {logging_mixin.py:190} INFO - [2025-01-28T16:35:35.325+0000] {dag.py:4180} INFO - Setting next_dagrun for example_branch_datetime_operator to 2025-01-27 00:00:00+00:00, run_after=2025-01-28 00:00:00+00:00
[2025-01-28T16:35:35.333+0000] {logging_mixin.py:190} INFO - [2025-01-28T16:35:35.333+0000] {dag.py:4180} INFO - Setting next_dagrun for example_branch_datetime_operator_2 to 2025-01-27 00:00:00+00:00, run_after=2025-01-28 00:00:00+00:00
[2025-01-28T16:35:35.337+0000] {logging_mixin.py:190} INFO - [2025-01-28T16:35:35.337+0000] {dag.py:4180} INFO - Setting next_dagrun for example_branch_datetime_operator_3 to 2025-01-27 00:00:00+00:00, run_after=2025-01-28 00:00:00+00:00
[2025-01-28T16:35:35.371+0000] {processor.py:208} INFO - Processing /home/airflow/.local/lib/python3.12/site-packages/airflow/example_dags/example_branch_datetime_operator.py took 0.177 seconds
[2025-01-28T16:36:05.824+0000] {processor.py:186} INFO - Started process (PID=426) to work on /home/airflow/.local/lib/python3.12/site-packages/airflow/example_dags/example_branch_datetime_operator.py
[2025-01-28T16:36:05.826+0000] {processor.py:914} INFO - Processing file /home/airflow/.local/lib/python3.12/site-packages/airflow/example_dags/example_branch_datetime_operator.py for tasks to queue
[2025-01-28T16:36:05.833+0000] {logging_mixin.py:190} INFO - [2025-01-28T16:36:05.832+0000] {dagbag.py:588} INFO - Filling up the DagBag from /home/airflow/.local/lib/python3.12/site-packages/airflow/example_dags/example_branch_datetime_operator.py
[2025-01-28T16:36:05.858+0000] {processor.py:925} INFO - DAG(s) 'example_branch_datetime_operator', 'example_branch_datetime_operator_3', 'example_branch_datetime_operator_2' retrieved from /home/airflow/.local/lib/python3.12/site-packages/airflow/example_dags/example_branch_datetime_operator.py
[2025-01-28T16:36:05.903+0000] {logging_mixin.py:190} INFO - [2025-01-28T16:36:05.903+0000] {dag.py:3239} INFO - Sync 3 DAGs
[2025-01-28T16:36:05.943+0000] {logging_mixin.py:190} INFO - [2025-01-28T16:36:05.942+0000] {dag.py:4180} INFO - Setting next_dagrun for example_branch_datetime_operator to 2025-01-27 00:00:00+00:00, run_after=2025-01-28 00:00:00+00:00
[2025-01-28T16:36:05.950+0000] {logging_mixin.py:190} INFO - [2025-01-28T16:36:05.950+0000] {dag.py:4180} INFO - Setting next_dagrun for example_branch_datetime_operator_2 to 2025-01-27 00:00:00+00:00, run_after=2025-01-28 00:00:00+00:00
[2025-01-28T16:36:05.955+0000] {logging_mixin.py:190} INFO - [2025-01-28T16:36:05.954+0000] {dag.py:4180} INFO - Setting next_dagrun for example_branch_datetime_operator_3 to 2025-01-27 00:00:00+00:00, run_after=2025-01-28 00:00:00+00:00
[2025-01-28T16:36:05.986+0000] {processor.py:208} INFO - Processing /home/airflow/.local/lib/python3.12/site-packages/airflow/example_dags/example_branch_datetime_operator.py took 0.176 seconds
