[2025-01-28T15:27:43.113+0000] {processor.py:186} INFO - Started process (PID=81) to work on /home/airflow/.local/lib/python3.12/site-packages/airflow/example_dags/example_complex.py
[2025-01-28T15:27:43.114+0000] {processor.py:914} INFO - Processing file /home/airflow/.local/lib/python3.12/site-packages/airflow/example_dags/example_complex.py for tasks to queue
[2025-01-28T15:27:43.117+0000] {logging_mixin.py:190} INFO - [2025-01-28T15:27:43.116+0000] {dagbag.py:588} INFO - Filling up the DagBag from /home/airflow/.local/lib/python3.12/site-packages/airflow/example_dags/example_complex.py
[2025-01-28T15:27:43.136+0000] {processor.py:925} INFO - DAG(s) 'example_complex' retrieved from /home/airflow/.local/lib/python3.12/site-packages/airflow/example_dags/example_complex.py
[2025-01-28T15:27:43.305+0000] {logging_mixin.py:190} INFO - [2025-01-28T15:27:43.305+0000] {override.py:1911} INFO - Created Permission View: can delete on DAG:example_complex
[2025-01-28T15:27:43.320+0000] {logging_mixin.py:190} INFO - [2025-01-28T15:27:43.320+0000] {override.py:1911} INFO - Created Permission View: can edit on DAG:example_complex
[2025-01-28T15:27:43.334+0000] {logging_mixin.py:190} INFO - [2025-01-28T15:27:43.334+0000] {override.py:1911} INFO - Created Permission View: can read on DAG:example_complex
[2025-01-28T15:27:43.351+0000] {logging_mixin.py:190} INFO - [2025-01-28T15:27:43.350+0000] {override.py:1911} INFO - Created Permission View: menu access on DAG Run:example_complex
[2025-01-28T15:27:43.368+0000] {logging_mixin.py:190} INFO - [2025-01-28T15:27:43.367+0000] {override.py:1911} INFO - Created Permission View: can delete on DAG Run:example_complex
[2025-01-28T15:27:43.384+0000] {logging_mixin.py:190} INFO - [2025-01-28T15:27:43.383+0000] {override.py:1911} INFO - Created Permission View: can create on DAG Run:example_complex
[2025-01-28T15:27:43.400+0000] {logging_mixin.py:190} INFO - [2025-01-28T15:27:43.400+0000] {override.py:1911} INFO - Created Permission View: can read on DAG Run:example_complex
[2025-01-28T15:27:43.401+0000] {logging_mixin.py:190} INFO - [2025-01-28T15:27:43.401+0000] {dag.py:3239} INFO - Sync 1 DAGs
[2025-01-28T15:27:43.415+0000] {logging_mixin.py:190} INFO - [2025-01-28T15:27:43.415+0000] {dag.py:3262} INFO - Creating ORM DAG for example_complex
[2025-01-28T15:27:43.417+0000] {logging_mixin.py:190} INFO - [2025-01-28T15:27:43.416+0000] {dag.py:4180} INFO - Setting next_dagrun for example_complex to None, run_after=None
[2025-01-28T15:27:43.445+0000] {processor.py:208} INFO - Processing /home/airflow/.local/lib/python3.12/site-packages/airflow/example_dags/example_complex.py took 0.339 seconds
[2025-01-28T15:28:14.108+0000] {processor.py:186} INFO - Started process (PID=144) to work on /home/airflow/.local/lib/python3.12/site-packages/airflow/example_dags/example_complex.py
[2025-01-28T15:28:14.111+0000] {processor.py:914} INFO - Processing file /home/airflow/.local/lib/python3.12/site-packages/airflow/example_dags/example_complex.py for tasks to queue
[2025-01-28T15:28:14.118+0000] {logging_mixin.py:190} INFO - [2025-01-28T15:28:14.117+0000] {dagbag.py:588} INFO - Filling up the DagBag from /home/airflow/.local/lib/python3.12/site-packages/airflow/example_dags/example_complex.py
[2025-01-28T15:28:14.144+0000] {processor.py:925} INFO - DAG(s) 'example_complex' retrieved from /home/airflow/.local/lib/python3.12/site-packages/airflow/example_dags/example_complex.py
[2025-01-28T15:28:14.203+0000] {logging_mixin.py:190} INFO - [2025-01-28T15:28:14.202+0000] {dag.py:3239} INFO - Sync 1 DAGs
[2025-01-28T15:28:14.228+0000] {logging_mixin.py:190} INFO - [2025-01-28T15:28:14.228+0000] {dag.py:4180} INFO - Setting next_dagrun for example_complex to None, run_after=None
[2025-01-28T15:28:14.268+0000] {processor.py:208} INFO - Processing /home/airflow/.local/lib/python3.12/site-packages/airflow/example_dags/example_complex.py took 0.177 seconds
[2025-01-28T15:28:44.862+0000] {processor.py:186} INFO - Started process (PID=207) to work on /home/airflow/.local/lib/python3.12/site-packages/airflow/example_dags/example_complex.py
[2025-01-28T15:28:44.865+0000] {processor.py:914} INFO - Processing file /home/airflow/.local/lib/python3.12/site-packages/airflow/example_dags/example_complex.py for tasks to queue
[2025-01-28T15:28:44.872+0000] {logging_mixin.py:190} INFO - [2025-01-28T15:28:44.871+0000] {dagbag.py:588} INFO - Filling up the DagBag from /home/airflow/.local/lib/python3.12/site-packages/airflow/example_dags/example_complex.py
[2025-01-28T15:28:44.898+0000] {processor.py:925} INFO - DAG(s) 'example_complex' retrieved from /home/airflow/.local/lib/python3.12/site-packages/airflow/example_dags/example_complex.py
[2025-01-28T15:28:44.952+0000] {logging_mixin.py:190} INFO - [2025-01-28T15:28:44.951+0000] {dag.py:3239} INFO - Sync 1 DAGs
[2025-01-28T15:28:44.993+0000] {logging_mixin.py:190} INFO - [2025-01-28T15:28:44.992+0000] {dag.py:4180} INFO - Setting next_dagrun for example_complex to None, run_after=None
[2025-01-28T15:28:45.043+0000] {processor.py:208} INFO - Processing /home/airflow/.local/lib/python3.12/site-packages/airflow/example_dags/example_complex.py took 0.198 seconds
[2025-01-28T15:29:15.460+0000] {processor.py:186} INFO - Started process (PID=270) to work on /home/airflow/.local/lib/python3.12/site-packages/airflow/example_dags/example_complex.py
[2025-01-28T15:29:15.463+0000] {processor.py:914} INFO - Processing file /home/airflow/.local/lib/python3.12/site-packages/airflow/example_dags/example_complex.py for tasks to queue
[2025-01-28T15:29:15.469+0000] {logging_mixin.py:190} INFO - [2025-01-28T15:29:15.468+0000] {dagbag.py:588} INFO - Filling up the DagBag from /home/airflow/.local/lib/python3.12/site-packages/airflow/example_dags/example_complex.py
[2025-01-28T15:29:15.491+0000] {processor.py:925} INFO - DAG(s) 'example_complex' retrieved from /home/airflow/.local/lib/python3.12/site-packages/airflow/example_dags/example_complex.py
[2025-01-28T15:29:15.540+0000] {logging_mixin.py:190} INFO - [2025-01-28T15:29:15.539+0000] {dag.py:3239} INFO - Sync 1 DAGs
[2025-01-28T15:29:15.565+0000] {logging_mixin.py:190} INFO - [2025-01-28T15:29:15.565+0000] {dag.py:4180} INFO - Setting next_dagrun for example_complex to None, run_after=None
[2025-01-28T15:29:15.607+0000] {processor.py:208} INFO - Processing /home/airflow/.local/lib/python3.12/site-packages/airflow/example_dags/example_complex.py took 0.162 seconds
[2025-01-28T15:29:45.784+0000] {processor.py:186} INFO - Started process (PID=333) to work on /home/airflow/.local/lib/python3.12/site-packages/airflow/example_dags/example_complex.py
[2025-01-28T15:29:45.786+0000] {processor.py:914} INFO - Processing file /home/airflow/.local/lib/python3.12/site-packages/airflow/example_dags/example_complex.py for tasks to queue
[2025-01-28T15:29:45.794+0000] {logging_mixin.py:190} INFO - [2025-01-28T15:29:45.793+0000] {dagbag.py:588} INFO - Filling up the DagBag from /home/airflow/.local/lib/python3.12/site-packages/airflow/example_dags/example_complex.py
[2025-01-28T15:29:45.819+0000] {processor.py:925} INFO - DAG(s) 'example_complex' retrieved from /home/airflow/.local/lib/python3.12/site-packages/airflow/example_dags/example_complex.py
[2025-01-28T15:29:45.874+0000] {logging_mixin.py:190} INFO - [2025-01-28T15:29:45.874+0000] {dag.py:3239} INFO - Sync 1 DAGs
[2025-01-28T15:29:45.901+0000] {logging_mixin.py:190} INFO - [2025-01-28T15:29:45.901+0000] {dag.py:4180} INFO - Setting next_dagrun for example_complex to None, run_after=None
[2025-01-28T15:29:45.946+0000] {processor.py:208} INFO - Processing /home/airflow/.local/lib/python3.12/site-packages/airflow/example_dags/example_complex.py took 0.177 seconds
[2025-01-28T15:30:16.460+0000] {processor.py:186} INFO - Started process (PID=396) to work on /home/airflow/.local/lib/python3.12/site-packages/airflow/example_dags/example_complex.py
[2025-01-28T15:30:16.463+0000] {processor.py:914} INFO - Processing file /home/airflow/.local/lib/python3.12/site-packages/airflow/example_dags/example_complex.py for tasks to queue
[2025-01-28T15:30:16.470+0000] {logging_mixin.py:190} INFO - [2025-01-28T15:30:16.469+0000] {dagbag.py:588} INFO - Filling up the DagBag from /home/airflow/.local/lib/python3.12/site-packages/airflow/example_dags/example_complex.py
[2025-01-28T15:30:16.494+0000] {processor.py:925} INFO - DAG(s) 'example_complex' retrieved from /home/airflow/.local/lib/python3.12/site-packages/airflow/example_dags/example_complex.py
[2025-01-28T15:30:16.554+0000] {logging_mixin.py:190} INFO - [2025-01-28T15:30:16.553+0000] {dag.py:3239} INFO - Sync 1 DAGs
[2025-01-28T15:30:16.585+0000] {logging_mixin.py:190} INFO - [2025-01-28T15:30:16.584+0000] {dag.py:4180} INFO - Setting next_dagrun for example_complex to None, run_after=None
[2025-01-28T15:30:16.635+0000] {processor.py:208} INFO - Processing /home/airflow/.local/lib/python3.12/site-packages/airflow/example_dags/example_complex.py took 0.191 seconds
[2025-01-28T15:30:46.786+0000] {processor.py:186} INFO - Started process (PID=459) to work on /home/airflow/.local/lib/python3.12/site-packages/airflow/example_dags/example_complex.py
[2025-01-28T15:30:46.788+0000] {processor.py:914} INFO - Processing file /home/airflow/.local/lib/python3.12/site-packages/airflow/example_dags/example_complex.py for tasks to queue
[2025-01-28T15:30:46.793+0000] {logging_mixin.py:190} INFO - [2025-01-28T15:30:46.792+0000] {dagbag.py:588} INFO - Filling up the DagBag from /home/airflow/.local/lib/python3.12/site-packages/airflow/example_dags/example_complex.py
[2025-01-28T15:30:46.813+0000] {processor.py:925} INFO - DAG(s) 'example_complex' retrieved from /home/airflow/.local/lib/python3.12/site-packages/airflow/example_dags/example_complex.py
[2025-01-28T15:30:46.879+0000] {logging_mixin.py:190} INFO - [2025-01-28T15:30:46.878+0000] {dag.py:3239} INFO - Sync 1 DAGs
[2025-01-28T15:30:46.904+0000] {logging_mixin.py:190} INFO - [2025-01-28T15:30:46.904+0000] {dag.py:4180} INFO - Setting next_dagrun for example_complex to None, run_after=None
[2025-01-28T15:30:46.947+0000] {processor.py:208} INFO - Processing /home/airflow/.local/lib/python3.12/site-packages/airflow/example_dags/example_complex.py took 0.173 seconds
[2025-01-28T15:31:17.014+0000] {processor.py:186} INFO - Started process (PID=522) to work on /home/airflow/.local/lib/python3.12/site-packages/airflow/example_dags/example_complex.py
[2025-01-28T15:31:17.016+0000] {processor.py:914} INFO - Processing file /home/airflow/.local/lib/python3.12/site-packages/airflow/example_dags/example_complex.py for tasks to queue
[2025-01-28T15:31:17.020+0000] {logging_mixin.py:190} INFO - [2025-01-28T15:31:17.020+0000] {dagbag.py:588} INFO - Filling up the DagBag from /home/airflow/.local/lib/python3.12/site-packages/airflow/example_dags/example_complex.py
[2025-01-28T15:31:17.039+0000] {processor.py:925} INFO - DAG(s) 'example_complex' retrieved from /home/airflow/.local/lib/python3.12/site-packages/airflow/example_dags/example_complex.py
[2025-01-28T15:31:17.094+0000] {logging_mixin.py:190} INFO - [2025-01-28T15:31:17.093+0000] {dag.py:3239} INFO - Sync 1 DAGs
[2025-01-28T15:31:17.132+0000] {logging_mixin.py:190} INFO - [2025-01-28T15:31:17.131+0000] {dag.py:4180} INFO - Setting next_dagrun for example_complex to None, run_after=None
[2025-01-28T15:31:17.171+0000] {processor.py:208} INFO - Processing /home/airflow/.local/lib/python3.12/site-packages/airflow/example_dags/example_complex.py took 0.172 seconds
[2025-01-28T15:31:47.444+0000] {processor.py:186} INFO - Started process (PID=585) to work on /home/airflow/.local/lib/python3.12/site-packages/airflow/example_dags/example_complex.py
[2025-01-28T15:31:47.446+0000] {processor.py:914} INFO - Processing file /home/airflow/.local/lib/python3.12/site-packages/airflow/example_dags/example_complex.py for tasks to queue
[2025-01-28T15:31:47.454+0000] {logging_mixin.py:190} INFO - [2025-01-28T15:31:47.453+0000] {dagbag.py:588} INFO - Filling up the DagBag from /home/airflow/.local/lib/python3.12/site-packages/airflow/example_dags/example_complex.py
[2025-01-28T15:31:47.489+0000] {processor.py:925} INFO - DAG(s) 'example_complex' retrieved from /home/airflow/.local/lib/python3.12/site-packages/airflow/example_dags/example_complex.py
[2025-01-28T15:31:47.546+0000] {logging_mixin.py:190} INFO - [2025-01-28T15:31:47.546+0000] {dag.py:3239} INFO - Sync 1 DAGs
[2025-01-28T15:31:47.574+0000] {logging_mixin.py:190} INFO - [2025-01-28T15:31:47.573+0000] {dag.py:4180} INFO - Setting next_dagrun for example_complex to None, run_after=None
[2025-01-28T15:31:47.611+0000] {processor.py:208} INFO - Processing /home/airflow/.local/lib/python3.12/site-packages/airflow/example_dags/example_complex.py took 0.176 seconds
[2025-01-28T16:33:22.626+0000] {processor.py:186} INFO - Started process (PID=70) to work on /home/airflow/.local/lib/python3.12/site-packages/airflow/example_dags/example_complex.py
[2025-01-28T16:33:22.627+0000] {processor.py:914} INFO - Processing file /home/airflow/.local/lib/python3.12/site-packages/airflow/example_dags/example_complex.py for tasks to queue
[2025-01-28T16:33:22.631+0000] {logging_mixin.py:190} INFO - [2025-01-28T16:33:22.630+0000] {dagbag.py:588} INFO - Filling up the DagBag from /home/airflow/.local/lib/python3.12/site-packages/airflow/example_dags/example_complex.py
[2025-01-28T16:33:22.655+0000] {processor.py:925} INFO - DAG(s) 'example_complex' retrieved from /home/airflow/.local/lib/python3.12/site-packages/airflow/example_dags/example_complex.py
[2025-01-28T16:33:22.728+0000] {logging_mixin.py:190} INFO - [2025-01-28T16:33:22.728+0000] {dag.py:3239} INFO - Sync 1 DAGs
[2025-01-28T16:33:22.757+0000] {logging_mixin.py:190} INFO - [2025-01-28T16:33:22.756+0000] {dag.py:4180} INFO - Setting next_dagrun for example_complex to None, run_after=None
[2025-01-28T16:33:22.795+0000] {processor.py:208} INFO - Processing /home/airflow/.local/lib/python3.12/site-packages/airflow/example_dags/example_complex.py took 0.176 seconds
[2025-01-28T16:33:53.311+0000] {processor.py:186} INFO - Started process (PID=133) to work on /home/airflow/.local/lib/python3.12/site-packages/airflow/example_dags/example_complex.py
[2025-01-28T16:33:53.312+0000] {processor.py:914} INFO - Processing file /home/airflow/.local/lib/python3.12/site-packages/airflow/example_dags/example_complex.py for tasks to queue
[2025-01-28T16:33:53.317+0000] {logging_mixin.py:190} INFO - [2025-01-28T16:33:53.316+0000] {dagbag.py:588} INFO - Filling up the DagBag from /home/airflow/.local/lib/python3.12/site-packages/airflow/example_dags/example_complex.py
[2025-01-28T16:33:53.347+0000] {processor.py:925} INFO - DAG(s) 'example_complex' retrieved from /home/airflow/.local/lib/python3.12/site-packages/airflow/example_dags/example_complex.py
[2025-01-28T16:33:53.404+0000] {logging_mixin.py:190} INFO - [2025-01-28T16:33:53.404+0000] {dag.py:3239} INFO - Sync 1 DAGs
[2025-01-28T16:33:53.438+0000] {logging_mixin.py:190} INFO - [2025-01-28T16:33:53.438+0000] {dag.py:4180} INFO - Setting next_dagrun for example_complex to None, run_after=None
[2025-01-28T16:33:53.479+0000] {processor.py:208} INFO - Processing /home/airflow/.local/lib/python3.12/site-packages/airflow/example_dags/example_complex.py took 0.180 seconds
[2025-01-28T16:34:23.662+0000] {processor.py:186} INFO - Started process (PID=196) to work on /home/airflow/.local/lib/python3.12/site-packages/airflow/example_dags/example_complex.py
[2025-01-28T16:34:23.664+0000] {processor.py:914} INFO - Processing file /home/airflow/.local/lib/python3.12/site-packages/airflow/example_dags/example_complex.py for tasks to queue
[2025-01-28T16:34:23.671+0000] {logging_mixin.py:190} INFO - [2025-01-28T16:34:23.670+0000] {dagbag.py:588} INFO - Filling up the DagBag from /home/airflow/.local/lib/python3.12/site-packages/airflow/example_dags/example_complex.py
[2025-01-28T16:34:23.704+0000] {processor.py:925} INFO - DAG(s) 'example_complex' retrieved from /home/airflow/.local/lib/python3.12/site-packages/airflow/example_dags/example_complex.py
[2025-01-28T16:34:23.771+0000] {logging_mixin.py:190} INFO - [2025-01-28T16:34:23.770+0000] {dag.py:3239} INFO - Sync 1 DAGs
[2025-01-28T16:34:23.797+0000] {logging_mixin.py:190} INFO - [2025-01-28T16:34:23.797+0000] {dag.py:4180} INFO - Setting next_dagrun for example_complex to None, run_after=None
[2025-01-28T16:34:23.841+0000] {processor.py:208} INFO - Processing /home/airflow/.local/lib/python3.12/site-packages/airflow/example_dags/example_complex.py took 0.189 seconds
[2025-01-28T16:34:54.005+0000] {processor.py:186} INFO - Started process (PID=259) to work on /home/airflow/.local/lib/python3.12/site-packages/airflow/example_dags/example_complex.py
[2025-01-28T16:34:54.007+0000] {processor.py:914} INFO - Processing file /home/airflow/.local/lib/python3.12/site-packages/airflow/example_dags/example_complex.py for tasks to queue
[2025-01-28T16:34:54.011+0000] {logging_mixin.py:190} INFO - [2025-01-28T16:34:54.010+0000] {dagbag.py:588} INFO - Filling up the DagBag from /home/airflow/.local/lib/python3.12/site-packages/airflow/example_dags/example_complex.py
[2025-01-28T16:34:54.030+0000] {processor.py:925} INFO - DAG(s) 'example_complex' retrieved from /home/airflow/.local/lib/python3.12/site-packages/airflow/example_dags/example_complex.py
[2025-01-28T16:34:54.085+0000] {logging_mixin.py:190} INFO - [2025-01-28T16:34:54.084+0000] {dag.py:3239} INFO - Sync 1 DAGs
[2025-01-28T16:34:54.108+0000] {logging_mixin.py:190} INFO - [2025-01-28T16:34:54.108+0000] {dag.py:4180} INFO - Setting next_dagrun for example_complex to None, run_after=None
[2025-01-28T16:34:54.147+0000] {processor.py:208} INFO - Processing /home/airflow/.local/lib/python3.12/site-packages/airflow/example_dags/example_complex.py took 0.158 seconds
[2025-01-28T16:35:24.739+0000] {processor.py:186} INFO - Started process (PID=322) to work on /home/airflow/.local/lib/python3.12/site-packages/airflow/example_dags/example_complex.py
[2025-01-28T16:35:24.741+0000] {processor.py:914} INFO - Processing file /home/airflow/.local/lib/python3.12/site-packages/airflow/example_dags/example_complex.py for tasks to queue
[2025-01-28T16:35:24.747+0000] {logging_mixin.py:190} INFO - [2025-01-28T16:35:24.746+0000] {dagbag.py:588} INFO - Filling up the DagBag from /home/airflow/.local/lib/python3.12/site-packages/airflow/example_dags/example_complex.py
[2025-01-28T16:35:24.771+0000] {processor.py:925} INFO - DAG(s) 'example_complex' retrieved from /home/airflow/.local/lib/python3.12/site-packages/airflow/example_dags/example_complex.py
[2025-01-28T16:35:24.828+0000] {logging_mixin.py:190} INFO - [2025-01-28T16:35:24.827+0000] {dag.py:3239} INFO - Sync 1 DAGs
[2025-01-28T16:35:24.852+0000] {logging_mixin.py:190} INFO - [2025-01-28T16:35:24.852+0000] {dag.py:4180} INFO - Setting next_dagrun for example_complex to None, run_after=None
[2025-01-28T16:35:24.895+0000] {processor.py:208} INFO - Processing /home/airflow/.local/lib/python3.12/site-packages/airflow/example_dags/example_complex.py took 0.168 seconds
[2025-01-28T16:35:55.091+0000] {processor.py:186} INFO - Started process (PID=385) to work on /home/airflow/.local/lib/python3.12/site-packages/airflow/example_dags/example_complex.py
[2025-01-28T16:35:55.094+0000] {processor.py:914} INFO - Processing file /home/airflow/.local/lib/python3.12/site-packages/airflow/example_dags/example_complex.py for tasks to queue
[2025-01-28T16:35:55.101+0000] {logging_mixin.py:190} INFO - [2025-01-28T16:35:55.100+0000] {dagbag.py:588} INFO - Filling up the DagBag from /home/airflow/.local/lib/python3.12/site-packages/airflow/example_dags/example_complex.py
[2025-01-28T16:35:55.124+0000] {processor.py:925} INFO - DAG(s) 'example_complex' retrieved from /home/airflow/.local/lib/python3.12/site-packages/airflow/example_dags/example_complex.py
[2025-01-28T16:35:55.183+0000] {logging_mixin.py:190} INFO - [2025-01-28T16:35:55.182+0000] {dag.py:3239} INFO - Sync 1 DAGs
[2025-01-28T16:35:55.211+0000] {logging_mixin.py:190} INFO - [2025-01-28T16:35:55.210+0000] {dag.py:4180} INFO - Setting next_dagrun for example_complex to None, run_after=None
[2025-01-28T16:35:55.259+0000] {processor.py:208} INFO - Processing /home/airflow/.local/lib/python3.12/site-packages/airflow/example_dags/example_complex.py took 0.184 seconds
