[2025-01-28T15:27:44.221+0000] {processor.py:186} INFO - Started process (PID=86) to work on /home/airflow/.local/lib/python3.12/site-packages/airflow/example_dags/example_dataset_alias_with_no_taskflow.py
[2025-01-28T15:27:44.222+0000] {processor.py:914} INFO - Processing file /home/airflow/.local/lib/python3.12/site-packages/airflow/example_dags/example_dataset_alias_with_no_taskflow.py for tasks to queue
[2025-01-28T15:27:44.225+0000] {logging_mixin.py:190} INFO - [2025-01-28T15:27:44.225+0000] {dagbag.py:588} INFO - Filling up the DagBag from /home/airflow/.local/lib/python3.12/site-packages/airflow/example_dags/example_dataset_alias_with_no_taskflow.py
[2025-01-28T15:27:47.613+0000] {processor.py:925} INFO - DAG(s) 'dataset_s3_bucket_consumer_with_no_taskflow', 'dataset_alias_example_alias_consumer_with_no_taskflow', 'dataset_alias_example_alias_producer_with_no_taskflow', 'dataset_s3_bucket_producer_with_no_taskflow' retrieved from /home/airflow/.local/lib/python3.12/site-packages/airflow/example_dags/example_dataset_alias_with_no_taskflow.py
[2025-01-28T15:27:47.737+0000] {logging_mixin.py:190} INFO - [2025-01-28T15:27:47.736+0000] {override.py:1911} INFO - Created Permission View: can delete on DAG:dataset_s3_bucket_consumer_with_no_taskflow
[2025-01-28T15:27:47.754+0000] {logging_mixin.py:190} INFO - [2025-01-28T15:27:47.754+0000] {override.py:1911} INFO - Created Permission View: can edit on DAG:dataset_s3_bucket_consumer_with_no_taskflow
[2025-01-28T15:27:47.767+0000] {logging_mixin.py:190} INFO - [2025-01-28T15:27:47.767+0000] {override.py:1911} INFO - Created Permission View: can read on DAG:dataset_s3_bucket_consumer_with_no_taskflow
[2025-01-28T15:27:47.790+0000] {logging_mixin.py:190} INFO - [2025-01-28T15:27:47.790+0000] {override.py:1911} INFO - Created Permission View: menu access on DAG Run:dataset_s3_bucket_consumer_with_no_taskflow
[2025-01-28T15:27:47.812+0000] {logging_mixin.py:190} INFO - [2025-01-28T15:27:47.812+0000] {override.py:1911} INFO - Created Permission View: can delete on DAG Run:dataset_s3_bucket_consumer_with_no_taskflow
[2025-01-28T15:27:47.832+0000] {logging_mixin.py:190} INFO - [2025-01-28T15:27:47.831+0000] {override.py:1911} INFO - Created Permission View: can create on DAG Run:dataset_s3_bucket_consumer_with_no_taskflow
[2025-01-28T15:27:47.853+0000] {logging_mixin.py:190} INFO - [2025-01-28T15:27:47.852+0000] {override.py:1911} INFO - Created Permission View: can read on DAG Run:dataset_s3_bucket_consumer_with_no_taskflow
[2025-01-28T15:27:47.887+0000] {logging_mixin.py:190} INFO - [2025-01-28T15:27:47.886+0000] {override.py:1911} INFO - Created Permission View: can delete on DAG:dataset_alias_example_alias_consumer_with_no_taskflow
[2025-01-28T15:27:47.900+0000] {logging_mixin.py:190} INFO - [2025-01-28T15:27:47.899+0000] {override.py:1911} INFO - Created Permission View: can edit on DAG:dataset_alias_example_alias_consumer_with_no_taskflow
[2025-01-28T15:27:47.912+0000] {logging_mixin.py:190} INFO - [2025-01-28T15:27:47.911+0000] {override.py:1911} INFO - Created Permission View: can read on DAG:dataset_alias_example_alias_consumer_with_no_taskflow
[2025-01-28T15:27:47.929+0000] {logging_mixin.py:190} INFO - [2025-01-28T15:27:47.929+0000] {override.py:1911} INFO - Created Permission View: menu access on DAG Run:dataset_alias_example_alias_consumer_with_no_taskflow
[2025-01-28T15:27:47.950+0000] {logging_mixin.py:190} INFO - [2025-01-28T15:27:47.949+0000] {override.py:1911} INFO - Created Permission View: can delete on DAG Run:dataset_alias_example_alias_consumer_with_no_taskflow
[2025-01-28T15:27:47.972+0000] {logging_mixin.py:190} INFO - [2025-01-28T15:27:47.971+0000] {override.py:1911} INFO - Created Permission View: can create on DAG Run:dataset_alias_example_alias_consumer_with_no_taskflow
[2025-01-28T15:27:47.992+0000] {logging_mixin.py:190} INFO - [2025-01-28T15:27:47.991+0000] {override.py:1911} INFO - Created Permission View: can read on DAG Run:dataset_alias_example_alias_consumer_with_no_taskflow
[2025-01-28T15:27:48.023+0000] {logging_mixin.py:190} INFO - [2025-01-28T15:27:48.023+0000] {override.py:1911} INFO - Created Permission View: can delete on DAG:dataset_alias_example_alias_producer_with_no_taskflow
[2025-01-28T15:27:48.045+0000] {logging_mixin.py:190} INFO - [2025-01-28T15:27:48.044+0000] {override.py:1911} INFO - Created Permission View: can edit on DAG:dataset_alias_example_alias_producer_with_no_taskflow
[2025-01-28T15:27:48.062+0000] {logging_mixin.py:190} INFO - [2025-01-28T15:27:48.062+0000] {override.py:1911} INFO - Created Permission View: can read on DAG:dataset_alias_example_alias_producer_with_no_taskflow
[2025-01-28T15:27:48.079+0000] {logging_mixin.py:190} INFO - [2025-01-28T15:27:48.079+0000] {override.py:1911} INFO - Created Permission View: menu access on DAG Run:dataset_alias_example_alias_producer_with_no_taskflow
[2025-01-28T15:27:48.096+0000] {logging_mixin.py:190} INFO - [2025-01-28T15:27:48.096+0000] {override.py:1911} INFO - Created Permission View: can delete on DAG Run:dataset_alias_example_alias_producer_with_no_taskflow
[2025-01-28T15:27:48.115+0000] {logging_mixin.py:190} INFO - [2025-01-28T15:27:48.114+0000] {override.py:1911} INFO - Created Permission View: can create on DAG Run:dataset_alias_example_alias_producer_with_no_taskflow
[2025-01-28T15:27:48.130+0000] {logging_mixin.py:190} INFO - [2025-01-28T15:27:48.130+0000] {override.py:1911} INFO - Created Permission View: can read on DAG Run:dataset_alias_example_alias_producer_with_no_taskflow
[2025-01-28T15:27:48.152+0000] {logging_mixin.py:190} INFO - [2025-01-28T15:27:48.152+0000] {override.py:1911} INFO - Created Permission View: can delete on DAG:dataset_s3_bucket_producer_with_no_taskflow
[2025-01-28T15:27:48.166+0000] {logging_mixin.py:190} INFO - [2025-01-28T15:27:48.166+0000] {override.py:1911} INFO - Created Permission View: can edit on DAG:dataset_s3_bucket_producer_with_no_taskflow
[2025-01-28T15:27:48.182+0000] {logging_mixin.py:190} INFO - [2025-01-28T15:27:48.182+0000] {override.py:1911} INFO - Created Permission View: can read on DAG:dataset_s3_bucket_producer_with_no_taskflow
[2025-01-28T15:27:48.204+0000] {logging_mixin.py:190} INFO - [2025-01-28T15:27:48.203+0000] {override.py:1911} INFO - Created Permission View: menu access on DAG Run:dataset_s3_bucket_producer_with_no_taskflow
[2025-01-28T15:27:48.219+0000] {logging_mixin.py:190} INFO - [2025-01-28T15:27:48.218+0000] {override.py:1911} INFO - Created Permission View: can delete on DAG Run:dataset_s3_bucket_producer_with_no_taskflow
[2025-01-28T15:27:48.235+0000] {logging_mixin.py:190} INFO - [2025-01-28T15:27:48.234+0000] {override.py:1911} INFO - Created Permission View: can create on DAG Run:dataset_s3_bucket_producer_with_no_taskflow
[2025-01-28T15:27:48.251+0000] {logging_mixin.py:190} INFO - [2025-01-28T15:27:48.251+0000] {override.py:1911} INFO - Created Permission View: can read on DAG Run:dataset_s3_bucket_producer_with_no_taskflow
[2025-01-28T15:27:48.253+0000] {logging_mixin.py:190} INFO - [2025-01-28T15:27:48.252+0000] {dag.py:3239} INFO - Sync 4 DAGs
[2025-01-28T15:27:48.278+0000] {logging_mixin.py:190} INFO - [2025-01-28T15:27:48.277+0000] {dag.py:3262} INFO - Creating ORM DAG for dataset_alias_example_alias_producer_with_no_taskflow
[2025-01-28T15:27:48.280+0000] {logging_mixin.py:190} INFO - [2025-01-28T15:27:48.279+0000] {dag.py:3262} INFO - Creating ORM DAG for dataset_s3_bucket_producer_with_no_taskflow
[2025-01-28T15:27:48.281+0000] {logging_mixin.py:190} INFO - [2025-01-28T15:27:48.281+0000] {dag.py:3262} INFO - Creating ORM DAG for dataset_alias_example_alias_consumer_with_no_taskflow
[2025-01-28T15:27:48.283+0000] {logging_mixin.py:190} INFO - [2025-01-28T15:27:48.283+0000] {dag.py:3262} INFO - Creating ORM DAG for dataset_s3_bucket_consumer_with_no_taskflow
[2025-01-28T15:27:48.303+0000] {logging_mixin.py:190} INFO - [2025-01-28T15:27:48.303+0000] {dag.py:4180} INFO - Setting next_dagrun for dataset_alias_example_alias_consumer_with_no_taskflow to None, run_after=None
[2025-01-28T15:27:48.305+0000] {logging_mixin.py:190} INFO - [2025-01-28T15:27:48.305+0000] {dag.py:4180} INFO - Setting next_dagrun for dataset_alias_example_alias_producer_with_no_taskflow to None, run_after=None
[2025-01-28T15:27:48.306+0000] {logging_mixin.py:190} INFO - [2025-01-28T15:27:48.306+0000] {dag.py:4180} INFO - Setting next_dagrun for dataset_s3_bucket_consumer_with_no_taskflow to None, run_after=None
[2025-01-28T15:27:48.307+0000] {logging_mixin.py:190} INFO - [2025-01-28T15:27:48.307+0000] {dag.py:4180} INFO - Setting next_dagrun for dataset_s3_bucket_producer_with_no_taskflow to None, run_after=None
[2025-01-28T15:27:48.355+0000] {processor.py:208} INFO - Processing /home/airflow/.local/lib/python3.12/site-packages/airflow/example_dags/example_dataset_alias_with_no_taskflow.py took 4.140 seconds
[2025-01-28T15:28:18.583+0000] {processor.py:186} INFO - Started process (PID=157) to work on /home/airflow/.local/lib/python3.12/site-packages/airflow/example_dags/example_dataset_alias_with_no_taskflow.py
[2025-01-28T15:28:18.586+0000] {processor.py:914} INFO - Processing file /home/airflow/.local/lib/python3.12/site-packages/airflow/example_dags/example_dataset_alias_with_no_taskflow.py for tasks to queue
[2025-01-28T15:28:18.591+0000] {logging_mixin.py:190} INFO - [2025-01-28T15:28:18.591+0000] {dagbag.py:588} INFO - Filling up the DagBag from /home/airflow/.local/lib/python3.12/site-packages/airflow/example_dags/example_dataset_alias_with_no_taskflow.py
[2025-01-28T15:28:19.654+0000] {processor.py:925} INFO - DAG(s) 'dataset_s3_bucket_producer_with_no_taskflow', 'dataset_alias_example_alias_producer_with_no_taskflow', 'dataset_alias_example_alias_consumer_with_no_taskflow', 'dataset_s3_bucket_consumer_with_no_taskflow' retrieved from /home/airflow/.local/lib/python3.12/site-packages/airflow/example_dags/example_dataset_alias_with_no_taskflow.py
[2025-01-28T15:28:19.705+0000] {logging_mixin.py:190} INFO - [2025-01-28T15:28:19.704+0000] {dag.py:3239} INFO - Sync 4 DAGs
[2025-01-28T15:28:19.775+0000] {logging_mixin.py:190} INFO - [2025-01-28T15:28:19.774+0000] {dag.py:4180} INFO - Setting next_dagrun for dataset_alias_example_alias_consumer_with_no_taskflow to None, run_after=None
[2025-01-28T15:28:19.782+0000] {logging_mixin.py:190} INFO - [2025-01-28T15:28:19.781+0000] {dag.py:4180} INFO - Setting next_dagrun for dataset_alias_example_alias_producer_with_no_taskflow to None, run_after=None
[2025-01-28T15:28:19.786+0000] {logging_mixin.py:190} INFO - [2025-01-28T15:28:19.786+0000] {dag.py:4180} INFO - Setting next_dagrun for dataset_s3_bucket_consumer_with_no_taskflow to None, run_after=None
[2025-01-28T15:28:19.790+0000] {logging_mixin.py:190} INFO - [2025-01-28T15:28:19.789+0000] {dag.py:4180} INFO - Setting next_dagrun for dataset_s3_bucket_producer_with_no_taskflow to None, run_after=None
[2025-01-28T15:28:19.837+0000] {processor.py:208} INFO - Processing /home/airflow/.local/lib/python3.12/site-packages/airflow/example_dags/example_dataset_alias_with_no_taskflow.py took 1.272 seconds
[2025-01-28T15:28:49.935+0000] {processor.py:186} INFO - Started process (PID=224) to work on /home/airflow/.local/lib/python3.12/site-packages/airflow/example_dags/example_dataset_alias_with_no_taskflow.py
[2025-01-28T15:28:49.937+0000] {processor.py:914} INFO - Processing file /home/airflow/.local/lib/python3.12/site-packages/airflow/example_dags/example_dataset_alias_with_no_taskflow.py for tasks to queue
[2025-01-28T15:28:49.945+0000] {logging_mixin.py:190} INFO - [2025-01-28T15:28:49.944+0000] {dagbag.py:588} INFO - Filling up the DagBag from /home/airflow/.local/lib/python3.12/site-packages/airflow/example_dags/example_dataset_alias_with_no_taskflow.py
[2025-01-28T15:28:50.794+0000] {processor.py:925} INFO - DAG(s) 'dataset_s3_bucket_producer_with_no_taskflow', 'dataset_alias_example_alias_consumer_with_no_taskflow', 'dataset_alias_example_alias_producer_with_no_taskflow', 'dataset_s3_bucket_consumer_with_no_taskflow' retrieved from /home/airflow/.local/lib/python3.12/site-packages/airflow/example_dags/example_dataset_alias_with_no_taskflow.py
[2025-01-28T15:28:50.844+0000] {logging_mixin.py:190} INFO - [2025-01-28T15:28:50.843+0000] {dag.py:3239} INFO - Sync 4 DAGs
[2025-01-28T15:28:50.881+0000] {logging_mixin.py:190} INFO - [2025-01-28T15:28:50.881+0000] {dag.py:4180} INFO - Setting next_dagrun for dataset_alias_example_alias_consumer_with_no_taskflow to None, run_after=None
[2025-01-28T15:28:50.886+0000] {logging_mixin.py:190} INFO - [2025-01-28T15:28:50.886+0000] {dag.py:4180} INFO - Setting next_dagrun for dataset_alias_example_alias_producer_with_no_taskflow to None, run_after=None
[2025-01-28T15:28:50.889+0000] {logging_mixin.py:190} INFO - [2025-01-28T15:28:50.889+0000] {dag.py:4180} INFO - Setting next_dagrun for dataset_s3_bucket_consumer_with_no_taskflow to None, run_after=None
[2025-01-28T15:28:50.892+0000] {logging_mixin.py:190} INFO - [2025-01-28T15:28:50.892+0000] {dag.py:4180} INFO - Setting next_dagrun for dataset_s3_bucket_producer_with_no_taskflow to None, run_after=None
[2025-01-28T15:28:50.934+0000] {processor.py:208} INFO - Processing /home/airflow/.local/lib/python3.12/site-packages/airflow/example_dags/example_dataset_alias_with_no_taskflow.py took 1.015 seconds
[2025-01-28T15:29:21.254+0000] {processor.py:186} INFO - Started process (PID=287) to work on /home/airflow/.local/lib/python3.12/site-packages/airflow/example_dags/example_dataset_alias_with_no_taskflow.py
[2025-01-28T15:29:21.256+0000] {processor.py:914} INFO - Processing file /home/airflow/.local/lib/python3.12/site-packages/airflow/example_dags/example_dataset_alias_with_no_taskflow.py for tasks to queue
[2025-01-28T15:29:21.265+0000] {logging_mixin.py:190} INFO - [2025-01-28T15:29:21.264+0000] {dagbag.py:588} INFO - Filling up the DagBag from /home/airflow/.local/lib/python3.12/site-packages/airflow/example_dags/example_dataset_alias_with_no_taskflow.py
[2025-01-28T15:29:22.294+0000] {processor.py:925} INFO - DAG(s) 'dataset_s3_bucket_consumer_with_no_taskflow', 'dataset_s3_bucket_producer_with_no_taskflow', 'dataset_alias_example_alias_consumer_with_no_taskflow', 'dataset_alias_example_alias_producer_with_no_taskflow' retrieved from /home/airflow/.local/lib/python3.12/site-packages/airflow/example_dags/example_dataset_alias_with_no_taskflow.py
[2025-01-28T15:29:22.333+0000] {logging_mixin.py:190} INFO - [2025-01-28T15:29:22.332+0000] {dag.py:3239} INFO - Sync 4 DAGs
[2025-01-28T15:29:22.369+0000] {logging_mixin.py:190} INFO - [2025-01-28T15:29:22.368+0000] {dag.py:4180} INFO - Setting next_dagrun for dataset_alias_example_alias_consumer_with_no_taskflow to None, run_after=None
[2025-01-28T15:29:22.374+0000] {logging_mixin.py:190} INFO - [2025-01-28T15:29:22.374+0000] {dag.py:4180} INFO - Setting next_dagrun for dataset_alias_example_alias_producer_with_no_taskflow to None, run_after=None
[2025-01-28T15:29:22.379+0000] {logging_mixin.py:190} INFO - [2025-01-28T15:29:22.378+0000] {dag.py:4180} INFO - Setting next_dagrun for dataset_s3_bucket_consumer_with_no_taskflow to None, run_after=None
[2025-01-28T15:29:22.382+0000] {logging_mixin.py:190} INFO - [2025-01-28T15:29:22.382+0000] {dag.py:4180} INFO - Setting next_dagrun for dataset_s3_bucket_producer_with_no_taskflow to None, run_after=None
[2025-01-28T15:29:22.439+0000] {processor.py:208} INFO - Processing /home/airflow/.local/lib/python3.12/site-packages/airflow/example_dags/example_dataset_alias_with_no_taskflow.py took 1.197 seconds
[2025-01-28T15:29:52.524+0000] {processor.py:186} INFO - Started process (PID=354) to work on /home/airflow/.local/lib/python3.12/site-packages/airflow/example_dags/example_dataset_alias_with_no_taskflow.py
[2025-01-28T15:29:52.527+0000] {processor.py:914} INFO - Processing file /home/airflow/.local/lib/python3.12/site-packages/airflow/example_dags/example_dataset_alias_with_no_taskflow.py for tasks to queue
[2025-01-28T15:29:52.531+0000] {logging_mixin.py:190} INFO - [2025-01-28T15:29:52.531+0000] {dagbag.py:588} INFO - Filling up the DagBag from /home/airflow/.local/lib/python3.12/site-packages/airflow/example_dags/example_dataset_alias_with_no_taskflow.py
[2025-01-28T15:29:53.378+0000] {processor.py:925} INFO - DAG(s) 'dataset_s3_bucket_consumer_with_no_taskflow', 'dataset_alias_example_alias_producer_with_no_taskflow', 'dataset_alias_example_alias_consumer_with_no_taskflow', 'dataset_s3_bucket_producer_with_no_taskflow' retrieved from /home/airflow/.local/lib/python3.12/site-packages/airflow/example_dags/example_dataset_alias_with_no_taskflow.py
[2025-01-28T15:29:53.413+0000] {logging_mixin.py:190} INFO - [2025-01-28T15:29:53.412+0000] {dag.py:3239} INFO - Sync 4 DAGs
[2025-01-28T15:29:53.450+0000] {logging_mixin.py:190} INFO - [2025-01-28T15:29:53.449+0000] {dag.py:4180} INFO - Setting next_dagrun for dataset_alias_example_alias_consumer_with_no_taskflow to None, run_after=None
[2025-01-28T15:29:53.455+0000] {logging_mixin.py:190} INFO - [2025-01-28T15:29:53.454+0000] {dag.py:4180} INFO - Setting next_dagrun for dataset_alias_example_alias_producer_with_no_taskflow to None, run_after=None
[2025-01-28T15:29:53.458+0000] {logging_mixin.py:190} INFO - [2025-01-28T15:29:53.457+0000] {dag.py:4180} INFO - Setting next_dagrun for dataset_s3_bucket_consumer_with_no_taskflow to None, run_after=None
[2025-01-28T15:29:53.460+0000] {logging_mixin.py:190} INFO - [2025-01-28T15:29:53.460+0000] {dag.py:4180} INFO - Setting next_dagrun for dataset_s3_bucket_producer_with_no_taskflow to None, run_after=None
[2025-01-28T15:29:53.496+0000] {processor.py:208} INFO - Processing /home/airflow/.local/lib/python3.12/site-packages/airflow/example_dags/example_dataset_alias_with_no_taskflow.py took 0.987 seconds
[2025-01-28T15:30:23.609+0000] {processor.py:186} INFO - Started process (PID=421) to work on /home/airflow/.local/lib/python3.12/site-packages/airflow/example_dags/example_dataset_alias_with_no_taskflow.py
[2025-01-28T15:30:23.612+0000] {processor.py:914} INFO - Processing file /home/airflow/.local/lib/python3.12/site-packages/airflow/example_dags/example_dataset_alias_with_no_taskflow.py for tasks to queue
[2025-01-28T15:30:23.618+0000] {logging_mixin.py:190} INFO - [2025-01-28T15:30:23.617+0000] {dagbag.py:588} INFO - Filling up the DagBag from /home/airflow/.local/lib/python3.12/site-packages/airflow/example_dags/example_dataset_alias_with_no_taskflow.py
[2025-01-28T15:30:24.478+0000] {processor.py:925} INFO - DAG(s) 'dataset_alias_example_alias_producer_with_no_taskflow', 'dataset_s3_bucket_producer_with_no_taskflow', 'dataset_s3_bucket_consumer_with_no_taskflow', 'dataset_alias_example_alias_consumer_with_no_taskflow' retrieved from /home/airflow/.local/lib/python3.12/site-packages/airflow/example_dags/example_dataset_alias_with_no_taskflow.py
[2025-01-28T15:30:24.513+0000] {logging_mixin.py:190} INFO - [2025-01-28T15:30:24.512+0000] {dag.py:3239} INFO - Sync 4 DAGs
[2025-01-28T15:30:24.551+0000] {logging_mixin.py:190} INFO - [2025-01-28T15:30:24.551+0000] {dag.py:4180} INFO - Setting next_dagrun for dataset_alias_example_alias_consumer_with_no_taskflow to None, run_after=None
[2025-01-28T15:30:24.556+0000] {logging_mixin.py:190} INFO - [2025-01-28T15:30:24.556+0000] {dag.py:4180} INFO - Setting next_dagrun for dataset_alias_example_alias_producer_with_no_taskflow to None, run_after=None
[2025-01-28T15:30:24.560+0000] {logging_mixin.py:190} INFO - [2025-01-28T15:30:24.559+0000] {dag.py:4180} INFO - Setting next_dagrun for dataset_s3_bucket_consumer_with_no_taskflow to None, run_after=None
[2025-01-28T15:30:24.563+0000] {logging_mixin.py:190} INFO - [2025-01-28T15:30:24.562+0000] {dag.py:4180} INFO - Setting next_dagrun for dataset_s3_bucket_producer_with_no_taskflow to None, run_after=None
[2025-01-28T15:30:24.606+0000] {processor.py:208} INFO - Processing /home/airflow/.local/lib/python3.12/site-packages/airflow/example_dags/example_dataset_alias_with_no_taskflow.py took 1.016 seconds
[2025-01-28T15:30:54.892+0000] {processor.py:186} INFO - Started process (PID=485) to work on /home/airflow/.local/lib/python3.12/site-packages/airflow/example_dags/example_dataset_alias_with_no_taskflow.py
[2025-01-28T15:30:54.895+0000] {processor.py:914} INFO - Processing file /home/airflow/.local/lib/python3.12/site-packages/airflow/example_dags/example_dataset_alias_with_no_taskflow.py for tasks to queue
[2025-01-28T15:30:54.902+0000] {logging_mixin.py:190} INFO - [2025-01-28T15:30:54.901+0000] {dagbag.py:588} INFO - Filling up the DagBag from /home/airflow/.local/lib/python3.12/site-packages/airflow/example_dags/example_dataset_alias_with_no_taskflow.py
[2025-01-28T15:30:55.844+0000] {processor.py:925} INFO - DAG(s) 'dataset_s3_bucket_producer_with_no_taskflow', 'dataset_s3_bucket_consumer_with_no_taskflow', 'dataset_alias_example_alias_consumer_with_no_taskflow', 'dataset_alias_example_alias_producer_with_no_taskflow' retrieved from /home/airflow/.local/lib/python3.12/site-packages/airflow/example_dags/example_dataset_alias_with_no_taskflow.py
[2025-01-28T15:30:55.895+0000] {logging_mixin.py:190} INFO - [2025-01-28T15:30:55.894+0000] {dag.py:3239} INFO - Sync 4 DAGs
[2025-01-28T15:30:55.936+0000] {logging_mixin.py:190} INFO - [2025-01-28T15:30:55.936+0000] {dag.py:4180} INFO - Setting next_dagrun for dataset_alias_example_alias_consumer_with_no_taskflow to None, run_after=None
[2025-01-28T15:30:55.941+0000] {logging_mixin.py:190} INFO - [2025-01-28T15:30:55.941+0000] {dag.py:4180} INFO - Setting next_dagrun for dataset_alias_example_alias_producer_with_no_taskflow to None, run_after=None
[2025-01-28T15:30:55.944+0000] {logging_mixin.py:190} INFO - [2025-01-28T15:30:55.944+0000] {dag.py:4180} INFO - Setting next_dagrun for dataset_s3_bucket_consumer_with_no_taskflow to None, run_after=None
[2025-01-28T15:30:55.947+0000] {logging_mixin.py:190} INFO - [2025-01-28T15:30:55.947+0000] {dag.py:4180} INFO - Setting next_dagrun for dataset_s3_bucket_producer_with_no_taskflow to None, run_after=None
[2025-01-28T15:30:55.984+0000] {processor.py:208} INFO - Processing /home/airflow/.local/lib/python3.12/site-packages/airflow/example_dags/example_dataset_alias_with_no_taskflow.py took 1.107 seconds
[2025-01-28T15:31:26.667+0000] {processor.py:186} INFO - Started process (PID=550) to work on /home/airflow/.local/lib/python3.12/site-packages/airflow/example_dags/example_dataset_alias_with_no_taskflow.py
[2025-01-28T15:31:26.670+0000] {processor.py:914} INFO - Processing file /home/airflow/.local/lib/python3.12/site-packages/airflow/example_dags/example_dataset_alias_with_no_taskflow.py for tasks to queue
[2025-01-28T15:31:26.677+0000] {logging_mixin.py:190} INFO - [2025-01-28T15:31:26.676+0000] {dagbag.py:588} INFO - Filling up the DagBag from /home/airflow/.local/lib/python3.12/site-packages/airflow/example_dags/example_dataset_alias_with_no_taskflow.py
[2025-01-28T15:31:27.465+0000] {processor.py:925} INFO - DAG(s) 'dataset_s3_bucket_producer_with_no_taskflow', 'dataset_alias_example_alias_producer_with_no_taskflow', 'dataset_s3_bucket_consumer_with_no_taskflow', 'dataset_alias_example_alias_consumer_with_no_taskflow' retrieved from /home/airflow/.local/lib/python3.12/site-packages/airflow/example_dags/example_dataset_alias_with_no_taskflow.py
[2025-01-28T15:31:27.497+0000] {logging_mixin.py:190} INFO - [2025-01-28T15:31:27.497+0000] {dag.py:3239} INFO - Sync 4 DAGs
[2025-01-28T15:31:27.532+0000] {logging_mixin.py:190} INFO - [2025-01-28T15:31:27.531+0000] {dag.py:4180} INFO - Setting next_dagrun for dataset_alias_example_alias_consumer_with_no_taskflow to None, run_after=None
[2025-01-28T15:31:27.537+0000] {logging_mixin.py:190} INFO - [2025-01-28T15:31:27.536+0000] {dag.py:4180} INFO - Setting next_dagrun for dataset_alias_example_alias_producer_with_no_taskflow to None, run_after=None
[2025-01-28T15:31:27.541+0000] {logging_mixin.py:190} INFO - [2025-01-28T15:31:27.541+0000] {dag.py:4180} INFO - Setting next_dagrun for dataset_s3_bucket_consumer_with_no_taskflow to None, run_after=None
[2025-01-28T15:31:27.544+0000] {logging_mixin.py:190} INFO - [2025-01-28T15:31:27.544+0000] {dag.py:4180} INFO - Setting next_dagrun for dataset_s3_bucket_producer_with_no_taskflow to None, run_after=None
[2025-01-28T15:31:27.593+0000] {processor.py:208} INFO - Processing /home/airflow/.local/lib/python3.12/site-packages/airflow/example_dags/example_dataset_alias_with_no_taskflow.py took 0.944 seconds
[2025-01-28T15:31:57.968+0000] {processor.py:186} INFO - Started process (PID=614) to work on /home/airflow/.local/lib/python3.12/site-packages/airflow/example_dags/example_dataset_alias_with_no_taskflow.py
[2025-01-28T15:31:57.970+0000] {processor.py:914} INFO - Processing file /home/airflow/.local/lib/python3.12/site-packages/airflow/example_dags/example_dataset_alias_with_no_taskflow.py for tasks to queue
[2025-01-28T15:31:57.976+0000] {logging_mixin.py:190} INFO - [2025-01-28T15:31:57.976+0000] {dagbag.py:588} INFO - Filling up the DagBag from /home/airflow/.local/lib/python3.12/site-packages/airflow/example_dags/example_dataset_alias_with_no_taskflow.py
[2025-01-28T15:31:59.623+0000] {processor.py:925} INFO - DAG(s) 'dataset_alias_example_alias_producer_with_no_taskflow', 'dataset_alias_example_alias_consumer_with_no_taskflow', 'dataset_s3_bucket_consumer_with_no_taskflow', 'dataset_s3_bucket_producer_with_no_taskflow' retrieved from /home/airflow/.local/lib/python3.12/site-packages/airflow/example_dags/example_dataset_alias_with_no_taskflow.py
[2025-01-28T15:31:59.678+0000] {logging_mixin.py:190} INFO - [2025-01-28T15:31:59.674+0000] {dag.py:3239} INFO - Sync 4 DAGs
[2025-01-28T15:31:59.756+0000] {logging_mixin.py:190} INFO - [2025-01-28T15:31:59.751+0000] {dag.py:4180} INFO - Setting next_dagrun for dataset_alias_example_alias_consumer_with_no_taskflow to None, run_after=None
[2025-01-28T15:31:59.762+0000] {logging_mixin.py:190} INFO - [2025-01-28T15:31:59.762+0000] {dag.py:4180} INFO - Setting next_dagrun for dataset_alias_example_alias_producer_with_no_taskflow to None, run_after=None
[2025-01-28T15:31:59.766+0000] {logging_mixin.py:190} INFO - [2025-01-28T15:31:59.765+0000] {dag.py:4180} INFO - Setting next_dagrun for dataset_s3_bucket_consumer_with_no_taskflow to None, run_after=None
[2025-01-28T15:31:59.770+0000] {logging_mixin.py:190} INFO - [2025-01-28T15:31:59.769+0000] {dag.py:4180} INFO - Setting next_dagrun for dataset_s3_bucket_producer_with_no_taskflow to None, run_after=None
[2025-01-28T15:31:59.827+0000] {processor.py:208} INFO - Processing /home/airflow/.local/lib/python3.12/site-packages/airflow/example_dags/example_dataset_alias_with_no_taskflow.py took 1.875 seconds
[2025-01-28T16:33:23.214+0000] {processor.py:186} INFO - Started process (PID=75) to work on /home/airflow/.local/lib/python3.12/site-packages/airflow/example_dags/example_dataset_alias_with_no_taskflow.py
[2025-01-28T16:33:23.216+0000] {processor.py:914} INFO - Processing file /home/airflow/.local/lib/python3.12/site-packages/airflow/example_dags/example_dataset_alias_with_no_taskflow.py for tasks to queue
[2025-01-28T16:33:23.223+0000] {logging_mixin.py:190} INFO - [2025-01-28T16:33:23.223+0000] {dagbag.py:588} INFO - Filling up the DagBag from /home/airflow/.local/lib/python3.12/site-packages/airflow/example_dags/example_dataset_alias_with_no_taskflow.py
[2025-01-28T16:33:24.402+0000] {processor.py:925} INFO - DAG(s) 'dataset_alias_example_alias_consumer_with_no_taskflow', 'dataset_s3_bucket_producer_with_no_taskflow', 'dataset_s3_bucket_consumer_with_no_taskflow', 'dataset_alias_example_alias_producer_with_no_taskflow' retrieved from /home/airflow/.local/lib/python3.12/site-packages/airflow/example_dags/example_dataset_alias_with_no_taskflow.py
[2025-01-28T16:33:24.470+0000] {logging_mixin.py:190} INFO - [2025-01-28T16:33:24.468+0000] {dag.py:3239} INFO - Sync 4 DAGs
[2025-01-28T16:33:24.516+0000] {logging_mixin.py:190} INFO - [2025-01-28T16:33:24.516+0000] {dag.py:4180} INFO - Setting next_dagrun for dataset_alias_example_alias_consumer_with_no_taskflow to None, run_after=None
[2025-01-28T16:33:24.522+0000] {logging_mixin.py:190} INFO - [2025-01-28T16:33:24.521+0000] {dag.py:4180} INFO - Setting next_dagrun for dataset_alias_example_alias_producer_with_no_taskflow to None, run_after=None
[2025-01-28T16:33:24.525+0000] {logging_mixin.py:190} INFO - [2025-01-28T16:33:24.524+0000] {dag.py:4180} INFO - Setting next_dagrun for dataset_s3_bucket_consumer_with_no_taskflow to None, run_after=None
[2025-01-28T16:33:24.528+0000] {logging_mixin.py:190} INFO - [2025-01-28T16:33:24.527+0000] {dag.py:4180} INFO - Setting next_dagrun for dataset_s3_bucket_producer_with_no_taskflow to None, run_after=None
[2025-01-28T16:33:24.596+0000] {processor.py:208} INFO - Processing /home/airflow/.local/lib/python3.12/site-packages/airflow/example_dags/example_dataset_alias_with_no_taskflow.py took 1.389 seconds
[2025-01-28T16:33:55.135+0000] {processor.py:186} INFO - Started process (PID=147) to work on /home/airflow/.local/lib/python3.12/site-packages/airflow/example_dags/example_dataset_alias_with_no_taskflow.py
[2025-01-28T16:33:55.138+0000] {processor.py:914} INFO - Processing file /home/airflow/.local/lib/python3.12/site-packages/airflow/example_dags/example_dataset_alias_with_no_taskflow.py for tasks to queue
[2025-01-28T16:33:55.143+0000] {logging_mixin.py:190} INFO - [2025-01-28T16:33:55.143+0000] {dagbag.py:588} INFO - Filling up the DagBag from /home/airflow/.local/lib/python3.12/site-packages/airflow/example_dags/example_dataset_alias_with_no_taskflow.py
[2025-01-28T16:33:56.110+0000] {processor.py:925} INFO - DAG(s) 'dataset_alias_example_alias_producer_with_no_taskflow', 'dataset_s3_bucket_producer_with_no_taskflow', 'dataset_s3_bucket_consumer_with_no_taskflow', 'dataset_alias_example_alias_consumer_with_no_taskflow' retrieved from /home/airflow/.local/lib/python3.12/site-packages/airflow/example_dags/example_dataset_alias_with_no_taskflow.py
[2025-01-28T16:33:56.148+0000] {logging_mixin.py:190} INFO - [2025-01-28T16:33:56.147+0000] {dag.py:3239} INFO - Sync 4 DAGs
[2025-01-28T16:33:56.197+0000] {logging_mixin.py:190} INFO - [2025-01-28T16:33:56.197+0000] {dag.py:4180} INFO - Setting next_dagrun for dataset_alias_example_alias_consumer_with_no_taskflow to None, run_after=None
[2025-01-28T16:33:56.205+0000] {logging_mixin.py:190} INFO - [2025-01-28T16:33:56.204+0000] {dag.py:4180} INFO - Setting next_dagrun for dataset_alias_example_alias_producer_with_no_taskflow to None, run_after=None
[2025-01-28T16:33:56.209+0000] {logging_mixin.py:190} INFO - [2025-01-28T16:33:56.209+0000] {dag.py:4180} INFO - Setting next_dagrun for dataset_s3_bucket_consumer_with_no_taskflow to None, run_after=None
[2025-01-28T16:33:56.214+0000] {logging_mixin.py:190} INFO - [2025-01-28T16:33:56.213+0000] {dag.py:4180} INFO - Setting next_dagrun for dataset_s3_bucket_producer_with_no_taskflow to None, run_after=None
[2025-01-28T16:33:56.256+0000] {processor.py:208} INFO - Processing /home/airflow/.local/lib/python3.12/site-packages/airflow/example_dags/example_dataset_alias_with_no_taskflow.py took 1.137 seconds
[2025-01-28T16:34:26.333+0000] {processor.py:186} INFO - Started process (PID=215) to work on /home/airflow/.local/lib/python3.12/site-packages/airflow/example_dags/example_dataset_alias_with_no_taskflow.py
[2025-01-28T16:34:26.336+0000] {processor.py:914} INFO - Processing file /home/airflow/.local/lib/python3.12/site-packages/airflow/example_dags/example_dataset_alias_with_no_taskflow.py for tasks to queue
[2025-01-28T16:34:26.343+0000] {logging_mixin.py:190} INFO - [2025-01-28T16:34:26.343+0000] {dagbag.py:588} INFO - Filling up the DagBag from /home/airflow/.local/lib/python3.12/site-packages/airflow/example_dags/example_dataset_alias_with_no_taskflow.py
[2025-01-28T16:34:27.273+0000] {processor.py:925} INFO - DAG(s) 'dataset_s3_bucket_producer_with_no_taskflow', 'dataset_alias_example_alias_consumer_with_no_taskflow', 'dataset_s3_bucket_consumer_with_no_taskflow', 'dataset_alias_example_alias_producer_with_no_taskflow' retrieved from /home/airflow/.local/lib/python3.12/site-packages/airflow/example_dags/example_dataset_alias_with_no_taskflow.py
[2025-01-28T16:34:27.310+0000] {logging_mixin.py:190} INFO - [2025-01-28T16:34:27.309+0000] {dag.py:3239} INFO - Sync 4 DAGs
[2025-01-28T16:34:27.347+0000] {logging_mixin.py:190} INFO - [2025-01-28T16:34:27.346+0000] {dag.py:4180} INFO - Setting next_dagrun for dataset_alias_example_alias_consumer_with_no_taskflow to None, run_after=None
[2025-01-28T16:34:27.352+0000] {logging_mixin.py:190} INFO - [2025-01-28T16:34:27.352+0000] {dag.py:4180} INFO - Setting next_dagrun for dataset_alias_example_alias_producer_with_no_taskflow to None, run_after=None
[2025-01-28T16:34:27.355+0000] {logging_mixin.py:190} INFO - [2025-01-28T16:34:27.355+0000] {dag.py:4180} INFO - Setting next_dagrun for dataset_s3_bucket_consumer_with_no_taskflow to None, run_after=None
[2025-01-28T16:34:27.359+0000] {logging_mixin.py:190} INFO - [2025-01-28T16:34:27.358+0000] {dag.py:4180} INFO - Setting next_dagrun for dataset_s3_bucket_producer_with_no_taskflow to None, run_after=None
[2025-01-28T16:34:27.398+0000] {processor.py:208} INFO - Processing /home/airflow/.local/lib/python3.12/site-packages/airflow/example_dags/example_dataset_alias_with_no_taskflow.py took 1.075 seconds
[2025-01-28T16:34:57.729+0000] {processor.py:186} INFO - Started process (PID=283) to work on /home/airflow/.local/lib/python3.12/site-packages/airflow/example_dags/example_dataset_alias_with_no_taskflow.py
[2025-01-28T16:34:57.731+0000] {processor.py:914} INFO - Processing file /home/airflow/.local/lib/python3.12/site-packages/airflow/example_dags/example_dataset_alias_with_no_taskflow.py for tasks to queue
[2025-01-28T16:34:57.737+0000] {logging_mixin.py:190} INFO - [2025-01-28T16:34:57.737+0000] {dagbag.py:588} INFO - Filling up the DagBag from /home/airflow/.local/lib/python3.12/site-packages/airflow/example_dags/example_dataset_alias_with_no_taskflow.py
[2025-01-28T16:34:58.578+0000] {processor.py:925} INFO - DAG(s) 'dataset_s3_bucket_producer_with_no_taskflow', 'dataset_s3_bucket_consumer_with_no_taskflow', 'dataset_alias_example_alias_producer_with_no_taskflow', 'dataset_alias_example_alias_consumer_with_no_taskflow' retrieved from /home/airflow/.local/lib/python3.12/site-packages/airflow/example_dags/example_dataset_alias_with_no_taskflow.py
[2025-01-28T16:34:58.615+0000] {logging_mixin.py:190} INFO - [2025-01-28T16:34:58.615+0000] {dag.py:3239} INFO - Sync 4 DAGs
[2025-01-28T16:34:58.652+0000] {logging_mixin.py:190} INFO - [2025-01-28T16:34:58.651+0000] {dag.py:4180} INFO - Setting next_dagrun for dataset_alias_example_alias_consumer_with_no_taskflow to None, run_after=None
[2025-01-28T16:34:58.657+0000] {logging_mixin.py:190} INFO - [2025-01-28T16:34:58.657+0000] {dag.py:4180} INFO - Setting next_dagrun for dataset_alias_example_alias_producer_with_no_taskflow to None, run_after=None
[2025-01-28T16:34:58.660+0000] {logging_mixin.py:190} INFO - [2025-01-28T16:34:58.660+0000] {dag.py:4180} INFO - Setting next_dagrun for dataset_s3_bucket_consumer_with_no_taskflow to None, run_after=None
[2025-01-28T16:34:58.663+0000] {logging_mixin.py:190} INFO - [2025-01-28T16:34:58.662+0000] {dag.py:4180} INFO - Setting next_dagrun for dataset_s3_bucket_producer_with_no_taskflow to None, run_after=None
[2025-01-28T16:34:58.700+0000] {processor.py:208} INFO - Processing /home/airflow/.local/lib/python3.12/site-packages/airflow/example_dags/example_dataset_alias_with_no_taskflow.py took 0.985 seconds
[2025-01-28T16:35:28.907+0000] {processor.py:186} INFO - Started process (PID=352) to work on /home/airflow/.local/lib/python3.12/site-packages/airflow/example_dags/example_dataset_alias_with_no_taskflow.py
[2025-01-28T16:35:28.909+0000] {processor.py:914} INFO - Processing file /home/airflow/.local/lib/python3.12/site-packages/airflow/example_dags/example_dataset_alias_with_no_taskflow.py for tasks to queue
[2025-01-28T16:35:28.913+0000] {logging_mixin.py:190} INFO - [2025-01-28T16:35:28.913+0000] {dagbag.py:588} INFO - Filling up the DagBag from /home/airflow/.local/lib/python3.12/site-packages/airflow/example_dags/example_dataset_alias_with_no_taskflow.py
[2025-01-28T16:35:29.695+0000] {processor.py:925} INFO - DAG(s) 'dataset_alias_example_alias_producer_with_no_taskflow', 'dataset_s3_bucket_producer_with_no_taskflow', 'dataset_s3_bucket_consumer_with_no_taskflow', 'dataset_alias_example_alias_consumer_with_no_taskflow' retrieved from /home/airflow/.local/lib/python3.12/site-packages/airflow/example_dags/example_dataset_alias_with_no_taskflow.py
[2025-01-28T16:35:29.729+0000] {logging_mixin.py:190} INFO - [2025-01-28T16:35:29.729+0000] {dag.py:3239} INFO - Sync 4 DAGs
[2025-01-28T16:35:29.774+0000] {logging_mixin.py:190} INFO - [2025-01-28T16:35:29.773+0000] {dag.py:4180} INFO - Setting next_dagrun for dataset_alias_example_alias_consumer_with_no_taskflow to None, run_after=None
[2025-01-28T16:35:29.779+0000] {logging_mixin.py:190} INFO - [2025-01-28T16:35:29.778+0000] {dag.py:4180} INFO - Setting next_dagrun for dataset_alias_example_alias_producer_with_no_taskflow to None, run_after=None
[2025-01-28T16:35:29.782+0000] {logging_mixin.py:190} INFO - [2025-01-28T16:35:29.781+0000] {dag.py:4180} INFO - Setting next_dagrun for dataset_s3_bucket_consumer_with_no_taskflow to None, run_after=None
[2025-01-28T16:35:29.785+0000] {logging_mixin.py:190} INFO - [2025-01-28T16:35:29.784+0000] {dag.py:4180} INFO - Setting next_dagrun for dataset_s3_bucket_producer_with_no_taskflow to None, run_after=None
[2025-01-28T16:35:29.822+0000] {processor.py:208} INFO - Processing /home/airflow/.local/lib/python3.12/site-packages/airflow/example_dags/example_dataset_alias_with_no_taskflow.py took 0.929 seconds
[2025-01-28T16:36:00.035+0000] {processor.py:186} INFO - Started process (PID=415) to work on /home/airflow/.local/lib/python3.12/site-packages/airflow/example_dags/example_dataset_alias_with_no_taskflow.py
[2025-01-28T16:36:00.037+0000] {processor.py:914} INFO - Processing file /home/airflow/.local/lib/python3.12/site-packages/airflow/example_dags/example_dataset_alias_with_no_taskflow.py for tasks to queue
[2025-01-28T16:36:00.044+0000] {logging_mixin.py:190} INFO - [2025-01-28T16:36:00.043+0000] {dagbag.py:588} INFO - Filling up the DagBag from /home/airflow/.local/lib/python3.12/site-packages/airflow/example_dags/example_dataset_alias_with_no_taskflow.py
[2025-01-28T16:36:00.893+0000] {processor.py:925} INFO - DAG(s) 'dataset_s3_bucket_producer_with_no_taskflow', 'dataset_alias_example_alias_producer_with_no_taskflow', 'dataset_alias_example_alias_consumer_with_no_taskflow', 'dataset_s3_bucket_consumer_with_no_taskflow' retrieved from /home/airflow/.local/lib/python3.12/site-packages/airflow/example_dags/example_dataset_alias_with_no_taskflow.py
[2025-01-28T16:36:00.936+0000] {logging_mixin.py:190} INFO - [2025-01-28T16:36:00.935+0000] {dag.py:3239} INFO - Sync 4 DAGs
[2025-01-28T16:36:00.978+0000] {logging_mixin.py:190} INFO - [2025-01-28T16:36:00.978+0000] {dag.py:4180} INFO - Setting next_dagrun for dataset_alias_example_alias_consumer_with_no_taskflow to None, run_after=None
[2025-01-28T16:36:00.983+0000] {logging_mixin.py:190} INFO - [2025-01-28T16:36:00.983+0000] {dag.py:4180} INFO - Setting next_dagrun for dataset_alias_example_alias_producer_with_no_taskflow to None, run_after=None
[2025-01-28T16:36:00.986+0000] {logging_mixin.py:190} INFO - [2025-01-28T16:36:00.986+0000] {dag.py:4180} INFO - Setting next_dagrun for dataset_s3_bucket_consumer_with_no_taskflow to None, run_after=None
[2025-01-28T16:36:00.989+0000] {logging_mixin.py:190} INFO - [2025-01-28T16:36:00.989+0000] {dag.py:4180} INFO - Setting next_dagrun for dataset_s3_bucket_producer_with_no_taskflow to None, run_after=None
[2025-01-28T16:36:01.026+0000] {processor.py:208} INFO - Processing /home/airflow/.local/lib/python3.12/site-packages/airflow/example_dags/example_dataset_alias_with_no_taskflow.py took 1.007 seconds
