[2025-01-28T15:27:53.938+0000] {processor.py:186} INFO - Started process (PID=119) to work on /home/airflow/.local/lib/python3.12/site-packages/airflow/example_dags/example_xcom.py
[2025-01-28T15:27:53.939+0000] {processor.py:914} INFO - Processing file /home/airflow/.local/lib/python3.12/site-packages/airflow/example_dags/example_xcom.py for tasks to queue
[2025-01-28T15:27:53.942+0000] {logging_mixin.py:190} INFO - [2025-01-28T15:27:53.942+0000] {dagbag.py:588} INFO - Filling up the DagBag from /home/airflow/.local/lib/python3.12/site-packages/airflow/example_dags/example_xcom.py
[2025-01-28T15:27:53.955+0000] {processor.py:925} INFO - DAG(s) 'example_xcom' retrieved from /home/airflow/.local/lib/python3.12/site-packages/airflow/example_dags/example_xcom.py
[2025-01-28T15:27:54.078+0000] {logging_mixin.py:190} INFO - [2025-01-28T15:27:54.077+0000] {override.py:1911} INFO - Created Permission View: can delete on DAG:example_xcom
[2025-01-28T15:27:54.092+0000] {logging_mixin.py:190} INFO - [2025-01-28T15:27:54.092+0000] {override.py:1911} INFO - Created Permission View: can edit on DAG:example_xcom
[2025-01-28T15:27:54.106+0000] {logging_mixin.py:190} INFO - [2025-01-28T15:27:54.105+0000] {override.py:1911} INFO - Created Permission View: can read on DAG:example_xcom
[2025-01-28T15:27:54.121+0000] {logging_mixin.py:190} INFO - [2025-01-28T15:27:54.121+0000] {override.py:1911} INFO - Created Permission View: menu access on DAG Run:example_xcom
[2025-01-28T15:27:54.135+0000] {logging_mixin.py:190} INFO - [2025-01-28T15:27:54.135+0000] {override.py:1911} INFO - Created Permission View: can delete on DAG Run:example_xcom
[2025-01-28T15:27:54.149+0000] {logging_mixin.py:190} INFO - [2025-01-28T15:27:54.149+0000] {override.py:1911} INFO - Created Permission View: can create on DAG Run:example_xcom
[2025-01-28T15:27:54.165+0000] {logging_mixin.py:190} INFO - [2025-01-28T15:27:54.164+0000] {override.py:1911} INFO - Created Permission View: can read on DAG Run:example_xcom
[2025-01-28T15:27:54.166+0000] {logging_mixin.py:190} INFO - [2025-01-28T15:27:54.165+0000] {dag.py:3239} INFO - Sync 1 DAGs
[2025-01-28T15:27:54.180+0000] {logging_mixin.py:190} INFO - [2025-01-28T15:27:54.179+0000] {dag.py:3262} INFO - Creating ORM DAG for example_xcom
[2025-01-28T15:27:54.191+0000] {logging_mixin.py:190} INFO - [2025-01-28T15:27:54.190+0000] {dag.py:4180} INFO - Setting next_dagrun for example_xcom to 2021-01-01 00:00:00+00:00, run_after=2021-01-01 00:00:00+00:00
[2025-01-28T15:27:54.211+0000] {processor.py:208} INFO - Processing /home/airflow/.local/lib/python3.12/site-packages/airflow/example_dags/example_xcom.py took 0.280 seconds
[2025-01-28T15:28:24.800+0000] {processor.py:186} INFO - Started process (PID=182) to work on /home/airflow/.local/lib/python3.12/site-packages/airflow/example_dags/example_xcom.py
[2025-01-28T15:28:24.802+0000] {processor.py:914} INFO - Processing file /home/airflow/.local/lib/python3.12/site-packages/airflow/example_dags/example_xcom.py for tasks to queue
[2025-01-28T15:28:24.806+0000] {logging_mixin.py:190} INFO - [2025-01-28T15:28:24.805+0000] {dagbag.py:588} INFO - Filling up the DagBag from /home/airflow/.local/lib/python3.12/site-packages/airflow/example_dags/example_xcom.py
[2025-01-28T15:28:24.820+0000] {processor.py:925} INFO - DAG(s) 'example_xcom' retrieved from /home/airflow/.local/lib/python3.12/site-packages/airflow/example_dags/example_xcom.py
[2025-01-28T15:28:24.861+0000] {logging_mixin.py:190} INFO - [2025-01-28T15:28:24.861+0000] {dag.py:3239} INFO - Sync 1 DAGs
[2025-01-28T15:28:24.900+0000] {logging_mixin.py:190} INFO - [2025-01-28T15:28:24.900+0000] {dag.py:4180} INFO - Setting next_dagrun for example_xcom to 2021-01-01 00:00:00+00:00, run_after=2021-01-01 00:00:00+00:00
[2025-01-28T15:28:24.935+0000] {processor.py:208} INFO - Processing /home/airflow/.local/lib/python3.12/site-packages/airflow/example_dags/example_xcom.py took 0.145 seconds
[2025-01-28T15:28:55.694+0000] {processor.py:186} INFO - Started process (PID=245) to work on /home/airflow/.local/lib/python3.12/site-packages/airflow/example_dags/example_xcom.py
[2025-01-28T15:28:55.698+0000] {processor.py:914} INFO - Processing file /home/airflow/.local/lib/python3.12/site-packages/airflow/example_dags/example_xcom.py for tasks to queue
[2025-01-28T15:28:55.702+0000] {logging_mixin.py:190} INFO - [2025-01-28T15:28:55.701+0000] {dagbag.py:588} INFO - Filling up the DagBag from /home/airflow/.local/lib/python3.12/site-packages/airflow/example_dags/example_xcom.py
[2025-01-28T15:28:55.726+0000] {processor.py:925} INFO - DAG(s) 'example_xcom' retrieved from /home/airflow/.local/lib/python3.12/site-packages/airflow/example_dags/example_xcom.py
[2025-01-28T15:28:55.764+0000] {logging_mixin.py:190} INFO - [2025-01-28T15:28:55.763+0000] {dag.py:3239} INFO - Sync 1 DAGs
[2025-01-28T15:28:55.802+0000] {logging_mixin.py:190} INFO - [2025-01-28T15:28:55.801+0000] {dag.py:4180} INFO - Setting next_dagrun for example_xcom to 2021-01-01 00:00:00+00:00, run_after=2021-01-01 00:00:00+00:00
[2025-01-28T15:28:55.835+0000] {processor.py:208} INFO - Processing /home/airflow/.local/lib/python3.12/site-packages/airflow/example_dags/example_xcom.py took 0.157 seconds
[2025-01-28T15:29:26.834+0000] {processor.py:186} INFO - Started process (PID=308) to work on /home/airflow/.local/lib/python3.12/site-packages/airflow/example_dags/example_xcom.py
[2025-01-28T15:29:26.836+0000] {processor.py:914} INFO - Processing file /home/airflow/.local/lib/python3.12/site-packages/airflow/example_dags/example_xcom.py for tasks to queue
[2025-01-28T15:29:26.842+0000] {logging_mixin.py:190} INFO - [2025-01-28T15:29:26.841+0000] {dagbag.py:588} INFO - Filling up the DagBag from /home/airflow/.local/lib/python3.12/site-packages/airflow/example_dags/example_xcom.py
[2025-01-28T15:29:26.856+0000] {processor.py:925} INFO - DAG(s) 'example_xcom' retrieved from /home/airflow/.local/lib/python3.12/site-packages/airflow/example_dags/example_xcom.py
[2025-01-28T15:29:26.891+0000] {logging_mixin.py:190} INFO - [2025-01-28T15:29:26.891+0000] {dag.py:3239} INFO - Sync 1 DAGs
[2025-01-28T15:29:26.926+0000] {logging_mixin.py:190} INFO - [2025-01-28T15:29:26.926+0000] {dag.py:4180} INFO - Setting next_dagrun for example_xcom to 2021-01-01 00:00:00+00:00, run_after=2021-01-01 00:00:00+00:00
[2025-01-28T15:29:26.958+0000] {processor.py:208} INFO - Processing /home/airflow/.local/lib/python3.12/site-packages/airflow/example_dags/example_xcom.py took 0.133 seconds
[2025-01-28T15:29:58.385+0000] {processor.py:186} INFO - Started process (PID=371) to work on /home/airflow/.local/lib/python3.12/site-packages/airflow/example_dags/example_xcom.py
[2025-01-28T15:29:58.388+0000] {processor.py:914} INFO - Processing file /home/airflow/.local/lib/python3.12/site-packages/airflow/example_dags/example_xcom.py for tasks to queue
[2025-01-28T15:29:58.392+0000] {logging_mixin.py:190} INFO - [2025-01-28T15:29:58.391+0000] {dagbag.py:588} INFO - Filling up the DagBag from /home/airflow/.local/lib/python3.12/site-packages/airflow/example_dags/example_xcom.py
[2025-01-28T15:29:58.405+0000] {processor.py:925} INFO - DAG(s) 'example_xcom' retrieved from /home/airflow/.local/lib/python3.12/site-packages/airflow/example_dags/example_xcom.py
[2025-01-28T15:29:58.440+0000] {logging_mixin.py:190} INFO - [2025-01-28T15:29:58.440+0000] {dag.py:3239} INFO - Sync 1 DAGs
[2025-01-28T15:29:58.475+0000] {logging_mixin.py:190} INFO - [2025-01-28T15:29:58.474+0000] {dag.py:4180} INFO - Setting next_dagrun for example_xcom to 2021-01-01 00:00:00+00:00, run_after=2021-01-01 00:00:00+00:00
[2025-01-28T15:29:58.508+0000] {processor.py:208} INFO - Processing /home/airflow/.local/lib/python3.12/site-packages/airflow/example_dags/example_xcom.py took 0.137 seconds
[2025-01-28T15:30:29.693+0000] {processor.py:186} INFO - Started process (PID=434) to work on /home/airflow/.local/lib/python3.12/site-packages/airflow/example_dags/example_xcom.py
[2025-01-28T15:30:29.695+0000] {processor.py:914} INFO - Processing file /home/airflow/.local/lib/python3.12/site-packages/airflow/example_dags/example_xcom.py for tasks to queue
[2025-01-28T15:30:29.700+0000] {logging_mixin.py:190} INFO - [2025-01-28T15:30:29.699+0000] {dagbag.py:588} INFO - Filling up the DagBag from /home/airflow/.local/lib/python3.12/site-packages/airflow/example_dags/example_xcom.py
[2025-01-28T15:30:29.715+0000] {processor.py:925} INFO - DAG(s) 'example_xcom' retrieved from /home/airflow/.local/lib/python3.12/site-packages/airflow/example_dags/example_xcom.py
[2025-01-28T15:30:29.750+0000] {logging_mixin.py:190} INFO - [2025-01-28T15:30:29.749+0000] {dag.py:3239} INFO - Sync 1 DAGs
[2025-01-28T15:30:29.786+0000] {logging_mixin.py:190} INFO - [2025-01-28T15:30:29.785+0000] {dag.py:4180} INFO - Setting next_dagrun for example_xcom to 2021-01-01 00:00:00+00:00, run_after=2021-01-01 00:00:00+00:00
[2025-01-28T15:30:29.833+0000] {processor.py:208} INFO - Processing /home/airflow/.local/lib/python3.12/site-packages/airflow/example_dags/example_xcom.py took 0.155 seconds
[2025-01-28T15:31:01.145+0000] {processor.py:186} INFO - Started process (PID=497) to work on /home/airflow/.local/lib/python3.12/site-packages/airflow/example_dags/example_xcom.py
[2025-01-28T15:31:01.148+0000] {processor.py:914} INFO - Processing file /home/airflow/.local/lib/python3.12/site-packages/airflow/example_dags/example_xcom.py for tasks to queue
[2025-01-28T15:31:01.154+0000] {logging_mixin.py:190} INFO - [2025-01-28T15:31:01.153+0000] {dagbag.py:588} INFO - Filling up the DagBag from /home/airflow/.local/lib/python3.12/site-packages/airflow/example_dags/example_xcom.py
[2025-01-28T15:31:01.176+0000] {processor.py:925} INFO - DAG(s) 'example_xcom' retrieved from /home/airflow/.local/lib/python3.12/site-packages/airflow/example_dags/example_xcom.py
[2025-01-28T15:31:01.214+0000] {logging_mixin.py:190} INFO - [2025-01-28T15:31:01.214+0000] {dag.py:3239} INFO - Sync 1 DAGs
[2025-01-28T15:31:01.254+0000] {logging_mixin.py:190} INFO - [2025-01-28T15:31:01.254+0000] {dag.py:4180} INFO - Setting next_dagrun for example_xcom to 2021-01-01 00:00:00+00:00, run_after=2021-01-01 00:00:00+00:00
[2025-01-28T15:31:01.288+0000] {processor.py:208} INFO - Processing /home/airflow/.local/lib/python3.12/site-packages/airflow/example_dags/example_xcom.py took 0.158 seconds
[2025-01-28T15:31:32.296+0000] {processor.py:186} INFO - Started process (PID=560) to work on /home/airflow/.local/lib/python3.12/site-packages/airflow/example_dags/example_xcom.py
[2025-01-28T15:31:32.298+0000] {processor.py:914} INFO - Processing file /home/airflow/.local/lib/python3.12/site-packages/airflow/example_dags/example_xcom.py for tasks to queue
[2025-01-28T15:31:32.302+0000] {logging_mixin.py:190} INFO - [2025-01-28T15:31:32.302+0000] {dagbag.py:588} INFO - Filling up the DagBag from /home/airflow/.local/lib/python3.12/site-packages/airflow/example_dags/example_xcom.py
[2025-01-28T15:31:32.317+0000] {processor.py:925} INFO - DAG(s) 'example_xcom' retrieved from /home/airflow/.local/lib/python3.12/site-packages/airflow/example_dags/example_xcom.py
[2025-01-28T15:31:32.349+0000] {logging_mixin.py:190} INFO - [2025-01-28T15:31:32.348+0000] {dag.py:3239} INFO - Sync 1 DAGs
[2025-01-28T15:31:32.385+0000] {logging_mixin.py:190} INFO - [2025-01-28T15:31:32.385+0000] {dag.py:4180} INFO - Setting next_dagrun for example_xcom to 2021-01-01 00:00:00+00:00, run_after=2021-01-01 00:00:00+00:00
[2025-01-28T15:31:32.417+0000] {processor.py:208} INFO - Processing /home/airflow/.local/lib/python3.12/site-packages/airflow/example_dags/example_xcom.py took 0.129 seconds
[2025-01-28T16:33:29.350+0000] {processor.py:186} INFO - Started process (PID=114) to work on /home/airflow/.local/lib/python3.12/site-packages/airflow/example_dags/example_xcom.py
[2025-01-28T16:33:29.351+0000] {processor.py:914} INFO - Processing file /home/airflow/.local/lib/python3.12/site-packages/airflow/example_dags/example_xcom.py for tasks to queue
[2025-01-28T16:33:29.354+0000] {logging_mixin.py:190} INFO - [2025-01-28T16:33:29.354+0000] {dagbag.py:588} INFO - Filling up the DagBag from /home/airflow/.local/lib/python3.12/site-packages/airflow/example_dags/example_xcom.py
[2025-01-28T16:33:29.366+0000] {processor.py:925} INFO - DAG(s) 'example_xcom' retrieved from /home/airflow/.local/lib/python3.12/site-packages/airflow/example_dags/example_xcom.py
[2025-01-28T16:33:29.399+0000] {logging_mixin.py:190} INFO - [2025-01-28T16:33:29.399+0000] {dag.py:3239} INFO - Sync 1 DAGs
[2025-01-28T16:33:29.430+0000] {logging_mixin.py:190} INFO - [2025-01-28T16:33:29.430+0000] {dag.py:4180} INFO - Setting next_dagrun for example_xcom to 2021-01-01 00:00:00+00:00, run_after=2021-01-01 00:00:00+00:00
[2025-01-28T16:33:29.453+0000] {processor.py:208} INFO - Processing /home/airflow/.local/lib/python3.12/site-packages/airflow/example_dags/example_xcom.py took 0.112 seconds
[2025-01-28T16:34:01.208+0000] {processor.py:186} INFO - Started process (PID=177) to work on /home/airflow/.local/lib/python3.12/site-packages/airflow/example_dags/example_xcom.py
[2025-01-28T16:34:01.210+0000] {processor.py:914} INFO - Processing file /home/airflow/.local/lib/python3.12/site-packages/airflow/example_dags/example_xcom.py for tasks to queue
[2025-01-28T16:34:01.214+0000] {logging_mixin.py:190} INFO - [2025-01-28T16:34:01.214+0000] {dagbag.py:588} INFO - Filling up the DagBag from /home/airflow/.local/lib/python3.12/site-packages/airflow/example_dags/example_xcom.py
[2025-01-28T16:34:01.227+0000] {processor.py:925} INFO - DAG(s) 'example_xcom' retrieved from /home/airflow/.local/lib/python3.12/site-packages/airflow/example_dags/example_xcom.py
[2025-01-28T16:34:01.257+0000] {logging_mixin.py:190} INFO - [2025-01-28T16:34:01.257+0000] {dag.py:3239} INFO - Sync 1 DAGs
[2025-01-28T16:34:01.290+0000] {logging_mixin.py:190} INFO - [2025-01-28T16:34:01.289+0000] {dag.py:4180} INFO - Setting next_dagrun for example_xcom to 2021-01-01 00:00:00+00:00, run_after=2021-01-01 00:00:00+00:00
[2025-01-28T16:34:01.318+0000] {processor.py:208} INFO - Processing /home/airflow/.local/lib/python3.12/site-packages/airflow/example_dags/example_xcom.py took 0.121 seconds
[2025-01-28T16:34:32.596+0000] {processor.py:186} INFO - Started process (PID=240) to work on /home/airflow/.local/lib/python3.12/site-packages/airflow/example_dags/example_xcom.py
[2025-01-28T16:34:32.598+0000] {processor.py:914} INFO - Processing file /home/airflow/.local/lib/python3.12/site-packages/airflow/example_dags/example_xcom.py for tasks to queue
[2025-01-28T16:34:32.602+0000] {logging_mixin.py:190} INFO - [2025-01-28T16:34:32.601+0000] {dagbag.py:588} INFO - Filling up the DagBag from /home/airflow/.local/lib/python3.12/site-packages/airflow/example_dags/example_xcom.py
[2025-01-28T16:34:32.618+0000] {processor.py:925} INFO - DAG(s) 'example_xcom' retrieved from /home/airflow/.local/lib/python3.12/site-packages/airflow/example_dags/example_xcom.py
[2025-01-28T16:34:32.656+0000] {logging_mixin.py:190} INFO - [2025-01-28T16:34:32.656+0000] {dag.py:3239} INFO - Sync 1 DAGs
[2025-01-28T16:34:32.695+0000] {logging_mixin.py:190} INFO - [2025-01-28T16:34:32.694+0000] {dag.py:4180} INFO - Setting next_dagrun for example_xcom to 2021-01-01 00:00:00+00:00, run_after=2021-01-01 00:00:00+00:00
[2025-01-28T16:34:32.730+0000] {processor.py:208} INFO - Processing /home/airflow/.local/lib/python3.12/site-packages/airflow/example_dags/example_xcom.py took 0.143 seconds
[2025-01-28T16:35:04.240+0000] {processor.py:186} INFO - Started process (PID=303) to work on /home/airflow/.local/lib/python3.12/site-packages/airflow/example_dags/example_xcom.py
[2025-01-28T16:35:04.243+0000] {processor.py:914} INFO - Processing file /home/airflow/.local/lib/python3.12/site-packages/airflow/example_dags/example_xcom.py for tasks to queue
[2025-01-28T16:35:04.248+0000] {logging_mixin.py:190} INFO - [2025-01-28T16:35:04.247+0000] {dagbag.py:588} INFO - Filling up the DagBag from /home/airflow/.local/lib/python3.12/site-packages/airflow/example_dags/example_xcom.py
[2025-01-28T16:35:04.262+0000] {processor.py:925} INFO - DAG(s) 'example_xcom' retrieved from /home/airflow/.local/lib/python3.12/site-packages/airflow/example_dags/example_xcom.py
[2025-01-28T16:35:04.297+0000] {logging_mixin.py:190} INFO - [2025-01-28T16:35:04.296+0000] {dag.py:3239} INFO - Sync 1 DAGs
[2025-01-28T16:35:04.332+0000] {logging_mixin.py:190} INFO - [2025-01-28T16:35:04.332+0000] {dag.py:4180} INFO - Setting next_dagrun for example_xcom to 2021-01-01 00:00:00+00:00, run_after=2021-01-01 00:00:00+00:00
[2025-01-28T16:35:04.365+0000] {processor.py:208} INFO - Processing /home/airflow/.local/lib/python3.12/site-packages/airflow/example_dags/example_xcom.py took 0.139 seconds
[2025-01-28T16:35:35.597+0000] {processor.py:186} INFO - Started process (PID=366) to work on /home/airflow/.local/lib/python3.12/site-packages/airflow/example_dags/example_xcom.py
[2025-01-28T16:35:35.599+0000] {processor.py:914} INFO - Processing file /home/airflow/.local/lib/python3.12/site-packages/airflow/example_dags/example_xcom.py for tasks to queue
[2025-01-28T16:35:35.604+0000] {logging_mixin.py:190} INFO - [2025-01-28T16:35:35.603+0000] {dagbag.py:588} INFO - Filling up the DagBag from /home/airflow/.local/lib/python3.12/site-packages/airflow/example_dags/example_xcom.py
[2025-01-28T16:35:35.624+0000] {processor.py:925} INFO - DAG(s) 'example_xcom' retrieved from /home/airflow/.local/lib/python3.12/site-packages/airflow/example_dags/example_xcom.py
[2025-01-28T16:35:35.664+0000] {logging_mixin.py:190} INFO - [2025-01-28T16:35:35.664+0000] {dag.py:3239} INFO - Sync 1 DAGs
[2025-01-28T16:35:35.702+0000] {logging_mixin.py:190} INFO - [2025-01-28T16:35:35.702+0000] {dag.py:4180} INFO - Setting next_dagrun for example_xcom to 2021-01-01 00:00:00+00:00, run_after=2021-01-01 00:00:00+00:00
[2025-01-28T16:35:35.732+0000] {processor.py:208} INFO - Processing /home/airflow/.local/lib/python3.12/site-packages/airflow/example_dags/example_xcom.py took 0.150 seconds
[2025-01-28T16:36:06.218+0000] {processor.py:186} INFO - Started process (PID=428) to work on /home/airflow/.local/lib/python3.12/site-packages/airflow/example_dags/example_xcom.py
[2025-01-28T16:36:06.221+0000] {processor.py:914} INFO - Processing file /home/airflow/.local/lib/python3.12/site-packages/airflow/example_dags/example_xcom.py for tasks to queue
[2025-01-28T16:36:06.225+0000] {logging_mixin.py:190} INFO - [2025-01-28T16:36:06.225+0000] {dagbag.py:588} INFO - Filling up the DagBag from /home/airflow/.local/lib/python3.12/site-packages/airflow/example_dags/example_xcom.py
[2025-01-28T16:36:06.239+0000] {processor.py:925} INFO - DAG(s) 'example_xcom' retrieved from /home/airflow/.local/lib/python3.12/site-packages/airflow/example_dags/example_xcom.py
[2025-01-28T16:36:06.271+0000] {logging_mixin.py:190} INFO - [2025-01-28T16:36:06.271+0000] {dag.py:3239} INFO - Sync 1 DAGs
[2025-01-28T16:36:06.304+0000] {logging_mixin.py:190} INFO - [2025-01-28T16:36:06.303+0000] {dag.py:4180} INFO - Setting next_dagrun for example_xcom to 2021-01-01 00:00:00+00:00, run_after=2021-01-01 00:00:00+00:00
[2025-01-28T16:36:06.332+0000] {processor.py:208} INFO - Processing /home/airflow/.local/lib/python3.12/site-packages/airflow/example_dags/example_xcom.py took 0.126 seconds
