[2025-01-28T15:27:44.661+0000] {processor.py:186} INFO - Started process (PID=88) to work on /home/airflow/.local/lib/python3.12/site-packages/airflow/example_dags/example_latest_only_with_trigger.py
[2025-01-28T15:27:44.663+0000] {processor.py:914} INFO - Processing file /home/airflow/.local/lib/python3.12/site-packages/airflow/example_dags/example_latest_only_with_trigger.py for tasks to queue
[2025-01-28T15:27:44.667+0000] {logging_mixin.py:190} INFO - [2025-01-28T15:27:44.666+0000] {dagbag.py:588} INFO - Filling up the DagBag from /home/airflow/.local/lib/python3.12/site-packages/airflow/example_dags/example_latest_only_with_trigger.py
[2025-01-28T15:27:44.682+0000] {processor.py:925} INFO - DAG(s) 'latest_only_with_trigger' retrieved from /home/airflow/.local/lib/python3.12/site-packages/airflow/example_dags/example_latest_only_with_trigger.py
[2025-01-28T15:27:44.835+0000] {logging_mixin.py:190} INFO - [2025-01-28T15:27:44.833+0000] {override.py:1911} INFO - Created Permission View: can delete on DAG:latest_only_with_trigger
[2025-01-28T15:27:44.856+0000] {logging_mixin.py:190} INFO - [2025-01-28T15:27:44.855+0000] {override.py:1911} INFO - Created Permission View: can edit on DAG:latest_only_with_trigger
[2025-01-28T15:27:44.882+0000] {logging_mixin.py:190} INFO - [2025-01-28T15:27:44.882+0000] {override.py:1911} INFO - Created Permission View: can read on DAG:latest_only_with_trigger
[2025-01-28T15:27:44.942+0000] {logging_mixin.py:190} INFO - [2025-01-28T15:27:44.942+0000] {override.py:1911} INFO - Created Permission View: menu access on DAG Run:latest_only_with_trigger
[2025-01-28T15:27:44.971+0000] {logging_mixin.py:190} INFO - [2025-01-28T15:27:44.970+0000] {override.py:1911} INFO - Created Permission View: can delete on DAG Run:latest_only_with_trigger
[2025-01-28T15:27:45.012+0000] {logging_mixin.py:190} INFO - [2025-01-28T15:27:45.011+0000] {override.py:1911} INFO - Created Permission View: can create on DAG Run:latest_only_with_trigger
[2025-01-28T15:27:45.035+0000] {logging_mixin.py:190} INFO - [2025-01-28T15:27:45.035+0000] {override.py:1911} INFO - Created Permission View: can read on DAG Run:latest_only_with_trigger
[2025-01-28T15:27:45.037+0000] {logging_mixin.py:190} INFO - [2025-01-28T15:27:45.036+0000] {dag.py:3239} INFO - Sync 1 DAGs
[2025-01-28T15:27:45.061+0000] {logging_mixin.py:190} INFO - [2025-01-28T15:27:45.060+0000] {dag.py:3262} INFO - Creating ORM DAG for latest_only_with_trigger
[2025-01-28T15:27:45.077+0000] {logging_mixin.py:190} INFO - [2025-01-28T15:27:45.076+0000] {dag.py:4180} INFO - Setting next_dagrun for latest_only_with_trigger to 2025-01-28 08:00:00+00:00, run_after=2025-01-28 12:00:00+00:00
[2025-01-28T15:27:45.103+0000] {processor.py:208} INFO - Processing /home/airflow/.local/lib/python3.12/site-packages/airflow/example_dags/example_latest_only_with_trigger.py took 0.456 seconds
[2025-01-28T15:28:15.855+0000] {processor.py:186} INFO - Started process (PID=150) to work on /home/airflow/.local/lib/python3.12/site-packages/airflow/example_dags/example_latest_only_with_trigger.py
[2025-01-28T15:28:15.858+0000] {processor.py:914} INFO - Processing file /home/airflow/.local/lib/python3.12/site-packages/airflow/example_dags/example_latest_only_with_trigger.py for tasks to queue
[2025-01-28T15:28:15.865+0000] {logging_mixin.py:190} INFO - [2025-01-28T15:28:15.864+0000] {dagbag.py:588} INFO - Filling up the DagBag from /home/airflow/.local/lib/python3.12/site-packages/airflow/example_dags/example_latest_only_with_trigger.py
[2025-01-28T15:28:15.882+0000] {processor.py:925} INFO - DAG(s) 'latest_only_with_trigger' retrieved from /home/airflow/.local/lib/python3.12/site-packages/airflow/example_dags/example_latest_only_with_trigger.py
[2025-01-28T15:28:15.933+0000] {logging_mixin.py:190} INFO - [2025-01-28T15:28:15.933+0000] {dag.py:3239} INFO - Sync 1 DAGs
[2025-01-28T15:28:15.976+0000] {logging_mixin.py:190} INFO - [2025-01-28T15:28:15.976+0000] {dag.py:4180} INFO - Setting next_dagrun for latest_only_with_trigger to 2025-01-28 08:00:00+00:00, run_after=2025-01-28 12:00:00+00:00
[2025-01-28T15:28:16.018+0000] {processor.py:208} INFO - Processing /home/airflow/.local/lib/python3.12/site-packages/airflow/example_dags/example_latest_only_with_trigger.py took 0.178 seconds
[2025-01-28T15:28:46.596+0000] {processor.py:186} INFO - Started process (PID=213) to work on /home/airflow/.local/lib/python3.12/site-packages/airflow/example_dags/example_latest_only_with_trigger.py
[2025-01-28T15:28:46.598+0000] {processor.py:914} INFO - Processing file /home/airflow/.local/lib/python3.12/site-packages/airflow/example_dags/example_latest_only_with_trigger.py for tasks to queue
[2025-01-28T15:28:46.604+0000] {logging_mixin.py:190} INFO - [2025-01-28T15:28:46.603+0000] {dagbag.py:588} INFO - Filling up the DagBag from /home/airflow/.local/lib/python3.12/site-packages/airflow/example_dags/example_latest_only_with_trigger.py
[2025-01-28T15:28:46.620+0000] {processor.py:925} INFO - DAG(s) 'latest_only_with_trigger' retrieved from /home/airflow/.local/lib/python3.12/site-packages/airflow/example_dags/example_latest_only_with_trigger.py
[2025-01-28T15:28:46.663+0000] {logging_mixin.py:190} INFO - [2025-01-28T15:28:46.662+0000] {dag.py:3239} INFO - Sync 1 DAGs
[2025-01-28T15:28:46.705+0000] {logging_mixin.py:190} INFO - [2025-01-28T15:28:46.704+0000] {dag.py:4180} INFO - Setting next_dagrun for latest_only_with_trigger to 2025-01-28 08:00:00+00:00, run_after=2025-01-28 12:00:00+00:00
[2025-01-28T15:28:46.744+0000] {processor.py:208} INFO - Processing /home/airflow/.local/lib/python3.12/site-packages/airflow/example_dags/example_latest_only_with_trigger.py took 0.165 seconds
[2025-01-28T15:29:17.094+0000] {processor.py:186} INFO - Started process (PID=276) to work on /home/airflow/.local/lib/python3.12/site-packages/airflow/example_dags/example_latest_only_with_trigger.py
[2025-01-28T15:29:17.096+0000] {processor.py:914} INFO - Processing file /home/airflow/.local/lib/python3.12/site-packages/airflow/example_dags/example_latest_only_with_trigger.py for tasks to queue
[2025-01-28T15:29:17.102+0000] {logging_mixin.py:190} INFO - [2025-01-28T15:29:17.101+0000] {dagbag.py:588} INFO - Filling up the DagBag from /home/airflow/.local/lib/python3.12/site-packages/airflow/example_dags/example_latest_only_with_trigger.py
[2025-01-28T15:29:17.119+0000] {processor.py:925} INFO - DAG(s) 'latest_only_with_trigger' retrieved from /home/airflow/.local/lib/python3.12/site-packages/airflow/example_dags/example_latest_only_with_trigger.py
[2025-01-28T15:29:17.154+0000] {logging_mixin.py:190} INFO - [2025-01-28T15:29:17.154+0000] {dag.py:3239} INFO - Sync 1 DAGs
[2025-01-28T15:29:17.192+0000] {logging_mixin.py:190} INFO - [2025-01-28T15:29:17.192+0000] {dag.py:4180} INFO - Setting next_dagrun for latest_only_with_trigger to 2025-01-28 08:00:00+00:00, run_after=2025-01-28 12:00:00+00:00
[2025-01-28T15:29:17.226+0000] {processor.py:208} INFO - Processing /home/airflow/.local/lib/python3.12/site-packages/airflow/example_dags/example_latest_only_with_trigger.py took 0.146 seconds
[2025-01-28T15:29:47.542+0000] {processor.py:186} INFO - Started process (PID=339) to work on /home/airflow/.local/lib/python3.12/site-packages/airflow/example_dags/example_latest_only_with_trigger.py
[2025-01-28T15:29:47.544+0000] {processor.py:914} INFO - Processing file /home/airflow/.local/lib/python3.12/site-packages/airflow/example_dags/example_latest_only_with_trigger.py for tasks to queue
[2025-01-28T15:29:47.552+0000] {logging_mixin.py:190} INFO - [2025-01-28T15:29:47.551+0000] {dagbag.py:588} INFO - Filling up the DagBag from /home/airflow/.local/lib/python3.12/site-packages/airflow/example_dags/example_latest_only_with_trigger.py
[2025-01-28T15:29:47.577+0000] {processor.py:925} INFO - DAG(s) 'latest_only_with_trigger' retrieved from /home/airflow/.local/lib/python3.12/site-packages/airflow/example_dags/example_latest_only_with_trigger.py
[2025-01-28T15:29:47.631+0000] {logging_mixin.py:190} INFO - [2025-01-28T15:29:47.631+0000] {dag.py:3239} INFO - Sync 1 DAGs
[2025-01-28T15:29:47.680+0000] {logging_mixin.py:190} INFO - [2025-01-28T15:29:47.679+0000] {dag.py:4180} INFO - Setting next_dagrun for latest_only_with_trigger to 2025-01-28 08:00:00+00:00, run_after=2025-01-28 12:00:00+00:00
[2025-01-28T15:29:47.721+0000] {processor.py:208} INFO - Processing /home/airflow/.local/lib/python3.12/site-packages/airflow/example_dags/example_latest_only_with_trigger.py took 0.194 seconds
[2025-01-28T15:30:18.185+0000] {processor.py:186} INFO - Started process (PID=402) to work on /home/airflow/.local/lib/python3.12/site-packages/airflow/example_dags/example_latest_only_with_trigger.py
[2025-01-28T15:30:18.188+0000] {processor.py:914} INFO - Processing file /home/airflow/.local/lib/python3.12/site-packages/airflow/example_dags/example_latest_only_with_trigger.py for tasks to queue
[2025-01-28T15:30:18.195+0000] {logging_mixin.py:190} INFO - [2025-01-28T15:30:18.194+0000] {dagbag.py:588} INFO - Filling up the DagBag from /home/airflow/.local/lib/python3.12/site-packages/airflow/example_dags/example_latest_only_with_trigger.py
[2025-01-28T15:30:18.219+0000] {processor.py:925} INFO - DAG(s) 'latest_only_with_trigger' retrieved from /home/airflow/.local/lib/python3.12/site-packages/airflow/example_dags/example_latest_only_with_trigger.py
[2025-01-28T15:30:18.277+0000] {logging_mixin.py:190} INFO - [2025-01-28T15:30:18.276+0000] {dag.py:3239} INFO - Sync 1 DAGs
[2025-01-28T15:30:18.319+0000] {logging_mixin.py:190} INFO - [2025-01-28T15:30:18.319+0000] {dag.py:4180} INFO - Setting next_dagrun for latest_only_with_trigger to 2025-01-28 08:00:00+00:00, run_after=2025-01-28 12:00:00+00:00
[2025-01-28T15:30:18.369+0000] {processor.py:208} INFO - Processing /home/airflow/.local/lib/python3.12/site-packages/airflow/example_dags/example_latest_only_with_trigger.py took 0.198 seconds
[2025-01-28T15:30:48.484+0000] {processor.py:186} INFO - Started process (PID=465) to work on /home/airflow/.local/lib/python3.12/site-packages/airflow/example_dags/example_latest_only_with_trigger.py
[2025-01-28T15:30:48.487+0000] {processor.py:914} INFO - Processing file /home/airflow/.local/lib/python3.12/site-packages/airflow/example_dags/example_latest_only_with_trigger.py for tasks to queue
[2025-01-28T15:30:48.495+0000] {logging_mixin.py:190} INFO - [2025-01-28T15:30:48.494+0000] {dagbag.py:588} INFO - Filling up the DagBag from /home/airflow/.local/lib/python3.12/site-packages/airflow/example_dags/example_latest_only_with_trigger.py
[2025-01-28T15:30:48.513+0000] {processor.py:925} INFO - DAG(s) 'latest_only_with_trigger' retrieved from /home/airflow/.local/lib/python3.12/site-packages/airflow/example_dags/example_latest_only_with_trigger.py
[2025-01-28T15:30:48.553+0000] {logging_mixin.py:190} INFO - [2025-01-28T15:30:48.553+0000] {dag.py:3239} INFO - Sync 1 DAGs
[2025-01-28T15:30:48.597+0000] {logging_mixin.py:190} INFO - [2025-01-28T15:30:48.596+0000] {dag.py:4180} INFO - Setting next_dagrun for latest_only_with_trigger to 2025-01-28 08:00:00+00:00, run_after=2025-01-28 12:00:00+00:00
[2025-01-28T15:30:48.641+0000] {processor.py:208} INFO - Processing /home/airflow/.local/lib/python3.12/site-packages/airflow/example_dags/example_latest_only_with_trigger.py took 0.172 seconds
[2025-01-28T15:31:18.731+0000] {processor.py:186} INFO - Started process (PID=528) to work on /home/airflow/.local/lib/python3.12/site-packages/airflow/example_dags/example_latest_only_with_trigger.py
[2025-01-28T15:31:18.735+0000] {processor.py:914} INFO - Processing file /home/airflow/.local/lib/python3.12/site-packages/airflow/example_dags/example_latest_only_with_trigger.py for tasks to queue
[2025-01-28T15:31:18.741+0000] {logging_mixin.py:190} INFO - [2025-01-28T15:31:18.740+0000] {dagbag.py:588} INFO - Filling up the DagBag from /home/airflow/.local/lib/python3.12/site-packages/airflow/example_dags/example_latest_only_with_trigger.py
[2025-01-28T15:31:18.763+0000] {processor.py:925} INFO - DAG(s) 'latest_only_with_trigger' retrieved from /home/airflow/.local/lib/python3.12/site-packages/airflow/example_dags/example_latest_only_with_trigger.py
[2025-01-28T15:31:18.804+0000] {logging_mixin.py:190} INFO - [2025-01-28T15:31:18.803+0000] {dag.py:3239} INFO - Sync 1 DAGs
[2025-01-28T15:31:18.845+0000] {logging_mixin.py:190} INFO - [2025-01-28T15:31:18.845+0000] {dag.py:4180} INFO - Setting next_dagrun for latest_only_with_trigger to 2025-01-28 08:00:00+00:00, run_after=2025-01-28 12:00:00+00:00
[2025-01-28T15:31:18.882+0000] {processor.py:208} INFO - Processing /home/airflow/.local/lib/python3.12/site-packages/airflow/example_dags/example_latest_only_with_trigger.py took 0.165 seconds
[2025-01-28T15:31:49.168+0000] {processor.py:186} INFO - Started process (PID=591) to work on /home/airflow/.local/lib/python3.12/site-packages/airflow/example_dags/example_latest_only_with_trigger.py
[2025-01-28T15:31:49.170+0000] {processor.py:914} INFO - Processing file /home/airflow/.local/lib/python3.12/site-packages/airflow/example_dags/example_latest_only_with_trigger.py for tasks to queue
[2025-01-28T15:31:49.174+0000] {logging_mixin.py:190} INFO - [2025-01-28T15:31:49.174+0000] {dagbag.py:588} INFO - Filling up the DagBag from /home/airflow/.local/lib/python3.12/site-packages/airflow/example_dags/example_latest_only_with_trigger.py
[2025-01-28T15:31:49.186+0000] {processor.py:925} INFO - DAG(s) 'latest_only_with_trigger' retrieved from /home/airflow/.local/lib/python3.12/site-packages/airflow/example_dags/example_latest_only_with_trigger.py
[2025-01-28T15:31:49.224+0000] {logging_mixin.py:190} INFO - [2025-01-28T15:31:49.224+0000] {dag.py:3239} INFO - Sync 1 DAGs
[2025-01-28T15:31:49.264+0000] {logging_mixin.py:190} INFO - [2025-01-28T15:31:49.264+0000] {dag.py:4180} INFO - Setting next_dagrun for latest_only_with_trigger to 2025-01-28 08:00:00+00:00, run_after=2025-01-28 12:00:00+00:00
[2025-01-28T15:31:49.297+0000] {processor.py:208} INFO - Processing /home/airflow/.local/lib/python3.12/site-packages/airflow/example_dags/example_latest_only_with_trigger.py took 0.147 seconds
[2025-01-28T16:33:23.549+0000] {processor.py:186} INFO - Started process (PID=77) to work on /home/airflow/.local/lib/python3.12/site-packages/airflow/example_dags/example_latest_only_with_trigger.py
[2025-01-28T16:33:23.550+0000] {processor.py:914} INFO - Processing file /home/airflow/.local/lib/python3.12/site-packages/airflow/example_dags/example_latest_only_with_trigger.py for tasks to queue
[2025-01-28T16:33:23.558+0000] {logging_mixin.py:190} INFO - [2025-01-28T16:33:23.558+0000] {dagbag.py:588} INFO - Filling up the DagBag from /home/airflow/.local/lib/python3.12/site-packages/airflow/example_dags/example_latest_only_with_trigger.py
[2025-01-28T16:33:23.572+0000] {processor.py:925} INFO - DAG(s) 'latest_only_with_trigger' retrieved from /home/airflow/.local/lib/python3.12/site-packages/airflow/example_dags/example_latest_only_with_trigger.py
[2025-01-28T16:33:23.610+0000] {logging_mixin.py:190} INFO - [2025-01-28T16:33:23.609+0000] {dag.py:3239} INFO - Sync 1 DAGs
[2025-01-28T16:33:23.641+0000] {logging_mixin.py:190} INFO - [2025-01-28T16:33:23.641+0000] {dag.py:4180} INFO - Setting next_dagrun for latest_only_with_trigger to 2025-01-28 12:00:00+00:00, run_after=2025-01-28 16:00:00+00:00
[2025-01-28T16:33:23.671+0000] {processor.py:208} INFO - Processing /home/airflow/.local/lib/python3.12/site-packages/airflow/example_dags/example_latest_only_with_trigger.py took 0.133 seconds
[2025-01-28T16:33:53.930+0000] {processor.py:186} INFO - Started process (PID=139) to work on /home/airflow/.local/lib/python3.12/site-packages/airflow/example_dags/example_latest_only_with_trigger.py
[2025-01-28T16:33:53.932+0000] {processor.py:914} INFO - Processing file /home/airflow/.local/lib/python3.12/site-packages/airflow/example_dags/example_latest_only_with_trigger.py for tasks to queue
[2025-01-28T16:33:53.937+0000] {logging_mixin.py:190} INFO - [2025-01-28T16:33:53.936+0000] {dagbag.py:588} INFO - Filling up the DagBag from /home/airflow/.local/lib/python3.12/site-packages/airflow/example_dags/example_latest_only_with_trigger.py
[2025-01-28T16:33:53.953+0000] {processor.py:925} INFO - DAG(s) 'latest_only_with_trigger' retrieved from /home/airflow/.local/lib/python3.12/site-packages/airflow/example_dags/example_latest_only_with_trigger.py
[2025-01-28T16:33:53.989+0000] {logging_mixin.py:190} INFO - [2025-01-28T16:33:53.988+0000] {dag.py:3239} INFO - Sync 1 DAGs
[2025-01-28T16:33:54.025+0000] {logging_mixin.py:190} INFO - [2025-01-28T16:33:54.025+0000] {dag.py:4180} INFO - Setting next_dagrun for latest_only_with_trigger to 2025-01-28 12:00:00+00:00, run_after=2025-01-28 16:00:00+00:00
[2025-01-28T16:33:54.058+0000] {processor.py:208} INFO - Processing /home/airflow/.local/lib/python3.12/site-packages/airflow/example_dags/example_latest_only_with_trigger.py took 0.136 seconds
[2025-01-28T16:34:24.535+0000] {processor.py:186} INFO - Started process (PID=202) to work on /home/airflow/.local/lib/python3.12/site-packages/airflow/example_dags/example_latest_only_with_trigger.py
[2025-01-28T16:34:24.536+0000] {processor.py:914} INFO - Processing file /home/airflow/.local/lib/python3.12/site-packages/airflow/example_dags/example_latest_only_with_trigger.py for tasks to queue
[2025-01-28T16:34:24.540+0000] {logging_mixin.py:190} INFO - [2025-01-28T16:34:24.539+0000] {dagbag.py:588} INFO - Filling up the DagBag from /home/airflow/.local/lib/python3.12/site-packages/airflow/example_dags/example_latest_only_with_trigger.py
[2025-01-28T16:34:24.552+0000] {processor.py:925} INFO - DAG(s) 'latest_only_with_trigger' retrieved from /home/airflow/.local/lib/python3.12/site-packages/airflow/example_dags/example_latest_only_with_trigger.py
[2025-01-28T16:34:24.589+0000] {logging_mixin.py:190} INFO - [2025-01-28T16:34:24.588+0000] {dag.py:3239} INFO - Sync 1 DAGs
[2025-01-28T16:34:24.628+0000] {logging_mixin.py:190} INFO - [2025-01-28T16:34:24.627+0000] {dag.py:4180} INFO - Setting next_dagrun for latest_only_with_trigger to 2025-01-28 12:00:00+00:00, run_after=2025-01-28 16:00:00+00:00
[2025-01-28T16:34:24.661+0000] {processor.py:208} INFO - Processing /home/airflow/.local/lib/python3.12/site-packages/airflow/example_dags/example_latest_only_with_trigger.py took 0.134 seconds
[2025-01-28T16:34:54.971+0000] {processor.py:186} INFO - Started process (PID=265) to work on /home/airflow/.local/lib/python3.12/site-packages/airflow/example_dags/example_latest_only_with_trigger.py
[2025-01-28T16:34:54.974+0000] {processor.py:914} INFO - Processing file /home/airflow/.local/lib/python3.12/site-packages/airflow/example_dags/example_latest_only_with_trigger.py for tasks to queue
[2025-01-28T16:34:54.979+0000] {logging_mixin.py:190} INFO - [2025-01-28T16:34:54.978+0000] {dagbag.py:588} INFO - Filling up the DagBag from /home/airflow/.local/lib/python3.12/site-packages/airflow/example_dags/example_latest_only_with_trigger.py
[2025-01-28T16:34:54.992+0000] {processor.py:925} INFO - DAG(s) 'latest_only_with_trigger' retrieved from /home/airflow/.local/lib/python3.12/site-packages/airflow/example_dags/example_latest_only_with_trigger.py
[2025-01-28T16:34:55.029+0000] {logging_mixin.py:190} INFO - [2025-01-28T16:34:55.029+0000] {dag.py:3239} INFO - Sync 1 DAGs
[2025-01-28T16:34:55.068+0000] {logging_mixin.py:190} INFO - [2025-01-28T16:34:55.068+0000] {dag.py:4180} INFO - Setting next_dagrun for latest_only_with_trigger to 2025-01-28 12:00:00+00:00, run_after=2025-01-28 16:00:00+00:00
[2025-01-28T16:34:55.106+0000] {processor.py:208} INFO - Processing /home/airflow/.local/lib/python3.12/site-packages/airflow/example_dags/example_latest_only_with_trigger.py took 0.150 seconds
[2025-01-28T16:35:25.418+0000] {processor.py:186} INFO - Started process (PID=334) to work on /home/airflow/.local/lib/python3.12/site-packages/airflow/example_dags/example_latest_only_with_trigger.py
[2025-01-28T16:35:25.420+0000] {processor.py:914} INFO - Processing file /home/airflow/.local/lib/python3.12/site-packages/airflow/example_dags/example_latest_only_with_trigger.py for tasks to queue
[2025-01-28T16:35:25.424+0000] {logging_mixin.py:190} INFO - [2025-01-28T16:35:25.423+0000] {dagbag.py:588} INFO - Filling up the DagBag from /home/airflow/.local/lib/python3.12/site-packages/airflow/example_dags/example_latest_only_with_trigger.py
[2025-01-28T16:35:25.435+0000] {processor.py:925} INFO - DAG(s) 'latest_only_with_trigger' retrieved from /home/airflow/.local/lib/python3.12/site-packages/airflow/example_dags/example_latest_only_with_trigger.py
[2025-01-28T16:35:25.471+0000] {logging_mixin.py:190} INFO - [2025-01-28T16:35:25.471+0000] {dag.py:3239} INFO - Sync 1 DAGs
[2025-01-28T16:35:25.511+0000] {logging_mixin.py:190} INFO - [2025-01-28T16:35:25.510+0000] {dag.py:4180} INFO - Setting next_dagrun for latest_only_with_trigger to 2025-01-28 12:00:00+00:00, run_after=2025-01-28 16:00:00+00:00
[2025-01-28T16:35:25.541+0000] {processor.py:208} INFO - Processing /home/airflow/.local/lib/python3.12/site-packages/airflow/example_dags/example_latest_only_with_trigger.py took 0.136 seconds
[2025-01-28T16:35:55.803+0000] {processor.py:186} INFO - Started process (PID=397) to work on /home/airflow/.local/lib/python3.12/site-packages/airflow/example_dags/example_latest_only_with_trigger.py
[2025-01-28T16:35:55.805+0000] {processor.py:914} INFO - Processing file /home/airflow/.local/lib/python3.12/site-packages/airflow/example_dags/example_latest_only_with_trigger.py for tasks to queue
[2025-01-28T16:35:55.810+0000] {logging_mixin.py:190} INFO - [2025-01-28T16:35:55.809+0000] {dagbag.py:588} INFO - Filling up the DagBag from /home/airflow/.local/lib/python3.12/site-packages/airflow/example_dags/example_latest_only_with_trigger.py
[2025-01-28T16:35:55.822+0000] {processor.py:925} INFO - DAG(s) 'latest_only_with_trigger' retrieved from /home/airflow/.local/lib/python3.12/site-packages/airflow/example_dags/example_latest_only_with_trigger.py
[2025-01-28T16:35:55.857+0000] {logging_mixin.py:190} INFO - [2025-01-28T16:35:55.857+0000] {dag.py:3239} INFO - Sync 1 DAGs
[2025-01-28T16:35:55.900+0000] {logging_mixin.py:190} INFO - [2025-01-28T16:35:55.899+0000] {dag.py:4180} INFO - Setting next_dagrun for latest_only_with_trigger to 2025-01-28 12:00:00+00:00, run_after=2025-01-28 16:00:00+00:00
[2025-01-28T16:35:55.944+0000] {processor.py:208} INFO - Processing /home/airflow/.local/lib/python3.12/site-packages/airflow/example_dags/example_latest_only_with_trigger.py took 0.152 seconds
