[2025-01-28T15:27:48.329+0000] {processor.py:186} INFO - Started process (PID=97) to work on /home/airflow/.local/lib/python3.12/site-packages/airflow/example_dags/example_branch_python_dop_operator_3.py
[2025-01-28T15:27:48.331+0000] {processor.py:914} INFO - Processing file /home/airflow/.local/lib/python3.12/site-packages/airflow/example_dags/example_branch_python_dop_operator_3.py for tasks to queue
[2025-01-28T15:27:48.335+0000] {logging_mixin.py:190} INFO - [2025-01-28T15:27:48.335+0000] {dagbag.py:588} INFO - Filling up the DagBag from /home/airflow/.local/lib/python3.12/site-packages/airflow/example_dags/example_branch_python_dop_operator_3.py
[2025-01-28T15:27:48.362+0000] {processor.py:925} INFO - DAG(s) 'example_branch_dop_operator_v3' retrieved from /home/airflow/.local/lib/python3.12/site-packages/airflow/example_dags/example_branch_python_dop_operator_3.py
[2025-01-28T15:27:48.488+0000] {logging_mixin.py:190} INFO - [2025-01-28T15:27:48.487+0000] {override.py:1911} INFO - Created Permission View: can delete on DAG:example_branch_dop_operator_v3
[2025-01-28T15:27:48.506+0000] {logging_mixin.py:190} INFO - [2025-01-28T15:27:48.505+0000] {override.py:1911} INFO - Created Permission View: can edit on DAG:example_branch_dop_operator_v3
[2025-01-28T15:27:48.518+0000] {logging_mixin.py:190} INFO - [2025-01-28T15:27:48.518+0000] {override.py:1911} INFO - Created Permission View: can read on DAG:example_branch_dop_operator_v3
[2025-01-28T15:27:48.536+0000] {logging_mixin.py:190} INFO - [2025-01-28T15:27:48.536+0000] {override.py:1911} INFO - Created Permission View: menu access on DAG Run:example_branch_dop_operator_v3
[2025-01-28T15:27:48.553+0000] {logging_mixin.py:190} INFO - [2025-01-28T15:27:48.552+0000] {override.py:1911} INFO - Created Permission View: can delete on DAG Run:example_branch_dop_operator_v3
[2025-01-28T15:27:48.569+0000] {logging_mixin.py:190} INFO - [2025-01-28T15:27:48.568+0000] {override.py:1911} INFO - Created Permission View: can create on DAG Run:example_branch_dop_operator_v3
[2025-01-28T15:27:48.586+0000] {logging_mixin.py:190} INFO - [2025-01-28T15:27:48.585+0000] {override.py:1911} INFO - Created Permission View: can read on DAG Run:example_branch_dop_operator_v3
[2025-01-28T15:27:48.587+0000] {logging_mixin.py:190} INFO - [2025-01-28T15:27:48.587+0000] {dag.py:3239} INFO - Sync 1 DAGs
[2025-01-28T15:27:48.601+0000] {logging_mixin.py:190} INFO - [2025-01-28T15:27:48.601+0000] {dag.py:3262} INFO - Creating ORM DAG for example_branch_dop_operator_v3
[2025-01-28T15:27:48.617+0000] {logging_mixin.py:190} INFO - [2025-01-28T15:27:48.616+0000] {dag.py:4180} INFO - Setting next_dagrun for example_branch_dop_operator_v3 to 2025-01-28 15:26:00+00:00, run_after=2025-01-28 15:27:00+00:00
[2025-01-28T15:27:48.641+0000] {processor.py:208} INFO - Processing /home/airflow/.local/lib/python3.12/site-packages/airflow/example_dags/example_branch_python_dop_operator_3.py took 0.323 seconds
[2025-01-28T15:28:19.193+0000] {processor.py:186} INFO - Started process (PID=160) to work on /home/airflow/.local/lib/python3.12/site-packages/airflow/example_dags/example_branch_python_dop_operator_3.py
[2025-01-28T15:28:19.196+0000] {processor.py:914} INFO - Processing file /home/airflow/.local/lib/python3.12/site-packages/airflow/example_dags/example_branch_python_dop_operator_3.py for tasks to queue
[2025-01-28T15:28:19.204+0000] {logging_mixin.py:190} INFO - [2025-01-28T15:28:19.203+0000] {dagbag.py:588} INFO - Filling up the DagBag from /home/airflow/.local/lib/python3.12/site-packages/airflow/example_dags/example_branch_python_dop_operator_3.py
[2025-01-28T15:28:19.234+0000] {processor.py:925} INFO - DAG(s) 'example_branch_dop_operator_v3' retrieved from /home/airflow/.local/lib/python3.12/site-packages/airflow/example_dags/example_branch_python_dop_operator_3.py
[2025-01-28T15:28:19.296+0000] {logging_mixin.py:190} INFO - [2025-01-28T15:28:19.296+0000] {dag.py:3239} INFO - Sync 1 DAGs
[2025-01-28T15:28:19.351+0000] {logging_mixin.py:190} INFO - [2025-01-28T15:28:19.351+0000] {dag.py:4180} INFO - Setting next_dagrun for example_branch_dop_operator_v3 to 2025-01-28 15:27:00+00:00, run_after=2025-01-28 15:28:00+00:00
[2025-01-28T15:28:19.444+0000] {processor.py:208} INFO - Processing /home/airflow/.local/lib/python3.12/site-packages/airflow/example_dags/example_branch_python_dop_operator_3.py took 0.263 seconds
[2025-01-28T15:28:49.525+0000] {processor.py:186} INFO - Started process (PID=222) to work on /home/airflow/.local/lib/python3.12/site-packages/airflow/example_dags/example_branch_python_dop_operator_3.py
[2025-01-28T15:28:49.527+0000] {processor.py:914} INFO - Processing file /home/airflow/.local/lib/python3.12/site-packages/airflow/example_dags/example_branch_python_dop_operator_3.py for tasks to queue
[2025-01-28T15:28:49.533+0000] {logging_mixin.py:190} INFO - [2025-01-28T15:28:49.532+0000] {dagbag.py:588} INFO - Filling up the DagBag from /home/airflow/.local/lib/python3.12/site-packages/airflow/example_dags/example_branch_python_dop_operator_3.py
[2025-01-28T15:28:49.555+0000] {processor.py:925} INFO - DAG(s) 'example_branch_dop_operator_v3' retrieved from /home/airflow/.local/lib/python3.12/site-packages/airflow/example_dags/example_branch_python_dop_operator_3.py
[2025-01-28T15:28:49.595+0000] {logging_mixin.py:190} INFO - [2025-01-28T15:28:49.594+0000] {dag.py:3239} INFO - Sync 1 DAGs
[2025-01-28T15:28:49.639+0000] {logging_mixin.py:190} INFO - [2025-01-28T15:28:49.639+0000] {dag.py:4180} INFO - Setting next_dagrun for example_branch_dop_operator_v3 to 2025-01-28 15:27:00+00:00, run_after=2025-01-28 15:28:00+00:00
[2025-01-28T15:28:49.675+0000] {processor.py:208} INFO - Processing /home/airflow/.local/lib/python3.12/site-packages/airflow/example_dags/example_branch_python_dop_operator_3.py took 0.163 seconds
[2025-01-28T15:29:20.015+0000] {processor.py:186} INFO - Started process (PID=285) to work on /home/airflow/.local/lib/python3.12/site-packages/airflow/example_dags/example_branch_python_dop_operator_3.py
[2025-01-28T15:29:20.017+0000] {processor.py:914} INFO - Processing file /home/airflow/.local/lib/python3.12/site-packages/airflow/example_dags/example_branch_python_dop_operator_3.py for tasks to queue
[2025-01-28T15:29:20.025+0000] {logging_mixin.py:190} INFO - [2025-01-28T15:29:20.024+0000] {dagbag.py:588} INFO - Filling up the DagBag from /home/airflow/.local/lib/python3.12/site-packages/airflow/example_dags/example_branch_python_dop_operator_3.py
[2025-01-28T15:29:20.047+0000] {processor.py:925} INFO - DAG(s) 'example_branch_dop_operator_v3' retrieved from /home/airflow/.local/lib/python3.12/site-packages/airflow/example_dags/example_branch_python_dop_operator_3.py
[2025-01-28T15:29:20.085+0000] {logging_mixin.py:190} INFO - [2025-01-28T15:29:20.084+0000] {dag.py:3239} INFO - Sync 1 DAGs
[2025-01-28T15:29:20.131+0000] {logging_mixin.py:190} INFO - [2025-01-28T15:29:20.131+0000] {dag.py:4180} INFO - Setting next_dagrun for example_branch_dop_operator_v3 to 2025-01-28 15:28:00+00:00, run_after=2025-01-28 15:29:00+00:00
[2025-01-28T15:29:20.167+0000] {processor.py:208} INFO - Processing /home/airflow/.local/lib/python3.12/site-packages/airflow/example_dags/example_branch_python_dop_operator_3.py took 0.170 seconds
[2025-01-28T15:29:50.470+0000] {processor.py:186} INFO - Started process (PID=348) to work on /home/airflow/.local/lib/python3.12/site-packages/airflow/example_dags/example_branch_python_dop_operator_3.py
[2025-01-28T15:29:50.472+0000] {processor.py:914} INFO - Processing file /home/airflow/.local/lib/python3.12/site-packages/airflow/example_dags/example_branch_python_dop_operator_3.py for tasks to queue
[2025-01-28T15:29:50.479+0000] {logging_mixin.py:190} INFO - [2025-01-28T15:29:50.478+0000] {dagbag.py:588} INFO - Filling up the DagBag from /home/airflow/.local/lib/python3.12/site-packages/airflow/example_dags/example_branch_python_dop_operator_3.py
[2025-01-28T15:29:50.506+0000] {processor.py:925} INFO - DAG(s) 'example_branch_dop_operator_v3' retrieved from /home/airflow/.local/lib/python3.12/site-packages/airflow/example_dags/example_branch_python_dop_operator_3.py
[2025-01-28T15:29:50.544+0000] {logging_mixin.py:190} INFO - [2025-01-28T15:29:50.543+0000] {dag.py:3239} INFO - Sync 1 DAGs
[2025-01-28T15:29:50.586+0000] {logging_mixin.py:190} INFO - [2025-01-28T15:29:50.586+0000] {dag.py:4180} INFO - Setting next_dagrun for example_branch_dop_operator_v3 to 2025-01-28 15:28:00+00:00, run_after=2025-01-28 15:29:00+00:00
[2025-01-28T15:29:50.618+0000] {processor.py:208} INFO - Processing /home/airflow/.local/lib/python3.12/site-packages/airflow/example_dags/example_branch_python_dop_operator_3.py took 0.164 seconds
[2025-01-28T15:30:21.117+0000] {processor.py:186} INFO - Started process (PID=411) to work on /home/airflow/.local/lib/python3.12/site-packages/airflow/example_dags/example_branch_python_dop_operator_3.py
[2025-01-28T15:30:21.119+0000] {processor.py:914} INFO - Processing file /home/airflow/.local/lib/python3.12/site-packages/airflow/example_dags/example_branch_python_dop_operator_3.py for tasks to queue
[2025-01-28T15:30:21.124+0000] {logging_mixin.py:190} INFO - [2025-01-28T15:30:21.123+0000] {dagbag.py:588} INFO - Filling up the DagBag from /home/airflow/.local/lib/python3.12/site-packages/airflow/example_dags/example_branch_python_dop_operator_3.py
[2025-01-28T15:30:21.143+0000] {processor.py:925} INFO - DAG(s) 'example_branch_dop_operator_v3' retrieved from /home/airflow/.local/lib/python3.12/site-packages/airflow/example_dags/example_branch_python_dop_operator_3.py
[2025-01-28T15:30:21.186+0000] {logging_mixin.py:190} INFO - [2025-01-28T15:30:21.185+0000] {dag.py:3239} INFO - Sync 1 DAGs
[2025-01-28T15:30:21.241+0000] {logging_mixin.py:190} INFO - [2025-01-28T15:30:21.241+0000] {dag.py:4180} INFO - Setting next_dagrun for example_branch_dop_operator_v3 to 2025-01-28 15:29:00+00:00, run_after=2025-01-28 15:30:00+00:00
[2025-01-28T15:30:21.287+0000] {processor.py:208} INFO - Processing /home/airflow/.local/lib/python3.12/site-packages/airflow/example_dags/example_branch_python_dop_operator_3.py took 0.180 seconds
[2025-01-28T15:30:51.420+0000] {processor.py:186} INFO - Started process (PID=474) to work on /home/airflow/.local/lib/python3.12/site-packages/airflow/example_dags/example_branch_python_dop_operator_3.py
[2025-01-28T15:30:51.423+0000] {processor.py:914} INFO - Processing file /home/airflow/.local/lib/python3.12/site-packages/airflow/example_dags/example_branch_python_dop_operator_3.py for tasks to queue
[2025-01-28T15:30:51.432+0000] {logging_mixin.py:190} INFO - [2025-01-28T15:30:51.430+0000] {dagbag.py:588} INFO - Filling up the DagBag from /home/airflow/.local/lib/python3.12/site-packages/airflow/example_dags/example_branch_python_dop_operator_3.py
[2025-01-28T15:30:51.454+0000] {processor.py:925} INFO - DAG(s) 'example_branch_dop_operator_v3' retrieved from /home/airflow/.local/lib/python3.12/site-packages/airflow/example_dags/example_branch_python_dop_operator_3.py
[2025-01-28T15:30:51.495+0000] {logging_mixin.py:190} INFO - [2025-01-28T15:30:51.494+0000] {dag.py:3239} INFO - Sync 1 DAGs
[2025-01-28T15:30:51.550+0000] {logging_mixin.py:190} INFO - [2025-01-28T15:30:51.549+0000] {dag.py:4180} INFO - Setting next_dagrun for example_branch_dop_operator_v3 to 2025-01-28 15:29:00+00:00, run_after=2025-01-28 15:30:00+00:00
[2025-01-28T15:30:51.590+0000] {processor.py:208} INFO - Processing /home/airflow/.local/lib/python3.12/site-packages/airflow/example_dags/example_branch_python_dop_operator_3.py took 0.186 seconds
[2025-01-28T15:31:21.692+0000] {processor.py:186} INFO - Started process (PID=537) to work on /home/airflow/.local/lib/python3.12/site-packages/airflow/example_dags/example_branch_python_dop_operator_3.py
[2025-01-28T15:31:21.694+0000] {processor.py:914} INFO - Processing file /home/airflow/.local/lib/python3.12/site-packages/airflow/example_dags/example_branch_python_dop_operator_3.py for tasks to queue
[2025-01-28T15:31:21.702+0000] {logging_mixin.py:190} INFO - [2025-01-28T15:31:21.700+0000] {dagbag.py:588} INFO - Filling up the DagBag from /home/airflow/.local/lib/python3.12/site-packages/airflow/example_dags/example_branch_python_dop_operator_3.py
[2025-01-28T15:31:21.726+0000] {processor.py:925} INFO - DAG(s) 'example_branch_dop_operator_v3' retrieved from /home/airflow/.local/lib/python3.12/site-packages/airflow/example_dags/example_branch_python_dop_operator_3.py
[2025-01-28T15:31:21.769+0000] {logging_mixin.py:190} INFO - [2025-01-28T15:31:21.769+0000] {dag.py:3239} INFO - Sync 1 DAGs
[2025-01-28T15:31:21.817+0000] {logging_mixin.py:190} INFO - [2025-01-28T15:31:21.817+0000] {dag.py:4180} INFO - Setting next_dagrun for example_branch_dop_operator_v3 to 2025-01-28 15:30:00+00:00, run_after=2025-01-28 15:31:00+00:00
[2025-01-28T15:31:21.858+0000] {processor.py:208} INFO - Processing /home/airflow/.local/lib/python3.12/site-packages/airflow/example_dags/example_branch_python_dop_operator_3.py took 0.182 seconds
[2025-01-28T15:31:52.022+0000] {processor.py:186} INFO - Started process (PID=600) to work on /home/airflow/.local/lib/python3.12/site-packages/airflow/example_dags/example_branch_python_dop_operator_3.py
[2025-01-28T15:31:52.024+0000] {processor.py:914} INFO - Processing file /home/airflow/.local/lib/python3.12/site-packages/airflow/example_dags/example_branch_python_dop_operator_3.py for tasks to queue
[2025-01-28T15:31:52.032+0000] {logging_mixin.py:190} INFO - [2025-01-28T15:31:52.030+0000] {dagbag.py:588} INFO - Filling up the DagBag from /home/airflow/.local/lib/python3.12/site-packages/airflow/example_dags/example_branch_python_dop_operator_3.py
[2025-01-28T15:31:52.053+0000] {processor.py:925} INFO - DAG(s) 'example_branch_dop_operator_v3' retrieved from /home/airflow/.local/lib/python3.12/site-packages/airflow/example_dags/example_branch_python_dop_operator_3.py
[2025-01-28T15:31:52.084+0000] {logging_mixin.py:190} INFO - [2025-01-28T15:31:52.084+0000] {dag.py:3239} INFO - Sync 1 DAGs
[2025-01-28T15:31:52.125+0000] {logging_mixin.py:190} INFO - [2025-01-28T15:31:52.125+0000] {dag.py:4180} INFO - Setting next_dagrun for example_branch_dop_operator_v3 to 2025-01-28 15:30:00+00:00, run_after=2025-01-28 15:31:00+00:00
[2025-01-28T15:31:52.161+0000] {processor.py:208} INFO - Processing /home/airflow/.local/lib/python3.12/site-packages/airflow/example_dags/example_branch_python_dop_operator_3.py took 0.154 seconds
[2025-01-28T16:33:25.342+0000] {processor.py:186} INFO - Started process (PID=92) to work on /home/airflow/.local/lib/python3.12/site-packages/airflow/example_dags/example_branch_python_dop_operator_3.py
[2025-01-28T16:33:25.343+0000] {processor.py:914} INFO - Processing file /home/airflow/.local/lib/python3.12/site-packages/airflow/example_dags/example_branch_python_dop_operator_3.py for tasks to queue
[2025-01-28T16:33:25.348+0000] {logging_mixin.py:190} INFO - [2025-01-28T16:33:25.347+0000] {dagbag.py:588} INFO - Filling up the DagBag from /home/airflow/.local/lib/python3.12/site-packages/airflow/example_dags/example_branch_python_dop_operator_3.py
[2025-01-28T16:33:25.362+0000] {processor.py:925} INFO - DAG(s) 'example_branch_dop_operator_v3' retrieved from /home/airflow/.local/lib/python3.12/site-packages/airflow/example_dags/example_branch_python_dop_operator_3.py
[2025-01-28T16:33:25.407+0000] {logging_mixin.py:190} INFO - [2025-01-28T16:33:25.407+0000] {dag.py:3239} INFO - Sync 1 DAGs
[2025-01-28T16:33:25.451+0000] {logging_mixin.py:190} INFO - [2025-01-28T16:33:25.451+0000] {dag.py:4180} INFO - Setting next_dagrun for example_branch_dop_operator_v3 to 2025-01-28 16:32:00+00:00, run_after=2025-01-28 16:33:00+00:00
[2025-01-28T16:33:25.484+0000] {processor.py:208} INFO - Processing /home/airflow/.local/lib/python3.12/site-packages/airflow/example_dags/example_branch_python_dop_operator_3.py took 0.149 seconds
[2025-01-28T16:33:56.537+0000] {processor.py:186} INFO - Started process (PID=155) to work on /home/airflow/.local/lib/python3.12/site-packages/airflow/example_dags/example_branch_python_dop_operator_3.py
[2025-01-28T16:33:56.539+0000] {processor.py:914} INFO - Processing file /home/airflow/.local/lib/python3.12/site-packages/airflow/example_dags/example_branch_python_dop_operator_3.py for tasks to queue
[2025-01-28T16:33:56.544+0000] {logging_mixin.py:190} INFO - [2025-01-28T16:33:56.543+0000] {dagbag.py:588} INFO - Filling up the DagBag from /home/airflow/.local/lib/python3.12/site-packages/airflow/example_dags/example_branch_python_dop_operator_3.py
[2025-01-28T16:33:56.565+0000] {processor.py:925} INFO - DAG(s) 'example_branch_dop_operator_v3' retrieved from /home/airflow/.local/lib/python3.12/site-packages/airflow/example_dags/example_branch_python_dop_operator_3.py
[2025-01-28T16:33:56.605+0000] {logging_mixin.py:190} INFO - [2025-01-28T16:33:56.605+0000] {dag.py:3239} INFO - Sync 1 DAGs
[2025-01-28T16:33:56.646+0000] {logging_mixin.py:190} INFO - [2025-01-28T16:33:56.646+0000] {dag.py:4180} INFO - Setting next_dagrun for example_branch_dop_operator_v3 to 2025-01-28 16:32:00+00:00, run_after=2025-01-28 16:33:00+00:00
[2025-01-28T16:33:56.679+0000] {processor.py:208} INFO - Processing /home/airflow/.local/lib/python3.12/site-packages/airflow/example_dags/example_branch_python_dop_operator_3.py took 0.156 seconds
[2025-01-28T16:34:26.815+0000] {processor.py:186} INFO - Started process (PID=218) to work on /home/airflow/.local/lib/python3.12/site-packages/airflow/example_dags/example_branch_python_dop_operator_3.py
[2025-01-28T16:34:26.817+0000] {processor.py:914} INFO - Processing file /home/airflow/.local/lib/python3.12/site-packages/airflow/example_dags/example_branch_python_dop_operator_3.py for tasks to queue
[2025-01-28T16:34:26.823+0000] {logging_mixin.py:190} INFO - [2025-01-28T16:34:26.822+0000] {dagbag.py:588} INFO - Filling up the DagBag from /home/airflow/.local/lib/python3.12/site-packages/airflow/example_dags/example_branch_python_dop_operator_3.py
[2025-01-28T16:34:26.850+0000] {processor.py:925} INFO - DAG(s) 'example_branch_dop_operator_v3' retrieved from /home/airflow/.local/lib/python3.12/site-packages/airflow/example_dags/example_branch_python_dop_operator_3.py
[2025-01-28T16:34:26.895+0000] {logging_mixin.py:190} INFO - [2025-01-28T16:34:26.894+0000] {dag.py:3239} INFO - Sync 1 DAGs
[2025-01-28T16:34:26.952+0000] {logging_mixin.py:190} INFO - [2025-01-28T16:34:26.952+0000] {dag.py:4180} INFO - Setting next_dagrun for example_branch_dop_operator_v3 to 2025-01-28 16:33:00+00:00, run_after=2025-01-28 16:34:00+00:00
[2025-01-28T16:34:26.989+0000] {processor.py:208} INFO - Processing /home/airflow/.local/lib/python3.12/site-packages/airflow/example_dags/example_branch_python_dop_operator_3.py took 0.188 seconds
[2025-01-28T16:34:57.064+0000] {processor.py:186} INFO - Started process (PID=280) to work on /home/airflow/.local/lib/python3.12/site-packages/airflow/example_dags/example_branch_python_dop_operator_3.py
[2025-01-28T16:34:57.066+0000] {processor.py:914} INFO - Processing file /home/airflow/.local/lib/python3.12/site-packages/airflow/example_dags/example_branch_python_dop_operator_3.py for tasks to queue
[2025-01-28T16:34:57.073+0000] {logging_mixin.py:190} INFO - [2025-01-28T16:34:57.072+0000] {dagbag.py:588} INFO - Filling up the DagBag from /home/airflow/.local/lib/python3.12/site-packages/airflow/example_dags/example_branch_python_dop_operator_3.py
[2025-01-28T16:34:57.091+0000] {processor.py:925} INFO - DAG(s) 'example_branch_dop_operator_v3' retrieved from /home/airflow/.local/lib/python3.12/site-packages/airflow/example_dags/example_branch_python_dop_operator_3.py
[2025-01-28T16:34:57.129+0000] {logging_mixin.py:190} INFO - [2025-01-28T16:34:57.128+0000] {dag.py:3239} INFO - Sync 1 DAGs
[2025-01-28T16:34:57.172+0000] {logging_mixin.py:190} INFO - [2025-01-28T16:34:57.171+0000] {dag.py:4180} INFO - Setting next_dagrun for example_branch_dop_operator_v3 to 2025-01-28 16:33:00+00:00, run_after=2025-01-28 16:34:00+00:00
[2025-01-28T16:34:57.211+0000] {processor.py:208} INFO - Processing /home/airflow/.local/lib/python3.12/site-packages/airflow/example_dags/example_branch_python_dop_operator_3.py took 0.161 seconds
[2025-01-28T16:35:27.433+0000] {processor.py:186} INFO - Started process (PID=343) to work on /home/airflow/.local/lib/python3.12/site-packages/airflow/example_dags/example_branch_python_dop_operator_3.py
[2025-01-28T16:35:27.435+0000] {processor.py:914} INFO - Processing file /home/airflow/.local/lib/python3.12/site-packages/airflow/example_dags/example_branch_python_dop_operator_3.py for tasks to queue
[2025-01-28T16:35:27.441+0000] {logging_mixin.py:190} INFO - [2025-01-28T16:35:27.440+0000] {dagbag.py:588} INFO - Filling up the DagBag from /home/airflow/.local/lib/python3.12/site-packages/airflow/example_dags/example_branch_python_dop_operator_3.py
[2025-01-28T16:35:27.465+0000] {processor.py:925} INFO - DAG(s) 'example_branch_dop_operator_v3' retrieved from /home/airflow/.local/lib/python3.12/site-packages/airflow/example_dags/example_branch_python_dop_operator_3.py
[2025-01-28T16:35:27.501+0000] {logging_mixin.py:190} INFO - [2025-01-28T16:35:27.500+0000] {dag.py:3239} INFO - Sync 1 DAGs
[2025-01-28T16:35:27.541+0000] {logging_mixin.py:190} INFO - [2025-01-28T16:35:27.541+0000] {dag.py:4180} INFO - Setting next_dagrun for example_branch_dop_operator_v3 to 2025-01-28 16:34:00+00:00, run_after=2025-01-28 16:35:00+00:00
[2025-01-28T16:35:27.578+0000] {processor.py:208} INFO - Processing /home/airflow/.local/lib/python3.12/site-packages/airflow/example_dags/example_branch_python_dop_operator_3.py took 0.157 seconds
[2025-01-28T16:35:58.001+0000] {processor.py:186} INFO - Started process (PID=406) to work on /home/airflow/.local/lib/python3.12/site-packages/airflow/example_dags/example_branch_python_dop_operator_3.py
[2025-01-28T16:35:58.004+0000] {processor.py:914} INFO - Processing file /home/airflow/.local/lib/python3.12/site-packages/airflow/example_dags/example_branch_python_dop_operator_3.py for tasks to queue
[2025-01-28T16:35:58.009+0000] {logging_mixin.py:190} INFO - [2025-01-28T16:35:58.008+0000] {dagbag.py:588} INFO - Filling up the DagBag from /home/airflow/.local/lib/python3.12/site-packages/airflow/example_dags/example_branch_python_dop_operator_3.py
[2025-01-28T16:35:58.025+0000] {processor.py:925} INFO - DAG(s) 'example_branch_dop_operator_v3' retrieved from /home/airflow/.local/lib/python3.12/site-packages/airflow/example_dags/example_branch_python_dop_operator_3.py
[2025-01-28T16:35:58.057+0000] {logging_mixin.py:190} INFO - [2025-01-28T16:35:58.057+0000] {dag.py:3239} INFO - Sync 1 DAGs
[2025-01-28T16:35:58.095+0000] {logging_mixin.py:190} INFO - [2025-01-28T16:35:58.095+0000] {dag.py:4180} INFO - Setting next_dagrun for example_branch_dop_operator_v3 to 2025-01-28 16:34:00+00:00, run_after=2025-01-28 16:35:00+00:00
[2025-01-28T16:35:58.127+0000] {processor.py:208} INFO - Processing /home/airflow/.local/lib/python3.12/site-packages/airflow/example_dags/example_branch_python_dop_operator_3.py took 0.138 seconds
