[2025-01-28T15:27:52.565+0000] {processor.py:186} INFO - Started process (PID=113) to work on /home/airflow/.local/lib/python3.12/site-packages/airflow/example_dags/example_kubernetes_executor.py
[2025-01-28T15:27:52.567+0000] {processor.py:914} INFO - Processing file /home/airflow/.local/lib/python3.12/site-packages/airflow/example_dags/example_kubernetes_executor.py for tasks to queue
[2025-01-28T15:27:52.571+0000] {logging_mixin.py:190} INFO - [2025-01-28T15:27:52.570+0000] {dagbag.py:588} INFO - Filling up the DagBag from /home/airflow/.local/lib/python3.12/site-packages/airflow/example_dags/example_kubernetes_executor.py
[2025-01-28T15:27:52.591+0000] {processor.py:925} INFO - DAG(s) 'example_kubernetes_executor' retrieved from /home/airflow/.local/lib/python3.12/site-packages/airflow/example_dags/example_kubernetes_executor.py
[2025-01-28T15:27:52.727+0000] {logging_mixin.py:190} INFO - [2025-01-28T15:27:52.726+0000] {override.py:1911} INFO - Created Permission View: can delete on DAG:example_kubernetes_executor
[2025-01-28T15:27:52.743+0000] {logging_mixin.py:190} INFO - [2025-01-28T15:27:52.742+0000] {override.py:1911} INFO - Created Permission View: can edit on DAG:example_kubernetes_executor
[2025-01-28T15:27:52.756+0000] {logging_mixin.py:190} INFO - [2025-01-28T15:27:52.755+0000] {override.py:1911} INFO - Created Permission View: can read on DAG:example_kubernetes_executor
[2025-01-28T15:27:52.774+0000] {logging_mixin.py:190} INFO - [2025-01-28T15:27:52.773+0000] {override.py:1911} INFO - Created Permission View: menu access on DAG Run:example_kubernetes_executor
[2025-01-28T15:27:52.785+0000] {logging_mixin.py:190} INFO - [2025-01-28T15:27:52.785+0000] {override.py:1911} INFO - Created Permission View: can delete on DAG Run:example_kubernetes_executor
[2025-01-28T15:27:52.797+0000] {logging_mixin.py:190} INFO - [2025-01-28T15:27:52.796+0000] {override.py:1911} INFO - Created Permission View: can create on DAG Run:example_kubernetes_executor
[2025-01-28T15:27:52.811+0000] {logging_mixin.py:190} INFO - [2025-01-28T15:27:52.810+0000] {override.py:1911} INFO - Created Permission View: can read on DAG Run:example_kubernetes_executor
[2025-01-28T15:27:52.812+0000] {logging_mixin.py:190} INFO - [2025-01-28T15:27:52.811+0000] {dag.py:3239} INFO - Sync 1 DAGs
[2025-01-28T15:27:52.830+0000] {logging_mixin.py:190} INFO - [2025-01-28T15:27:52.830+0000] {dag.py:3262} INFO - Creating ORM DAG for example_kubernetes_executor
[2025-01-28T15:27:52.831+0000] {logging_mixin.py:190} INFO - [2025-01-28T15:27:52.831+0000] {dag.py:4180} INFO - Setting next_dagrun for example_kubernetes_executor to None, run_after=None
[2025-01-28T15:27:52.857+0000] {processor.py:208} INFO - Processing /home/airflow/.local/lib/python3.12/site-packages/airflow/example_dags/example_kubernetes_executor.py took 0.299 seconds
[2025-01-28T15:28:23.866+0000] {processor.py:186} INFO - Started process (PID=176) to work on /home/airflow/.local/lib/python3.12/site-packages/airflow/example_dags/example_kubernetes_executor.py
[2025-01-28T15:28:23.868+0000] {processor.py:914} INFO - Processing file /home/airflow/.local/lib/python3.12/site-packages/airflow/example_dags/example_kubernetes_executor.py for tasks to queue
[2025-01-28T15:28:23.873+0000] {logging_mixin.py:190} INFO - [2025-01-28T15:28:23.872+0000] {dagbag.py:588} INFO - Filling up the DagBag from /home/airflow/.local/lib/python3.12/site-packages/airflow/example_dags/example_kubernetes_executor.py
[2025-01-28T15:28:23.892+0000] {processor.py:925} INFO - DAG(s) 'example_kubernetes_executor' retrieved from /home/airflow/.local/lib/python3.12/site-packages/airflow/example_dags/example_kubernetes_executor.py
[2025-01-28T15:28:23.930+0000] {logging_mixin.py:190} INFO - [2025-01-28T15:28:23.930+0000] {dag.py:3239} INFO - Sync 1 DAGs
[2025-01-28T15:28:23.951+0000] {logging_mixin.py:190} INFO - [2025-01-28T15:28:23.951+0000] {dag.py:4180} INFO - Setting next_dagrun for example_kubernetes_executor to None, run_after=None
[2025-01-28T15:28:24.002+0000] {processor.py:208} INFO - Processing /home/airflow/.local/lib/python3.12/site-packages/airflow/example_dags/example_kubernetes_executor.py took 0.152 seconds
[2025-01-28T15:28:54.128+0000] {processor.py:186} INFO - Started process (PID=238) to work on /home/airflow/.local/lib/python3.12/site-packages/airflow/example_dags/example_kubernetes_executor.py
[2025-01-28T15:28:54.131+0000] {processor.py:914} INFO - Processing file /home/airflow/.local/lib/python3.12/site-packages/airflow/example_dags/example_kubernetes_executor.py for tasks to queue
[2025-01-28T15:28:54.135+0000] {logging_mixin.py:190} INFO - [2025-01-28T15:28:54.135+0000] {dagbag.py:588} INFO - Filling up the DagBag from /home/airflow/.local/lib/python3.12/site-packages/airflow/example_dags/example_kubernetes_executor.py
[2025-01-28T15:28:54.158+0000] {processor.py:925} INFO - DAG(s) 'example_kubernetes_executor' retrieved from /home/airflow/.local/lib/python3.12/site-packages/airflow/example_dags/example_kubernetes_executor.py
[2025-01-28T15:28:54.205+0000] {logging_mixin.py:190} INFO - [2025-01-28T15:28:54.205+0000] {dag.py:3239} INFO - Sync 1 DAGs
[2025-01-28T15:28:54.228+0000] {logging_mixin.py:190} INFO - [2025-01-28T15:28:54.228+0000] {dag.py:4180} INFO - Setting next_dagrun for example_kubernetes_executor to None, run_after=None
[2025-01-28T15:28:54.272+0000] {processor.py:208} INFO - Processing /home/airflow/.local/lib/python3.12/site-packages/airflow/example_dags/example_kubernetes_executor.py took 0.154 seconds
[2025-01-28T15:29:25.321+0000] {processor.py:186} INFO - Started process (PID=301) to work on /home/airflow/.local/lib/python3.12/site-packages/airflow/example_dags/example_kubernetes_executor.py
[2025-01-28T15:29:25.323+0000] {processor.py:914} INFO - Processing file /home/airflow/.local/lib/python3.12/site-packages/airflow/example_dags/example_kubernetes_executor.py for tasks to queue
[2025-01-28T15:29:25.328+0000] {logging_mixin.py:190} INFO - [2025-01-28T15:29:25.327+0000] {dagbag.py:588} INFO - Filling up the DagBag from /home/airflow/.local/lib/python3.12/site-packages/airflow/example_dags/example_kubernetes_executor.py
[2025-01-28T15:29:25.348+0000] {processor.py:925} INFO - DAG(s) 'example_kubernetes_executor' retrieved from /home/airflow/.local/lib/python3.12/site-packages/airflow/example_dags/example_kubernetes_executor.py
[2025-01-28T15:29:25.390+0000] {logging_mixin.py:190} INFO - [2025-01-28T15:29:25.390+0000] {dag.py:3239} INFO - Sync 1 DAGs
[2025-01-28T15:29:25.412+0000] {logging_mixin.py:190} INFO - [2025-01-28T15:29:25.411+0000] {dag.py:4180} INFO - Setting next_dagrun for example_kubernetes_executor to None, run_after=None
[2025-01-28T15:29:25.444+0000] {processor.py:208} INFO - Processing /home/airflow/.local/lib/python3.12/site-packages/airflow/example_dags/example_kubernetes_executor.py took 0.139 seconds
[2025-01-28T15:29:55.743+0000] {processor.py:186} INFO - Started process (PID=363) to work on /home/airflow/.local/lib/python3.12/site-packages/airflow/example_dags/example_kubernetes_executor.py
[2025-01-28T15:29:55.746+0000] {processor.py:914} INFO - Processing file /home/airflow/.local/lib/python3.12/site-packages/airflow/example_dags/example_kubernetes_executor.py for tasks to queue
[2025-01-28T15:29:55.753+0000] {logging_mixin.py:190} INFO - [2025-01-28T15:29:55.752+0000] {dagbag.py:588} INFO - Filling up the DagBag from /home/airflow/.local/lib/python3.12/site-packages/airflow/example_dags/example_kubernetes_executor.py
[2025-01-28T15:29:55.782+0000] {processor.py:925} INFO - DAG(s) 'example_kubernetes_executor' retrieved from /home/airflow/.local/lib/python3.12/site-packages/airflow/example_dags/example_kubernetes_executor.py
[2025-01-28T15:29:55.833+0000] {logging_mixin.py:190} INFO - [2025-01-28T15:29:55.833+0000] {dag.py:3239} INFO - Sync 1 DAGs
[2025-01-28T15:29:55.861+0000] {logging_mixin.py:190} INFO - [2025-01-28T15:29:55.861+0000] {dag.py:4180} INFO - Setting next_dagrun for example_kubernetes_executor to None, run_after=None
[2025-01-28T15:29:55.900+0000] {processor.py:208} INFO - Processing /home/airflow/.local/lib/python3.12/site-packages/airflow/example_dags/example_kubernetes_executor.py took 0.171 seconds
[2025-01-28T15:30:26.041+0000] {processor.py:186} INFO - Started process (PID=425) to work on /home/airflow/.local/lib/python3.12/site-packages/airflow/example_dags/example_kubernetes_executor.py
[2025-01-28T15:30:26.044+0000] {processor.py:914} INFO - Processing file /home/airflow/.local/lib/python3.12/site-packages/airflow/example_dags/example_kubernetes_executor.py for tasks to queue
[2025-01-28T15:30:26.050+0000] {logging_mixin.py:190} INFO - [2025-01-28T15:30:26.049+0000] {dagbag.py:588} INFO - Filling up the DagBag from /home/airflow/.local/lib/python3.12/site-packages/airflow/example_dags/example_kubernetes_executor.py
[2025-01-28T15:30:26.085+0000] {processor.py:925} INFO - DAG(s) 'example_kubernetes_executor' retrieved from /home/airflow/.local/lib/python3.12/site-packages/airflow/example_dags/example_kubernetes_executor.py
[2025-01-28T15:30:26.127+0000] {logging_mixin.py:190} INFO - [2025-01-28T15:30:26.127+0000] {dag.py:3239} INFO - Sync 1 DAGs
[2025-01-28T15:30:26.152+0000] {logging_mixin.py:190} INFO - [2025-01-28T15:30:26.151+0000] {dag.py:4180} INFO - Setting next_dagrun for example_kubernetes_executor to None, run_after=None
[2025-01-28T15:30:26.188+0000] {processor.py:208} INFO - Processing /home/airflow/.local/lib/python3.12/site-packages/airflow/example_dags/example_kubernetes_executor.py took 0.160 seconds
[2025-01-28T15:30:56.352+0000] {processor.py:186} INFO - Started process (PID=488) to work on /home/airflow/.local/lib/python3.12/site-packages/airflow/example_dags/example_kubernetes_executor.py
[2025-01-28T15:30:56.355+0000] {processor.py:914} INFO - Processing file /home/airflow/.local/lib/python3.12/site-packages/airflow/example_dags/example_kubernetes_executor.py for tasks to queue
[2025-01-28T15:30:56.362+0000] {logging_mixin.py:190} INFO - [2025-01-28T15:30:56.361+0000] {dagbag.py:588} INFO - Filling up the DagBag from /home/airflow/.local/lib/python3.12/site-packages/airflow/example_dags/example_kubernetes_executor.py
[2025-01-28T15:30:56.396+0000] {processor.py:925} INFO - DAG(s) 'example_kubernetes_executor' retrieved from /home/airflow/.local/lib/python3.12/site-packages/airflow/example_dags/example_kubernetes_executor.py
[2025-01-28T15:30:56.446+0000] {logging_mixin.py:190} INFO - [2025-01-28T15:30:56.445+0000] {dag.py:3239} INFO - Sync 1 DAGs
[2025-01-28T15:30:56.472+0000] {logging_mixin.py:190} INFO - [2025-01-28T15:30:56.472+0000] {dag.py:4180} INFO - Setting next_dagrun for example_kubernetes_executor to None, run_after=None
[2025-01-28T15:30:56.515+0000] {processor.py:208} INFO - Processing /home/airflow/.local/lib/python3.12/site-packages/airflow/example_dags/example_kubernetes_executor.py took 0.180 seconds
[2025-01-28T15:31:26.693+0000] {processor.py:186} INFO - Started process (PID=551) to work on /home/airflow/.local/lib/python3.12/site-packages/airflow/example_dags/example_kubernetes_executor.py
[2025-01-28T15:31:26.695+0000] {processor.py:914} INFO - Processing file /home/airflow/.local/lib/python3.12/site-packages/airflow/example_dags/example_kubernetes_executor.py for tasks to queue
[2025-01-28T15:31:26.701+0000] {logging_mixin.py:190} INFO - [2025-01-28T15:31:26.700+0000] {dagbag.py:588} INFO - Filling up the DagBag from /home/airflow/.local/lib/python3.12/site-packages/airflow/example_dags/example_kubernetes_executor.py
[2025-01-28T15:31:26.723+0000] {processor.py:925} INFO - DAG(s) 'example_kubernetes_executor' retrieved from /home/airflow/.local/lib/python3.12/site-packages/airflow/example_dags/example_kubernetes_executor.py
[2025-01-28T15:31:26.769+0000] {logging_mixin.py:190} INFO - [2025-01-28T15:31:26.768+0000] {dag.py:3239} INFO - Sync 1 DAGs
[2025-01-28T15:31:26.793+0000] {logging_mixin.py:190} INFO - [2025-01-28T15:31:26.793+0000] {dag.py:4180} INFO - Setting next_dagrun for example_kubernetes_executor to None, run_after=None
[2025-01-28T15:31:26.833+0000] {processor.py:208} INFO - Processing /home/airflow/.local/lib/python3.12/site-packages/airflow/example_dags/example_kubernetes_executor.py took 0.155 seconds
[2025-01-28T15:31:56.936+0000] {processor.py:186} INFO - Started process (PID=613) to work on /home/airflow/.local/lib/python3.12/site-packages/airflow/example_dags/example_kubernetes_executor.py
[2025-01-28T15:31:56.939+0000] {processor.py:914} INFO - Processing file /home/airflow/.local/lib/python3.12/site-packages/airflow/example_dags/example_kubernetes_executor.py for tasks to queue
[2025-01-28T15:31:56.945+0000] {logging_mixin.py:190} INFO - [2025-01-28T15:31:56.944+0000] {dagbag.py:588} INFO - Filling up the DagBag from /home/airflow/.local/lib/python3.12/site-packages/airflow/example_dags/example_kubernetes_executor.py
[2025-01-28T15:31:56.982+0000] {processor.py:925} INFO - DAG(s) 'example_kubernetes_executor' retrieved from /home/airflow/.local/lib/python3.12/site-packages/airflow/example_dags/example_kubernetes_executor.py
[2025-01-28T15:31:57.057+0000] {logging_mixin.py:190} INFO - [2025-01-28T15:31:57.056+0000] {dag.py:3239} INFO - Sync 1 DAGs
[2025-01-28T15:31:57.092+0000] {logging_mixin.py:190} INFO - [2025-01-28T15:31:57.091+0000] {dag.py:4180} INFO - Setting next_dagrun for example_kubernetes_executor to None, run_after=None
[2025-01-28T15:31:57.134+0000] {processor.py:208} INFO - Processing /home/airflow/.local/lib/python3.12/site-packages/airflow/example_dags/example_kubernetes_executor.py took 0.211 seconds
[2025-01-28T16:33:28.473+0000] {processor.py:186} INFO - Started process (PID=108) to work on /home/airflow/.local/lib/python3.12/site-packages/airflow/example_dags/example_kubernetes_executor.py
[2025-01-28T16:33:28.475+0000] {processor.py:914} INFO - Processing file /home/airflow/.local/lib/python3.12/site-packages/airflow/example_dags/example_kubernetes_executor.py for tasks to queue
[2025-01-28T16:33:28.478+0000] {logging_mixin.py:190} INFO - [2025-01-28T16:33:28.477+0000] {dagbag.py:588} INFO - Filling up the DagBag from /home/airflow/.local/lib/python3.12/site-packages/airflow/example_dags/example_kubernetes_executor.py
[2025-01-28T16:33:28.499+0000] {processor.py:925} INFO - DAG(s) 'example_kubernetes_executor' retrieved from /home/airflow/.local/lib/python3.12/site-packages/airflow/example_dags/example_kubernetes_executor.py
[2025-01-28T16:33:28.537+0000] {logging_mixin.py:190} INFO - [2025-01-28T16:33:28.536+0000] {dag.py:3239} INFO - Sync 1 DAGs
[2025-01-28T16:33:28.556+0000] {logging_mixin.py:190} INFO - [2025-01-28T16:33:28.555+0000] {dag.py:4180} INFO - Setting next_dagrun for example_kubernetes_executor to None, run_after=None
[2025-01-28T16:33:28.587+0000] {processor.py:208} INFO - Processing /home/airflow/.local/lib/python3.12/site-packages/airflow/example_dags/example_kubernetes_executor.py took 0.123 seconds
[2025-01-28T16:34:00.067+0000] {processor.py:186} INFO - Started process (PID=170) to work on /home/airflow/.local/lib/python3.12/site-packages/airflow/example_dags/example_kubernetes_executor.py
[2025-01-28T16:34:00.068+0000] {processor.py:914} INFO - Processing file /home/airflow/.local/lib/python3.12/site-packages/airflow/example_dags/example_kubernetes_executor.py for tasks to queue
[2025-01-28T16:34:00.073+0000] {logging_mixin.py:190} INFO - [2025-01-28T16:34:00.073+0000] {dagbag.py:588} INFO - Filling up the DagBag from /home/airflow/.local/lib/python3.12/site-packages/airflow/example_dags/example_kubernetes_executor.py
[2025-01-28T16:34:00.101+0000] {processor.py:925} INFO - DAG(s) 'example_kubernetes_executor' retrieved from /home/airflow/.local/lib/python3.12/site-packages/airflow/example_dags/example_kubernetes_executor.py
[2025-01-28T16:34:00.142+0000] {logging_mixin.py:190} INFO - [2025-01-28T16:34:00.142+0000] {dag.py:3239} INFO - Sync 1 DAGs
[2025-01-28T16:34:00.167+0000] {logging_mixin.py:190} INFO - [2025-01-28T16:34:00.167+0000] {dag.py:4180} INFO - Setting next_dagrun for example_kubernetes_executor to None, run_after=None
[2025-01-28T16:34:00.208+0000] {processor.py:208} INFO - Processing /home/airflow/.local/lib/python3.12/site-packages/airflow/example_dags/example_kubernetes_executor.py took 0.150 seconds
[2025-01-28T16:34:31.513+0000] {processor.py:186} INFO - Started process (PID=233) to work on /home/airflow/.local/lib/python3.12/site-packages/airflow/example_dags/example_kubernetes_executor.py
[2025-01-28T16:34:31.515+0000] {processor.py:914} INFO - Processing file /home/airflow/.local/lib/python3.12/site-packages/airflow/example_dags/example_kubernetes_executor.py for tasks to queue
[2025-01-28T16:34:31.522+0000] {logging_mixin.py:190} INFO - [2025-01-28T16:34:31.521+0000] {dagbag.py:588} INFO - Filling up the DagBag from /home/airflow/.local/lib/python3.12/site-packages/airflow/example_dags/example_kubernetes_executor.py
[2025-01-28T16:34:31.562+0000] {processor.py:925} INFO - DAG(s) 'example_kubernetes_executor' retrieved from /home/airflow/.local/lib/python3.12/site-packages/airflow/example_dags/example_kubernetes_executor.py
[2025-01-28T16:34:31.602+0000] {logging_mixin.py:190} INFO - [2025-01-28T16:34:31.602+0000] {dag.py:3239} INFO - Sync 1 DAGs
[2025-01-28T16:34:31.625+0000] {logging_mixin.py:190} INFO - [2025-01-28T16:34:31.625+0000] {dag.py:4180} INFO - Setting next_dagrun for example_kubernetes_executor to None, run_after=None
[2025-01-28T16:34:31.668+0000] {processor.py:208} INFO - Processing /home/airflow/.local/lib/python3.12/site-packages/airflow/example_dags/example_kubernetes_executor.py took 0.166 seconds
[2025-01-28T16:35:03.255+0000] {processor.py:186} INFO - Started process (PID=296) to work on /home/airflow/.local/lib/python3.12/site-packages/airflow/example_dags/example_kubernetes_executor.py
[2025-01-28T16:35:03.258+0000] {processor.py:914} INFO - Processing file /home/airflow/.local/lib/python3.12/site-packages/airflow/example_dags/example_kubernetes_executor.py for tasks to queue
[2025-01-28T16:35:03.265+0000] {logging_mixin.py:190} INFO - [2025-01-28T16:35:03.263+0000] {dagbag.py:588} INFO - Filling up the DagBag from /home/airflow/.local/lib/python3.12/site-packages/airflow/example_dags/example_kubernetes_executor.py
[2025-01-28T16:35:03.290+0000] {processor.py:925} INFO - DAG(s) 'example_kubernetes_executor' retrieved from /home/airflow/.local/lib/python3.12/site-packages/airflow/example_dags/example_kubernetes_executor.py
[2025-01-28T16:35:03.337+0000] {logging_mixin.py:190} INFO - [2025-01-28T16:35:03.336+0000] {dag.py:3239} INFO - Sync 1 DAGs
[2025-01-28T16:35:03.366+0000] {logging_mixin.py:190} INFO - [2025-01-28T16:35:03.366+0000] {dag.py:4180} INFO - Setting next_dagrun for example_kubernetes_executor to None, run_after=None
[2025-01-28T16:35:03.403+0000] {processor.py:208} INFO - Processing /home/airflow/.local/lib/python3.12/site-packages/airflow/example_dags/example_kubernetes_executor.py took 0.161 seconds
[2025-01-28T16:35:34.381+0000] {processor.py:186} INFO - Started process (PID=359) to work on /home/airflow/.local/lib/python3.12/site-packages/airflow/example_dags/example_kubernetes_executor.py
[2025-01-28T16:35:34.383+0000] {processor.py:914} INFO - Processing file /home/airflow/.local/lib/python3.12/site-packages/airflow/example_dags/example_kubernetes_executor.py for tasks to queue
[2025-01-28T16:35:34.389+0000] {logging_mixin.py:190} INFO - [2025-01-28T16:35:34.388+0000] {dagbag.py:588} INFO - Filling up the DagBag from /home/airflow/.local/lib/python3.12/site-packages/airflow/example_dags/example_kubernetes_executor.py
[2025-01-28T16:35:34.417+0000] {processor.py:925} INFO - DAG(s) 'example_kubernetes_executor' retrieved from /home/airflow/.local/lib/python3.12/site-packages/airflow/example_dags/example_kubernetes_executor.py
[2025-01-28T16:35:34.468+0000] {logging_mixin.py:190} INFO - [2025-01-28T16:35:34.467+0000] {dag.py:3239} INFO - Sync 1 DAGs
[2025-01-28T16:35:34.495+0000] {logging_mixin.py:190} INFO - [2025-01-28T16:35:34.495+0000] {dag.py:4180} INFO - Setting next_dagrun for example_kubernetes_executor to None, run_after=None
[2025-01-28T16:35:34.537+0000] {processor.py:208} INFO - Processing /home/airflow/.local/lib/python3.12/site-packages/airflow/example_dags/example_kubernetes_executor.py took 0.169 seconds
[2025-01-28T16:36:04.820+0000] {processor.py:186} INFO - Started process (PID=421) to work on /home/airflow/.local/lib/python3.12/site-packages/airflow/example_dags/example_kubernetes_executor.py
[2025-01-28T16:36:04.822+0000] {processor.py:914} INFO - Processing file /home/airflow/.local/lib/python3.12/site-packages/airflow/example_dags/example_kubernetes_executor.py for tasks to queue
[2025-01-28T16:36:04.826+0000] {logging_mixin.py:190} INFO - [2025-01-28T16:36:04.825+0000] {dagbag.py:588} INFO - Filling up the DagBag from /home/airflow/.local/lib/python3.12/site-packages/airflow/example_dags/example_kubernetes_executor.py
[2025-01-28T16:36:04.850+0000] {processor.py:925} INFO - DAG(s) 'example_kubernetes_executor' retrieved from /home/airflow/.local/lib/python3.12/site-packages/airflow/example_dags/example_kubernetes_executor.py
[2025-01-28T16:36:04.898+0000] {logging_mixin.py:190} INFO - [2025-01-28T16:36:04.897+0000] {dag.py:3239} INFO - Sync 1 DAGs
[2025-01-28T16:36:04.922+0000] {logging_mixin.py:190} INFO - [2025-01-28T16:36:04.921+0000] {dag.py:4180} INFO - Setting next_dagrun for example_kubernetes_executor to None, run_after=None
[2025-01-28T16:36:04.961+0000] {processor.py:208} INFO - Processing /home/airflow/.local/lib/python3.12/site-packages/airflow/example_dags/example_kubernetes_executor.py took 0.156 seconds
