[2025-01-28T15:27:54.788+0000] {processor.py:186} INFO - Started process (PID=124) to work on /home/airflow/.local/lib/python3.12/site-packages/airflow/example_dags/example_bash_decorator.py
[2025-01-28T15:27:54.789+0000] {processor.py:914} INFO - Processing file /home/airflow/.local/lib/python3.12/site-packages/airflow/example_dags/example_bash_decorator.py for tasks to queue
[2025-01-28T15:27:54.793+0000] {logging_mixin.py:190} INFO - [2025-01-28T15:27:54.792+0000] {dagbag.py:588} INFO - Filling up the DagBag from /home/airflow/.local/lib/python3.12/site-packages/airflow/example_dags/example_bash_decorator.py
[2025-01-28T15:27:54.810+0000] {processor.py:925} INFO - DAG(s) 'example_bash_decorator' retrieved from /home/airflow/.local/lib/python3.12/site-packages/airflow/example_dags/example_bash_decorator.py
[2025-01-28T15:27:54.931+0000] {logging_mixin.py:190} INFO - [2025-01-28T15:27:54.930+0000] {override.py:1911} INFO - Created Permission View: can delete on DAG:example_bash_decorator
[2025-01-28T15:27:54.947+0000] {logging_mixin.py:190} INFO - [2025-01-28T15:27:54.946+0000] {override.py:1911} INFO - Created Permission View: can edit on DAG:example_bash_decorator
[2025-01-28T15:27:54.959+0000] {logging_mixin.py:190} INFO - [2025-01-28T15:27:54.958+0000] {override.py:1911} INFO - Created Permission View: can read on DAG:example_bash_decorator
[2025-01-28T15:27:54.976+0000] {logging_mixin.py:190} INFO - [2025-01-28T15:27:54.975+0000] {override.py:1911} INFO - Created Permission View: menu access on DAG Run:example_bash_decorator
[2025-01-28T15:27:54.986+0000] {logging_mixin.py:190} INFO - [2025-01-28T15:27:54.985+0000] {override.py:1911} INFO - Created Permission View: can delete on DAG Run:example_bash_decorator
[2025-01-28T15:27:55.001+0000] {logging_mixin.py:190} INFO - [2025-01-28T15:27:55.001+0000] {override.py:1911} INFO - Created Permission View: can create on DAG Run:example_bash_decorator
[2025-01-28T15:27:55.017+0000] {logging_mixin.py:190} INFO - [2025-01-28T15:27:55.017+0000] {override.py:1911} INFO - Created Permission View: can read on DAG Run:example_bash_decorator
[2025-01-28T15:27:55.020+0000] {logging_mixin.py:190} INFO - [2025-01-28T15:27:55.020+0000] {dag.py:3239} INFO - Sync 1 DAGs
[2025-01-28T15:27:55.041+0000] {logging_mixin.py:190} INFO - [2025-01-28T15:27:55.041+0000] {dag.py:3262} INFO - Creating ORM DAG for example_bash_decorator
[2025-01-28T15:27:55.042+0000] {logging_mixin.py:190} INFO - [2025-01-28T15:27:55.042+0000] {dag.py:4180} INFO - Setting next_dagrun for example_bash_decorator to None, run_after=None
[2025-01-28T15:27:55.066+0000] {processor.py:208} INFO - Processing /home/airflow/.local/lib/python3.12/site-packages/airflow/example_dags/example_bash_decorator.py took 0.284 seconds
[2025-01-28T15:28:25.319+0000] {processor.py:186} INFO - Started process (PID=187) to work on /home/airflow/.local/lib/python3.12/site-packages/airflow/example_dags/example_bash_decorator.py
[2025-01-28T15:28:25.321+0000] {processor.py:914} INFO - Processing file /home/airflow/.local/lib/python3.12/site-packages/airflow/example_dags/example_bash_decorator.py for tasks to queue
[2025-01-28T15:28:25.325+0000] {logging_mixin.py:190} INFO - [2025-01-28T15:28:25.325+0000] {dagbag.py:588} INFO - Filling up the DagBag from /home/airflow/.local/lib/python3.12/site-packages/airflow/example_dags/example_bash_decorator.py
[2025-01-28T15:28:25.353+0000] {processor.py:925} INFO - DAG(s) 'example_bash_decorator' retrieved from /home/airflow/.local/lib/python3.12/site-packages/airflow/example_dags/example_bash_decorator.py
[2025-01-28T15:28:25.394+0000] {logging_mixin.py:190} INFO - [2025-01-28T15:28:25.394+0000] {dag.py:3239} INFO - Sync 1 DAGs
[2025-01-28T15:28:25.417+0000] {logging_mixin.py:190} INFO - [2025-01-28T15:28:25.417+0000] {dag.py:4180} INFO - Setting next_dagrun for example_bash_decorator to None, run_after=None
[2025-01-28T15:28:25.453+0000] {processor.py:208} INFO - Processing /home/airflow/.local/lib/python3.12/site-packages/airflow/example_dags/example_bash_decorator.py took 0.143 seconds
[2025-01-28T15:28:56.134+0000] {processor.py:186} INFO - Started process (PID=250) to work on /home/airflow/.local/lib/python3.12/site-packages/airflow/example_dags/example_bash_decorator.py
[2025-01-28T15:28:56.137+0000] {processor.py:914} INFO - Processing file /home/airflow/.local/lib/python3.12/site-packages/airflow/example_dags/example_bash_decorator.py for tasks to queue
[2025-01-28T15:28:56.143+0000] {logging_mixin.py:190} INFO - [2025-01-28T15:28:56.142+0000] {dagbag.py:588} INFO - Filling up the DagBag from /home/airflow/.local/lib/python3.12/site-packages/airflow/example_dags/example_bash_decorator.py
[2025-01-28T15:28:56.172+0000] {processor.py:925} INFO - DAG(s) 'example_bash_decorator' retrieved from /home/airflow/.local/lib/python3.12/site-packages/airflow/example_dags/example_bash_decorator.py
[2025-01-28T15:28:56.213+0000] {logging_mixin.py:190} INFO - [2025-01-28T15:28:56.212+0000] {dag.py:3239} INFO - Sync 1 DAGs
[2025-01-28T15:28:56.238+0000] {logging_mixin.py:190} INFO - [2025-01-28T15:28:56.237+0000] {dag.py:4180} INFO - Setting next_dagrun for example_bash_decorator to None, run_after=None
[2025-01-28T15:28:56.295+0000] {processor.py:208} INFO - Processing /home/airflow/.local/lib/python3.12/site-packages/airflow/example_dags/example_bash_decorator.py took 0.178 seconds
[2025-01-28T15:29:27.365+0000] {processor.py:186} INFO - Started process (PID=313) to work on /home/airflow/.local/lib/python3.12/site-packages/airflow/example_dags/example_bash_decorator.py
[2025-01-28T15:29:27.367+0000] {processor.py:914} INFO - Processing file /home/airflow/.local/lib/python3.12/site-packages/airflow/example_dags/example_bash_decorator.py for tasks to queue
[2025-01-28T15:29:27.373+0000] {logging_mixin.py:190} INFO - [2025-01-28T15:29:27.372+0000] {dagbag.py:588} INFO - Filling up the DagBag from /home/airflow/.local/lib/python3.12/site-packages/airflow/example_dags/example_bash_decorator.py
[2025-01-28T15:29:27.401+0000] {processor.py:925} INFO - DAG(s) 'example_bash_decorator' retrieved from /home/airflow/.local/lib/python3.12/site-packages/airflow/example_dags/example_bash_decorator.py
[2025-01-28T15:29:27.440+0000] {logging_mixin.py:190} INFO - [2025-01-28T15:29:27.440+0000] {dag.py:3239} INFO - Sync 1 DAGs
[2025-01-28T15:29:27.463+0000] {logging_mixin.py:190} INFO - [2025-01-28T15:29:27.462+0000] {dag.py:4180} INFO - Setting next_dagrun for example_bash_decorator to None, run_after=None
[2025-01-28T15:29:27.495+0000] {processor.py:208} INFO - Processing /home/airflow/.local/lib/python3.12/site-packages/airflow/example_dags/example_bash_decorator.py took 0.145 seconds
[2025-01-28T15:29:58.922+0000] {processor.py:186} INFO - Started process (PID=376) to work on /home/airflow/.local/lib/python3.12/site-packages/airflow/example_dags/example_bash_decorator.py
[2025-01-28T15:29:58.923+0000] {processor.py:914} INFO - Processing file /home/airflow/.local/lib/python3.12/site-packages/airflow/example_dags/example_bash_decorator.py for tasks to queue
[2025-01-28T15:29:58.928+0000] {logging_mixin.py:190} INFO - [2025-01-28T15:29:58.927+0000] {dagbag.py:588} INFO - Filling up the DagBag from /home/airflow/.local/lib/python3.12/site-packages/airflow/example_dags/example_bash_decorator.py
[2025-01-28T15:29:58.957+0000] {processor.py:925} INFO - DAG(s) 'example_bash_decorator' retrieved from /home/airflow/.local/lib/python3.12/site-packages/airflow/example_dags/example_bash_decorator.py
[2025-01-28T15:29:58.996+0000] {logging_mixin.py:190} INFO - [2025-01-28T15:29:58.996+0000] {dag.py:3239} INFO - Sync 1 DAGs
[2025-01-28T15:29:59.019+0000] {logging_mixin.py:190} INFO - [2025-01-28T15:29:59.019+0000] {dag.py:4180} INFO - Setting next_dagrun for example_bash_decorator to None, run_after=None
[2025-01-28T15:29:59.051+0000] {processor.py:208} INFO - Processing /home/airflow/.local/lib/python3.12/site-packages/airflow/example_dags/example_bash_decorator.py took 0.138 seconds
[2025-01-28T15:30:30.206+0000] {processor.py:186} INFO - Started process (PID=439) to work on /home/airflow/.local/lib/python3.12/site-packages/airflow/example_dags/example_bash_decorator.py
[2025-01-28T15:30:30.208+0000] {processor.py:914} INFO - Processing file /home/airflow/.local/lib/python3.12/site-packages/airflow/example_dags/example_bash_decorator.py for tasks to queue
[2025-01-28T15:30:30.216+0000] {logging_mixin.py:190} INFO - [2025-01-28T15:30:30.214+0000] {dagbag.py:588} INFO - Filling up the DagBag from /home/airflow/.local/lib/python3.12/site-packages/airflow/example_dags/example_bash_decorator.py
[2025-01-28T15:30:30.237+0000] {processor.py:925} INFO - DAG(s) 'example_bash_decorator' retrieved from /home/airflow/.local/lib/python3.12/site-packages/airflow/example_dags/example_bash_decorator.py
[2025-01-28T15:30:30.277+0000] {logging_mixin.py:190} INFO - [2025-01-28T15:30:30.276+0000] {dag.py:3239} INFO - Sync 1 DAGs
[2025-01-28T15:30:30.301+0000] {logging_mixin.py:190} INFO - [2025-01-28T15:30:30.301+0000] {dag.py:4180} INFO - Setting next_dagrun for example_bash_decorator to None, run_after=None
[2025-01-28T15:30:30.335+0000] {processor.py:208} INFO - Processing /home/airflow/.local/lib/python3.12/site-packages/airflow/example_dags/example_bash_decorator.py took 0.143 seconds
[2025-01-28T15:31:01.656+0000] {processor.py:186} INFO - Started process (PID=502) to work on /home/airflow/.local/lib/python3.12/site-packages/airflow/example_dags/example_bash_decorator.py
[2025-01-28T15:31:01.658+0000] {processor.py:914} INFO - Processing file /home/airflow/.local/lib/python3.12/site-packages/airflow/example_dags/example_bash_decorator.py for tasks to queue
[2025-01-28T15:31:01.662+0000] {logging_mixin.py:190} INFO - [2025-01-28T15:31:01.661+0000] {dagbag.py:588} INFO - Filling up the DagBag from /home/airflow/.local/lib/python3.12/site-packages/airflow/example_dags/example_bash_decorator.py
[2025-01-28T15:31:01.684+0000] {processor.py:925} INFO - DAG(s) 'example_bash_decorator' retrieved from /home/airflow/.local/lib/python3.12/site-packages/airflow/example_dags/example_bash_decorator.py
[2025-01-28T15:31:01.717+0000] {logging_mixin.py:190} INFO - [2025-01-28T15:31:01.717+0000] {dag.py:3239} INFO - Sync 1 DAGs
[2025-01-28T15:31:01.737+0000] {logging_mixin.py:190} INFO - [2025-01-28T15:31:01.737+0000] {dag.py:4180} INFO - Setting next_dagrun for example_bash_decorator to None, run_after=None
[2025-01-28T15:31:01.765+0000] {processor.py:208} INFO - Processing /home/airflow/.local/lib/python3.12/site-packages/airflow/example_dags/example_bash_decorator.py took 0.124 seconds
[2025-01-28T15:31:32.861+0000] {processor.py:186} INFO - Started process (PID=565) to work on /home/airflow/.local/lib/python3.12/site-packages/airflow/example_dags/example_bash_decorator.py
[2025-01-28T15:31:32.863+0000] {processor.py:914} INFO - Processing file /home/airflow/.local/lib/python3.12/site-packages/airflow/example_dags/example_bash_decorator.py for tasks to queue
[2025-01-28T15:31:32.867+0000] {logging_mixin.py:190} INFO - [2025-01-28T15:31:32.867+0000] {dagbag.py:588} INFO - Filling up the DagBag from /home/airflow/.local/lib/python3.12/site-packages/airflow/example_dags/example_bash_decorator.py
[2025-01-28T15:31:32.892+0000] {processor.py:925} INFO - DAG(s) 'example_bash_decorator' retrieved from /home/airflow/.local/lib/python3.12/site-packages/airflow/example_dags/example_bash_decorator.py
[2025-01-28T15:31:32.933+0000] {logging_mixin.py:190} INFO - [2025-01-28T15:31:32.933+0000] {dag.py:3239} INFO - Sync 1 DAGs
[2025-01-28T15:31:32.955+0000] {logging_mixin.py:190} INFO - [2025-01-28T15:31:32.955+0000] {dag.py:4180} INFO - Setting next_dagrun for example_bash_decorator to None, run_after=None
[2025-01-28T15:31:32.987+0000] {processor.py:208} INFO - Processing /home/airflow/.local/lib/python3.12/site-packages/airflow/example_dags/example_bash_decorator.py took 0.136 seconds
[2025-01-28T16:33:29.807+0000] {processor.py:186} INFO - Started process (PID=119) to work on /home/airflow/.local/lib/python3.12/site-packages/airflow/example_dags/example_bash_decorator.py
[2025-01-28T16:33:29.809+0000] {processor.py:914} INFO - Processing file /home/airflow/.local/lib/python3.12/site-packages/airflow/example_dags/example_bash_decorator.py for tasks to queue
[2025-01-28T16:33:29.815+0000] {logging_mixin.py:190} INFO - [2025-01-28T16:33:29.814+0000] {dagbag.py:588} INFO - Filling up the DagBag from /home/airflow/.local/lib/python3.12/site-packages/airflow/example_dags/example_bash_decorator.py
[2025-01-28T16:33:29.831+0000] {processor.py:925} INFO - DAG(s) 'example_bash_decorator' retrieved from /home/airflow/.local/lib/python3.12/site-packages/airflow/example_dags/example_bash_decorator.py
[2025-01-28T16:33:29.979+0000] {logging_mixin.py:190} INFO - [2025-01-28T16:33:29.979+0000] {dag.py:3239} INFO - Sync 1 DAGs
[2025-01-28T16:33:29.996+0000] {logging_mixin.py:190} INFO - [2025-01-28T16:33:29.996+0000] {dag.py:4180} INFO - Setting next_dagrun for example_bash_decorator to None, run_after=None
[2025-01-28T16:33:30.032+0000] {processor.py:208} INFO - Processing /home/airflow/.local/lib/python3.12/site-packages/airflow/example_dags/example_bash_decorator.py took 0.238 seconds
[2025-01-28T16:34:01.683+0000] {processor.py:186} INFO - Started process (PID=182) to work on /home/airflow/.local/lib/python3.12/site-packages/airflow/example_dags/example_bash_decorator.py
[2025-01-28T16:34:01.684+0000] {processor.py:914} INFO - Processing file /home/airflow/.local/lib/python3.12/site-packages/airflow/example_dags/example_bash_decorator.py for tasks to queue
[2025-01-28T16:34:01.688+0000] {logging_mixin.py:190} INFO - [2025-01-28T16:34:01.687+0000] {dagbag.py:588} INFO - Filling up the DagBag from /home/airflow/.local/lib/python3.12/site-packages/airflow/example_dags/example_bash_decorator.py
[2025-01-28T16:34:01.710+0000] {processor.py:925} INFO - DAG(s) 'example_bash_decorator' retrieved from /home/airflow/.local/lib/python3.12/site-packages/airflow/example_dags/example_bash_decorator.py
[2025-01-28T16:34:01.743+0000] {logging_mixin.py:190} INFO - [2025-01-28T16:34:01.742+0000] {dag.py:3239} INFO - Sync 1 DAGs
[2025-01-28T16:34:01.763+0000] {logging_mixin.py:190} INFO - [2025-01-28T16:34:01.763+0000] {dag.py:4180} INFO - Setting next_dagrun for example_bash_decorator to None, run_after=None
[2025-01-28T16:34:01.795+0000] {processor.py:208} INFO - Processing /home/airflow/.local/lib/python3.12/site-packages/airflow/example_dags/example_bash_decorator.py took 0.120 seconds
[2025-01-28T16:34:33.152+0000] {processor.py:186} INFO - Started process (PID=245) to work on /home/airflow/.local/lib/python3.12/site-packages/airflow/example_dags/example_bash_decorator.py
[2025-01-28T16:34:33.155+0000] {processor.py:914} INFO - Processing file /home/airflow/.local/lib/python3.12/site-packages/airflow/example_dags/example_bash_decorator.py for tasks to queue
[2025-01-28T16:34:33.162+0000] {logging_mixin.py:190} INFO - [2025-01-28T16:34:33.161+0000] {dagbag.py:588} INFO - Filling up the DagBag from /home/airflow/.local/lib/python3.12/site-packages/airflow/example_dags/example_bash_decorator.py
[2025-01-28T16:34:33.192+0000] {processor.py:925} INFO - DAG(s) 'example_bash_decorator' retrieved from /home/airflow/.local/lib/python3.12/site-packages/airflow/example_dags/example_bash_decorator.py
[2025-01-28T16:34:33.234+0000] {logging_mixin.py:190} INFO - [2025-01-28T16:34:33.233+0000] {dag.py:3239} INFO - Sync 1 DAGs
[2025-01-28T16:34:33.261+0000] {logging_mixin.py:190} INFO - [2025-01-28T16:34:33.261+0000] {dag.py:4180} INFO - Setting next_dagrun for example_bash_decorator to None, run_after=None
[2025-01-28T16:34:33.307+0000] {processor.py:208} INFO - Processing /home/airflow/.local/lib/python3.12/site-packages/airflow/example_dags/example_bash_decorator.py took 0.170 seconds
[2025-01-28T16:35:05.101+0000] {processor.py:186} INFO - Started process (PID=308) to work on /home/airflow/.local/lib/python3.12/site-packages/airflow/example_dags/example_bash_decorator.py
[2025-01-28T16:35:05.103+0000] {processor.py:914} INFO - Processing file /home/airflow/.local/lib/python3.12/site-packages/airflow/example_dags/example_bash_decorator.py for tasks to queue
[2025-01-28T16:35:05.108+0000] {logging_mixin.py:190} INFO - [2025-01-28T16:35:05.107+0000] {dagbag.py:588} INFO - Filling up the DagBag from /home/airflow/.local/lib/python3.12/site-packages/airflow/example_dags/example_bash_decorator.py
[2025-01-28T16:35:05.129+0000] {processor.py:925} INFO - DAG(s) 'example_bash_decorator' retrieved from /home/airflow/.local/lib/python3.12/site-packages/airflow/example_dags/example_bash_decorator.py
[2025-01-28T16:35:05.168+0000] {logging_mixin.py:190} INFO - [2025-01-28T16:35:05.167+0000] {dag.py:3239} INFO - Sync 1 DAGs
[2025-01-28T16:35:05.190+0000] {logging_mixin.py:190} INFO - [2025-01-28T16:35:05.189+0000] {dag.py:4180} INFO - Setting next_dagrun for example_bash_decorator to None, run_after=None
[2025-01-28T16:35:05.224+0000] {processor.py:208} INFO - Processing /home/airflow/.local/lib/python3.12/site-packages/airflow/example_dags/example_bash_decorator.py took 0.137 seconds
[2025-01-28T16:35:36.485+0000] {processor.py:186} INFO - Started process (PID=371) to work on /home/airflow/.local/lib/python3.12/site-packages/airflow/example_dags/example_bash_decorator.py
[2025-01-28T16:35:36.487+0000] {processor.py:914} INFO - Processing file /home/airflow/.local/lib/python3.12/site-packages/airflow/example_dags/example_bash_decorator.py for tasks to queue
[2025-01-28T16:35:36.494+0000] {logging_mixin.py:190} INFO - [2025-01-28T16:35:36.493+0000] {dagbag.py:588} INFO - Filling up the DagBag from /home/airflow/.local/lib/python3.12/site-packages/airflow/example_dags/example_bash_decorator.py
[2025-01-28T16:35:36.516+0000] {processor.py:925} INFO - DAG(s) 'example_bash_decorator' retrieved from /home/airflow/.local/lib/python3.12/site-packages/airflow/example_dags/example_bash_decorator.py
[2025-01-28T16:35:36.556+0000] {logging_mixin.py:190} INFO - [2025-01-28T16:35:36.556+0000] {dag.py:3239} INFO - Sync 1 DAGs
[2025-01-28T16:35:36.579+0000] {logging_mixin.py:190} INFO - [2025-01-28T16:35:36.578+0000] {dag.py:4180} INFO - Setting next_dagrun for example_bash_decorator to None, run_after=None
[2025-01-28T16:35:36.632+0000] {processor.py:208} INFO - Processing /home/airflow/.local/lib/python3.12/site-packages/airflow/example_dags/example_bash_decorator.py took 0.161 seconds
[2025-01-28T16:36:07.134+0000] {processor.py:186} INFO - Started process (PID=434) to work on /home/airflow/.local/lib/python3.12/site-packages/airflow/example_dags/example_bash_decorator.py
[2025-01-28T16:36:07.136+0000] {processor.py:914} INFO - Processing file /home/airflow/.local/lib/python3.12/site-packages/airflow/example_dags/example_bash_decorator.py for tasks to queue
[2025-01-28T16:36:07.140+0000] {logging_mixin.py:190} INFO - [2025-01-28T16:36:07.139+0000] {dagbag.py:588} INFO - Filling up the DagBag from /home/airflow/.local/lib/python3.12/site-packages/airflow/example_dags/example_bash_decorator.py
[2025-01-28T16:36:07.162+0000] {processor.py:925} INFO - DAG(s) 'example_bash_decorator' retrieved from /home/airflow/.local/lib/python3.12/site-packages/airflow/example_dags/example_bash_decorator.py
[2025-01-28T16:36:07.201+0000] {logging_mixin.py:190} INFO - [2025-01-28T16:36:07.200+0000] {dag.py:3239} INFO - Sync 1 DAGs
[2025-01-28T16:36:07.225+0000] {logging_mixin.py:190} INFO - [2025-01-28T16:36:07.225+0000] {dag.py:4180} INFO - Setting next_dagrun for example_bash_decorator to None, run_after=None
[2025-01-28T16:36:07.259+0000] {processor.py:208} INFO - Processing /home/airflow/.local/lib/python3.12/site-packages/airflow/example_dags/example_bash_decorator.py took 0.132 seconds
