[2025-01-28T15:27:53.588+0000] {processor.py:186} INFO - Started process (PID=118) to work on /home/airflow/.local/lib/python3.12/site-packages/airflow/example_dags/example_python_decorator.py
[2025-01-28T15:27:53.590+0000] {processor.py:914} INFO - Processing file /home/airflow/.local/lib/python3.12/site-packages/airflow/example_dags/example_python_decorator.py for tasks to queue
[2025-01-28T15:27:53.595+0000] {logging_mixin.py:190} INFO - [2025-01-28T15:27:53.594+0000] {dagbag.py:588} INFO - Filling up the DagBag from /home/airflow/.local/lib/python3.12/site-packages/airflow/example_dags/example_python_decorator.py
[2025-01-28T15:27:53.620+0000] {processor.py:925} INFO - DAG(s) 'example_python_decorator' retrieved from /home/airflow/.local/lib/python3.12/site-packages/airflow/example_dags/example_python_decorator.py
[2025-01-28T15:27:53.742+0000] {logging_mixin.py:190} INFO - [2025-01-28T15:27:53.741+0000] {override.py:1911} INFO - Created Permission View: can delete on DAG:example_python_decorator
[2025-01-28T15:27:53.760+0000] {logging_mixin.py:190} INFO - [2025-01-28T15:27:53.759+0000] {override.py:1911} INFO - Created Permission View: can edit on DAG:example_python_decorator
[2025-01-28T15:27:53.771+0000] {logging_mixin.py:190} INFO - [2025-01-28T15:27:53.771+0000] {override.py:1911} INFO - Created Permission View: can read on DAG:example_python_decorator
[2025-01-28T15:27:53.791+0000] {logging_mixin.py:190} INFO - [2025-01-28T15:27:53.790+0000] {override.py:1911} INFO - Created Permission View: menu access on DAG Run:example_python_decorator
[2025-01-28T15:27:53.808+0000] {logging_mixin.py:190} INFO - [2025-01-28T15:27:53.808+0000] {override.py:1911} INFO - Created Permission View: can delete on DAG Run:example_python_decorator
[2025-01-28T15:27:53.825+0000] {logging_mixin.py:190} INFO - [2025-01-28T15:27:53.824+0000] {override.py:1911} INFO - Created Permission View: can create on DAG Run:example_python_decorator
[2025-01-28T15:27:53.845+0000] {logging_mixin.py:190} INFO - [2025-01-28T15:27:53.845+0000] {override.py:1911} INFO - Created Permission View: can read on DAG Run:example_python_decorator
[2025-01-28T15:27:53.847+0000] {logging_mixin.py:190} INFO - [2025-01-28T15:27:53.846+0000] {dag.py:3239} INFO - Sync 1 DAGs
[2025-01-28T15:27:53.873+0000] {logging_mixin.py:190} INFO - [2025-01-28T15:27:53.872+0000] {dag.py:3262} INFO - Creating ORM DAG for example_python_decorator
[2025-01-28T15:27:53.874+0000] {logging_mixin.py:190} INFO - [2025-01-28T15:27:53.874+0000] {dag.py:4180} INFO - Setting next_dagrun for example_python_decorator to None, run_after=None
[2025-01-28T15:27:53.898+0000] {processor.py:208} INFO - Processing /home/airflow/.local/lib/python3.12/site-packages/airflow/example_dags/example_python_decorator.py took 0.322 seconds
[2025-01-28T15:28:24.632+0000] {processor.py:186} INFO - Started process (PID=181) to work on /home/airflow/.local/lib/python3.12/site-packages/airflow/example_dags/example_python_decorator.py
[2025-01-28T15:28:24.634+0000] {processor.py:914} INFO - Processing file /home/airflow/.local/lib/python3.12/site-packages/airflow/example_dags/example_python_decorator.py for tasks to queue
[2025-01-28T15:28:24.638+0000] {logging_mixin.py:190} INFO - [2025-01-28T15:28:24.637+0000] {dagbag.py:588} INFO - Filling up the DagBag from /home/airflow/.local/lib/python3.12/site-packages/airflow/example_dags/example_python_decorator.py
[2025-01-28T15:28:24.658+0000] {processor.py:925} INFO - DAG(s) 'example_python_decorator' retrieved from /home/airflow/.local/lib/python3.12/site-packages/airflow/example_dags/example_python_decorator.py
[2025-01-28T15:28:24.696+0000] {logging_mixin.py:190} INFO - [2025-01-28T15:28:24.696+0000] {dag.py:3239} INFO - Sync 1 DAGs
[2025-01-28T15:28:24.718+0000] {logging_mixin.py:190} INFO - [2025-01-28T15:28:24.718+0000] {dag.py:4180} INFO - Setting next_dagrun for example_python_decorator to None, run_after=None
[2025-01-28T15:28:24.753+0000] {processor.py:208} INFO - Processing /home/airflow/.local/lib/python3.12/site-packages/airflow/example_dags/example_python_decorator.py took 0.135 seconds
[2025-01-28T15:28:55.547+0000] {processor.py:186} INFO - Started process (PID=244) to work on /home/airflow/.local/lib/python3.12/site-packages/airflow/example_dags/example_python_decorator.py
[2025-01-28T15:28:55.549+0000] {processor.py:914} INFO - Processing file /home/airflow/.local/lib/python3.12/site-packages/airflow/example_dags/example_python_decorator.py for tasks to queue
[2025-01-28T15:28:55.553+0000] {logging_mixin.py:190} INFO - [2025-01-28T15:28:55.553+0000] {dagbag.py:588} INFO - Filling up the DagBag from /home/airflow/.local/lib/python3.12/site-packages/airflow/example_dags/example_python_decorator.py
[2025-01-28T15:28:55.576+0000] {processor.py:925} INFO - DAG(s) 'example_python_decorator' retrieved from /home/airflow/.local/lib/python3.12/site-packages/airflow/example_dags/example_python_decorator.py
[2025-01-28T15:28:55.617+0000] {logging_mixin.py:190} INFO - [2025-01-28T15:28:55.616+0000] {dag.py:3239} INFO - Sync 1 DAGs
[2025-01-28T15:28:55.642+0000] {logging_mixin.py:190} INFO - [2025-01-28T15:28:55.642+0000] {dag.py:4180} INFO - Setting next_dagrun for example_python_decorator to None, run_after=None
[2025-01-28T15:28:55.679+0000] {processor.py:208} INFO - Processing /home/airflow/.local/lib/python3.12/site-packages/airflow/example_dags/example_python_decorator.py took 0.147 seconds
[2025-01-28T15:29:26.662+0000] {processor.py:186} INFO - Started process (PID=307) to work on /home/airflow/.local/lib/python3.12/site-packages/airflow/example_dags/example_python_decorator.py
[2025-01-28T15:29:26.665+0000] {processor.py:914} INFO - Processing file /home/airflow/.local/lib/python3.12/site-packages/airflow/example_dags/example_python_decorator.py for tasks to queue
[2025-01-28T15:29:26.670+0000] {logging_mixin.py:190} INFO - [2025-01-28T15:29:26.670+0000] {dagbag.py:588} INFO - Filling up the DagBag from /home/airflow/.local/lib/python3.12/site-packages/airflow/example_dags/example_python_decorator.py
[2025-01-28T15:29:26.700+0000] {processor.py:925} INFO - DAG(s) 'example_python_decorator' retrieved from /home/airflow/.local/lib/python3.12/site-packages/airflow/example_dags/example_python_decorator.py
[2025-01-28T15:29:26.734+0000] {logging_mixin.py:190} INFO - [2025-01-28T15:29:26.734+0000] {dag.py:3239} INFO - Sync 1 DAGs
[2025-01-28T15:29:26.753+0000] {logging_mixin.py:190} INFO - [2025-01-28T15:29:26.753+0000] {dag.py:4180} INFO - Setting next_dagrun for example_python_decorator to None, run_after=None
[2025-01-28T15:29:26.786+0000] {processor.py:208} INFO - Processing /home/airflow/.local/lib/python3.12/site-packages/airflow/example_dags/example_python_decorator.py took 0.139 seconds
[2025-01-28T15:29:58.211+0000] {processor.py:186} INFO - Started process (PID=370) to work on /home/airflow/.local/lib/python3.12/site-packages/airflow/example_dags/example_python_decorator.py
[2025-01-28T15:29:58.213+0000] {processor.py:914} INFO - Processing file /home/airflow/.local/lib/python3.12/site-packages/airflow/example_dags/example_python_decorator.py for tasks to queue
[2025-01-28T15:29:58.217+0000] {logging_mixin.py:190} INFO - [2025-01-28T15:29:58.216+0000] {dagbag.py:588} INFO - Filling up the DagBag from /home/airflow/.local/lib/python3.12/site-packages/airflow/example_dags/example_python_decorator.py
[2025-01-28T15:29:58.238+0000] {processor.py:925} INFO - DAG(s) 'example_python_decorator' retrieved from /home/airflow/.local/lib/python3.12/site-packages/airflow/example_dags/example_python_decorator.py
[2025-01-28T15:29:58.277+0000] {logging_mixin.py:190} INFO - [2025-01-28T15:29:58.276+0000] {dag.py:3239} INFO - Sync 1 DAGs
[2025-01-28T15:29:58.300+0000] {logging_mixin.py:190} INFO - [2025-01-28T15:29:58.300+0000] {dag.py:4180} INFO - Setting next_dagrun for example_python_decorator to None, run_after=None
[2025-01-28T15:29:58.334+0000] {processor.py:208} INFO - Processing /home/airflow/.local/lib/python3.12/site-packages/airflow/example_dags/example_python_decorator.py took 0.135 seconds
[2025-01-28T15:30:29.615+0000] {processor.py:186} INFO - Started process (PID=433) to work on /home/airflow/.local/lib/python3.12/site-packages/airflow/example_dags/example_python_decorator.py
[2025-01-28T15:30:29.617+0000] {processor.py:914} INFO - Processing file /home/airflow/.local/lib/python3.12/site-packages/airflow/example_dags/example_python_decorator.py for tasks to queue
[2025-01-28T15:30:29.620+0000] {logging_mixin.py:190} INFO - [2025-01-28T15:30:29.620+0000] {dagbag.py:588} INFO - Filling up the DagBag from /home/airflow/.local/lib/python3.12/site-packages/airflow/example_dags/example_python_decorator.py
[2025-01-28T15:30:29.642+0000] {processor.py:925} INFO - DAG(s) 'example_python_decorator' retrieved from /home/airflow/.local/lib/python3.12/site-packages/airflow/example_dags/example_python_decorator.py
[2025-01-28T15:30:29.681+0000] {logging_mixin.py:190} INFO - [2025-01-28T15:30:29.681+0000] {dag.py:3239} INFO - Sync 1 DAGs
[2025-01-28T15:30:29.707+0000] {logging_mixin.py:190} INFO - [2025-01-28T15:30:29.707+0000] {dag.py:4180} INFO - Setting next_dagrun for example_python_decorator to None, run_after=None
[2025-01-28T15:30:29.765+0000] {processor.py:208} INFO - Processing /home/airflow/.local/lib/python3.12/site-packages/airflow/example_dags/example_python_decorator.py took 0.159 seconds
[2025-01-28T15:31:01.129+0000] {processor.py:186} INFO - Started process (PID=496) to work on /home/airflow/.local/lib/python3.12/site-packages/airflow/example_dags/example_python_decorator.py
[2025-01-28T15:31:01.131+0000] {processor.py:914} INFO - Processing file /home/airflow/.local/lib/python3.12/site-packages/airflow/example_dags/example_python_decorator.py for tasks to queue
[2025-01-28T15:31:01.135+0000] {logging_mixin.py:190} INFO - [2025-01-28T15:31:01.134+0000] {dagbag.py:588} INFO - Filling up the DagBag from /home/airflow/.local/lib/python3.12/site-packages/airflow/example_dags/example_python_decorator.py
[2025-01-28T15:31:01.156+0000] {processor.py:925} INFO - DAG(s) 'example_python_decorator' retrieved from /home/airflow/.local/lib/python3.12/site-packages/airflow/example_dags/example_python_decorator.py
[2025-01-28T15:31:01.196+0000] {logging_mixin.py:190} INFO - [2025-01-28T15:31:01.195+0000] {dag.py:3239} INFO - Sync 1 DAGs
[2025-01-28T15:31:01.219+0000] {logging_mixin.py:190} INFO - [2025-01-28T15:31:01.219+0000] {dag.py:4180} INFO - Setting next_dagrun for example_python_decorator to None, run_after=None
[2025-01-28T15:31:01.252+0000] {processor.py:208} INFO - Processing /home/airflow/.local/lib/python3.12/site-packages/airflow/example_dags/example_python_decorator.py took 0.135 seconds
[2025-01-28T15:31:32.109+0000] {processor.py:186} INFO - Started process (PID=559) to work on /home/airflow/.local/lib/python3.12/site-packages/airflow/example_dags/example_python_decorator.py
[2025-01-28T15:31:32.110+0000] {processor.py:914} INFO - Processing file /home/airflow/.local/lib/python3.12/site-packages/airflow/example_dags/example_python_decorator.py for tasks to queue
[2025-01-28T15:31:32.115+0000] {logging_mixin.py:190} INFO - [2025-01-28T15:31:32.115+0000] {dagbag.py:588} INFO - Filling up the DagBag from /home/airflow/.local/lib/python3.12/site-packages/airflow/example_dags/example_python_decorator.py
[2025-01-28T15:31:32.142+0000] {processor.py:925} INFO - DAG(s) 'example_python_decorator' retrieved from /home/airflow/.local/lib/python3.12/site-packages/airflow/example_dags/example_python_decorator.py
[2025-01-28T15:31:32.190+0000] {logging_mixin.py:190} INFO - [2025-01-28T15:31:32.190+0000] {dag.py:3239} INFO - Sync 1 DAGs
[2025-01-28T15:31:32.224+0000] {logging_mixin.py:190} INFO - [2025-01-28T15:31:32.224+0000] {dag.py:4180} INFO - Setting next_dagrun for example_python_decorator to None, run_after=None
[2025-01-28T15:31:32.256+0000] {processor.py:208} INFO - Processing /home/airflow/.local/lib/python3.12/site-packages/airflow/example_dags/example_python_decorator.py took 0.159 seconds
[2025-01-28T16:33:29.212+0000] {processor.py:186} INFO - Started process (PID=113) to work on /home/airflow/.local/lib/python3.12/site-packages/airflow/example_dags/example_python_decorator.py
[2025-01-28T16:33:29.214+0000] {processor.py:914} INFO - Processing file /home/airflow/.local/lib/python3.12/site-packages/airflow/example_dags/example_python_decorator.py for tasks to queue
[2025-01-28T16:33:29.219+0000] {logging_mixin.py:190} INFO - [2025-01-28T16:33:29.219+0000] {dagbag.py:588} INFO - Filling up the DagBag from /home/airflow/.local/lib/python3.12/site-packages/airflow/example_dags/example_python_decorator.py
[2025-01-28T16:33:29.244+0000] {processor.py:925} INFO - DAG(s) 'example_python_decorator' retrieved from /home/airflow/.local/lib/python3.12/site-packages/airflow/example_dags/example_python_decorator.py
[2025-01-28T16:33:29.424+0000] {logging_mixin.py:190} INFO - [2025-01-28T16:33:29.424+0000] {dag.py:3239} INFO - Sync 1 DAGs
[2025-01-28T16:33:29.446+0000] {logging_mixin.py:190} INFO - [2025-01-28T16:33:29.445+0000] {dag.py:4180} INFO - Setting next_dagrun for example_python_decorator to None, run_after=None
[2025-01-28T16:33:29.479+0000] {processor.py:208} INFO - Processing /home/airflow/.local/lib/python3.12/site-packages/airflow/example_dags/example_python_decorator.py took 0.281 seconds
[2025-01-28T16:34:01.042+0000] {processor.py:186} INFO - Started process (PID=176) to work on /home/airflow/.local/lib/python3.12/site-packages/airflow/example_dags/example_python_decorator.py
[2025-01-28T16:34:01.044+0000] {processor.py:914} INFO - Processing file /home/airflow/.local/lib/python3.12/site-packages/airflow/example_dags/example_python_decorator.py for tasks to queue
[2025-01-28T16:34:01.049+0000] {logging_mixin.py:190} INFO - [2025-01-28T16:34:01.048+0000] {dagbag.py:588} INFO - Filling up the DagBag from /home/airflow/.local/lib/python3.12/site-packages/airflow/example_dags/example_python_decorator.py
[2025-01-28T16:34:01.071+0000] {processor.py:925} INFO - DAG(s) 'example_python_decorator' retrieved from /home/airflow/.local/lib/python3.12/site-packages/airflow/example_dags/example_python_decorator.py
[2025-01-28T16:34:01.109+0000] {logging_mixin.py:190} INFO - [2025-01-28T16:34:01.109+0000] {dag.py:3239} INFO - Sync 1 DAGs
[2025-01-28T16:34:01.132+0000] {logging_mixin.py:190} INFO - [2025-01-28T16:34:01.132+0000] {dag.py:4180} INFO - Setting next_dagrun for example_python_decorator to None, run_after=None
[2025-01-28T16:34:01.164+0000] {processor.py:208} INFO - Processing /home/airflow/.local/lib/python3.12/site-packages/airflow/example_dags/example_python_decorator.py took 0.133 seconds
[2025-01-28T16:34:32.424+0000] {processor.py:186} INFO - Started process (PID=239) to work on /home/airflow/.local/lib/python3.12/site-packages/airflow/example_dags/example_python_decorator.py
[2025-01-28T16:34:32.426+0000] {processor.py:914} INFO - Processing file /home/airflow/.local/lib/python3.12/site-packages/airflow/example_dags/example_python_decorator.py for tasks to queue
[2025-01-28T16:34:32.430+0000] {logging_mixin.py:190} INFO - [2025-01-28T16:34:32.430+0000] {dagbag.py:588} INFO - Filling up the DagBag from /home/airflow/.local/lib/python3.12/site-packages/airflow/example_dags/example_python_decorator.py
[2025-01-28T16:34:32.454+0000] {processor.py:925} INFO - DAG(s) 'example_python_decorator' retrieved from /home/airflow/.local/lib/python3.12/site-packages/airflow/example_dags/example_python_decorator.py
[2025-01-28T16:34:32.493+0000] {logging_mixin.py:190} INFO - [2025-01-28T16:34:32.492+0000] {dag.py:3239} INFO - Sync 1 DAGs
[2025-01-28T16:34:32.516+0000] {logging_mixin.py:190} INFO - [2025-01-28T16:34:32.515+0000] {dag.py:4180} INFO - Setting next_dagrun for example_python_decorator to None, run_after=None
[2025-01-28T16:34:32.550+0000] {processor.py:208} INFO - Processing /home/airflow/.local/lib/python3.12/site-packages/airflow/example_dags/example_python_decorator.py took 0.140 seconds
[2025-01-28T16:35:04.066+0000] {processor.py:186} INFO - Started process (PID=302) to work on /home/airflow/.local/lib/python3.12/site-packages/airflow/example_dags/example_python_decorator.py
[2025-01-28T16:35:04.067+0000] {processor.py:914} INFO - Processing file /home/airflow/.local/lib/python3.12/site-packages/airflow/example_dags/example_python_decorator.py for tasks to queue
[2025-01-28T16:35:04.071+0000] {logging_mixin.py:190} INFO - [2025-01-28T16:35:04.070+0000] {dagbag.py:588} INFO - Filling up the DagBag from /home/airflow/.local/lib/python3.12/site-packages/airflow/example_dags/example_python_decorator.py
[2025-01-28T16:35:04.093+0000] {processor.py:925} INFO - DAG(s) 'example_python_decorator' retrieved from /home/airflow/.local/lib/python3.12/site-packages/airflow/example_dags/example_python_decorator.py
[2025-01-28T16:35:04.129+0000] {logging_mixin.py:190} INFO - [2025-01-28T16:35:04.128+0000] {dag.py:3239} INFO - Sync 1 DAGs
[2025-01-28T16:35:04.152+0000] {logging_mixin.py:190} INFO - [2025-01-28T16:35:04.152+0000] {dag.py:4180} INFO - Setting next_dagrun for example_python_decorator to None, run_after=None
[2025-01-28T16:35:04.187+0000] {processor.py:208} INFO - Processing /home/airflow/.local/lib/python3.12/site-packages/airflow/example_dags/example_python_decorator.py took 0.130 seconds
[2025-01-28T16:35:35.419+0000] {processor.py:186} INFO - Started process (PID=364) to work on /home/airflow/.local/lib/python3.12/site-packages/airflow/example_dags/example_python_decorator.py
[2025-01-28T16:35:35.420+0000] {processor.py:914} INFO - Processing file /home/airflow/.local/lib/python3.12/site-packages/airflow/example_dags/example_python_decorator.py for tasks to queue
[2025-01-28T16:35:35.424+0000] {logging_mixin.py:190} INFO - [2025-01-28T16:35:35.424+0000] {dagbag.py:588} INFO - Filling up the DagBag from /home/airflow/.local/lib/python3.12/site-packages/airflow/example_dags/example_python_decorator.py
[2025-01-28T16:35:35.446+0000] {processor.py:925} INFO - DAG(s) 'example_python_decorator' retrieved from /home/airflow/.local/lib/python3.12/site-packages/airflow/example_dags/example_python_decorator.py
[2025-01-28T16:35:35.482+0000] {logging_mixin.py:190} INFO - [2025-01-28T16:35:35.482+0000] {dag.py:3239} INFO - Sync 1 DAGs
[2025-01-28T16:35:35.506+0000] {logging_mixin.py:190} INFO - [2025-01-28T16:35:35.506+0000] {dag.py:4180} INFO - Setting next_dagrun for example_python_decorator to None, run_after=None
[2025-01-28T16:35:35.540+0000] {processor.py:208} INFO - Processing /home/airflow/.local/lib/python3.12/site-packages/airflow/example_dags/example_python_decorator.py took 0.130 seconds
[2025-01-28T16:36:06.037+0000] {processor.py:186} INFO - Started process (PID=427) to work on /home/airflow/.local/lib/python3.12/site-packages/airflow/example_dags/example_python_decorator.py
[2025-01-28T16:36:06.038+0000] {processor.py:914} INFO - Processing file /home/airflow/.local/lib/python3.12/site-packages/airflow/example_dags/example_python_decorator.py for tasks to queue
[2025-01-28T16:36:06.045+0000] {logging_mixin.py:190} INFO - [2025-01-28T16:36:06.044+0000] {dagbag.py:588} INFO - Filling up the DagBag from /home/airflow/.local/lib/python3.12/site-packages/airflow/example_dags/example_python_decorator.py
[2025-01-28T16:36:06.074+0000] {processor.py:925} INFO - DAG(s) 'example_python_decorator' retrieved from /home/airflow/.local/lib/python3.12/site-packages/airflow/example_dags/example_python_decorator.py
[2025-01-28T16:36:06.112+0000] {logging_mixin.py:190} INFO - [2025-01-28T16:36:06.111+0000] {dag.py:3239} INFO - Sync 1 DAGs
[2025-01-28T16:36:06.133+0000] {logging_mixin.py:190} INFO - [2025-01-28T16:36:06.133+0000] {dag.py:4180} INFO - Setting next_dagrun for example_python_decorator to None, run_after=None
[2025-01-28T16:36:06.167+0000] {processor.py:208} INFO - Processing /home/airflow/.local/lib/python3.12/site-packages/airflow/example_dags/example_python_decorator.py took 0.139 seconds
