[2025-01-28T15:27:43.866+0000] {processor.py:186} INFO - Started process (PID=85) to work on /home/airflow/.local/lib/python3.12/site-packages/airflow/example_dags/example_nested_branch_dag.py
[2025-01-28T15:27:43.868+0000] {processor.py:914} INFO - Processing file /home/airflow/.local/lib/python3.12/site-packages/airflow/example_dags/example_nested_branch_dag.py for tasks to queue
[2025-01-28T15:27:43.872+0000] {logging_mixin.py:190} INFO - [2025-01-28T15:27:43.871+0000] {dagbag.py:588} INFO - Filling up the DagBag from /home/airflow/.local/lib/python3.12/site-packages/airflow/example_dags/example_nested_branch_dag.py
[2025-01-28T15:27:43.890+0000] {processor.py:925} INFO - DAG(s) 'example_nested_branch_dag' retrieved from /home/airflow/.local/lib/python3.12/site-packages/airflow/example_dags/example_nested_branch_dag.py
[2025-01-28T15:27:44.041+0000] {logging_mixin.py:190} INFO - [2025-01-28T15:27:44.040+0000] {override.py:1911} INFO - Created Permission View: can delete on DAG:example_nested_branch_dag
[2025-01-28T15:27:44.066+0000] {logging_mixin.py:190} INFO - [2025-01-28T15:27:44.065+0000] {override.py:1911} INFO - Created Permission View: can edit on DAG:example_nested_branch_dag
[2025-01-28T15:27:44.091+0000] {logging_mixin.py:190} INFO - [2025-01-28T15:27:44.091+0000] {override.py:1911} INFO - Created Permission View: can read on DAG:example_nested_branch_dag
[2025-01-28T15:27:44.115+0000] {logging_mixin.py:190} INFO - [2025-01-28T15:27:44.115+0000] {override.py:1911} INFO - Created Permission View: menu access on DAG Run:example_nested_branch_dag
[2025-01-28T15:27:44.133+0000] {logging_mixin.py:190} INFO - [2025-01-28T15:27:44.133+0000] {override.py:1911} INFO - Created Permission View: can delete on DAG Run:example_nested_branch_dag
[2025-01-28T15:27:44.150+0000] {logging_mixin.py:190} INFO - [2025-01-28T15:27:44.150+0000] {override.py:1911} INFO - Created Permission View: can create on DAG Run:example_nested_branch_dag
[2025-01-28T15:27:44.168+0000] {logging_mixin.py:190} INFO - [2025-01-28T15:27:44.167+0000] {override.py:1911} INFO - Created Permission View: can read on DAG Run:example_nested_branch_dag
[2025-01-28T15:27:44.169+0000] {logging_mixin.py:190} INFO - [2025-01-28T15:27:44.169+0000] {dag.py:3239} INFO - Sync 1 DAGs
[2025-01-28T15:27:44.186+0000] {logging_mixin.py:190} INFO - [2025-01-28T15:27:44.186+0000] {dag.py:3262} INFO - Creating ORM DAG for example_nested_branch_dag
[2025-01-28T15:27:44.200+0000] {logging_mixin.py:190} INFO - [2025-01-28T15:27:44.200+0000] {dag.py:4180} INFO - Setting next_dagrun for example_nested_branch_dag to 2025-01-27 00:00:00+00:00, run_after=2025-01-28 00:00:00+00:00
[2025-01-28T15:27:44.229+0000] {processor.py:208} INFO - Processing /home/airflow/.local/lib/python3.12/site-packages/airflow/example_dags/example_nested_branch_dag.py took 0.371 seconds
[2025-01-28T15:28:14.585+0000] {processor.py:186} INFO - Started process (PID=148) to work on /home/airflow/.local/lib/python3.12/site-packages/airflow/example_dags/example_nested_branch_dag.py
[2025-01-28T15:28:14.587+0000] {processor.py:914} INFO - Processing file /home/airflow/.local/lib/python3.12/site-packages/airflow/example_dags/example_nested_branch_dag.py for tasks to queue
[2025-01-28T15:28:14.592+0000] {logging_mixin.py:190} INFO - [2025-01-28T15:28:14.591+0000] {dagbag.py:588} INFO - Filling up the DagBag from /home/airflow/.local/lib/python3.12/site-packages/airflow/example_dags/example_nested_branch_dag.py
[2025-01-28T15:28:14.621+0000] {processor.py:925} INFO - DAG(s) 'example_nested_branch_dag' retrieved from /home/airflow/.local/lib/python3.12/site-packages/airflow/example_dags/example_nested_branch_dag.py
[2025-01-28T15:28:14.664+0000] {logging_mixin.py:190} INFO - [2025-01-28T15:28:14.663+0000] {dag.py:3239} INFO - Sync 1 DAGs
[2025-01-28T15:28:14.714+0000] {logging_mixin.py:190} INFO - [2025-01-28T15:28:14.714+0000] {dag.py:4180} INFO - Setting next_dagrun for example_nested_branch_dag to 2025-01-27 00:00:00+00:00, run_after=2025-01-28 00:00:00+00:00
[2025-01-28T15:28:14.763+0000] {processor.py:208} INFO - Processing /home/airflow/.local/lib/python3.12/site-packages/airflow/example_dags/example_nested_branch_dag.py took 0.187 seconds
[2025-01-28T15:28:45.355+0000] {processor.py:186} INFO - Started process (PID=211) to work on /home/airflow/.local/lib/python3.12/site-packages/airflow/example_dags/example_nested_branch_dag.py
[2025-01-28T15:28:45.358+0000] {processor.py:914} INFO - Processing file /home/airflow/.local/lib/python3.12/site-packages/airflow/example_dags/example_nested_branch_dag.py for tasks to queue
[2025-01-28T15:28:45.362+0000] {logging_mixin.py:190} INFO - [2025-01-28T15:28:45.362+0000] {dagbag.py:588} INFO - Filling up the DagBag from /home/airflow/.local/lib/python3.12/site-packages/airflow/example_dags/example_nested_branch_dag.py
[2025-01-28T15:28:45.384+0000] {processor.py:925} INFO - DAG(s) 'example_nested_branch_dag' retrieved from /home/airflow/.local/lib/python3.12/site-packages/airflow/example_dags/example_nested_branch_dag.py
[2025-01-28T15:28:45.428+0000] {logging_mixin.py:190} INFO - [2025-01-28T15:28:45.428+0000] {dag.py:3239} INFO - Sync 1 DAGs
[2025-01-28T15:28:45.473+0000] {logging_mixin.py:190} INFO - [2025-01-28T15:28:45.473+0000] {dag.py:4180} INFO - Setting next_dagrun for example_nested_branch_dag to 2025-01-27 00:00:00+00:00, run_after=2025-01-28 00:00:00+00:00
[2025-01-28T15:28:45.513+0000] {processor.py:208} INFO - Processing /home/airflow/.local/lib/python3.12/site-packages/airflow/example_dags/example_nested_branch_dag.py took 0.173 seconds
[2025-01-28T15:29:15.880+0000] {processor.py:186} INFO - Started process (PID=274) to work on /home/airflow/.local/lib/python3.12/site-packages/airflow/example_dags/example_nested_branch_dag.py
[2025-01-28T15:29:15.882+0000] {processor.py:914} INFO - Processing file /home/airflow/.local/lib/python3.12/site-packages/airflow/example_dags/example_nested_branch_dag.py for tasks to queue
[2025-01-28T15:29:15.886+0000] {logging_mixin.py:190} INFO - [2025-01-28T15:29:15.885+0000] {dagbag.py:588} INFO - Filling up the DagBag from /home/airflow/.local/lib/python3.12/site-packages/airflow/example_dags/example_nested_branch_dag.py
[2025-01-28T15:29:15.903+0000] {processor.py:925} INFO - DAG(s) 'example_nested_branch_dag' retrieved from /home/airflow/.local/lib/python3.12/site-packages/airflow/example_dags/example_nested_branch_dag.py
[2025-01-28T15:29:15.941+0000] {logging_mixin.py:190} INFO - [2025-01-28T15:29:15.940+0000] {dag.py:3239} INFO - Sync 1 DAGs
[2025-01-28T15:29:15.980+0000] {logging_mixin.py:190} INFO - [2025-01-28T15:29:15.979+0000] {dag.py:4180} INFO - Setting next_dagrun for example_nested_branch_dag to 2025-01-27 00:00:00+00:00, run_after=2025-01-28 00:00:00+00:00
[2025-01-28T15:29:16.019+0000] {processor.py:208} INFO - Processing /home/airflow/.local/lib/python3.12/site-packages/airflow/example_dags/example_nested_branch_dag.py took 0.148 seconds
[2025-01-28T15:29:46.290+0000] {processor.py:186} INFO - Started process (PID=337) to work on /home/airflow/.local/lib/python3.12/site-packages/airflow/example_dags/example_nested_branch_dag.py
[2025-01-28T15:29:46.293+0000] {processor.py:914} INFO - Processing file /home/airflow/.local/lib/python3.12/site-packages/airflow/example_dags/example_nested_branch_dag.py for tasks to queue
[2025-01-28T15:29:46.299+0000] {logging_mixin.py:190} INFO - [2025-01-28T15:29:46.298+0000] {dagbag.py:588} INFO - Filling up the DagBag from /home/airflow/.local/lib/python3.12/site-packages/airflow/example_dags/example_nested_branch_dag.py
[2025-01-28T15:29:46.324+0000] {processor.py:925} INFO - DAG(s) 'example_nested_branch_dag' retrieved from /home/airflow/.local/lib/python3.12/site-packages/airflow/example_dags/example_nested_branch_dag.py
[2025-01-28T15:29:46.372+0000] {logging_mixin.py:190} INFO - [2025-01-28T15:29:46.371+0000] {dag.py:3239} INFO - Sync 1 DAGs
[2025-01-28T15:29:46.416+0000] {logging_mixin.py:190} INFO - [2025-01-28T15:29:46.416+0000] {dag.py:4180} INFO - Setting next_dagrun for example_nested_branch_dag to 2025-01-27 00:00:00+00:00, run_after=2025-01-28 00:00:00+00:00
[2025-01-28T15:29:46.458+0000] {processor.py:208} INFO - Processing /home/airflow/.local/lib/python3.12/site-packages/airflow/example_dags/example_nested_branch_dag.py took 0.183 seconds
[2025-01-28T15:30:16.948+0000] {processor.py:186} INFO - Started process (PID=400) to work on /home/airflow/.local/lib/python3.12/site-packages/airflow/example_dags/example_nested_branch_dag.py
[2025-01-28T15:30:16.951+0000] {processor.py:914} INFO - Processing file /home/airflow/.local/lib/python3.12/site-packages/airflow/example_dags/example_nested_branch_dag.py for tasks to queue
[2025-01-28T15:30:16.955+0000] {logging_mixin.py:190} INFO - [2025-01-28T15:30:16.955+0000] {dagbag.py:588} INFO - Filling up the DagBag from /home/airflow/.local/lib/python3.12/site-packages/airflow/example_dags/example_nested_branch_dag.py
[2025-01-28T15:30:16.975+0000] {processor.py:925} INFO - DAG(s) 'example_nested_branch_dag' retrieved from /home/airflow/.local/lib/python3.12/site-packages/airflow/example_dags/example_nested_branch_dag.py
[2025-01-28T15:30:17.021+0000] {logging_mixin.py:190} INFO - [2025-01-28T15:30:17.020+0000] {dag.py:3239} INFO - Sync 1 DAGs
[2025-01-28T15:30:17.065+0000] {logging_mixin.py:190} INFO - [2025-01-28T15:30:17.064+0000] {dag.py:4180} INFO - Setting next_dagrun for example_nested_branch_dag to 2025-01-27 00:00:00+00:00, run_after=2025-01-28 00:00:00+00:00
[2025-01-28T15:30:17.103+0000] {processor.py:208} INFO - Processing /home/airflow/.local/lib/python3.12/site-packages/airflow/example_dags/example_nested_branch_dag.py took 0.172 seconds
[2025-01-28T15:30:47.239+0000] {processor.py:186} INFO - Started process (PID=463) to work on /home/airflow/.local/lib/python3.12/site-packages/airflow/example_dags/example_nested_branch_dag.py
[2025-01-28T15:30:47.242+0000] {processor.py:914} INFO - Processing file /home/airflow/.local/lib/python3.12/site-packages/airflow/example_dags/example_nested_branch_dag.py for tasks to queue
[2025-01-28T15:30:47.249+0000] {logging_mixin.py:190} INFO - [2025-01-28T15:30:47.248+0000] {dagbag.py:588} INFO - Filling up the DagBag from /home/airflow/.local/lib/python3.12/site-packages/airflow/example_dags/example_nested_branch_dag.py
[2025-01-28T15:30:47.273+0000] {processor.py:925} INFO - DAG(s) 'example_nested_branch_dag' retrieved from /home/airflow/.local/lib/python3.12/site-packages/airflow/example_dags/example_nested_branch_dag.py
[2025-01-28T15:30:47.319+0000] {logging_mixin.py:190} INFO - [2025-01-28T15:30:47.319+0000] {dag.py:3239} INFO - Sync 1 DAGs
[2025-01-28T15:30:47.365+0000] {logging_mixin.py:190} INFO - [2025-01-28T15:30:47.365+0000] {dag.py:4180} INFO - Setting next_dagrun for example_nested_branch_dag to 2025-01-27 00:00:00+00:00, run_after=2025-01-28 00:00:00+00:00
[2025-01-28T15:30:47.401+0000] {processor.py:208} INFO - Processing /home/airflow/.local/lib/python3.12/site-packages/airflow/example_dags/example_nested_branch_dag.py took 0.177 seconds
[2025-01-28T15:31:17.480+0000] {processor.py:186} INFO - Started process (PID=526) to work on /home/airflow/.local/lib/python3.12/site-packages/airflow/example_dags/example_nested_branch_dag.py
[2025-01-28T15:31:17.483+0000] {processor.py:914} INFO - Processing file /home/airflow/.local/lib/python3.12/site-packages/airflow/example_dags/example_nested_branch_dag.py for tasks to queue
[2025-01-28T15:31:17.489+0000] {logging_mixin.py:190} INFO - [2025-01-28T15:31:17.488+0000] {dagbag.py:588} INFO - Filling up the DagBag from /home/airflow/.local/lib/python3.12/site-packages/airflow/example_dags/example_nested_branch_dag.py
[2025-01-28T15:31:17.517+0000] {processor.py:925} INFO - DAG(s) 'example_nested_branch_dag' retrieved from /home/airflow/.local/lib/python3.12/site-packages/airflow/example_dags/example_nested_branch_dag.py
[2025-01-28T15:31:17.559+0000] {logging_mixin.py:190} INFO - [2025-01-28T15:31:17.559+0000] {dag.py:3239} INFO - Sync 1 DAGs
[2025-01-28T15:31:17.612+0000] {logging_mixin.py:190} INFO - [2025-01-28T15:31:17.611+0000] {dag.py:4180} INFO - Setting next_dagrun for example_nested_branch_dag to 2025-01-27 00:00:00+00:00, run_after=2025-01-28 00:00:00+00:00
[2025-01-28T15:31:17.651+0000] {processor.py:208} INFO - Processing /home/airflow/.local/lib/python3.12/site-packages/airflow/example_dags/example_nested_branch_dag.py took 0.186 seconds
[2025-01-28T15:31:47.916+0000] {processor.py:186} INFO - Started process (PID=589) to work on /home/airflow/.local/lib/python3.12/site-packages/airflow/example_dags/example_nested_branch_dag.py
[2025-01-28T15:31:47.918+0000] {processor.py:914} INFO - Processing file /home/airflow/.local/lib/python3.12/site-packages/airflow/example_dags/example_nested_branch_dag.py for tasks to queue
[2025-01-28T15:31:47.922+0000] {logging_mixin.py:190} INFO - [2025-01-28T15:31:47.922+0000] {dagbag.py:588} INFO - Filling up the DagBag from /home/airflow/.local/lib/python3.12/site-packages/airflow/example_dags/example_nested_branch_dag.py
[2025-01-28T15:31:47.944+0000] {processor.py:925} INFO - DAG(s) 'example_nested_branch_dag' retrieved from /home/airflow/.local/lib/python3.12/site-packages/airflow/example_dags/example_nested_branch_dag.py
[2025-01-28T15:31:47.982+0000] {logging_mixin.py:190} INFO - [2025-01-28T15:31:47.981+0000] {dag.py:3239} INFO - Sync 1 DAGs
[2025-01-28T15:31:48.041+0000] {logging_mixin.py:190} INFO - [2025-01-28T15:31:48.041+0000] {dag.py:4180} INFO - Setting next_dagrun for example_nested_branch_dag to 2025-01-27 00:00:00+00:00, run_after=2025-01-28 00:00:00+00:00
[2025-01-28T15:31:48.084+0000] {processor.py:208} INFO - Processing /home/airflow/.local/lib/python3.12/site-packages/airflow/example_dags/example_nested_branch_dag.py took 0.180 seconds
[2025-01-28T16:33:23.106+0000] {processor.py:186} INFO - Started process (PID=74) to work on /home/airflow/.local/lib/python3.12/site-packages/airflow/example_dags/example_nested_branch_dag.py
[2025-01-28T16:33:23.108+0000] {processor.py:914} INFO - Processing file /home/airflow/.local/lib/python3.12/site-packages/airflow/example_dags/example_nested_branch_dag.py for tasks to queue
[2025-01-28T16:33:23.119+0000] {logging_mixin.py:190} INFO - [2025-01-28T16:33:23.119+0000] {dagbag.py:588} INFO - Filling up the DagBag from /home/airflow/.local/lib/python3.12/site-packages/airflow/example_dags/example_nested_branch_dag.py
[2025-01-28T16:33:23.137+0000] {processor.py:925} INFO - DAG(s) 'example_nested_branch_dag' retrieved from /home/airflow/.local/lib/python3.12/site-packages/airflow/example_dags/example_nested_branch_dag.py
[2025-01-28T16:33:23.192+0000] {logging_mixin.py:190} INFO - [2025-01-28T16:33:23.192+0000] {dag.py:3239} INFO - Sync 1 DAGs
[2025-01-28T16:33:23.246+0000] {logging_mixin.py:190} INFO - [2025-01-28T16:33:23.245+0000] {dag.py:4180} INFO - Setting next_dagrun for example_nested_branch_dag to 2025-01-27 00:00:00+00:00, run_after=2025-01-28 00:00:00+00:00
[2025-01-28T16:33:23.276+0000] {processor.py:208} INFO - Processing /home/airflow/.local/lib/python3.12/site-packages/airflow/example_dags/example_nested_branch_dag.py took 0.190 seconds
[2025-01-28T16:33:53.754+0000] {processor.py:186} INFO - Started process (PID=137) to work on /home/airflow/.local/lib/python3.12/site-packages/airflow/example_dags/example_nested_branch_dag.py
[2025-01-28T16:33:53.756+0000] {processor.py:914} INFO - Processing file /home/airflow/.local/lib/python3.12/site-packages/airflow/example_dags/example_nested_branch_dag.py for tasks to queue
[2025-01-28T16:33:53.763+0000] {logging_mixin.py:190} INFO - [2025-01-28T16:33:53.762+0000] {dagbag.py:588} INFO - Filling up the DagBag from /home/airflow/.local/lib/python3.12/site-packages/airflow/example_dags/example_nested_branch_dag.py
[2025-01-28T16:33:53.782+0000] {processor.py:925} INFO - DAG(s) 'example_nested_branch_dag' retrieved from /home/airflow/.local/lib/python3.12/site-packages/airflow/example_dags/example_nested_branch_dag.py
[2025-01-28T16:33:53.815+0000] {logging_mixin.py:190} INFO - [2025-01-28T16:33:53.815+0000] {dag.py:3239} INFO - Sync 1 DAGs
[2025-01-28T16:33:53.854+0000] {logging_mixin.py:190} INFO - [2025-01-28T16:33:53.853+0000] {dag.py:4180} INFO - Setting next_dagrun for example_nested_branch_dag to 2025-01-27 00:00:00+00:00, run_after=2025-01-28 00:00:00+00:00
[2025-01-28T16:33:53.886+0000] {processor.py:208} INFO - Processing /home/airflow/.local/lib/python3.12/site-packages/airflow/example_dags/example_nested_branch_dag.py took 0.140 seconds
[2025-01-28T16:34:24.337+0000] {processor.py:186} INFO - Started process (PID=200) to work on /home/airflow/.local/lib/python3.12/site-packages/airflow/example_dags/example_nested_branch_dag.py
[2025-01-28T16:34:24.339+0000] {processor.py:914} INFO - Processing file /home/airflow/.local/lib/python3.12/site-packages/airflow/example_dags/example_nested_branch_dag.py for tasks to queue
[2025-01-28T16:34:24.344+0000] {logging_mixin.py:190} INFO - [2025-01-28T16:34:24.343+0000] {dagbag.py:588} INFO - Filling up the DagBag from /home/airflow/.local/lib/python3.12/site-packages/airflow/example_dags/example_nested_branch_dag.py
[2025-01-28T16:34:24.368+0000] {processor.py:925} INFO - DAG(s) 'example_nested_branch_dag' retrieved from /home/airflow/.local/lib/python3.12/site-packages/airflow/example_dags/example_nested_branch_dag.py
[2025-01-28T16:34:24.413+0000] {logging_mixin.py:190} INFO - [2025-01-28T16:34:24.412+0000] {dag.py:3239} INFO - Sync 1 DAGs
[2025-01-28T16:34:24.455+0000] {logging_mixin.py:190} INFO - [2025-01-28T16:34:24.455+0000] {dag.py:4180} INFO - Setting next_dagrun for example_nested_branch_dag to 2025-01-27 00:00:00+00:00, run_after=2025-01-28 00:00:00+00:00
[2025-01-28T16:34:24.492+0000] {processor.py:208} INFO - Processing /home/airflow/.local/lib/python3.12/site-packages/airflow/example_dags/example_nested_branch_dag.py took 0.170 seconds
[2025-01-28T16:34:54.744+0000] {processor.py:186} INFO - Started process (PID=263) to work on /home/airflow/.local/lib/python3.12/site-packages/airflow/example_dags/example_nested_branch_dag.py
[2025-01-28T16:34:54.746+0000] {processor.py:914} INFO - Processing file /home/airflow/.local/lib/python3.12/site-packages/airflow/example_dags/example_nested_branch_dag.py for tasks to queue
[2025-01-28T16:34:54.753+0000] {logging_mixin.py:190} INFO - [2025-01-28T16:34:54.752+0000] {dagbag.py:588} INFO - Filling up the DagBag from /home/airflow/.local/lib/python3.12/site-packages/airflow/example_dags/example_nested_branch_dag.py
[2025-01-28T16:34:54.786+0000] {processor.py:925} INFO - DAG(s) 'example_nested_branch_dag' retrieved from /home/airflow/.local/lib/python3.12/site-packages/airflow/example_dags/example_nested_branch_dag.py
[2025-01-28T16:34:54.840+0000] {logging_mixin.py:190} INFO - [2025-01-28T16:34:54.839+0000] {dag.py:3239} INFO - Sync 1 DAGs
[2025-01-28T16:34:54.891+0000] {logging_mixin.py:190} INFO - [2025-01-28T16:34:54.890+0000] {dag.py:4180} INFO - Setting next_dagrun for example_nested_branch_dag to 2025-01-27 00:00:00+00:00, run_after=2025-01-28 00:00:00+00:00
[2025-01-28T16:34:54.929+0000] {processor.py:208} INFO - Processing /home/airflow/.local/lib/python3.12/site-packages/airflow/example_dags/example_nested_branch_dag.py took 0.203 seconds
[2025-01-28T16:35:25.198+0000] {processor.py:186} INFO - Started process (PID=326) to work on /home/airflow/.local/lib/python3.12/site-packages/airflow/example_dags/example_nested_branch_dag.py
[2025-01-28T16:35:25.201+0000] {processor.py:914} INFO - Processing file /home/airflow/.local/lib/python3.12/site-packages/airflow/example_dags/example_nested_branch_dag.py for tasks to queue
[2025-01-28T16:35:25.207+0000] {logging_mixin.py:190} INFO - [2025-01-28T16:35:25.206+0000] {dagbag.py:588} INFO - Filling up the DagBag from /home/airflow/.local/lib/python3.12/site-packages/airflow/example_dags/example_nested_branch_dag.py
[2025-01-28T16:35:25.227+0000] {processor.py:925} INFO - DAG(s) 'example_nested_branch_dag' retrieved from /home/airflow/.local/lib/python3.12/site-packages/airflow/example_dags/example_nested_branch_dag.py
[2025-01-28T16:35:25.282+0000] {logging_mixin.py:190} INFO - [2025-01-28T16:35:25.281+0000] {dag.py:3239} INFO - Sync 1 DAGs
[2025-01-28T16:35:25.324+0000] {logging_mixin.py:190} INFO - [2025-01-28T16:35:25.323+0000] {dag.py:4180} INFO - Setting next_dagrun for example_nested_branch_dag to 2025-01-27 00:00:00+00:00, run_after=2025-01-28 00:00:00+00:00
[2025-01-28T16:35:25.362+0000] {processor.py:208} INFO - Processing /home/airflow/.local/lib/python3.12/site-packages/airflow/example_dags/example_nested_branch_dag.py took 0.179 seconds
[2025-01-28T16:35:55.588+0000] {processor.py:186} INFO - Started process (PID=395) to work on /home/airflow/.local/lib/python3.12/site-packages/airflow/example_dags/example_nested_branch_dag.py
[2025-01-28T16:35:55.591+0000] {processor.py:914} INFO - Processing file /home/airflow/.local/lib/python3.12/site-packages/airflow/example_dags/example_nested_branch_dag.py for tasks to queue
[2025-01-28T16:35:55.596+0000] {logging_mixin.py:190} INFO - [2025-01-28T16:35:55.595+0000] {dagbag.py:588} INFO - Filling up the DagBag from /home/airflow/.local/lib/python3.12/site-packages/airflow/example_dags/example_nested_branch_dag.py
[2025-01-28T16:35:55.618+0000] {processor.py:925} INFO - DAG(s) 'example_nested_branch_dag' retrieved from /home/airflow/.local/lib/python3.12/site-packages/airflow/example_dags/example_nested_branch_dag.py
[2025-01-28T16:35:55.663+0000] {logging_mixin.py:190} INFO - [2025-01-28T16:35:55.663+0000] {dag.py:3239} INFO - Sync 1 DAGs
[2025-01-28T16:35:55.713+0000] {logging_mixin.py:190} INFO - [2025-01-28T16:35:55.712+0000] {dag.py:4180} INFO - Setting next_dagrun for example_nested_branch_dag to 2025-01-27 00:00:00+00:00, run_after=2025-01-28 00:00:00+00:00
[2025-01-28T16:35:55.750+0000] {processor.py:208} INFO - Processing /home/airflow/.local/lib/python3.12/site-packages/airflow/example_dags/example_nested_branch_dag.py took 0.178 seconds
