[2025-01-28T15:27:48.683+0000] {processor.py:186} INFO - Started process (PID=99) to work on /home/airflow/.local/lib/python3.12/site-packages/airflow/example_dags/example_dag_decorator.py
[2025-01-28T15:27:48.684+0000] {processor.py:914} INFO - Processing file /home/airflow/.local/lib/python3.12/site-packages/airflow/example_dags/example_dag_decorator.py for tasks to queue
[2025-01-28T15:27:48.686+0000] {logging_mixin.py:190} INFO - [2025-01-28T15:27:48.686+0000] {dagbag.py:588} INFO - Filling up the DagBag from /home/airflow/.local/lib/python3.12/site-packages/airflow/example_dags/example_dag_decorator.py
[2025-01-28T15:27:48.716+0000] {processor.py:925} INFO - DAG(s) 'example_dag_decorator' retrieved from /home/airflow/.local/lib/python3.12/site-packages/airflow/example_dags/example_dag_decorator.py
[2025-01-28T15:27:48.845+0000] {logging_mixin.py:190} INFO - [2025-01-28T15:27:48.844+0000] {override.py:1911} INFO - Created Permission View: can delete on DAG:example_dag_decorator
[2025-01-28T15:27:48.862+0000] {logging_mixin.py:190} INFO - [2025-01-28T15:27:48.862+0000] {override.py:1911} INFO - Created Permission View: can edit on DAG:example_dag_decorator
[2025-01-28T15:27:48.874+0000] {logging_mixin.py:190} INFO - [2025-01-28T15:27:48.874+0000] {override.py:1911} INFO - Created Permission View: can read on DAG:example_dag_decorator
[2025-01-28T15:27:48.889+0000] {logging_mixin.py:190} INFO - [2025-01-28T15:27:48.888+0000] {override.py:1911} INFO - Created Permission View: menu access on DAG Run:example_dag_decorator
[2025-01-28T15:27:48.901+0000] {logging_mixin.py:190} INFO - [2025-01-28T15:27:48.900+0000] {override.py:1911} INFO - Created Permission View: can delete on DAG Run:example_dag_decorator
[2025-01-28T15:27:48.915+0000] {logging_mixin.py:190} INFO - [2025-01-28T15:27:48.914+0000] {override.py:1911} INFO - Created Permission View: can create on DAG Run:example_dag_decorator
[2025-01-28T15:27:48.931+0000] {logging_mixin.py:190} INFO - [2025-01-28T15:27:48.930+0000] {override.py:1911} INFO - Created Permission View: can read on DAG Run:example_dag_decorator
[2025-01-28T15:27:48.932+0000] {logging_mixin.py:190} INFO - [2025-01-28T15:27:48.931+0000] {dag.py:3239} INFO - Sync 1 DAGs
[2025-01-28T15:27:48.947+0000] {logging_mixin.py:190} INFO - [2025-01-28T15:27:48.947+0000] {dag.py:3262} INFO - Creating ORM DAG for example_dag_decorator
[2025-01-28T15:27:48.948+0000] {logging_mixin.py:190} INFO - [2025-01-28T15:27:48.948+0000] {dag.py:4180} INFO - Setting next_dagrun for example_dag_decorator to None, run_after=None
[2025-01-28T15:27:48.970+0000] {processor.py:208} INFO - Processing /home/airflow/.local/lib/python3.12/site-packages/airflow/example_dags/example_dag_decorator.py took 0.293 seconds
[2025-01-28T15:28:19.746+0000] {processor.py:186} INFO - Started process (PID=162) to work on /home/airflow/.local/lib/python3.12/site-packages/airflow/example_dags/example_dag_decorator.py
[2025-01-28T15:28:19.749+0000] {processor.py:914} INFO - Processing file /home/airflow/.local/lib/python3.12/site-packages/airflow/example_dags/example_dag_decorator.py for tasks to queue
[2025-01-28T15:28:19.754+0000] {logging_mixin.py:190} INFO - [2025-01-28T15:28:19.754+0000] {dagbag.py:588} INFO - Filling up the DagBag from /home/airflow/.local/lib/python3.12/site-packages/airflow/example_dags/example_dag_decorator.py
[2025-01-28T15:28:19.775+0000] {processor.py:925} INFO - DAG(s) 'example_dag_decorator' retrieved from /home/airflow/.local/lib/python3.12/site-packages/airflow/example_dags/example_dag_decorator.py
[2025-01-28T15:28:19.978+0000] {logging_mixin.py:190} INFO - [2025-01-28T15:28:19.978+0000] {dag.py:3239} INFO - Sync 1 DAGs
[2025-01-28T15:28:19.999+0000] {logging_mixin.py:190} INFO - [2025-01-28T15:28:19.999+0000] {dag.py:4180} INFO - Setting next_dagrun for example_dag_decorator to None, run_after=None
[2025-01-28T15:28:20.052+0000] {processor.py:208} INFO - Processing /home/airflow/.local/lib/python3.12/site-packages/airflow/example_dags/example_dag_decorator.py took 0.328 seconds
[2025-01-28T15:28:50.762+0000] {processor.py:186} INFO - Started process (PID=225) to work on /home/airflow/.local/lib/python3.12/site-packages/airflow/example_dags/example_dag_decorator.py
[2025-01-28T15:28:50.765+0000] {processor.py:914} INFO - Processing file /home/airflow/.local/lib/python3.12/site-packages/airflow/example_dags/example_dag_decorator.py for tasks to queue
[2025-01-28T15:28:50.769+0000] {logging_mixin.py:190} INFO - [2025-01-28T15:28:50.769+0000] {dagbag.py:588} INFO - Filling up the DagBag from /home/airflow/.local/lib/python3.12/site-packages/airflow/example_dags/example_dag_decorator.py
[2025-01-28T15:28:50.787+0000] {processor.py:925} INFO - DAG(s) 'example_dag_decorator' retrieved from /home/airflow/.local/lib/python3.12/site-packages/airflow/example_dags/example_dag_decorator.py
[2025-01-28T15:28:50.971+0000] {logging_mixin.py:190} INFO - [2025-01-28T15:28:50.970+0000] {dag.py:3239} INFO - Sync 1 DAGs
[2025-01-28T15:28:51.001+0000] {logging_mixin.py:190} INFO - [2025-01-28T15:28:51.001+0000] {dag.py:4180} INFO - Setting next_dagrun for example_dag_decorator to None, run_after=None
[2025-01-28T15:28:51.036+0000] {processor.py:208} INFO - Processing /home/airflow/.local/lib/python3.12/site-packages/airflow/example_dags/example_dag_decorator.py took 0.290 seconds
[2025-01-28T15:29:21.271+0000] {processor.py:186} INFO - Started process (PID=288) to work on /home/airflow/.local/lib/python3.12/site-packages/airflow/example_dags/example_dag_decorator.py
[2025-01-28T15:29:21.274+0000] {processor.py:914} INFO - Processing file /home/airflow/.local/lib/python3.12/site-packages/airflow/example_dags/example_dag_decorator.py for tasks to queue
[2025-01-28T15:29:21.281+0000] {logging_mixin.py:190} INFO - [2025-01-28T15:29:21.280+0000] {dagbag.py:588} INFO - Filling up the DagBag from /home/airflow/.local/lib/python3.12/site-packages/airflow/example_dags/example_dag_decorator.py
[2025-01-28T15:29:21.304+0000] {processor.py:925} INFO - DAG(s) 'example_dag_decorator' retrieved from /home/airflow/.local/lib/python3.12/site-packages/airflow/example_dags/example_dag_decorator.py
[2025-01-28T15:29:21.509+0000] {logging_mixin.py:190} INFO - [2025-01-28T15:29:21.508+0000] {dag.py:3239} INFO - Sync 1 DAGs
[2025-01-28T15:29:21.531+0000] {logging_mixin.py:190} INFO - [2025-01-28T15:29:21.530+0000] {dag.py:4180} INFO - Setting next_dagrun for example_dag_decorator to None, run_after=None
[2025-01-28T15:29:21.569+0000] {processor.py:208} INFO - Processing /home/airflow/.local/lib/python3.12/site-packages/airflow/example_dags/example_dag_decorator.py took 0.311 seconds
[2025-01-28T15:29:51.688+0000] {processor.py:186} INFO - Started process (PID=350) to work on /home/airflow/.local/lib/python3.12/site-packages/airflow/example_dags/example_dag_decorator.py
[2025-01-28T15:29:51.690+0000] {processor.py:914} INFO - Processing file /home/airflow/.local/lib/python3.12/site-packages/airflow/example_dags/example_dag_decorator.py for tasks to queue
[2025-01-28T15:29:51.698+0000] {logging_mixin.py:190} INFO - [2025-01-28T15:29:51.697+0000] {dagbag.py:588} INFO - Filling up the DagBag from /home/airflow/.local/lib/python3.12/site-packages/airflow/example_dags/example_dag_decorator.py
[2025-01-28T15:29:51.720+0000] {processor.py:925} INFO - DAG(s) 'example_dag_decorator' retrieved from /home/airflow/.local/lib/python3.12/site-packages/airflow/example_dags/example_dag_decorator.py
[2025-01-28T15:29:51.904+0000] {logging_mixin.py:190} INFO - [2025-01-28T15:29:51.904+0000] {dag.py:3239} INFO - Sync 1 DAGs
[2025-01-28T15:29:51.923+0000] {logging_mixin.py:190} INFO - [2025-01-28T15:29:51.922+0000] {dag.py:4180} INFO - Setting next_dagrun for example_dag_decorator to None, run_after=None
[2025-01-28T15:29:51.956+0000] {processor.py:208} INFO - Processing /home/airflow/.local/lib/python3.12/site-packages/airflow/example_dags/example_dag_decorator.py took 0.282 seconds
[2025-01-28T15:30:22.370+0000] {processor.py:186} INFO - Started process (PID=413) to work on /home/airflow/.local/lib/python3.12/site-packages/airflow/example_dags/example_dag_decorator.py
[2025-01-28T15:30:22.373+0000] {processor.py:914} INFO - Processing file /home/airflow/.local/lib/python3.12/site-packages/airflow/example_dags/example_dag_decorator.py for tasks to queue
[2025-01-28T15:30:22.381+0000] {logging_mixin.py:190} INFO - [2025-01-28T15:30:22.380+0000] {dagbag.py:588} INFO - Filling up the DagBag from /home/airflow/.local/lib/python3.12/site-packages/airflow/example_dags/example_dag_decorator.py
[2025-01-28T15:30:22.405+0000] {processor.py:925} INFO - DAG(s) 'example_dag_decorator' retrieved from /home/airflow/.local/lib/python3.12/site-packages/airflow/example_dags/example_dag_decorator.py
[2025-01-28T15:30:22.615+0000] {logging_mixin.py:190} INFO - [2025-01-28T15:30:22.615+0000] {dag.py:3239} INFO - Sync 1 DAGs
[2025-01-28T15:30:22.637+0000] {logging_mixin.py:190} INFO - [2025-01-28T15:30:22.637+0000] {dag.py:4180} INFO - Setting next_dagrun for example_dag_decorator to None, run_after=None
[2025-01-28T15:30:22.676+0000] {processor.py:208} INFO - Processing /home/airflow/.local/lib/python3.12/site-packages/airflow/example_dags/example_dag_decorator.py took 0.322 seconds
[2025-01-28T15:30:52.840+0000] {processor.py:186} INFO - Started process (PID=477) to work on /home/airflow/.local/lib/python3.12/site-packages/airflow/example_dags/example_dag_decorator.py
[2025-01-28T15:30:52.843+0000] {processor.py:914} INFO - Processing file /home/airflow/.local/lib/python3.12/site-packages/airflow/example_dags/example_dag_decorator.py for tasks to queue
[2025-01-28T15:30:52.848+0000] {logging_mixin.py:190} INFO - [2025-01-28T15:30:52.848+0000] {dagbag.py:588} INFO - Filling up the DagBag from /home/airflow/.local/lib/python3.12/site-packages/airflow/example_dags/example_dag_decorator.py
[2025-01-28T15:30:52.873+0000] {processor.py:925} INFO - DAG(s) 'example_dag_decorator' retrieved from /home/airflow/.local/lib/python3.12/site-packages/airflow/example_dags/example_dag_decorator.py
[2025-01-28T15:30:53.083+0000] {logging_mixin.py:190} INFO - [2025-01-28T15:30:53.083+0000] {dag.py:3239} INFO - Sync 1 DAGs
[2025-01-28T15:30:53.109+0000] {logging_mixin.py:190} INFO - [2025-01-28T15:30:53.108+0000] {dag.py:4180} INFO - Setting next_dagrun for example_dag_decorator to None, run_after=None
[2025-01-28T15:30:53.152+0000] {processor.py:208} INFO - Processing /home/airflow/.local/lib/python3.12/site-packages/airflow/example_dags/example_dag_decorator.py took 0.323 seconds
[2025-01-28T15:31:23.342+0000] {processor.py:186} INFO - Started process (PID=541) to work on /home/airflow/.local/lib/python3.12/site-packages/airflow/example_dags/example_dag_decorator.py
[2025-01-28T15:31:23.347+0000] {processor.py:914} INFO - Processing file /home/airflow/.local/lib/python3.12/site-packages/airflow/example_dags/example_dag_decorator.py for tasks to queue
[2025-01-28T15:31:23.353+0000] {logging_mixin.py:190} INFO - [2025-01-28T15:31:23.352+0000] {dagbag.py:588} INFO - Filling up the DagBag from /home/airflow/.local/lib/python3.12/site-packages/airflow/example_dags/example_dag_decorator.py
[2025-01-28T15:31:23.378+0000] {processor.py:925} INFO - DAG(s) 'example_dag_decorator' retrieved from /home/airflow/.local/lib/python3.12/site-packages/airflow/example_dags/example_dag_decorator.py
[2025-01-28T15:31:23.598+0000] {logging_mixin.py:190} INFO - [2025-01-28T15:31:23.598+0000] {dag.py:3239} INFO - Sync 1 DAGs
[2025-01-28T15:31:23.622+0000] {logging_mixin.py:190} INFO - [2025-01-28T15:31:23.621+0000] {dag.py:4180} INFO - Setting next_dagrun for example_dag_decorator to None, run_after=None
[2025-01-28T15:31:23.664+0000] {processor.py:208} INFO - Processing /home/airflow/.local/lib/python3.12/site-packages/airflow/example_dags/example_dag_decorator.py took 0.336 seconds
[2025-01-28T15:31:53.723+0000] {processor.py:186} INFO - Started process (PID=605) to work on /home/airflow/.local/lib/python3.12/site-packages/airflow/example_dags/example_dag_decorator.py
[2025-01-28T15:31:53.725+0000] {processor.py:914} INFO - Processing file /home/airflow/.local/lib/python3.12/site-packages/airflow/example_dags/example_dag_decorator.py for tasks to queue
[2025-01-28T15:31:53.730+0000] {logging_mixin.py:190} INFO - [2025-01-28T15:31:53.729+0000] {dagbag.py:588} INFO - Filling up the DagBag from /home/airflow/.local/lib/python3.12/site-packages/airflow/example_dags/example_dag_decorator.py
[2025-01-28T15:31:53.748+0000] {processor.py:925} INFO - DAG(s) 'example_dag_decorator' retrieved from /home/airflow/.local/lib/python3.12/site-packages/airflow/example_dags/example_dag_decorator.py
[2025-01-28T15:31:53.917+0000] {logging_mixin.py:190} INFO - [2025-01-28T15:31:53.916+0000] {dag.py:3239} INFO - Sync 1 DAGs
[2025-01-28T15:31:53.935+0000] {logging_mixin.py:190} INFO - [2025-01-28T15:31:53.935+0000] {dag.py:4180} INFO - Setting next_dagrun for example_dag_decorator to None, run_after=None
[2025-01-28T15:31:53.969+0000] {processor.py:208} INFO - Processing /home/airflow/.local/lib/python3.12/site-packages/airflow/example_dags/example_dag_decorator.py took 0.255 seconds
[2025-01-28T16:33:25.544+0000] {processor.py:186} INFO - Started process (PID=94) to work on /home/airflow/.local/lib/python3.12/site-packages/airflow/example_dags/example_dag_decorator.py
[2025-01-28T16:33:25.546+0000] {processor.py:914} INFO - Processing file /home/airflow/.local/lib/python3.12/site-packages/airflow/example_dags/example_dag_decorator.py for tasks to queue
[2025-01-28T16:33:25.552+0000] {logging_mixin.py:190} INFO - [2025-01-28T16:33:25.551+0000] {dagbag.py:588} INFO - Filling up the DagBag from /home/airflow/.local/lib/python3.12/site-packages/airflow/example_dags/example_dag_decorator.py
[2025-01-28T16:33:25.576+0000] {processor.py:925} INFO - DAG(s) 'example_dag_decorator' retrieved from /home/airflow/.local/lib/python3.12/site-packages/airflow/example_dags/example_dag_decorator.py
[2025-01-28T16:33:25.778+0000] {logging_mixin.py:190} INFO - [2025-01-28T16:33:25.778+0000] {dag.py:3239} INFO - Sync 1 DAGs
[2025-01-28T16:33:25.792+0000] {logging_mixin.py:190} INFO - [2025-01-28T16:33:25.792+0000] {dag.py:4180} INFO - Setting next_dagrun for example_dag_decorator to None, run_after=None
[2025-01-28T16:33:25.823+0000] {processor.py:208} INFO - Processing /home/airflow/.local/lib/python3.12/site-packages/airflow/example_dags/example_dag_decorator.py took 0.289 seconds
[2025-01-28T16:33:56.728+0000] {processor.py:186} INFO - Started process (PID=157) to work on /home/airflow/.local/lib/python3.12/site-packages/airflow/example_dags/example_dag_decorator.py
[2025-01-28T16:33:56.731+0000] {processor.py:914} INFO - Processing file /home/airflow/.local/lib/python3.12/site-packages/airflow/example_dags/example_dag_decorator.py for tasks to queue
[2025-01-28T16:33:56.735+0000] {logging_mixin.py:190} INFO - [2025-01-28T16:33:56.734+0000] {dagbag.py:588} INFO - Filling up the DagBag from /home/airflow/.local/lib/python3.12/site-packages/airflow/example_dags/example_dag_decorator.py
[2025-01-28T16:33:56.757+0000] {processor.py:925} INFO - DAG(s) 'example_dag_decorator' retrieved from /home/airflow/.local/lib/python3.12/site-packages/airflow/example_dags/example_dag_decorator.py
[2025-01-28T16:33:56.794+0000] {logging_mixin.py:190} INFO - [2025-01-28T16:33:56.793+0000] {dag.py:3239} INFO - Sync 1 DAGs
[2025-01-28T16:33:56.816+0000] {logging_mixin.py:190} INFO - [2025-01-28T16:33:56.815+0000] {dag.py:4180} INFO - Setting next_dagrun for example_dag_decorator to None, run_after=None
[2025-01-28T16:33:56.851+0000] {processor.py:208} INFO - Processing /home/airflow/.local/lib/python3.12/site-packages/airflow/example_dags/example_dag_decorator.py took 0.137 seconds
[2025-01-28T16:34:27.243+0000] {processor.py:186} INFO - Started process (PID=220) to work on /home/airflow/.local/lib/python3.12/site-packages/airflow/example_dags/example_dag_decorator.py
[2025-01-28T16:34:27.246+0000] {processor.py:914} INFO - Processing file /home/airflow/.local/lib/python3.12/site-packages/airflow/example_dags/example_dag_decorator.py for tasks to queue
[2025-01-28T16:34:27.252+0000] {logging_mixin.py:190} INFO - [2025-01-28T16:34:27.251+0000] {dagbag.py:588} INFO - Filling up the DagBag from /home/airflow/.local/lib/python3.12/site-packages/airflow/example_dags/example_dag_decorator.py
[2025-01-28T16:34:27.276+0000] {processor.py:925} INFO - DAG(s) 'example_dag_decorator' retrieved from /home/airflow/.local/lib/python3.12/site-packages/airflow/example_dags/example_dag_decorator.py
[2025-01-28T16:34:27.316+0000] {logging_mixin.py:190} INFO - [2025-01-28T16:34:27.316+0000] {dag.py:3239} INFO - Sync 1 DAGs
[2025-01-28T16:34:27.337+0000] {logging_mixin.py:190} INFO - [2025-01-28T16:34:27.337+0000] {dag.py:4180} INFO - Setting next_dagrun for example_dag_decorator to None, run_after=None
[2025-01-28T16:34:27.374+0000] {processor.py:208} INFO - Processing /home/airflow/.local/lib/python3.12/site-packages/airflow/example_dags/example_dag_decorator.py took 0.146 seconds
[2025-01-28T16:34:57.436+0000] {processor.py:186} INFO - Started process (PID=282) to work on /home/airflow/.local/lib/python3.12/site-packages/airflow/example_dags/example_dag_decorator.py
[2025-01-28T16:34:57.439+0000] {processor.py:914} INFO - Processing file /home/airflow/.local/lib/python3.12/site-packages/airflow/example_dags/example_dag_decorator.py for tasks to queue
[2025-01-28T16:34:57.443+0000] {logging_mixin.py:190} INFO - [2025-01-28T16:34:57.443+0000] {dagbag.py:588} INFO - Filling up the DagBag from /home/airflow/.local/lib/python3.12/site-packages/airflow/example_dags/example_dag_decorator.py
[2025-01-28T16:34:57.462+0000] {processor.py:925} INFO - DAG(s) 'example_dag_decorator' retrieved from /home/airflow/.local/lib/python3.12/site-packages/airflow/example_dags/example_dag_decorator.py
[2025-01-28T16:34:57.624+0000] {logging_mixin.py:190} INFO - [2025-01-28T16:34:57.623+0000] {dag.py:3239} INFO - Sync 1 DAGs
[2025-01-28T16:34:57.642+0000] {logging_mixin.py:190} INFO - [2025-01-28T16:34:57.642+0000] {dag.py:4180} INFO - Setting next_dagrun for example_dag_decorator to None, run_after=None
[2025-01-28T16:34:57.676+0000] {processor.py:208} INFO - Processing /home/airflow/.local/lib/python3.12/site-packages/airflow/example_dags/example_dag_decorator.py took 0.257 seconds
[2025-01-28T16:35:27.827+0000] {processor.py:186} INFO - Started process (PID=345) to work on /home/airflow/.local/lib/python3.12/site-packages/airflow/example_dags/example_dag_decorator.py
[2025-01-28T16:35:27.829+0000] {processor.py:914} INFO - Processing file /home/airflow/.local/lib/python3.12/site-packages/airflow/example_dags/example_dag_decorator.py for tasks to queue
[2025-01-28T16:35:27.833+0000] {logging_mixin.py:190} INFO - [2025-01-28T16:35:27.832+0000] {dagbag.py:588} INFO - Filling up the DagBag from /home/airflow/.local/lib/python3.12/site-packages/airflow/example_dags/example_dag_decorator.py
[2025-01-28T16:35:27.852+0000] {processor.py:925} INFO - DAG(s) 'example_dag_decorator' retrieved from /home/airflow/.local/lib/python3.12/site-packages/airflow/example_dags/example_dag_decorator.py
[2025-01-28T16:35:28.019+0000] {logging_mixin.py:190} INFO - [2025-01-28T16:35:28.019+0000] {dag.py:3239} INFO - Sync 1 DAGs
[2025-01-28T16:35:28.037+0000] {logging_mixin.py:190} INFO - [2025-01-28T16:35:28.037+0000] {dag.py:4180} INFO - Setting next_dagrun for example_dag_decorator to None, run_after=None
[2025-01-28T16:35:28.069+0000] {processor.py:208} INFO - Processing /home/airflow/.local/lib/python3.12/site-packages/airflow/example_dags/example_dag_decorator.py took 0.254 seconds
[2025-01-28T16:35:58.189+0000] {processor.py:186} INFO - Started process (PID=408) to work on /home/airflow/.local/lib/python3.12/site-packages/airflow/example_dags/example_dag_decorator.py
[2025-01-28T16:35:58.191+0000] {processor.py:914} INFO - Processing file /home/airflow/.local/lib/python3.12/site-packages/airflow/example_dags/example_dag_decorator.py for tasks to queue
[2025-01-28T16:35:58.197+0000] {logging_mixin.py:190} INFO - [2025-01-28T16:35:58.196+0000] {dagbag.py:588} INFO - Filling up the DagBag from /home/airflow/.local/lib/python3.12/site-packages/airflow/example_dags/example_dag_decorator.py
[2025-01-28T16:35:58.223+0000] {processor.py:925} INFO - DAG(s) 'example_dag_decorator' retrieved from /home/airflow/.local/lib/python3.12/site-packages/airflow/example_dags/example_dag_decorator.py
[2025-01-28T16:35:58.408+0000] {logging_mixin.py:190} INFO - [2025-01-28T16:35:58.407+0000] {dag.py:3239} INFO - Sync 1 DAGs
[2025-01-28T16:35:58.427+0000] {logging_mixin.py:190} INFO - [2025-01-28T16:35:58.426+0000] {dag.py:4180} INFO - Setting next_dagrun for example_dag_decorator to None, run_after=None
[2025-01-28T16:35:58.461+0000] {processor.py:208} INFO - Processing /home/airflow/.local/lib/python3.12/site-packages/airflow/example_dags/example_dag_decorator.py took 0.288 seconds
