[2025-01-28T15:27:52.898+0000] {processor.py:186} INFO - Started process (PID=114) to work on /home/airflow/.local/lib/python3.12/site-packages/airflow/example_dags/example_task_group_decorator.py
[2025-01-28T15:27:52.900+0000] {processor.py:914} INFO - Processing file /home/airflow/.local/lib/python3.12/site-packages/airflow/example_dags/example_task_group_decorator.py for tasks to queue
[2025-01-28T15:27:52.903+0000] {logging_mixin.py:190} INFO - [2025-01-28T15:27:52.903+0000] {dagbag.py:588} INFO - Filling up the DagBag from /home/airflow/.local/lib/python3.12/site-packages/airflow/example_dags/example_task_group_decorator.py
[2025-01-28T15:27:52.924+0000] {processor.py:925} INFO - DAG(s) 'example_task_group_decorator' retrieved from /home/airflow/.local/lib/python3.12/site-packages/airflow/example_dags/example_task_group_decorator.py
[2025-01-28T15:27:53.063+0000] {logging_mixin.py:190} INFO - [2025-01-28T15:27:53.062+0000] {override.py:1911} INFO - Created Permission View: can delete on DAG:example_task_group_decorator
[2025-01-28T15:27:53.078+0000] {logging_mixin.py:190} INFO - [2025-01-28T15:27:53.077+0000] {override.py:1911} INFO - Created Permission View: can edit on DAG:example_task_group_decorator
[2025-01-28T15:27:53.091+0000] {logging_mixin.py:190} INFO - [2025-01-28T15:27:53.091+0000] {override.py:1911} INFO - Created Permission View: can read on DAG:example_task_group_decorator
[2025-01-28T15:27:53.107+0000] {logging_mixin.py:190} INFO - [2025-01-28T15:27:53.107+0000] {override.py:1911} INFO - Created Permission View: menu access on DAG Run:example_task_group_decorator
[2025-01-28T15:27:53.124+0000] {logging_mixin.py:190} INFO - [2025-01-28T15:27:53.124+0000] {override.py:1911} INFO - Created Permission View: can delete on DAG Run:example_task_group_decorator
[2025-01-28T15:27:53.141+0000] {logging_mixin.py:190} INFO - [2025-01-28T15:27:53.140+0000] {override.py:1911} INFO - Created Permission View: can create on DAG Run:example_task_group_decorator
[2025-01-28T15:27:53.155+0000] {logging_mixin.py:190} INFO - [2025-01-28T15:27:53.154+0000] {override.py:1911} INFO - Created Permission View: can read on DAG Run:example_task_group_decorator
[2025-01-28T15:27:53.156+0000] {logging_mixin.py:190} INFO - [2025-01-28T15:27:53.155+0000] {dag.py:3239} INFO - Sync 1 DAGs
[2025-01-28T15:27:53.172+0000] {logging_mixin.py:190} INFO - [2025-01-28T15:27:53.172+0000] {dag.py:3262} INFO - Creating ORM DAG for example_task_group_decorator
[2025-01-28T15:27:53.174+0000] {logging_mixin.py:190} INFO - [2025-01-28T15:27:53.173+0000] {dag.py:4180} INFO - Setting next_dagrun for example_task_group_decorator to None, run_after=None
[2025-01-28T15:27:53.199+0000] {processor.py:208} INFO - Processing /home/airflow/.local/lib/python3.12/site-packages/airflow/example_dags/example_task_group_decorator.py took 0.308 seconds
[2025-01-28T15:28:24.052+0000] {processor.py:186} INFO - Started process (PID=177) to work on /home/airflow/.local/lib/python3.12/site-packages/airflow/example_dags/example_task_group_decorator.py
[2025-01-28T15:28:24.054+0000] {processor.py:914} INFO - Processing file /home/airflow/.local/lib/python3.12/site-packages/airflow/example_dags/example_task_group_decorator.py for tasks to queue
[2025-01-28T15:28:24.058+0000] {logging_mixin.py:190} INFO - [2025-01-28T15:28:24.057+0000] {dagbag.py:588} INFO - Filling up the DagBag from /home/airflow/.local/lib/python3.12/site-packages/airflow/example_dags/example_task_group_decorator.py
[2025-01-28T15:28:24.083+0000] {processor.py:925} INFO - DAG(s) 'example_task_group_decorator' retrieved from /home/airflow/.local/lib/python3.12/site-packages/airflow/example_dags/example_task_group_decorator.py
[2025-01-28T15:28:24.125+0000] {logging_mixin.py:190} INFO - [2025-01-28T15:28:24.125+0000] {dag.py:3239} INFO - Sync 1 DAGs
[2025-01-28T15:28:24.148+0000] {logging_mixin.py:190} INFO - [2025-01-28T15:28:24.147+0000] {dag.py:4180} INFO - Setting next_dagrun for example_task_group_decorator to None, run_after=None
[2025-01-28T15:28:24.181+0000] {processor.py:208} INFO - Processing /home/airflow/.local/lib/python3.12/site-packages/airflow/example_dags/example_task_group_decorator.py took 0.139 seconds
[2025-01-28T15:28:55.047+0000] {processor.py:186} INFO - Started process (PID=240) to work on /home/airflow/.local/lib/python3.12/site-packages/airflow/example_dags/example_task_group_decorator.py
[2025-01-28T15:28:55.050+0000] {processor.py:914} INFO - Processing file /home/airflow/.local/lib/python3.12/site-packages/airflow/example_dags/example_task_group_decorator.py for tasks to queue
[2025-01-28T15:28:55.055+0000] {logging_mixin.py:190} INFO - [2025-01-28T15:28:55.054+0000] {dagbag.py:588} INFO - Filling up the DagBag from /home/airflow/.local/lib/python3.12/site-packages/airflow/example_dags/example_task_group_decorator.py
[2025-01-28T15:28:55.080+0000] {processor.py:925} INFO - DAG(s) 'example_task_group_decorator' retrieved from /home/airflow/.local/lib/python3.12/site-packages/airflow/example_dags/example_task_group_decorator.py
[2025-01-28T15:28:55.117+0000] {logging_mixin.py:190} INFO - [2025-01-28T15:28:55.117+0000] {dag.py:3239} INFO - Sync 1 DAGs
[2025-01-28T15:28:55.138+0000] {logging_mixin.py:190} INFO - [2025-01-28T15:28:55.138+0000] {dag.py:4180} INFO - Setting next_dagrun for example_task_group_decorator to None, run_after=None
[2025-01-28T15:28:55.170+0000] {processor.py:208} INFO - Processing /home/airflow/.local/lib/python3.12/site-packages/airflow/example_dags/example_task_group_decorator.py took 0.138 seconds
[2025-01-28T15:29:26.110+0000] {processor.py:186} INFO - Started process (PID=303) to work on /home/airflow/.local/lib/python3.12/site-packages/airflow/example_dags/example_task_group_decorator.py
[2025-01-28T15:29:26.113+0000] {processor.py:914} INFO - Processing file /home/airflow/.local/lib/python3.12/site-packages/airflow/example_dags/example_task_group_decorator.py for tasks to queue
[2025-01-28T15:29:26.117+0000] {logging_mixin.py:190} INFO - [2025-01-28T15:29:26.117+0000] {dagbag.py:588} INFO - Filling up the DagBag from /home/airflow/.local/lib/python3.12/site-packages/airflow/example_dags/example_task_group_decorator.py
[2025-01-28T15:29:26.138+0000] {processor.py:925} INFO - DAG(s) 'example_task_group_decorator' retrieved from /home/airflow/.local/lib/python3.12/site-packages/airflow/example_dags/example_task_group_decorator.py
[2025-01-28T15:29:26.182+0000] {logging_mixin.py:190} INFO - [2025-01-28T15:29:26.182+0000] {dag.py:3239} INFO - Sync 1 DAGs
[2025-01-28T15:29:26.206+0000] {logging_mixin.py:190} INFO - [2025-01-28T15:29:26.205+0000] {dag.py:4180} INFO - Setting next_dagrun for example_task_group_decorator to None, run_after=None
[2025-01-28T15:29:26.237+0000] {processor.py:208} INFO - Processing /home/airflow/.local/lib/python3.12/site-packages/airflow/example_dags/example_task_group_decorator.py took 0.140 seconds
[2025-01-28T15:29:57.825+0000] {processor.py:186} INFO - Started process (PID=366) to work on /home/airflow/.local/lib/python3.12/site-packages/airflow/example_dags/example_task_group_decorator.py
[2025-01-28T15:29:57.827+0000] {processor.py:914} INFO - Processing file /home/airflow/.local/lib/python3.12/site-packages/airflow/example_dags/example_task_group_decorator.py for tasks to queue
[2025-01-28T15:29:57.834+0000] {logging_mixin.py:190} INFO - [2025-01-28T15:29:57.833+0000] {dagbag.py:588} INFO - Filling up the DagBag from /home/airflow/.local/lib/python3.12/site-packages/airflow/example_dags/example_task_group_decorator.py
[2025-01-28T15:29:57.865+0000] {processor.py:925} INFO - DAG(s) 'example_task_group_decorator' retrieved from /home/airflow/.local/lib/python3.12/site-packages/airflow/example_dags/example_task_group_decorator.py
[2025-01-28T15:29:57.908+0000] {logging_mixin.py:190} INFO - [2025-01-28T15:29:57.908+0000] {dag.py:3239} INFO - Sync 1 DAGs
[2025-01-28T15:29:57.932+0000] {logging_mixin.py:190} INFO - [2025-01-28T15:29:57.932+0000] {dag.py:4180} INFO - Setting next_dagrun for example_task_group_decorator to None, run_after=None
[2025-01-28T15:29:57.972+0000] {processor.py:208} INFO - Processing /home/airflow/.local/lib/python3.12/site-packages/airflow/example_dags/example_task_group_decorator.py took 0.163 seconds
[2025-01-28T15:30:29.076+0000] {processor.py:186} INFO - Started process (PID=429) to work on /home/airflow/.local/lib/python3.12/site-packages/airflow/example_dags/example_task_group_decorator.py
[2025-01-28T15:30:29.078+0000] {processor.py:914} INFO - Processing file /home/airflow/.local/lib/python3.12/site-packages/airflow/example_dags/example_task_group_decorator.py for tasks to queue
[2025-01-28T15:30:29.082+0000] {logging_mixin.py:190} INFO - [2025-01-28T15:30:29.081+0000] {dagbag.py:588} INFO - Filling up the DagBag from /home/airflow/.local/lib/python3.12/site-packages/airflow/example_dags/example_task_group_decorator.py
[2025-01-28T15:30:29.104+0000] {processor.py:925} INFO - DAG(s) 'example_task_group_decorator' retrieved from /home/airflow/.local/lib/python3.12/site-packages/airflow/example_dags/example_task_group_decorator.py
[2025-01-28T15:30:29.149+0000] {logging_mixin.py:190} INFO - [2025-01-28T15:30:29.149+0000] {dag.py:3239} INFO - Sync 1 DAGs
[2025-01-28T15:30:29.172+0000] {logging_mixin.py:190} INFO - [2025-01-28T15:30:29.171+0000] {dag.py:4180} INFO - Setting next_dagrun for example_task_group_decorator to None, run_after=None
[2025-01-28T15:30:29.204+0000] {processor.py:208} INFO - Processing /home/airflow/.local/lib/python3.12/site-packages/airflow/example_dags/example_task_group_decorator.py took 0.143 seconds
[2025-01-28T15:31:00.549+0000] {processor.py:186} INFO - Started process (PID=492) to work on /home/airflow/.local/lib/python3.12/site-packages/airflow/example_dags/example_task_group_decorator.py
[2025-01-28T15:31:00.551+0000] {processor.py:914} INFO - Processing file /home/airflow/.local/lib/python3.12/site-packages/airflow/example_dags/example_task_group_decorator.py for tasks to queue
[2025-01-28T15:31:00.555+0000] {logging_mixin.py:190} INFO - [2025-01-28T15:31:00.554+0000] {dagbag.py:588} INFO - Filling up the DagBag from /home/airflow/.local/lib/python3.12/site-packages/airflow/example_dags/example_task_group_decorator.py
[2025-01-28T15:31:00.578+0000] {processor.py:925} INFO - DAG(s) 'example_task_group_decorator' retrieved from /home/airflow/.local/lib/python3.12/site-packages/airflow/example_dags/example_task_group_decorator.py
[2025-01-28T15:31:00.621+0000] {logging_mixin.py:190} INFO - [2025-01-28T15:31:00.621+0000] {dag.py:3239} INFO - Sync 1 DAGs
[2025-01-28T15:31:00.643+0000] {logging_mixin.py:190} INFO - [2025-01-28T15:31:00.642+0000] {dag.py:4180} INFO - Setting next_dagrun for example_task_group_decorator to None, run_after=None
[2025-01-28T15:31:00.674+0000] {processor.py:208} INFO - Processing /home/airflow/.local/lib/python3.12/site-packages/airflow/example_dags/example_task_group_decorator.py took 0.133 seconds
[2025-01-28T15:31:31.693+0000] {processor.py:186} INFO - Started process (PID=555) to work on /home/airflow/.local/lib/python3.12/site-packages/airflow/example_dags/example_task_group_decorator.py
[2025-01-28T15:31:31.695+0000] {processor.py:914} INFO - Processing file /home/airflow/.local/lib/python3.12/site-packages/airflow/example_dags/example_task_group_decorator.py for tasks to queue
[2025-01-28T15:31:31.700+0000] {logging_mixin.py:190} INFO - [2025-01-28T15:31:31.700+0000] {dagbag.py:588} INFO - Filling up the DagBag from /home/airflow/.local/lib/python3.12/site-packages/airflow/example_dags/example_task_group_decorator.py
[2025-01-28T15:31:31.724+0000] {processor.py:925} INFO - DAG(s) 'example_task_group_decorator' retrieved from /home/airflow/.local/lib/python3.12/site-packages/airflow/example_dags/example_task_group_decorator.py
[2025-01-28T15:31:31.765+0000] {logging_mixin.py:190} INFO - [2025-01-28T15:31:31.765+0000] {dag.py:3239} INFO - Sync 1 DAGs
[2025-01-28T15:31:31.794+0000] {logging_mixin.py:190} INFO - [2025-01-28T15:31:31.794+0000] {dag.py:4180} INFO - Setting next_dagrun for example_task_group_decorator to None, run_after=None
[2025-01-28T15:31:31.830+0000] {processor.py:208} INFO - Processing /home/airflow/.local/lib/python3.12/site-packages/airflow/example_dags/example_task_group_decorator.py took 0.149 seconds
[2025-01-28T16:33:28.629+0000] {processor.py:186} INFO - Started process (PID=109) to work on /home/airflow/.local/lib/python3.12/site-packages/airflow/example_dags/example_task_group_decorator.py
[2025-01-28T16:33:28.631+0000] {processor.py:914} INFO - Processing file /home/airflow/.local/lib/python3.12/site-packages/airflow/example_dags/example_task_group_decorator.py for tasks to queue
[2025-01-28T16:33:28.635+0000] {logging_mixin.py:190} INFO - [2025-01-28T16:33:28.634+0000] {dagbag.py:588} INFO - Filling up the DagBag from /home/airflow/.local/lib/python3.12/site-packages/airflow/example_dags/example_task_group_decorator.py
[2025-01-28T16:33:28.655+0000] {processor.py:925} INFO - DAG(s) 'example_task_group_decorator' retrieved from /home/airflow/.local/lib/python3.12/site-packages/airflow/example_dags/example_task_group_decorator.py
[2025-01-28T16:33:28.693+0000] {logging_mixin.py:190} INFO - [2025-01-28T16:33:28.692+0000] {dag.py:3239} INFO - Sync 1 DAGs
[2025-01-28T16:33:28.711+0000] {logging_mixin.py:190} INFO - [2025-01-28T16:33:28.710+0000] {dag.py:4180} INFO - Setting next_dagrun for example_task_group_decorator to None, run_after=None
[2025-01-28T16:33:28.742+0000] {processor.py:208} INFO - Processing /home/airflow/.local/lib/python3.12/site-packages/airflow/example_dags/example_task_group_decorator.py took 0.122 seconds
[2025-01-28T16:34:00.260+0000] {processor.py:186} INFO - Started process (PID=171) to work on /home/airflow/.local/lib/python3.12/site-packages/airflow/example_dags/example_task_group_decorator.py
[2025-01-28T16:34:00.262+0000] {processor.py:914} INFO - Processing file /home/airflow/.local/lib/python3.12/site-packages/airflow/example_dags/example_task_group_decorator.py for tasks to queue
[2025-01-28T16:34:00.269+0000] {logging_mixin.py:190} INFO - [2025-01-28T16:34:00.268+0000] {dagbag.py:588} INFO - Filling up the DagBag from /home/airflow/.local/lib/python3.12/site-packages/airflow/example_dags/example_task_group_decorator.py
[2025-01-28T16:34:00.295+0000] {processor.py:925} INFO - DAG(s) 'example_task_group_decorator' retrieved from /home/airflow/.local/lib/python3.12/site-packages/airflow/example_dags/example_task_group_decorator.py
[2025-01-28T16:34:00.337+0000] {logging_mixin.py:190} INFO - [2025-01-28T16:34:00.336+0000] {dag.py:3239} INFO - Sync 1 DAGs
[2025-01-28T16:34:00.359+0000] {logging_mixin.py:190} INFO - [2025-01-28T16:34:00.359+0000] {dag.py:4180} INFO - Setting next_dagrun for example_task_group_decorator to None, run_after=None
[2025-01-28T16:34:00.392+0000] {processor.py:208} INFO - Processing /home/airflow/.local/lib/python3.12/site-packages/airflow/example_dags/example_task_group_decorator.py took 0.145 seconds
[2025-01-28T16:34:31.579+0000] {processor.py:186} INFO - Started process (PID=234) to work on /home/airflow/.local/lib/python3.12/site-packages/airflow/example_dags/example_task_group_decorator.py
[2025-01-28T16:34:31.581+0000] {processor.py:914} INFO - Processing file /home/airflow/.local/lib/python3.12/site-packages/airflow/example_dags/example_task_group_decorator.py for tasks to queue
[2025-01-28T16:34:31.585+0000] {logging_mixin.py:190} INFO - [2025-01-28T16:34:31.584+0000] {dagbag.py:588} INFO - Filling up the DagBag from /home/airflow/.local/lib/python3.12/site-packages/airflow/example_dags/example_task_group_decorator.py
[2025-01-28T16:34:31.607+0000] {processor.py:925} INFO - DAG(s) 'example_task_group_decorator' retrieved from /home/airflow/.local/lib/python3.12/site-packages/airflow/example_dags/example_task_group_decorator.py
[2025-01-28T16:34:31.652+0000] {logging_mixin.py:190} INFO - [2025-01-28T16:34:31.652+0000] {dag.py:3239} INFO - Sync 1 DAGs
[2025-01-28T16:34:31.678+0000] {logging_mixin.py:190} INFO - [2025-01-28T16:34:31.678+0000] {dag.py:4180} INFO - Setting next_dagrun for example_task_group_decorator to None, run_after=None
[2025-01-28T16:34:31.714+0000] {processor.py:208} INFO - Processing /home/airflow/.local/lib/python3.12/site-packages/airflow/example_dags/example_task_group_decorator.py took 0.152 seconds
[2025-01-28T16:35:03.273+0000] {processor.py:186} INFO - Started process (PID=297) to work on /home/airflow/.local/lib/python3.12/site-packages/airflow/example_dags/example_task_group_decorator.py
[2025-01-28T16:35:03.275+0000] {processor.py:914} INFO - Processing file /home/airflow/.local/lib/python3.12/site-packages/airflow/example_dags/example_task_group_decorator.py for tasks to queue
[2025-01-28T16:35:03.279+0000] {logging_mixin.py:190} INFO - [2025-01-28T16:35:03.279+0000] {dagbag.py:588} INFO - Filling up the DagBag from /home/airflow/.local/lib/python3.12/site-packages/airflow/example_dags/example_task_group_decorator.py
[2025-01-28T16:35:03.304+0000] {processor.py:925} INFO - DAG(s) 'example_task_group_decorator' retrieved from /home/airflow/.local/lib/python3.12/site-packages/airflow/example_dags/example_task_group_decorator.py
[2025-01-28T16:35:03.342+0000] {logging_mixin.py:190} INFO - [2025-01-28T16:35:03.341+0000] {dag.py:3239} INFO - Sync 1 DAGs
[2025-01-28T16:35:03.366+0000] {logging_mixin.py:190} INFO - [2025-01-28T16:35:03.366+0000] {dag.py:4180} INFO - Setting next_dagrun for example_task_group_decorator to None, run_after=None
[2025-01-28T16:35:03.403+0000] {processor.py:208} INFO - Processing /home/airflow/.local/lib/python3.12/site-packages/airflow/example_dags/example_task_group_decorator.py took 0.138 seconds
[2025-01-28T16:35:34.597+0000] {processor.py:186} INFO - Started process (PID=360) to work on /home/airflow/.local/lib/python3.12/site-packages/airflow/example_dags/example_task_group_decorator.py
[2025-01-28T16:35:34.599+0000] {processor.py:914} INFO - Processing file /home/airflow/.local/lib/python3.12/site-packages/airflow/example_dags/example_task_group_decorator.py for tasks to queue
[2025-01-28T16:35:34.604+0000] {logging_mixin.py:190} INFO - [2025-01-28T16:35:34.603+0000] {dagbag.py:588} INFO - Filling up the DagBag from /home/airflow/.local/lib/python3.12/site-packages/airflow/example_dags/example_task_group_decorator.py
[2025-01-28T16:35:34.630+0000] {processor.py:925} INFO - DAG(s) 'example_task_group_decorator' retrieved from /home/airflow/.local/lib/python3.12/site-packages/airflow/example_dags/example_task_group_decorator.py
[2025-01-28T16:35:34.676+0000] {logging_mixin.py:190} INFO - [2025-01-28T16:35:34.675+0000] {dag.py:3239} INFO - Sync 1 DAGs
[2025-01-28T16:35:34.701+0000] {logging_mixin.py:190} INFO - [2025-01-28T16:35:34.700+0000] {dag.py:4180} INFO - Setting next_dagrun for example_task_group_decorator to None, run_after=None
[2025-01-28T16:35:34.740+0000] {processor.py:208} INFO - Processing /home/airflow/.local/lib/python3.12/site-packages/airflow/example_dags/example_task_group_decorator.py took 0.160 seconds
[2025-01-28T16:36:05.019+0000] {processor.py:186} INFO - Started process (PID=422) to work on /home/airflow/.local/lib/python3.12/site-packages/airflow/example_dags/example_task_group_decorator.py
[2025-01-28T16:36:05.022+0000] {processor.py:914} INFO - Processing file /home/airflow/.local/lib/python3.12/site-packages/airflow/example_dags/example_task_group_decorator.py for tasks to queue
[2025-01-28T16:36:05.027+0000] {logging_mixin.py:190} INFO - [2025-01-28T16:36:05.026+0000] {dagbag.py:588} INFO - Filling up the DagBag from /home/airflow/.local/lib/python3.12/site-packages/airflow/example_dags/example_task_group_decorator.py
[2025-01-28T16:36:05.051+0000] {processor.py:925} INFO - DAG(s) 'example_task_group_decorator' retrieved from /home/airflow/.local/lib/python3.12/site-packages/airflow/example_dags/example_task_group_decorator.py
[2025-01-28T16:36:05.096+0000] {logging_mixin.py:190} INFO - [2025-01-28T16:36:05.095+0000] {dag.py:3239} INFO - Sync 1 DAGs
[2025-01-28T16:36:05.120+0000] {logging_mixin.py:190} INFO - [2025-01-28T16:36:05.120+0000] {dag.py:4180} INFO - Setting next_dagrun for example_task_group_decorator to None, run_after=None
[2025-01-28T16:36:05.160+0000] {processor.py:208} INFO - Processing /home/airflow/.local/lib/python3.12/site-packages/airflow/example_dags/example_task_group_decorator.py took 0.154 seconds
