[2025-01-28T15:27:42.110+0000] {processor.py:186} INFO - Started process (PID=78) to work on /home/airflow/.local/lib/python3.12/site-packages/airflow/example_dags/example_setup_teardown.py
[2025-01-28T15:27:42.112+0000] {processor.py:914} INFO - Processing file /home/airflow/.local/lib/python3.12/site-packages/airflow/example_dags/example_setup_teardown.py for tasks to queue
[2025-01-28T15:27:42.119+0000] {logging_mixin.py:190} INFO - [2025-01-28T15:27:42.118+0000] {dagbag.py:588} INFO - Filling up the DagBag from /home/airflow/.local/lib/python3.12/site-packages/airflow/example_dags/example_setup_teardown.py
[2025-01-28T15:27:42.231+0000] {processor.py:925} INFO - DAG(s) 'example_setup_teardown' retrieved from /home/airflow/.local/lib/python3.12/site-packages/airflow/example_dags/example_setup_teardown.py
[2025-01-28T15:27:42.889+0000] {logging_mixin.py:190} INFO - [2025-01-28T15:27:42.887+0000] {override.py:1911} INFO - Created Permission View: can delete on DAG:example_setup_teardown
[2025-01-28T15:27:42.911+0000] {logging_mixin.py:190} INFO - [2025-01-28T15:27:42.910+0000] {override.py:1911} INFO - Created Permission View: can edit on DAG:example_setup_teardown
[2025-01-28T15:27:42.931+0000] {logging_mixin.py:190} INFO - [2025-01-28T15:27:42.931+0000] {override.py:1911} INFO - Created Permission View: can read on DAG:example_setup_teardown
[2025-01-28T15:27:42.960+0000] {logging_mixin.py:190} INFO - [2025-01-28T15:27:42.959+0000] {override.py:1911} INFO - Created Permission View: menu access on DAG Run:example_setup_teardown
[2025-01-28T15:27:42.978+0000] {logging_mixin.py:190} INFO - [2025-01-28T15:27:42.977+0000] {override.py:1911} INFO - Created Permission View: can delete on DAG Run:example_setup_teardown
[2025-01-28T15:27:43.000+0000] {logging_mixin.py:190} INFO - [2025-01-28T15:27:43.000+0000] {override.py:1911} INFO - Created Permission View: can create on DAG Run:example_setup_teardown
[2025-01-28T15:27:43.013+0000] {logging_mixin.py:190} INFO - [2025-01-28T15:27:43.013+0000] {override.py:1911} INFO - Created Permission View: can read on DAG Run:example_setup_teardown
[2025-01-28T15:27:43.014+0000] {logging_mixin.py:190} INFO - [2025-01-28T15:27:43.014+0000] {dag.py:3239} INFO - Sync 1 DAGs
[2025-01-28T15:27:43.029+0000] {logging_mixin.py:190} INFO - [2025-01-28T15:27:43.029+0000] {dag.py:3262} INFO - Creating ORM DAG for example_setup_teardown
[2025-01-28T15:27:43.031+0000] {logging_mixin.py:190} INFO - [2025-01-28T15:27:43.030+0000] {dag.py:4180} INFO - Setting next_dagrun for example_setup_teardown to None, run_after=None
[2025-01-28T15:27:43.062+0000] {processor.py:208} INFO - Processing /home/airflow/.local/lib/python3.12/site-packages/airflow/example_dags/example_setup_teardown.py took 0.964 seconds
[2025-01-28T15:28:13.815+0000] {processor.py:186} INFO - Started process (PID=141) to work on /home/airflow/.local/lib/python3.12/site-packages/airflow/example_dags/example_setup_teardown.py
[2025-01-28T15:28:13.818+0000] {processor.py:914} INFO - Processing file /home/airflow/.local/lib/python3.12/site-packages/airflow/example_dags/example_setup_teardown.py for tasks to queue
[2025-01-28T15:28:13.826+0000] {logging_mixin.py:190} INFO - [2025-01-28T15:28:13.825+0000] {dagbag.py:588} INFO - Filling up the DagBag from /home/airflow/.local/lib/python3.12/site-packages/airflow/example_dags/example_setup_teardown.py
[2025-01-28T15:28:13.845+0000] {processor.py:925} INFO - DAG(s) 'example_setup_teardown' retrieved from /home/airflow/.local/lib/python3.12/site-packages/airflow/example_dags/example_setup_teardown.py
[2025-01-28T15:28:13.901+0000] {logging_mixin.py:190} INFO - [2025-01-28T15:28:13.900+0000] {dag.py:3239} INFO - Sync 1 DAGs
[2025-01-28T15:28:13.946+0000] {logging_mixin.py:190} INFO - [2025-01-28T15:28:13.946+0000] {dag.py:4180} INFO - Setting next_dagrun for example_setup_teardown to None, run_after=None
[2025-01-28T15:28:13.996+0000] {processor.py:208} INFO - Processing /home/airflow/.local/lib/python3.12/site-packages/airflow/example_dags/example_setup_teardown.py took 0.193 seconds
[2025-01-28T15:28:44.583+0000] {processor.py:186} INFO - Started process (PID=204) to work on /home/airflow/.local/lib/python3.12/site-packages/airflow/example_dags/example_setup_teardown.py
[2025-01-28T15:28:44.587+0000] {processor.py:914} INFO - Processing file /home/airflow/.local/lib/python3.12/site-packages/airflow/example_dags/example_setup_teardown.py for tasks to queue
[2025-01-28T15:28:44.595+0000] {logging_mixin.py:190} INFO - [2025-01-28T15:28:44.594+0000] {dagbag.py:588} INFO - Filling up the DagBag from /home/airflow/.local/lib/python3.12/site-packages/airflow/example_dags/example_setup_teardown.py
[2025-01-28T15:28:44.618+0000] {processor.py:925} INFO - DAG(s) 'example_setup_teardown' retrieved from /home/airflow/.local/lib/python3.12/site-packages/airflow/example_dags/example_setup_teardown.py
[2025-01-28T15:28:44.669+0000] {logging_mixin.py:190} INFO - [2025-01-28T15:28:44.669+0000] {dag.py:3239} INFO - Sync 1 DAGs
[2025-01-28T15:28:44.695+0000] {logging_mixin.py:190} INFO - [2025-01-28T15:28:44.695+0000] {dag.py:4180} INFO - Setting next_dagrun for example_setup_teardown to None, run_after=None
[2025-01-28T15:28:44.731+0000] {processor.py:208} INFO - Processing /home/airflow/.local/lib/python3.12/site-packages/airflow/example_dags/example_setup_teardown.py took 0.163 seconds
[2025-01-28T15:29:15.189+0000] {processor.py:186} INFO - Started process (PID=267) to work on /home/airflow/.local/lib/python3.12/site-packages/airflow/example_dags/example_setup_teardown.py
[2025-01-28T15:29:15.192+0000] {processor.py:914} INFO - Processing file /home/airflow/.local/lib/python3.12/site-packages/airflow/example_dags/example_setup_teardown.py for tasks to queue
[2025-01-28T15:29:15.198+0000] {logging_mixin.py:190} INFO - [2025-01-28T15:29:15.197+0000] {dagbag.py:588} INFO - Filling up the DagBag from /home/airflow/.local/lib/python3.12/site-packages/airflow/example_dags/example_setup_teardown.py
[2025-01-28T15:29:15.215+0000] {processor.py:925} INFO - DAG(s) 'example_setup_teardown' retrieved from /home/airflow/.local/lib/python3.12/site-packages/airflow/example_dags/example_setup_teardown.py
[2025-01-28T15:29:15.256+0000] {logging_mixin.py:190} INFO - [2025-01-28T15:29:15.255+0000] {dag.py:3239} INFO - Sync 1 DAGs
[2025-01-28T15:29:15.281+0000] {logging_mixin.py:190} INFO - [2025-01-28T15:29:15.281+0000] {dag.py:4180} INFO - Setting next_dagrun for example_setup_teardown to None, run_after=None
[2025-01-28T15:29:15.319+0000] {processor.py:208} INFO - Processing /home/airflow/.local/lib/python3.12/site-packages/airflow/example_dags/example_setup_teardown.py took 0.144 seconds
[2025-01-28T15:29:45.494+0000] {processor.py:186} INFO - Started process (PID=330) to work on /home/airflow/.local/lib/python3.12/site-packages/airflow/example_dags/example_setup_teardown.py
[2025-01-28T15:29:45.497+0000] {processor.py:914} INFO - Processing file /home/airflow/.local/lib/python3.12/site-packages/airflow/example_dags/example_setup_teardown.py for tasks to queue
[2025-01-28T15:29:45.502+0000] {logging_mixin.py:190} INFO - [2025-01-28T15:29:45.501+0000] {dagbag.py:588} INFO - Filling up the DagBag from /home/airflow/.local/lib/python3.12/site-packages/airflow/example_dags/example_setup_teardown.py
[2025-01-28T15:29:45.518+0000] {processor.py:925} INFO - DAG(s) 'example_setup_teardown' retrieved from /home/airflow/.local/lib/python3.12/site-packages/airflow/example_dags/example_setup_teardown.py
[2025-01-28T15:29:45.562+0000] {logging_mixin.py:190} INFO - [2025-01-28T15:29:45.561+0000] {dag.py:3239} INFO - Sync 1 DAGs
[2025-01-28T15:29:45.589+0000] {logging_mixin.py:190} INFO - [2025-01-28T15:29:45.589+0000] {dag.py:4180} INFO - Setting next_dagrun for example_setup_teardown to None, run_after=None
[2025-01-28T15:29:45.628+0000] {processor.py:208} INFO - Processing /home/airflow/.local/lib/python3.12/site-packages/airflow/example_dags/example_setup_teardown.py took 0.149 seconds
[2025-01-28T15:30:16.148+0000] {processor.py:186} INFO - Started process (PID=393) to work on /home/airflow/.local/lib/python3.12/site-packages/airflow/example_dags/example_setup_teardown.py
[2025-01-28T15:30:16.152+0000] {processor.py:914} INFO - Processing file /home/airflow/.local/lib/python3.12/site-packages/airflow/example_dags/example_setup_teardown.py for tasks to queue
[2025-01-28T15:30:16.158+0000] {logging_mixin.py:190} INFO - [2025-01-28T15:30:16.157+0000] {dagbag.py:588} INFO - Filling up the DagBag from /home/airflow/.local/lib/python3.12/site-packages/airflow/example_dags/example_setup_teardown.py
[2025-01-28T15:30:16.175+0000] {processor.py:925} INFO - DAG(s) 'example_setup_teardown' retrieved from /home/airflow/.local/lib/python3.12/site-packages/airflow/example_dags/example_setup_teardown.py
[2025-01-28T15:30:16.220+0000] {logging_mixin.py:190} INFO - [2025-01-28T15:30:16.220+0000] {dag.py:3239} INFO - Sync 1 DAGs
[2025-01-28T15:30:16.247+0000] {logging_mixin.py:190} INFO - [2025-01-28T15:30:16.246+0000] {dag.py:4180} INFO - Setting next_dagrun for example_setup_teardown to None, run_after=None
[2025-01-28T15:30:16.288+0000] {processor.py:208} INFO - Processing /home/airflow/.local/lib/python3.12/site-packages/airflow/example_dags/example_setup_teardown.py took 0.155 seconds
[2025-01-28T15:30:46.367+0000] {processor.py:186} INFO - Started process (PID=456) to work on /home/airflow/.local/lib/python3.12/site-packages/airflow/example_dags/example_setup_teardown.py
[2025-01-28T15:30:46.370+0000] {processor.py:914} INFO - Processing file /home/airflow/.local/lib/python3.12/site-packages/airflow/example_dags/example_setup_teardown.py for tasks to queue
[2025-01-28T15:30:46.377+0000] {logging_mixin.py:190} INFO - [2025-01-28T15:30:46.375+0000] {dagbag.py:588} INFO - Filling up the DagBag from /home/airflow/.local/lib/python3.12/site-packages/airflow/example_dags/example_setup_teardown.py
[2025-01-28T15:30:46.394+0000] {processor.py:925} INFO - DAG(s) 'example_setup_teardown' retrieved from /home/airflow/.local/lib/python3.12/site-packages/airflow/example_dags/example_setup_teardown.py
[2025-01-28T15:30:46.446+0000] {logging_mixin.py:190} INFO - [2025-01-28T15:30:46.445+0000] {dag.py:3239} INFO - Sync 1 DAGs
[2025-01-28T15:30:46.473+0000] {logging_mixin.py:190} INFO - [2025-01-28T15:30:46.472+0000] {dag.py:4180} INFO - Setting next_dagrun for example_setup_teardown to None, run_after=None
[2025-01-28T15:30:46.513+0000] {processor.py:208} INFO - Processing /home/airflow/.local/lib/python3.12/site-packages/airflow/example_dags/example_setup_teardown.py took 0.161 seconds
[2025-01-28T15:31:16.657+0000] {processor.py:186} INFO - Started process (PID=519) to work on /home/airflow/.local/lib/python3.12/site-packages/airflow/example_dags/example_setup_teardown.py
[2025-01-28T15:31:16.660+0000] {processor.py:914} INFO - Processing file /home/airflow/.local/lib/python3.12/site-packages/airflow/example_dags/example_setup_teardown.py for tasks to queue
[2025-01-28T15:31:16.668+0000] {logging_mixin.py:190} INFO - [2025-01-28T15:31:16.667+0000] {dagbag.py:588} INFO - Filling up the DagBag from /home/airflow/.local/lib/python3.12/site-packages/airflow/example_dags/example_setup_teardown.py
[2025-01-28T15:31:16.691+0000] {processor.py:925} INFO - DAG(s) 'example_setup_teardown' retrieved from /home/airflow/.local/lib/python3.12/site-packages/airflow/example_dags/example_setup_teardown.py
[2025-01-28T15:31:16.736+0000] {logging_mixin.py:190} INFO - [2025-01-28T15:31:16.736+0000] {dag.py:3239} INFO - Sync 1 DAGs
[2025-01-28T15:31:16.763+0000] {logging_mixin.py:190} INFO - [2025-01-28T15:31:16.762+0000] {dag.py:4180} INFO - Setting next_dagrun for example_setup_teardown to None, run_after=None
[2025-01-28T15:31:16.802+0000] {processor.py:208} INFO - Processing /home/airflow/.local/lib/python3.12/site-packages/airflow/example_dags/example_setup_teardown.py took 0.161 seconds
[2025-01-28T15:31:47.157+0000] {processor.py:186} INFO - Started process (PID=582) to work on /home/airflow/.local/lib/python3.12/site-packages/airflow/example_dags/example_setup_teardown.py
[2025-01-28T15:31:47.160+0000] {processor.py:914} INFO - Processing file /home/airflow/.local/lib/python3.12/site-packages/airflow/example_dags/example_setup_teardown.py for tasks to queue
[2025-01-28T15:31:47.165+0000] {logging_mixin.py:190} INFO - [2025-01-28T15:31:47.164+0000] {dagbag.py:588} INFO - Filling up the DagBag from /home/airflow/.local/lib/python3.12/site-packages/airflow/example_dags/example_setup_teardown.py
[2025-01-28T15:31:47.181+0000] {processor.py:925} INFO - DAG(s) 'example_setup_teardown' retrieved from /home/airflow/.local/lib/python3.12/site-packages/airflow/example_dags/example_setup_teardown.py
[2025-01-28T15:31:47.245+0000] {logging_mixin.py:190} INFO - [2025-01-28T15:31:47.244+0000] {dag.py:3239} INFO - Sync 1 DAGs
[2025-01-28T15:31:47.278+0000] {logging_mixin.py:190} INFO - [2025-01-28T15:31:47.277+0000] {dag.py:4180} INFO - Setting next_dagrun for example_setup_teardown to None, run_after=None
[2025-01-28T15:31:47.325+0000] {processor.py:208} INFO - Processing /home/airflow/.local/lib/python3.12/site-packages/airflow/example_dags/example_setup_teardown.py took 0.189 seconds
[2025-01-28T16:33:22.327+0000] {processor.py:186} INFO - Started process (PID=67) to work on /home/airflow/.local/lib/python3.12/site-packages/airflow/example_dags/example_setup_teardown.py
[2025-01-28T16:33:22.333+0000] {processor.py:914} INFO - Processing file /home/airflow/.local/lib/python3.12/site-packages/airflow/example_dags/example_setup_teardown.py for tasks to queue
[2025-01-28T16:33:22.339+0000] {logging_mixin.py:190} INFO - [2025-01-28T16:33:22.338+0000] {dagbag.py:588} INFO - Filling up the DagBag from /home/airflow/.local/lib/python3.12/site-packages/airflow/example_dags/example_setup_teardown.py
[2025-01-28T16:33:22.371+0000] {processor.py:925} INFO - DAG(s) 'example_setup_teardown' retrieved from /home/airflow/.local/lib/python3.12/site-packages/airflow/example_dags/example_setup_teardown.py
[2025-01-28T16:33:22.440+0000] {logging_mixin.py:190} INFO - [2025-01-28T16:33:22.439+0000] {dag.py:3239} INFO - Sync 1 DAGs
[2025-01-28T16:33:22.479+0000] {logging_mixin.py:190} INFO - [2025-01-28T16:33:22.478+0000] {dag.py:4180} INFO - Setting next_dagrun for example_setup_teardown to None, run_after=None
[2025-01-28T16:33:22.521+0000] {processor.py:208} INFO - Processing /home/airflow/.local/lib/python3.12/site-packages/airflow/example_dags/example_setup_teardown.py took 0.216 seconds
[2025-01-28T16:33:53.049+0000] {processor.py:186} INFO - Started process (PID=130) to work on /home/airflow/.local/lib/python3.12/site-packages/airflow/example_dags/example_setup_teardown.py
[2025-01-28T16:33:53.051+0000] {processor.py:914} INFO - Processing file /home/airflow/.local/lib/python3.12/site-packages/airflow/example_dags/example_setup_teardown.py for tasks to queue
[2025-01-28T16:33:53.058+0000] {logging_mixin.py:190} INFO - [2025-01-28T16:33:53.057+0000] {dagbag.py:588} INFO - Filling up the DagBag from /home/airflow/.local/lib/python3.12/site-packages/airflow/example_dags/example_setup_teardown.py
[2025-01-28T16:33:53.072+0000] {processor.py:925} INFO - DAG(s) 'example_setup_teardown' retrieved from /home/airflow/.local/lib/python3.12/site-packages/airflow/example_dags/example_setup_teardown.py
[2025-01-28T16:33:53.109+0000] {logging_mixin.py:190} INFO - [2025-01-28T16:33:53.109+0000] {dag.py:3239} INFO - Sync 1 DAGs
[2025-01-28T16:33:53.132+0000] {logging_mixin.py:190} INFO - [2025-01-28T16:33:53.132+0000] {dag.py:4180} INFO - Setting next_dagrun for example_setup_teardown to None, run_after=None
[2025-01-28T16:33:53.164+0000] {processor.py:208} INFO - Processing /home/airflow/.local/lib/python3.12/site-packages/airflow/example_dags/example_setup_teardown.py took 0.129 seconds
[2025-01-28T16:34:23.244+0000] {processor.py:186} INFO - Started process (PID=193) to work on /home/airflow/.local/lib/python3.12/site-packages/airflow/example_dags/example_setup_teardown.py
[2025-01-28T16:34:23.246+0000] {processor.py:914} INFO - Processing file /home/airflow/.local/lib/python3.12/site-packages/airflow/example_dags/example_setup_teardown.py for tasks to queue
[2025-01-28T16:34:23.254+0000] {logging_mixin.py:190} INFO - [2025-01-28T16:34:23.253+0000] {dagbag.py:588} INFO - Filling up the DagBag from /home/airflow/.local/lib/python3.12/site-packages/airflow/example_dags/example_setup_teardown.py
[2025-01-28T16:34:23.275+0000] {processor.py:925} INFO - DAG(s) 'example_setup_teardown' retrieved from /home/airflow/.local/lib/python3.12/site-packages/airflow/example_dags/example_setup_teardown.py
[2025-01-28T16:34:23.318+0000] {logging_mixin.py:190} INFO - [2025-01-28T16:34:23.318+0000] {dag.py:3239} INFO - Sync 1 DAGs
[2025-01-28T16:34:23.344+0000] {logging_mixin.py:190} INFO - [2025-01-28T16:34:23.344+0000] {dag.py:4180} INFO - Setting next_dagrun for example_setup_teardown to None, run_after=None
[2025-01-28T16:34:23.384+0000] {processor.py:208} INFO - Processing /home/airflow/.local/lib/python3.12/site-packages/airflow/example_dags/example_setup_teardown.py took 0.154 seconds
[2025-01-28T16:34:53.606+0000] {processor.py:186} INFO - Started process (PID=256) to work on /home/airflow/.local/lib/python3.12/site-packages/airflow/example_dags/example_setup_teardown.py
[2025-01-28T16:34:53.608+0000] {processor.py:914} INFO - Processing file /home/airflow/.local/lib/python3.12/site-packages/airflow/example_dags/example_setup_teardown.py for tasks to queue
[2025-01-28T16:34:53.615+0000] {logging_mixin.py:190} INFO - [2025-01-28T16:34:53.614+0000] {dagbag.py:588} INFO - Filling up the DagBag from /home/airflow/.local/lib/python3.12/site-packages/airflow/example_dags/example_setup_teardown.py
[2025-01-28T16:34:53.635+0000] {processor.py:925} INFO - DAG(s) 'example_setup_teardown' retrieved from /home/airflow/.local/lib/python3.12/site-packages/airflow/example_dags/example_setup_teardown.py
[2025-01-28T16:34:53.673+0000] {logging_mixin.py:190} INFO - [2025-01-28T16:34:53.672+0000] {dag.py:3239} INFO - Sync 1 DAGs
[2025-01-28T16:34:53.695+0000] {logging_mixin.py:190} INFO - [2025-01-28T16:34:53.695+0000] {dag.py:4180} INFO - Setting next_dagrun for example_setup_teardown to None, run_after=None
[2025-01-28T16:34:53.734+0000] {processor.py:208} INFO - Processing /home/airflow/.local/lib/python3.12/site-packages/airflow/example_dags/example_setup_teardown.py took 0.146 seconds
[2025-01-28T16:35:24.468+0000] {processor.py:186} INFO - Started process (PID=319) to work on /home/airflow/.local/lib/python3.12/site-packages/airflow/example_dags/example_setup_teardown.py
[2025-01-28T16:35:24.470+0000] {processor.py:914} INFO - Processing file /home/airflow/.local/lib/python3.12/site-packages/airflow/example_dags/example_setup_teardown.py for tasks to queue
[2025-01-28T16:35:24.477+0000] {logging_mixin.py:190} INFO - [2025-01-28T16:35:24.476+0000] {dagbag.py:588} INFO - Filling up the DagBag from /home/airflow/.local/lib/python3.12/site-packages/airflow/example_dags/example_setup_teardown.py
[2025-01-28T16:35:24.502+0000] {processor.py:925} INFO - DAG(s) 'example_setup_teardown' retrieved from /home/airflow/.local/lib/python3.12/site-packages/airflow/example_dags/example_setup_teardown.py
[2025-01-28T16:35:24.550+0000] {logging_mixin.py:190} INFO - [2025-01-28T16:35:24.550+0000] {dag.py:3239} INFO - Sync 1 DAGs
[2025-01-28T16:35:24.576+0000] {logging_mixin.py:190} INFO - [2025-01-28T16:35:24.576+0000] {dag.py:4180} INFO - Setting next_dagrun for example_setup_teardown to None, run_after=None
[2025-01-28T16:35:24.628+0000] {processor.py:208} INFO - Processing /home/airflow/.local/lib/python3.12/site-packages/airflow/example_dags/example_setup_teardown.py took 0.174 seconds
[2025-01-28T16:35:54.810+0000] {processor.py:186} INFO - Started process (PID=382) to work on /home/airflow/.local/lib/python3.12/site-packages/airflow/example_dags/example_setup_teardown.py
[2025-01-28T16:35:54.813+0000] {processor.py:914} INFO - Processing file /home/airflow/.local/lib/python3.12/site-packages/airflow/example_dags/example_setup_teardown.py for tasks to queue
[2025-01-28T16:35:54.822+0000] {logging_mixin.py:190} INFO - [2025-01-28T16:35:54.820+0000] {dagbag.py:588} INFO - Filling up the DagBag from /home/airflow/.local/lib/python3.12/site-packages/airflow/example_dags/example_setup_teardown.py
[2025-01-28T16:35:54.842+0000] {processor.py:925} INFO - DAG(s) 'example_setup_teardown' retrieved from /home/airflow/.local/lib/python3.12/site-packages/airflow/example_dags/example_setup_teardown.py
[2025-01-28T16:35:54.893+0000] {logging_mixin.py:190} INFO - [2025-01-28T16:35:54.892+0000] {dag.py:3239} INFO - Sync 1 DAGs
[2025-01-28T16:35:54.921+0000] {logging_mixin.py:190} INFO - [2025-01-28T16:35:54.921+0000] {dag.py:4180} INFO - Setting next_dagrun for example_setup_teardown to None, run_after=None
[2025-01-28T16:35:54.960+0000] {processor.py:208} INFO - Processing /home/airflow/.local/lib/python3.12/site-packages/airflow/example_dags/example_setup_teardown.py took 0.163 seconds
