[2025-01-28T15:27:55.434+0000] {processor.py:186} INFO - Started process (PID=128) to work on /home/airflow/.local/lib/python3.12/site-packages/airflow/example_dags/example_datasets.py
[2025-01-28T15:27:55.435+0000] {processor.py:914} INFO - Processing file /home/airflow/.local/lib/python3.12/site-packages/airflow/example_dags/example_datasets.py for tasks to queue
[2025-01-28T15:27:55.439+0000] {logging_mixin.py:190} INFO - [2025-01-28T15:27:55.438+0000] {dagbag.py:588} INFO - Filling up the DagBag from /home/airflow/.local/lib/python3.12/site-packages/airflow/example_dags/example_datasets.py
[2025-01-28T15:27:56.056+0000] {processor.py:925} INFO - DAG(s) 'dataset_produces_2', 'dataset_consumes_1_never_scheduled', 'dataset_consumes_unknown_never_scheduled', 'consume_1_or_2_with_dataset_expressions', 'consume_1_or_both_2_and_3_with_dataset_expressions', 'dataset_consumes_1_and_2', 'conditional_dataset_and_time_based_timetable', 'dataset_consumes_1', 'dataset_produces_1', 'consume_1_and_2_with_dataset_expressions' retrieved from /home/airflow/.local/lib/python3.12/site-packages/airflow/example_dags/example_datasets.py
[2025-01-28T15:27:56.176+0000] {logging_mixin.py:190} INFO - [2025-01-28T15:27:56.175+0000] {override.py:1911} INFO - Created Permission View: can delete on DAG:dataset_produces_2
[2025-01-28T15:27:56.196+0000] {logging_mixin.py:190} INFO - [2025-01-28T15:27:56.196+0000] {override.py:1911} INFO - Created Permission View: can edit on DAG:dataset_produces_2
[2025-01-28T15:27:56.222+0000] {logging_mixin.py:190} INFO - [2025-01-28T15:27:56.222+0000] {override.py:1911} INFO - Created Permission View: can read on DAG:dataset_produces_2
[2025-01-28T15:27:56.244+0000] {logging_mixin.py:190} INFO - [2025-01-28T15:27:56.243+0000] {override.py:1911} INFO - Created Permission View: menu access on DAG Run:dataset_produces_2
[2025-01-28T15:27:56.261+0000] {logging_mixin.py:190} INFO - [2025-01-28T15:27:56.260+0000] {override.py:1911} INFO - Created Permission View: can delete on DAG Run:dataset_produces_2
[2025-01-28T15:27:56.278+0000] {logging_mixin.py:190} INFO - [2025-01-28T15:27:56.278+0000] {override.py:1911} INFO - Created Permission View: can create on DAG Run:dataset_produces_2
[2025-01-28T15:27:56.290+0000] {logging_mixin.py:190} INFO - [2025-01-28T15:27:56.289+0000] {override.py:1911} INFO - Created Permission View: can read on DAG Run:dataset_produces_2
[2025-01-28T15:27:56.319+0000] {logging_mixin.py:190} INFO - [2025-01-28T15:27:56.319+0000] {override.py:1911} INFO - Created Permission View: can delete on DAG:dataset_consumes_1_never_scheduled
[2025-01-28T15:27:56.332+0000] {logging_mixin.py:190} INFO - [2025-01-28T15:27:56.331+0000] {override.py:1911} INFO - Created Permission View: can edit on DAG:dataset_consumes_1_never_scheduled
[2025-01-28T15:27:56.344+0000] {logging_mixin.py:190} INFO - [2025-01-28T15:27:56.344+0000] {override.py:1911} INFO - Created Permission View: can read on DAG:dataset_consumes_1_never_scheduled
[2025-01-28T15:27:56.360+0000] {logging_mixin.py:190} INFO - [2025-01-28T15:27:56.359+0000] {override.py:1911} INFO - Created Permission View: menu access on DAG Run:dataset_consumes_1_never_scheduled
[2025-01-28T15:27:56.376+0000] {logging_mixin.py:190} INFO - [2025-01-28T15:27:56.376+0000] {override.py:1911} INFO - Created Permission View: can delete on DAG Run:dataset_consumes_1_never_scheduled
[2025-01-28T15:27:56.390+0000] {logging_mixin.py:190} INFO - [2025-01-28T15:27:56.390+0000] {override.py:1911} INFO - Created Permission View: can create on DAG Run:dataset_consumes_1_never_scheduled
[2025-01-28T15:27:56.402+0000] {logging_mixin.py:190} INFO - [2025-01-28T15:27:56.402+0000] {override.py:1911} INFO - Created Permission View: can read on DAG Run:dataset_consumes_1_never_scheduled
[2025-01-28T15:27:56.432+0000] {logging_mixin.py:190} INFO - [2025-01-28T15:27:56.431+0000] {override.py:1911} INFO - Created Permission View: can delete on DAG:dataset_consumes_unknown_never_scheduled
[2025-01-28T15:27:56.452+0000] {logging_mixin.py:190} INFO - [2025-01-28T15:27:56.451+0000] {override.py:1911} INFO - Created Permission View: can edit on DAG:dataset_consumes_unknown_never_scheduled
[2025-01-28T15:27:56.469+0000] {logging_mixin.py:190} INFO - [2025-01-28T15:27:56.469+0000] {override.py:1911} INFO - Created Permission View: can read on DAG:dataset_consumes_unknown_never_scheduled
[2025-01-28T15:27:56.492+0000] {logging_mixin.py:190} INFO - [2025-01-28T15:27:56.491+0000] {override.py:1911} INFO - Created Permission View: menu access on DAG Run:dataset_consumes_unknown_never_scheduled
[2025-01-28T15:27:56.531+0000] {logging_mixin.py:190} INFO - [2025-01-28T15:27:56.530+0000] {override.py:1911} INFO - Created Permission View: can delete on DAG Run:dataset_consumes_unknown_never_scheduled
[2025-01-28T15:27:56.555+0000] {logging_mixin.py:190} INFO - [2025-01-28T15:27:56.554+0000] {override.py:1911} INFO - Created Permission View: can create on DAG Run:dataset_consumes_unknown_never_scheduled
[2025-01-28T15:27:56.575+0000] {logging_mixin.py:190} INFO - [2025-01-28T15:27:56.574+0000] {override.py:1911} INFO - Created Permission View: can read on DAG Run:dataset_consumes_unknown_never_scheduled
[2025-01-28T15:27:56.603+0000] {logging_mixin.py:190} INFO - [2025-01-28T15:27:56.603+0000] {override.py:1911} INFO - Created Permission View: can delete on DAG:consume_1_or_2_with_dataset_expressions
[2025-01-28T15:27:56.616+0000] {logging_mixin.py:190} INFO - [2025-01-28T15:27:56.615+0000] {override.py:1911} INFO - Created Permission View: can edit on DAG:consume_1_or_2_with_dataset_expressions
[2025-01-28T15:27:56.631+0000] {logging_mixin.py:190} INFO - [2025-01-28T15:27:56.630+0000] {override.py:1911} INFO - Created Permission View: can read on DAG:consume_1_or_2_with_dataset_expressions
[2025-01-28T15:27:56.649+0000] {logging_mixin.py:190} INFO - [2025-01-28T15:27:56.648+0000] {override.py:1911} INFO - Created Permission View: menu access on DAG Run:consume_1_or_2_with_dataset_expressions
[2025-01-28T15:27:56.668+0000] {logging_mixin.py:190} INFO - [2025-01-28T15:27:56.668+0000] {override.py:1911} INFO - Created Permission View: can delete on DAG Run:consume_1_or_2_with_dataset_expressions
[2025-01-28T15:27:56.685+0000] {logging_mixin.py:190} INFO - [2025-01-28T15:27:56.684+0000] {override.py:1911} INFO - Created Permission View: can create on DAG Run:consume_1_or_2_with_dataset_expressions
[2025-01-28T15:27:56.706+0000] {logging_mixin.py:190} INFO - [2025-01-28T15:27:56.705+0000] {override.py:1911} INFO - Created Permission View: can read on DAG Run:consume_1_or_2_with_dataset_expressions
[2025-01-28T15:27:56.733+0000] {logging_mixin.py:190} INFO - [2025-01-28T15:27:56.733+0000] {override.py:1911} INFO - Created Permission View: can delete on DAG:consume_1_or_both_2_and_3_with_dataset_expressions
[2025-01-28T15:27:56.752+0000] {logging_mixin.py:190} INFO - [2025-01-28T15:27:56.751+0000] {override.py:1911} INFO - Created Permission View: can edit on DAG:consume_1_or_both_2_and_3_with_dataset_expressions
[2025-01-28T15:27:56.769+0000] {logging_mixin.py:190} INFO - [2025-01-28T15:27:56.768+0000] {override.py:1911} INFO - Created Permission View: can read on DAG:consume_1_or_both_2_and_3_with_dataset_expressions
[2025-01-28T15:27:56.790+0000] {logging_mixin.py:190} INFO - [2025-01-28T15:27:56.790+0000] {override.py:1911} INFO - Created Permission View: menu access on DAG Run:consume_1_or_both_2_and_3_with_dataset_expressions
[2025-01-28T15:27:56.806+0000] {logging_mixin.py:190} INFO - [2025-01-28T15:27:56.806+0000] {override.py:1911} INFO - Created Permission View: can delete on DAG Run:consume_1_or_both_2_and_3_with_dataset_expressions
[2025-01-28T15:27:56.823+0000] {logging_mixin.py:190} INFO - [2025-01-28T15:27:56.822+0000] {override.py:1911} INFO - Created Permission View: can create on DAG Run:consume_1_or_both_2_and_3_with_dataset_expressions
[2025-01-28T15:27:56.840+0000] {logging_mixin.py:190} INFO - [2025-01-28T15:27:56.839+0000] {override.py:1911} INFO - Created Permission View: can read on DAG Run:consume_1_or_both_2_and_3_with_dataset_expressions
[2025-01-28T15:27:56.866+0000] {logging_mixin.py:190} INFO - [2025-01-28T15:27:56.865+0000] {override.py:1911} INFO - Created Permission View: can delete on DAG:dataset_consumes_1_and_2
[2025-01-28T15:27:56.883+0000] {logging_mixin.py:190} INFO - [2025-01-28T15:27:56.882+0000] {override.py:1911} INFO - Created Permission View: can edit on DAG:dataset_consumes_1_and_2
[2025-01-28T15:27:56.899+0000] {logging_mixin.py:190} INFO - [2025-01-28T15:27:56.899+0000] {override.py:1911} INFO - Created Permission View: can read on DAG:dataset_consumes_1_and_2
[2025-01-28T15:27:56.915+0000] {logging_mixin.py:190} INFO - [2025-01-28T15:27:56.914+0000] {override.py:1911} INFO - Created Permission View: menu access on DAG Run:dataset_consumes_1_and_2
[2025-01-28T15:27:56.934+0000] {logging_mixin.py:190} INFO - [2025-01-28T15:27:56.934+0000] {override.py:1911} INFO - Created Permission View: can delete on DAG Run:dataset_consumes_1_and_2
[2025-01-28T15:27:56.951+0000] {logging_mixin.py:190} INFO - [2025-01-28T15:27:56.950+0000] {override.py:1911} INFO - Created Permission View: can create on DAG Run:dataset_consumes_1_and_2
[2025-01-28T15:27:56.967+0000] {logging_mixin.py:190} INFO - [2025-01-28T15:27:56.967+0000] {override.py:1911} INFO - Created Permission View: can read on DAG Run:dataset_consumes_1_and_2
[2025-01-28T15:27:56.995+0000] {logging_mixin.py:190} INFO - [2025-01-28T15:27:56.995+0000] {override.py:1911} INFO - Created Permission View: can delete on DAG:conditional_dataset_and_time_based_timetable
[2025-01-28T15:27:57.009+0000] {logging_mixin.py:190} INFO - [2025-01-28T15:27:57.009+0000] {override.py:1911} INFO - Created Permission View: can edit on DAG:conditional_dataset_and_time_based_timetable
[2025-01-28T15:27:57.026+0000] {logging_mixin.py:190} INFO - [2025-01-28T15:27:57.026+0000] {override.py:1911} INFO - Created Permission View: can read on DAG:conditional_dataset_and_time_based_timetable
[2025-01-28T15:27:57.048+0000] {logging_mixin.py:190} INFO - [2025-01-28T15:27:57.047+0000] {override.py:1911} INFO - Created Permission View: menu access on DAG Run:conditional_dataset_and_time_based_timetable
[2025-01-28T15:27:57.064+0000] {logging_mixin.py:190} INFO - [2025-01-28T15:27:57.064+0000] {override.py:1911} INFO - Created Permission View: can delete on DAG Run:conditional_dataset_and_time_based_timetable
[2025-01-28T15:27:57.078+0000] {logging_mixin.py:190} INFO - [2025-01-28T15:27:57.077+0000] {override.py:1911} INFO - Created Permission View: can create on DAG Run:conditional_dataset_and_time_based_timetable
[2025-01-28T15:27:57.091+0000] {logging_mixin.py:190} INFO - [2025-01-28T15:27:57.090+0000] {override.py:1911} INFO - Created Permission View: can read on DAG Run:conditional_dataset_and_time_based_timetable
[2025-01-28T15:27:57.112+0000] {logging_mixin.py:190} INFO - [2025-01-28T15:27:57.111+0000] {override.py:1911} INFO - Created Permission View: can delete on DAG:dataset_consumes_1
[2025-01-28T15:27:57.132+0000] {logging_mixin.py:190} INFO - [2025-01-28T15:27:57.131+0000] {override.py:1911} INFO - Created Permission View: can edit on DAG:dataset_consumes_1
[2025-01-28T15:27:57.156+0000] {logging_mixin.py:190} INFO - [2025-01-28T15:27:57.156+0000] {override.py:1911} INFO - Created Permission View: can read on DAG:dataset_consumes_1
[2025-01-28T15:27:57.181+0000] {logging_mixin.py:190} INFO - [2025-01-28T15:27:57.180+0000] {override.py:1911} INFO - Created Permission View: menu access on DAG Run:dataset_consumes_1
[2025-01-28T15:27:57.201+0000] {logging_mixin.py:190} INFO - [2025-01-28T15:27:57.200+0000] {override.py:1911} INFO - Created Permission View: can delete on DAG Run:dataset_consumes_1
[2025-01-28T15:27:57.217+0000] {logging_mixin.py:190} INFO - [2025-01-28T15:27:57.216+0000] {override.py:1911} INFO - Created Permission View: can create on DAG Run:dataset_consumes_1
[2025-01-28T15:27:57.233+0000] {logging_mixin.py:190} INFO - [2025-01-28T15:27:57.232+0000] {override.py:1911} INFO - Created Permission View: can read on DAG Run:dataset_consumes_1
[2025-01-28T15:27:57.255+0000] {logging_mixin.py:190} INFO - [2025-01-28T15:27:57.254+0000] {override.py:1911} INFO - Created Permission View: can delete on DAG:dataset_produces_1
[2025-01-28T15:27:57.273+0000] {logging_mixin.py:190} INFO - [2025-01-28T15:27:57.273+0000] {override.py:1911} INFO - Created Permission View: can edit on DAG:dataset_produces_1
[2025-01-28T15:27:57.292+0000] {logging_mixin.py:190} INFO - [2025-01-28T15:27:57.291+0000] {override.py:1911} INFO - Created Permission View: can read on DAG:dataset_produces_1
[2025-01-28T15:27:57.313+0000] {logging_mixin.py:190} INFO - [2025-01-28T15:27:57.312+0000] {override.py:1911} INFO - Created Permission View: menu access on DAG Run:dataset_produces_1
[2025-01-28T15:27:57.331+0000] {logging_mixin.py:190} INFO - [2025-01-28T15:27:57.330+0000] {override.py:1911} INFO - Created Permission View: can delete on DAG Run:dataset_produces_1
[2025-01-28T15:27:57.348+0000] {logging_mixin.py:190} INFO - [2025-01-28T15:27:57.348+0000] {override.py:1911} INFO - Created Permission View: can create on DAG Run:dataset_produces_1
[2025-01-28T15:27:57.368+0000] {logging_mixin.py:190} INFO - [2025-01-28T15:27:57.367+0000] {override.py:1911} INFO - Created Permission View: can read on DAG Run:dataset_produces_1
[2025-01-28T15:27:57.394+0000] {logging_mixin.py:190} INFO - [2025-01-28T15:27:57.393+0000] {override.py:1911} INFO - Created Permission View: can delete on DAG:consume_1_and_2_with_dataset_expressions
[2025-01-28T15:27:57.406+0000] {logging_mixin.py:190} INFO - [2025-01-28T15:27:57.405+0000] {override.py:1911} INFO - Created Permission View: can edit on DAG:consume_1_and_2_with_dataset_expressions
[2025-01-28T15:27:57.424+0000] {logging_mixin.py:190} INFO - [2025-01-28T15:27:57.423+0000] {override.py:1911} INFO - Created Permission View: can read on DAG:consume_1_and_2_with_dataset_expressions
[2025-01-28T15:27:57.445+0000] {logging_mixin.py:190} INFO - [2025-01-28T15:27:57.445+0000] {override.py:1911} INFO - Created Permission View: menu access on DAG Run:consume_1_and_2_with_dataset_expressions
[2025-01-28T15:27:57.463+0000] {logging_mixin.py:190} INFO - [2025-01-28T15:27:57.463+0000] {override.py:1911} INFO - Created Permission View: can delete on DAG Run:consume_1_and_2_with_dataset_expressions
[2025-01-28T15:27:57.485+0000] {logging_mixin.py:190} INFO - [2025-01-28T15:27:57.484+0000] {override.py:1911} INFO - Created Permission View: can create on DAG Run:consume_1_and_2_with_dataset_expressions
[2025-01-28T15:27:57.502+0000] {logging_mixin.py:190} INFO - [2025-01-28T15:27:57.501+0000] {override.py:1911} INFO - Created Permission View: can read on DAG Run:consume_1_and_2_with_dataset_expressions
[2025-01-28T15:27:57.503+0000] {logging_mixin.py:190} INFO - [2025-01-28T15:27:57.503+0000] {dag.py:3239} INFO - Sync 10 DAGs
[2025-01-28T15:27:57.518+0000] {logging_mixin.py:190} INFO - [2025-01-28T15:27:57.517+0000] {dag.py:3262} INFO - Creating ORM DAG for conditional_dataset_and_time_based_timetable
[2025-01-28T15:27:57.519+0000] {logging_mixin.py:190} INFO - [2025-01-28T15:27:57.519+0000] {dag.py:3262} INFO - Creating ORM DAG for consume_1_or_2_with_dataset_expressions
[2025-01-28T15:27:57.520+0000] {logging_mixin.py:190} INFO - [2025-01-28T15:27:57.520+0000] {dag.py:3262} INFO - Creating ORM DAG for dataset_consumes_1
[2025-01-28T15:27:57.521+0000] {logging_mixin.py:190} INFO - [2025-01-28T15:27:57.521+0000] {dag.py:3262} INFO - Creating ORM DAG for dataset_produces_1
[2025-01-28T15:27:57.523+0000] {logging_mixin.py:190} INFO - [2025-01-28T15:27:57.522+0000] {dag.py:3262} INFO - Creating ORM DAG for dataset_consumes_unknown_never_scheduled
[2025-01-28T15:27:57.524+0000] {logging_mixin.py:190} INFO - [2025-01-28T15:27:57.523+0000] {dag.py:3262} INFO - Creating ORM DAG for consume_1_and_2_with_dataset_expressions
[2025-01-28T15:27:57.525+0000] {logging_mixin.py:190} INFO - [2025-01-28T15:27:57.524+0000] {dag.py:3262} INFO - Creating ORM DAG for consume_1_or_both_2_and_3_with_dataset_expressions
[2025-01-28T15:27:57.526+0000] {logging_mixin.py:190} INFO - [2025-01-28T15:27:57.525+0000] {dag.py:3262} INFO - Creating ORM DAG for dataset_produces_2
[2025-01-28T15:27:57.527+0000] {logging_mixin.py:190} INFO - [2025-01-28T15:27:57.526+0000] {dag.py:3262} INFO - Creating ORM DAG for dataset_consumes_1_and_2
[2025-01-28T15:27:57.528+0000] {logging_mixin.py:190} INFO - [2025-01-28T15:27:57.528+0000] {dag.py:3262} INFO - Creating ORM DAG for dataset_consumes_1_never_scheduled
[2025-01-28T15:27:57.540+0000] {logging_mixin.py:190} INFO - [2025-01-28T15:27:57.539+0000] {dag.py:4180} INFO - Setting next_dagrun for conditional_dataset_and_time_based_timetable to 2025-01-22 01:00:00+00:00, run_after=2025-01-22 01:00:00+00:00
[2025-01-28T15:27:57.541+0000] {logging_mixin.py:190} INFO - [2025-01-28T15:27:57.540+0000] {dag.py:4180} INFO - Setting next_dagrun for consume_1_and_2_with_dataset_expressions to None, run_after=None
[2025-01-28T15:27:57.541+0000] {logging_mixin.py:190} INFO - [2025-01-28T15:27:57.541+0000] {dag.py:4180} INFO - Setting next_dagrun for consume_1_or_2_with_dataset_expressions to None, run_after=None
[2025-01-28T15:27:57.542+0000] {logging_mixin.py:190} INFO - [2025-01-28T15:27:57.542+0000] {dag.py:4180} INFO - Setting next_dagrun for consume_1_or_both_2_and_3_with_dataset_expressions to None, run_after=None
[2025-01-28T15:27:57.543+0000] {logging_mixin.py:190} INFO - [2025-01-28T15:27:57.543+0000] {dag.py:4180} INFO - Setting next_dagrun for dataset_consumes_1 to None, run_after=None
[2025-01-28T15:27:57.544+0000] {logging_mixin.py:190} INFO - [2025-01-28T15:27:57.544+0000] {dag.py:4180} INFO - Setting next_dagrun for dataset_consumes_1_and_2 to None, run_after=None
[2025-01-28T15:27:57.546+0000] {logging_mixin.py:190} INFO - [2025-01-28T15:27:57.545+0000] {dag.py:4180} INFO - Setting next_dagrun for dataset_consumes_1_never_scheduled to None, run_after=None
[2025-01-28T15:27:57.546+0000] {logging_mixin.py:190} INFO - [2025-01-28T15:27:57.546+0000] {dag.py:4180} INFO - Setting next_dagrun for dataset_consumes_unknown_never_scheduled to None, run_after=None
[2025-01-28T15:27:57.549+0000] {logging_mixin.py:190} INFO - [2025-01-28T15:27:57.549+0000] {dag.py:4180} INFO - Setting next_dagrun for dataset_produces_1 to 2025-01-27 00:00:00+00:00, run_after=2025-01-28 00:00:00+00:00
[2025-01-28T15:27:57.550+0000] {logging_mixin.py:190} INFO - [2025-01-28T15:27:57.549+0000] {dag.py:4180} INFO - Setting next_dagrun for dataset_produces_2 to None, run_after=None
[2025-01-28T15:27:57.607+0000] {processor.py:208} INFO - Processing /home/airflow/.local/lib/python3.12/site-packages/airflow/example_dags/example_datasets.py took 2.182 seconds
[2025-01-28T15:28:28.325+0000] {processor.py:186} INFO - Started process (PID=197) to work on /home/airflow/.local/lib/python3.12/site-packages/airflow/example_dags/example_datasets.py
[2025-01-28T15:28:28.328+0000] {processor.py:914} INFO - Processing file /home/airflow/.local/lib/python3.12/site-packages/airflow/example_dags/example_datasets.py for tasks to queue
[2025-01-28T15:28:28.335+0000] {logging_mixin.py:190} INFO - [2025-01-28T15:28:28.334+0000] {dagbag.py:588} INFO - Filling up the DagBag from /home/airflow/.local/lib/python3.12/site-packages/airflow/example_dags/example_datasets.py
[2025-01-28T15:28:29.230+0000] {processor.py:925} INFO - DAG(s) 'dataset_consumes_1_and_2', 'conditional_dataset_and_time_based_timetable', 'consume_1_or_2_with_dataset_expressions', 'dataset_produces_1', 'dataset_produces_2', 'dataset_consumes_1', 'dataset_consumes_unknown_never_scheduled', 'consume_1_and_2_with_dataset_expressions', 'dataset_consumes_1_never_scheduled', 'consume_1_or_both_2_and_3_with_dataset_expressions' retrieved from /home/airflow/.local/lib/python3.12/site-packages/airflow/example_dags/example_datasets.py
[2025-01-28T15:28:29.321+0000] {logging_mixin.py:190} INFO - [2025-01-28T15:28:29.321+0000] {dag.py:3239} INFO - Sync 10 DAGs
[2025-01-28T15:28:29.368+0000] {logging_mixin.py:190} INFO - [2025-01-28T15:28:29.367+0000] {dag.py:4180} INFO - Setting next_dagrun for conditional_dataset_and_time_based_timetable to 2025-01-22 01:00:00+00:00, run_after=2025-01-22 01:00:00+00:00
[2025-01-28T15:28:29.376+0000] {logging_mixin.py:190} INFO - [2025-01-28T15:28:29.375+0000] {dag.py:4180} INFO - Setting next_dagrun for consume_1_and_2_with_dataset_expressions to None, run_after=None
[2025-01-28T15:28:29.380+0000] {logging_mixin.py:190} INFO - [2025-01-28T15:28:29.380+0000] {dag.py:4180} INFO - Setting next_dagrun for consume_1_or_2_with_dataset_expressions to None, run_after=None
[2025-01-28T15:28:29.384+0000] {logging_mixin.py:190} INFO - [2025-01-28T15:28:29.383+0000] {dag.py:4180} INFO - Setting next_dagrun for consume_1_or_both_2_and_3_with_dataset_expressions to None, run_after=None
[2025-01-28T15:28:29.388+0000] {logging_mixin.py:190} INFO - [2025-01-28T15:28:29.388+0000] {dag.py:4180} INFO - Setting next_dagrun for dataset_consumes_1 to None, run_after=None
[2025-01-28T15:28:29.392+0000] {logging_mixin.py:190} INFO - [2025-01-28T15:28:29.391+0000] {dag.py:4180} INFO - Setting next_dagrun for dataset_consumes_1_and_2 to None, run_after=None
[2025-01-28T15:28:29.395+0000] {logging_mixin.py:190} INFO - [2025-01-28T15:28:29.395+0000] {dag.py:4180} INFO - Setting next_dagrun for dataset_consumes_1_never_scheduled to None, run_after=None
[2025-01-28T15:28:29.399+0000] {logging_mixin.py:190} INFO - [2025-01-28T15:28:29.398+0000] {dag.py:4180} INFO - Setting next_dagrun for dataset_consumes_unknown_never_scheduled to None, run_after=None
[2025-01-28T15:28:29.404+0000] {logging_mixin.py:190} INFO - [2025-01-28T15:28:29.404+0000] {dag.py:4180} INFO - Setting next_dagrun for dataset_produces_1 to 2025-01-27 00:00:00+00:00, run_after=2025-01-28 00:00:00+00:00
[2025-01-28T15:28:29.408+0000] {logging_mixin.py:190} INFO - [2025-01-28T15:28:29.407+0000] {dag.py:4180} INFO - Setting next_dagrun for dataset_produces_2 to None, run_after=None
[2025-01-28T15:28:29.484+0000] {processor.py:208} INFO - Processing /home/airflow/.local/lib/python3.12/site-packages/airflow/example_dags/example_datasets.py took 1.174 seconds
[2025-01-28T15:28:59.930+0000] {processor.py:186} INFO - Started process (PID=260) to work on /home/airflow/.local/lib/python3.12/site-packages/airflow/example_dags/example_datasets.py
[2025-01-28T15:28:59.932+0000] {processor.py:914} INFO - Processing file /home/airflow/.local/lib/python3.12/site-packages/airflow/example_dags/example_datasets.py for tasks to queue
[2025-01-28T15:28:59.939+0000] {logging_mixin.py:190} INFO - [2025-01-28T15:28:59.938+0000] {dagbag.py:588} INFO - Filling up the DagBag from /home/airflow/.local/lib/python3.12/site-packages/airflow/example_dags/example_datasets.py
[2025-01-28T15:29:00.881+0000] {processor.py:925} INFO - DAG(s) 'dataset_produces_1', 'dataset_consumes_1', 'dataset_consumes_1_and_2', 'conditional_dataset_and_time_based_timetable', 'dataset_consumes_unknown_never_scheduled', 'dataset_consumes_1_never_scheduled', 'dataset_produces_2', 'consume_1_or_both_2_and_3_with_dataset_expressions', 'consume_1_or_2_with_dataset_expressions', 'consume_1_and_2_with_dataset_expressions' retrieved from /home/airflow/.local/lib/python3.12/site-packages/airflow/example_dags/example_datasets.py
[2025-01-28T15:29:00.961+0000] {logging_mixin.py:190} INFO - [2025-01-28T15:29:00.961+0000] {dag.py:3239} INFO - Sync 10 DAGs
[2025-01-28T15:29:01.003+0000] {logging_mixin.py:190} INFO - [2025-01-28T15:29:01.003+0000] {dag.py:4180} INFO - Setting next_dagrun for conditional_dataset_and_time_based_timetable to 2025-01-22 01:00:00+00:00, run_after=2025-01-22 01:00:00+00:00
[2025-01-28T15:29:01.010+0000] {logging_mixin.py:190} INFO - [2025-01-28T15:29:01.010+0000] {dag.py:4180} INFO - Setting next_dagrun for consume_1_and_2_with_dataset_expressions to None, run_after=None
[2025-01-28T15:29:01.017+0000] {logging_mixin.py:190} INFO - [2025-01-28T15:29:01.016+0000] {dag.py:4180} INFO - Setting next_dagrun for consume_1_or_2_with_dataset_expressions to None, run_after=None
[2025-01-28T15:29:01.020+0000] {logging_mixin.py:190} INFO - [2025-01-28T15:29:01.020+0000] {dag.py:4180} INFO - Setting next_dagrun for consume_1_or_both_2_and_3_with_dataset_expressions to None, run_after=None
[2025-01-28T15:29:01.024+0000] {logging_mixin.py:190} INFO - [2025-01-28T15:29:01.023+0000] {dag.py:4180} INFO - Setting next_dagrun for dataset_consumes_1 to None, run_after=None
[2025-01-28T15:29:01.027+0000] {logging_mixin.py:190} INFO - [2025-01-28T15:29:01.027+0000] {dag.py:4180} INFO - Setting next_dagrun for dataset_consumes_1_and_2 to None, run_after=None
[2025-01-28T15:29:01.031+0000] {logging_mixin.py:190} INFO - [2025-01-28T15:29:01.030+0000] {dag.py:4180} INFO - Setting next_dagrun for dataset_consumes_1_never_scheduled to None, run_after=None
[2025-01-28T15:29:01.034+0000] {logging_mixin.py:190} INFO - [2025-01-28T15:29:01.034+0000] {dag.py:4180} INFO - Setting next_dagrun for dataset_consumes_unknown_never_scheduled to None, run_after=None
[2025-01-28T15:29:01.040+0000] {logging_mixin.py:190} INFO - [2025-01-28T15:29:01.039+0000] {dag.py:4180} INFO - Setting next_dagrun for dataset_produces_1 to 2025-01-27 00:00:00+00:00, run_after=2025-01-28 00:00:00+00:00
[2025-01-28T15:29:01.043+0000] {logging_mixin.py:190} INFO - [2025-01-28T15:29:01.043+0000] {dag.py:4180} INFO - Setting next_dagrun for dataset_produces_2 to None, run_after=None
[2025-01-28T15:29:01.104+0000] {processor.py:208} INFO - Processing /home/airflow/.local/lib/python3.12/site-packages/airflow/example_dags/example_datasets.py took 1.184 seconds
[2025-01-28T15:29:31.396+0000] {processor.py:186} INFO - Started process (PID=323) to work on /home/airflow/.local/lib/python3.12/site-packages/airflow/example_dags/example_datasets.py
[2025-01-28T15:29:31.398+0000] {processor.py:914} INFO - Processing file /home/airflow/.local/lib/python3.12/site-packages/airflow/example_dags/example_datasets.py for tasks to queue
[2025-01-28T15:29:31.404+0000] {logging_mixin.py:190} INFO - [2025-01-28T15:29:31.403+0000] {dagbag.py:588} INFO - Filling up the DagBag from /home/airflow/.local/lib/python3.12/site-packages/airflow/example_dags/example_datasets.py
[2025-01-28T15:29:32.068+0000] {processor.py:925} INFO - DAG(s) 'dataset_produces_1', 'dataset_consumes_unknown_never_scheduled', 'consume_1_or_both_2_and_3_with_dataset_expressions', 'consume_1_and_2_with_dataset_expressions', 'conditional_dataset_and_time_based_timetable', 'dataset_consumes_1_and_2', 'dataset_consumes_1', 'dataset_consumes_1_never_scheduled', 'consume_1_or_2_with_dataset_expressions', 'dataset_produces_2' retrieved from /home/airflow/.local/lib/python3.12/site-packages/airflow/example_dags/example_datasets.py
[2025-01-28T15:29:32.132+0000] {logging_mixin.py:190} INFO - [2025-01-28T15:29:32.131+0000] {dag.py:3239} INFO - Sync 10 DAGs
[2025-01-28T15:29:32.163+0000] {logging_mixin.py:190} INFO - [2025-01-28T15:29:32.163+0000] {dag.py:4180} INFO - Setting next_dagrun for conditional_dataset_and_time_based_timetable to 2025-01-22 01:00:00+00:00, run_after=2025-01-22 01:00:00+00:00
[2025-01-28T15:29:32.168+0000] {logging_mixin.py:190} INFO - [2025-01-28T15:29:32.168+0000] {dag.py:4180} INFO - Setting next_dagrun for consume_1_and_2_with_dataset_expressions to None, run_after=None
[2025-01-28T15:29:32.171+0000] {logging_mixin.py:190} INFO - [2025-01-28T15:29:32.171+0000] {dag.py:4180} INFO - Setting next_dagrun for consume_1_or_2_with_dataset_expressions to None, run_after=None
[2025-01-28T15:29:32.173+0000] {logging_mixin.py:190} INFO - [2025-01-28T15:29:32.173+0000] {dag.py:4180} INFO - Setting next_dagrun for consume_1_or_both_2_and_3_with_dataset_expressions to None, run_after=None
[2025-01-28T15:29:32.176+0000] {logging_mixin.py:190} INFO - [2025-01-28T15:29:32.176+0000] {dag.py:4180} INFO - Setting next_dagrun for dataset_consumes_1 to None, run_after=None
[2025-01-28T15:29:32.178+0000] {logging_mixin.py:190} INFO - [2025-01-28T15:29:32.178+0000] {dag.py:4180} INFO - Setting next_dagrun for dataset_consumes_1_and_2 to None, run_after=None
[2025-01-28T15:29:32.181+0000] {logging_mixin.py:190} INFO - [2025-01-28T15:29:32.181+0000] {dag.py:4180} INFO - Setting next_dagrun for dataset_consumes_1_never_scheduled to None, run_after=None
[2025-01-28T15:29:32.183+0000] {logging_mixin.py:190} INFO - [2025-01-28T15:29:32.183+0000] {dag.py:4180} INFO - Setting next_dagrun for dataset_consumes_unknown_never_scheduled to None, run_after=None
[2025-01-28T15:29:32.187+0000] {logging_mixin.py:190} INFO - [2025-01-28T15:29:32.187+0000] {dag.py:4180} INFO - Setting next_dagrun for dataset_produces_1 to 2025-01-27 00:00:00+00:00, run_after=2025-01-28 00:00:00+00:00
[2025-01-28T15:29:32.190+0000] {logging_mixin.py:190} INFO - [2025-01-28T15:29:32.189+0000] {dag.py:4180} INFO - Setting next_dagrun for dataset_produces_2 to None, run_after=None
[2025-01-28T15:29:32.242+0000] {processor.py:208} INFO - Processing /home/airflow/.local/lib/python3.12/site-packages/airflow/example_dags/example_datasets.py took 0.860 seconds
[2025-01-28T15:30:02.945+0000] {processor.py:186} INFO - Started process (PID=386) to work on /home/airflow/.local/lib/python3.12/site-packages/airflow/example_dags/example_datasets.py
[2025-01-28T15:30:02.947+0000] {processor.py:914} INFO - Processing file /home/airflow/.local/lib/python3.12/site-packages/airflow/example_dags/example_datasets.py for tasks to queue
[2025-01-28T15:30:02.954+0000] {logging_mixin.py:190} INFO - [2025-01-28T15:30:02.953+0000] {dagbag.py:588} INFO - Filling up the DagBag from /home/airflow/.local/lib/python3.12/site-packages/airflow/example_dags/example_datasets.py
[2025-01-28T15:30:03.693+0000] {processor.py:925} INFO - DAG(s) 'conditional_dataset_and_time_based_timetable', 'consume_1_or_2_with_dataset_expressions', 'dataset_consumes_1_and_2', 'consume_1_and_2_with_dataset_expressions', 'consume_1_or_both_2_and_3_with_dataset_expressions', 'dataset_consumes_1', 'dataset_consumes_unknown_never_scheduled', 'dataset_produces_1', 'dataset_produces_2', 'dataset_consumes_1_never_scheduled' retrieved from /home/airflow/.local/lib/python3.12/site-packages/airflow/example_dags/example_datasets.py
[2025-01-28T15:30:03.762+0000] {logging_mixin.py:190} INFO - [2025-01-28T15:30:03.761+0000] {dag.py:3239} INFO - Sync 10 DAGs
[2025-01-28T15:30:03.804+0000] {logging_mixin.py:190} INFO - [2025-01-28T15:30:03.803+0000] {dag.py:4180} INFO - Setting next_dagrun for conditional_dataset_and_time_based_timetable to 2025-01-22 01:00:00+00:00, run_after=2025-01-22 01:00:00+00:00
[2025-01-28T15:30:03.810+0000] {logging_mixin.py:190} INFO - [2025-01-28T15:30:03.809+0000] {dag.py:4180} INFO - Setting next_dagrun for consume_1_and_2_with_dataset_expressions to None, run_after=None
[2025-01-28T15:30:03.813+0000] {logging_mixin.py:190} INFO - [2025-01-28T15:30:03.813+0000] {dag.py:4180} INFO - Setting next_dagrun for consume_1_or_2_with_dataset_expressions to None, run_after=None
[2025-01-28T15:30:03.816+0000] {logging_mixin.py:190} INFO - [2025-01-28T15:30:03.816+0000] {dag.py:4180} INFO - Setting next_dagrun for consume_1_or_both_2_and_3_with_dataset_expressions to None, run_after=None
[2025-01-28T15:30:03.820+0000] {logging_mixin.py:190} INFO - [2025-01-28T15:30:03.819+0000] {dag.py:4180} INFO - Setting next_dagrun for dataset_consumes_1 to None, run_after=None
[2025-01-28T15:30:03.823+0000] {logging_mixin.py:190} INFO - [2025-01-28T15:30:03.823+0000] {dag.py:4180} INFO - Setting next_dagrun for dataset_consumes_1_and_2 to None, run_after=None
[2025-01-28T15:30:03.826+0000] {logging_mixin.py:190} INFO - [2025-01-28T15:30:03.826+0000] {dag.py:4180} INFO - Setting next_dagrun for dataset_consumes_1_never_scheduled to None, run_after=None
[2025-01-28T15:30:03.829+0000] {logging_mixin.py:190} INFO - [2025-01-28T15:30:03.829+0000] {dag.py:4180} INFO - Setting next_dagrun for dataset_consumes_unknown_never_scheduled to None, run_after=None
[2025-01-28T15:30:03.834+0000] {logging_mixin.py:190} INFO - [2025-01-28T15:30:03.834+0000] {dag.py:4180} INFO - Setting next_dagrun for dataset_produces_1 to 2025-01-27 00:00:00+00:00, run_after=2025-01-28 00:00:00+00:00
[2025-01-28T15:30:03.837+0000] {logging_mixin.py:190} INFO - [2025-01-28T15:30:03.836+0000] {dag.py:4180} INFO - Setting next_dagrun for dataset_produces_2 to None, run_after=None
[2025-01-28T15:30:03.907+0000] {processor.py:208} INFO - Processing /home/airflow/.local/lib/python3.12/site-packages/airflow/example_dags/example_datasets.py took 0.976 seconds
[2025-01-28T15:30:34.016+0000] {processor.py:186} INFO - Started process (PID=449) to work on /home/airflow/.local/lib/python3.12/site-packages/airflow/example_dags/example_datasets.py
[2025-01-28T15:30:34.020+0000] {processor.py:914} INFO - Processing file /home/airflow/.local/lib/python3.12/site-packages/airflow/example_dags/example_datasets.py for tasks to queue
[2025-01-28T15:30:34.027+0000] {logging_mixin.py:190} INFO - [2025-01-28T15:30:34.026+0000] {dagbag.py:588} INFO - Filling up the DagBag from /home/airflow/.local/lib/python3.12/site-packages/airflow/example_dags/example_datasets.py
[2025-01-28T15:30:34.907+0000] {processor.py:925} INFO - DAG(s) 'dataset_produces_1', 'dataset_consumes_1_and_2', 'conditional_dataset_and_time_based_timetable', 'dataset_consumes_unknown_never_scheduled', 'dataset_consumes_1_never_scheduled', 'consume_1_or_2_with_dataset_expressions', 'dataset_consumes_1', 'consume_1_and_2_with_dataset_expressions', 'consume_1_or_both_2_and_3_with_dataset_expressions', 'dataset_produces_2' retrieved from /home/airflow/.local/lib/python3.12/site-packages/airflow/example_dags/example_datasets.py
[2025-01-28T15:30:34.999+0000] {logging_mixin.py:190} INFO - [2025-01-28T15:30:34.998+0000] {dag.py:3239} INFO - Sync 10 DAGs
[2025-01-28T15:30:35.046+0000] {logging_mixin.py:190} INFO - [2025-01-28T15:30:35.045+0000] {dag.py:4180} INFO - Setting next_dagrun for conditional_dataset_and_time_based_timetable to 2025-01-22 01:00:00+00:00, run_after=2025-01-22 01:00:00+00:00
[2025-01-28T15:30:35.054+0000] {logging_mixin.py:190} INFO - [2025-01-28T15:30:35.053+0000] {dag.py:4180} INFO - Setting next_dagrun for consume_1_and_2_with_dataset_expressions to None, run_after=None
[2025-01-28T15:30:35.058+0000] {logging_mixin.py:190} INFO - [2025-01-28T15:30:35.057+0000] {dag.py:4180} INFO - Setting next_dagrun for consume_1_or_2_with_dataset_expressions to None, run_after=None
[2025-01-28T15:30:35.062+0000] {logging_mixin.py:190} INFO - [2025-01-28T15:30:35.062+0000] {dag.py:4180} INFO - Setting next_dagrun for consume_1_or_both_2_and_3_with_dataset_expressions to None, run_after=None
[2025-01-28T15:30:35.066+0000] {logging_mixin.py:190} INFO - [2025-01-28T15:30:35.065+0000] {dag.py:4180} INFO - Setting next_dagrun for dataset_consumes_1 to None, run_after=None
[2025-01-28T15:30:35.070+0000] {logging_mixin.py:190} INFO - [2025-01-28T15:30:35.070+0000] {dag.py:4180} INFO - Setting next_dagrun for dataset_consumes_1_and_2 to None, run_after=None
[2025-01-28T15:30:35.074+0000] {logging_mixin.py:190} INFO - [2025-01-28T15:30:35.073+0000] {dag.py:4180} INFO - Setting next_dagrun for dataset_consumes_1_never_scheduled to None, run_after=None
[2025-01-28T15:30:35.078+0000] {logging_mixin.py:190} INFO - [2025-01-28T15:30:35.077+0000] {dag.py:4180} INFO - Setting next_dagrun for dataset_consumes_unknown_never_scheduled to None, run_after=None
[2025-01-28T15:30:35.083+0000] {logging_mixin.py:190} INFO - [2025-01-28T15:30:35.083+0000] {dag.py:4180} INFO - Setting next_dagrun for dataset_produces_1 to 2025-01-27 00:00:00+00:00, run_after=2025-01-28 00:00:00+00:00
[2025-01-28T15:30:35.087+0000] {logging_mixin.py:190} INFO - [2025-01-28T15:30:35.087+0000] {dag.py:4180} INFO - Setting next_dagrun for dataset_produces_2 to None, run_after=None
[2025-01-28T15:30:35.162+0000] {processor.py:208} INFO - Processing /home/airflow/.local/lib/python3.12/site-packages/airflow/example_dags/example_datasets.py took 1.165 seconds
[2025-01-28T15:31:05.465+0000] {processor.py:186} INFO - Started process (PID=512) to work on /home/airflow/.local/lib/python3.12/site-packages/airflow/example_dags/example_datasets.py
[2025-01-28T15:31:05.468+0000] {processor.py:914} INFO - Processing file /home/airflow/.local/lib/python3.12/site-packages/airflow/example_dags/example_datasets.py for tasks to queue
[2025-01-28T15:31:05.475+0000] {logging_mixin.py:190} INFO - [2025-01-28T15:31:05.473+0000] {dagbag.py:588} INFO - Filling up the DagBag from /home/airflow/.local/lib/python3.12/site-packages/airflow/example_dags/example_datasets.py
[2025-01-28T15:31:06.360+0000] {processor.py:925} INFO - DAG(s) 'dataset_produces_2', 'consume_1_and_2_with_dataset_expressions', 'conditional_dataset_and_time_based_timetable', 'dataset_produces_1', 'dataset_consumes_unknown_never_scheduled', 'consume_1_or_2_with_dataset_expressions', 'consume_1_or_both_2_and_3_with_dataset_expressions', 'dataset_consumes_1_never_scheduled', 'dataset_consumes_1_and_2', 'dataset_consumes_1' retrieved from /home/airflow/.local/lib/python3.12/site-packages/airflow/example_dags/example_datasets.py
[2025-01-28T15:31:06.454+0000] {logging_mixin.py:190} INFO - [2025-01-28T15:31:06.453+0000] {dag.py:3239} INFO - Sync 10 DAGs
[2025-01-28T15:31:06.504+0000] {logging_mixin.py:190} INFO - [2025-01-28T15:31:06.503+0000] {dag.py:4180} INFO - Setting next_dagrun for conditional_dataset_and_time_based_timetable to 2025-01-22 01:00:00+00:00, run_after=2025-01-22 01:00:00+00:00
[2025-01-28T15:31:06.511+0000] {logging_mixin.py:190} INFO - [2025-01-28T15:31:06.511+0000] {dag.py:4180} INFO - Setting next_dagrun for consume_1_and_2_with_dataset_expressions to None, run_after=None
[2025-01-28T15:31:06.515+0000] {logging_mixin.py:190} INFO - [2025-01-28T15:31:06.515+0000] {dag.py:4180} INFO - Setting next_dagrun for consume_1_or_2_with_dataset_expressions to None, run_after=None
[2025-01-28T15:31:06.519+0000] {logging_mixin.py:190} INFO - [2025-01-28T15:31:06.518+0000] {dag.py:4180} INFO - Setting next_dagrun for consume_1_or_both_2_and_3_with_dataset_expressions to None, run_after=None
[2025-01-28T15:31:06.523+0000] {logging_mixin.py:190} INFO - [2025-01-28T15:31:06.522+0000] {dag.py:4180} INFO - Setting next_dagrun for dataset_consumes_1 to None, run_after=None
[2025-01-28T15:31:06.526+0000] {logging_mixin.py:190} INFO - [2025-01-28T15:31:06.526+0000] {dag.py:4180} INFO - Setting next_dagrun for dataset_consumes_1_and_2 to None, run_after=None
[2025-01-28T15:31:06.530+0000] {logging_mixin.py:190} INFO - [2025-01-28T15:31:06.529+0000] {dag.py:4180} INFO - Setting next_dagrun for dataset_consumes_1_never_scheduled to None, run_after=None
[2025-01-28T15:31:06.533+0000] {logging_mixin.py:190} INFO - [2025-01-28T15:31:06.533+0000] {dag.py:4180} INFO - Setting next_dagrun for dataset_consumes_unknown_never_scheduled to None, run_after=None
[2025-01-28T15:31:06.539+0000] {logging_mixin.py:190} INFO - [2025-01-28T15:31:06.538+0000] {dag.py:4180} INFO - Setting next_dagrun for dataset_produces_1 to 2025-01-27 00:00:00+00:00, run_after=2025-01-28 00:00:00+00:00
[2025-01-28T15:31:06.542+0000] {logging_mixin.py:190} INFO - [2025-01-28T15:31:06.542+0000] {dag.py:4180} INFO - Setting next_dagrun for dataset_produces_2 to None, run_after=None
[2025-01-28T15:31:06.607+0000] {processor.py:208} INFO - Processing /home/airflow/.local/lib/python3.12/site-packages/airflow/example_dags/example_datasets.py took 1.159 seconds
[2025-01-28T15:31:36.925+0000] {processor.py:186} INFO - Started process (PID=575) to work on /home/airflow/.local/lib/python3.12/site-packages/airflow/example_dags/example_datasets.py
[2025-01-28T15:31:36.927+0000] {processor.py:914} INFO - Processing file /home/airflow/.local/lib/python3.12/site-packages/airflow/example_dags/example_datasets.py for tasks to queue
[2025-01-28T15:31:36.932+0000] {logging_mixin.py:190} INFO - [2025-01-28T15:31:36.931+0000] {dagbag.py:588} INFO - Filling up the DagBag from /home/airflow/.local/lib/python3.12/site-packages/airflow/example_dags/example_datasets.py
[2025-01-28T15:31:37.727+0000] {processor.py:925} INFO - DAG(s) 'dataset_produces_1', 'consume_1_or_2_with_dataset_expressions', 'consume_1_or_both_2_and_3_with_dataset_expressions', 'conditional_dataset_and_time_based_timetable', 'dataset_consumes_1_and_2', 'dataset_consumes_1_never_scheduled', 'dataset_consumes_1', 'consume_1_and_2_with_dataset_expressions', 'dataset_consumes_unknown_never_scheduled', 'dataset_produces_2' retrieved from /home/airflow/.local/lib/python3.12/site-packages/airflow/example_dags/example_datasets.py
[2025-01-28T15:31:37.800+0000] {logging_mixin.py:190} INFO - [2025-01-28T15:31:37.800+0000] {dag.py:3239} INFO - Sync 10 DAGs
[2025-01-28T15:31:37.845+0000] {logging_mixin.py:190} INFO - [2025-01-28T15:31:37.845+0000] {dag.py:4180} INFO - Setting next_dagrun for conditional_dataset_and_time_based_timetable to 2025-01-22 01:00:00+00:00, run_after=2025-01-22 01:00:00+00:00
[2025-01-28T15:31:37.853+0000] {logging_mixin.py:190} INFO - [2025-01-28T15:31:37.852+0000] {dag.py:4180} INFO - Setting next_dagrun for consume_1_and_2_with_dataset_expressions to None, run_after=None
[2025-01-28T15:31:37.856+0000] {logging_mixin.py:190} INFO - [2025-01-28T15:31:37.856+0000] {dag.py:4180} INFO - Setting next_dagrun for consume_1_or_2_with_dataset_expressions to None, run_after=None
[2025-01-28T15:31:37.859+0000] {logging_mixin.py:190} INFO - [2025-01-28T15:31:37.859+0000] {dag.py:4180} INFO - Setting next_dagrun for consume_1_or_both_2_and_3_with_dataset_expressions to None, run_after=None
[2025-01-28T15:31:37.863+0000] {logging_mixin.py:190} INFO - [2025-01-28T15:31:37.862+0000] {dag.py:4180} INFO - Setting next_dagrun for dataset_consumes_1 to None, run_after=None
[2025-01-28T15:31:37.866+0000] {logging_mixin.py:190} INFO - [2025-01-28T15:31:37.865+0000] {dag.py:4180} INFO - Setting next_dagrun for dataset_consumes_1_and_2 to None, run_after=None
[2025-01-28T15:31:37.869+0000] {logging_mixin.py:190} INFO - [2025-01-28T15:31:37.869+0000] {dag.py:4180} INFO - Setting next_dagrun for dataset_consumes_1_never_scheduled to None, run_after=None
[2025-01-28T15:31:37.872+0000] {logging_mixin.py:190} INFO - [2025-01-28T15:31:37.872+0000] {dag.py:4180} INFO - Setting next_dagrun for dataset_consumes_unknown_never_scheduled to None, run_after=None
[2025-01-28T15:31:37.877+0000] {logging_mixin.py:190} INFO - [2025-01-28T15:31:37.876+0000] {dag.py:4180} INFO - Setting next_dagrun for dataset_produces_1 to 2025-01-27 00:00:00+00:00, run_after=2025-01-28 00:00:00+00:00
[2025-01-28T15:31:37.880+0000] {logging_mixin.py:190} INFO - [2025-01-28T15:31:37.879+0000] {dag.py:4180} INFO - Setting next_dagrun for dataset_produces_2 to None, run_after=None
[2025-01-28T15:31:37.949+0000] {processor.py:208} INFO - Processing /home/airflow/.local/lib/python3.12/site-packages/airflow/example_dags/example_datasets.py took 1.043 seconds
[2025-01-28T16:33:30.250+0000] {processor.py:186} INFO - Started process (PID=123) to work on /home/airflow/.local/lib/python3.12/site-packages/airflow/example_dags/example_datasets.py
[2025-01-28T16:33:30.252+0000] {processor.py:914} INFO - Processing file /home/airflow/.local/lib/python3.12/site-packages/airflow/example_dags/example_datasets.py for tasks to queue
[2025-01-28T16:33:30.258+0000] {logging_mixin.py:190} INFO - [2025-01-28T16:33:30.257+0000] {dagbag.py:588} INFO - Filling up the DagBag from /home/airflow/.local/lib/python3.12/site-packages/airflow/example_dags/example_datasets.py
[2025-01-28T16:33:30.951+0000] {processor.py:925} INFO - DAG(s) 'conditional_dataset_and_time_based_timetable', 'dataset_produces_1', 'dataset_consumes_1_and_2', 'consume_1_or_2_with_dataset_expressions', 'dataset_produces_2', 'consume_1_and_2_with_dataset_expressions', 'dataset_consumes_1', 'dataset_consumes_1_never_scheduled', 'dataset_consumes_unknown_never_scheduled', 'consume_1_or_both_2_and_3_with_dataset_expressions' retrieved from /home/airflow/.local/lib/python3.12/site-packages/airflow/example_dags/example_datasets.py
[2025-01-28T16:33:31.031+0000] {logging_mixin.py:190} INFO - [2025-01-28T16:33:31.031+0000] {dag.py:3239} INFO - Sync 10 DAGs
[2025-01-28T16:33:31.062+0000] {logging_mixin.py:190} INFO - [2025-01-28T16:33:31.062+0000] {dag.py:4180} INFO - Setting next_dagrun for conditional_dataset_and_time_based_timetable to 2025-01-22 01:00:00+00:00, run_after=2025-01-22 01:00:00+00:00
[2025-01-28T16:33:31.067+0000] {logging_mixin.py:190} INFO - [2025-01-28T16:33:31.067+0000] {dag.py:4180} INFO - Setting next_dagrun for consume_1_and_2_with_dataset_expressions to None, run_after=None
[2025-01-28T16:33:31.070+0000] {logging_mixin.py:190} INFO - [2025-01-28T16:33:31.069+0000] {dag.py:4180} INFO - Setting next_dagrun for consume_1_or_2_with_dataset_expressions to None, run_after=None
[2025-01-28T16:33:31.072+0000] {logging_mixin.py:190} INFO - [2025-01-28T16:33:31.072+0000] {dag.py:4180} INFO - Setting next_dagrun for consume_1_or_both_2_and_3_with_dataset_expressions to None, run_after=None
[2025-01-28T16:33:31.075+0000] {logging_mixin.py:190} INFO - [2025-01-28T16:33:31.074+0000] {dag.py:4180} INFO - Setting next_dagrun for dataset_consumes_1 to None, run_after=None
[2025-01-28T16:33:31.077+0000] {logging_mixin.py:190} INFO - [2025-01-28T16:33:31.077+0000] {dag.py:4180} INFO - Setting next_dagrun for dataset_consumes_1_and_2 to None, run_after=None
[2025-01-28T16:33:31.080+0000] {logging_mixin.py:190} INFO - [2025-01-28T16:33:31.079+0000] {dag.py:4180} INFO - Setting next_dagrun for dataset_consumes_1_never_scheduled to None, run_after=None
[2025-01-28T16:33:31.082+0000] {logging_mixin.py:190} INFO - [2025-01-28T16:33:31.082+0000] {dag.py:4180} INFO - Setting next_dagrun for dataset_consumes_unknown_never_scheduled to None, run_after=None
[2025-01-28T16:33:31.085+0000] {logging_mixin.py:190} INFO - [2025-01-28T16:33:31.085+0000] {dag.py:4180} INFO - Setting next_dagrun for dataset_produces_1 to 2025-01-27 00:00:00+00:00, run_after=2025-01-28 00:00:00+00:00
[2025-01-28T16:33:31.088+0000] {logging_mixin.py:190} INFO - [2025-01-28T16:33:31.088+0000] {dag.py:4180} INFO - Setting next_dagrun for dataset_produces_2 to None, run_after=None
[2025-01-28T16:33:31.138+0000] {processor.py:208} INFO - Processing /home/airflow/.local/lib/python3.12/site-packages/airflow/example_dags/example_datasets.py took 0.902 seconds
[2025-01-28T16:34:02.211+0000] {processor.py:186} INFO - Started process (PID=187) to work on /home/airflow/.local/lib/python3.12/site-packages/airflow/example_dags/example_datasets.py
[2025-01-28T16:34:02.213+0000] {processor.py:914} INFO - Processing file /home/airflow/.local/lib/python3.12/site-packages/airflow/example_dags/example_datasets.py for tasks to queue
[2025-01-28T16:34:02.217+0000] {logging_mixin.py:190} INFO - [2025-01-28T16:34:02.216+0000] {dagbag.py:588} INFO - Filling up the DagBag from /home/airflow/.local/lib/python3.12/site-packages/airflow/example_dags/example_datasets.py
[2025-01-28T16:34:02.795+0000] {processor.py:925} INFO - DAG(s) 'consume_1_or_2_with_dataset_expressions', 'dataset_consumes_1', 'consume_1_and_2_with_dataset_expressions', 'dataset_produces_2', 'dataset_consumes_unknown_never_scheduled', 'consume_1_or_both_2_and_3_with_dataset_expressions', 'dataset_consumes_1_and_2', 'dataset_consumes_1_never_scheduled', 'conditional_dataset_and_time_based_timetable', 'dataset_produces_1' retrieved from /home/airflow/.local/lib/python3.12/site-packages/airflow/example_dags/example_datasets.py
[2025-01-28T16:34:02.872+0000] {logging_mixin.py:190} INFO - [2025-01-28T16:34:02.871+0000] {dag.py:3239} INFO - Sync 10 DAGs
[2025-01-28T16:34:02.897+0000] {logging_mixin.py:190} INFO - [2025-01-28T16:34:02.897+0000] {dag.py:4180} INFO - Setting next_dagrun for conditional_dataset_and_time_based_timetable to 2025-01-22 01:00:00+00:00, run_after=2025-01-22 01:00:00+00:00
[2025-01-28T16:34:02.902+0000] {logging_mixin.py:190} INFO - [2025-01-28T16:34:02.902+0000] {dag.py:4180} INFO - Setting next_dagrun for consume_1_and_2_with_dataset_expressions to None, run_after=None
[2025-01-28T16:34:02.904+0000] {logging_mixin.py:190} INFO - [2025-01-28T16:34:02.904+0000] {dag.py:4180} INFO - Setting next_dagrun for consume_1_or_2_with_dataset_expressions to None, run_after=None
[2025-01-28T16:34:02.907+0000] {logging_mixin.py:190} INFO - [2025-01-28T16:34:02.906+0000] {dag.py:4180} INFO - Setting next_dagrun for consume_1_or_both_2_and_3_with_dataset_expressions to None, run_after=None
[2025-01-28T16:34:02.909+0000] {logging_mixin.py:190} INFO - [2025-01-28T16:34:02.909+0000] {dag.py:4180} INFO - Setting next_dagrun for dataset_consumes_1 to None, run_after=None
[2025-01-28T16:34:02.911+0000] {logging_mixin.py:190} INFO - [2025-01-28T16:34:02.911+0000] {dag.py:4180} INFO - Setting next_dagrun for dataset_consumes_1_and_2 to None, run_after=None
[2025-01-28T16:34:02.914+0000] {logging_mixin.py:190} INFO - [2025-01-28T16:34:02.914+0000] {dag.py:4180} INFO - Setting next_dagrun for dataset_consumes_1_never_scheduled to None, run_after=None
[2025-01-28T16:34:02.916+0000] {logging_mixin.py:190} INFO - [2025-01-28T16:34:02.916+0000] {dag.py:4180} INFO - Setting next_dagrun for dataset_consumes_unknown_never_scheduled to None, run_after=None
[2025-01-28T16:34:02.919+0000] {logging_mixin.py:190} INFO - [2025-01-28T16:34:02.919+0000] {dag.py:4180} INFO - Setting next_dagrun for dataset_produces_1 to 2025-01-27 00:00:00+00:00, run_after=2025-01-28 00:00:00+00:00
[2025-01-28T16:34:02.921+0000] {logging_mixin.py:190} INFO - [2025-01-28T16:34:02.921+0000] {dag.py:4180} INFO - Setting next_dagrun for dataset_produces_2 to None, run_after=None
[2025-01-28T16:34:02.965+0000] {processor.py:208} INFO - Processing /home/airflow/.local/lib/python3.12/site-packages/airflow/example_dags/example_datasets.py took 0.767 seconds
[2025-01-28T16:34:33.715+0000] {processor.py:186} INFO - Started process (PID=249) to work on /home/airflow/.local/lib/python3.12/site-packages/airflow/example_dags/example_datasets.py
[2025-01-28T16:34:33.717+0000] {processor.py:914} INFO - Processing file /home/airflow/.local/lib/python3.12/site-packages/airflow/example_dags/example_datasets.py for tasks to queue
[2025-01-28T16:34:33.720+0000] {logging_mixin.py:190} INFO - [2025-01-28T16:34:33.720+0000] {dagbag.py:588} INFO - Filling up the DagBag from /home/airflow/.local/lib/python3.12/site-packages/airflow/example_dags/example_datasets.py
[2025-01-28T16:34:34.594+0000] {processor.py:925} INFO - DAG(s) 'dataset_consumes_unknown_never_scheduled', 'dataset_consumes_1', 'consume_1_or_both_2_and_3_with_dataset_expressions', 'consume_1_and_2_with_dataset_expressions', 'dataset_produces_2', 'dataset_produces_1', 'dataset_consumes_1_never_scheduled', 'consume_1_or_2_with_dataset_expressions', 'conditional_dataset_and_time_based_timetable', 'dataset_consumes_1_and_2' retrieved from /home/airflow/.local/lib/python3.12/site-packages/airflow/example_dags/example_datasets.py
[2025-01-28T16:34:34.691+0000] {logging_mixin.py:190} INFO - [2025-01-28T16:34:34.690+0000] {dag.py:3239} INFO - Sync 10 DAGs
[2025-01-28T16:34:34.733+0000] {logging_mixin.py:190} INFO - [2025-01-28T16:34:34.733+0000] {dag.py:4180} INFO - Setting next_dagrun for conditional_dataset_and_time_based_timetable to 2025-01-22 01:00:00+00:00, run_after=2025-01-22 01:00:00+00:00
[2025-01-28T16:34:34.740+0000] {logging_mixin.py:190} INFO - [2025-01-28T16:34:34.740+0000] {dag.py:4180} INFO - Setting next_dagrun for consume_1_and_2_with_dataset_expressions to None, run_after=None
[2025-01-28T16:34:34.743+0000] {logging_mixin.py:190} INFO - [2025-01-28T16:34:34.743+0000] {dag.py:4180} INFO - Setting next_dagrun for consume_1_or_2_with_dataset_expressions to None, run_after=None
[2025-01-28T16:34:34.746+0000] {logging_mixin.py:190} INFO - [2025-01-28T16:34:34.746+0000] {dag.py:4180} INFO - Setting next_dagrun for consume_1_or_both_2_and_3_with_dataset_expressions to None, run_after=None
[2025-01-28T16:34:34.749+0000] {logging_mixin.py:190} INFO - [2025-01-28T16:34:34.749+0000] {dag.py:4180} INFO - Setting next_dagrun for dataset_consumes_1 to None, run_after=None
[2025-01-28T16:34:34.753+0000] {logging_mixin.py:190} INFO - [2025-01-28T16:34:34.752+0000] {dag.py:4180} INFO - Setting next_dagrun for dataset_consumes_1_and_2 to None, run_after=None
[2025-01-28T16:34:34.756+0000] {logging_mixin.py:190} INFO - [2025-01-28T16:34:34.756+0000] {dag.py:4180} INFO - Setting next_dagrun for dataset_consumes_1_never_scheduled to None, run_after=None
[2025-01-28T16:34:34.760+0000] {logging_mixin.py:190} INFO - [2025-01-28T16:34:34.759+0000] {dag.py:4180} INFO - Setting next_dagrun for dataset_consumes_unknown_never_scheduled to None, run_after=None
[2025-01-28T16:34:34.765+0000] {logging_mixin.py:190} INFO - [2025-01-28T16:34:34.765+0000] {dag.py:4180} INFO - Setting next_dagrun for dataset_produces_1 to 2025-01-27 00:00:00+00:00, run_after=2025-01-28 00:00:00+00:00
[2025-01-28T16:34:34.769+0000] {logging_mixin.py:190} INFO - [2025-01-28T16:34:34.768+0000] {dag.py:4180} INFO - Setting next_dagrun for dataset_produces_2 to None, run_after=None
[2025-01-28T16:34:34.830+0000] {processor.py:208} INFO - Processing /home/airflow/.local/lib/python3.12/site-packages/airflow/example_dags/example_datasets.py took 1.128 seconds
[2025-01-28T16:35:05.477+0000] {processor.py:186} INFO - Started process (PID=312) to work on /home/airflow/.local/lib/python3.12/site-packages/airflow/example_dags/example_datasets.py
[2025-01-28T16:35:05.479+0000] {processor.py:914} INFO - Processing file /home/airflow/.local/lib/python3.12/site-packages/airflow/example_dags/example_datasets.py for tasks to queue
[2025-01-28T16:35:05.485+0000] {logging_mixin.py:190} INFO - [2025-01-28T16:35:05.485+0000] {dagbag.py:588} INFO - Filling up the DagBag from /home/airflow/.local/lib/python3.12/site-packages/airflow/example_dags/example_datasets.py
[2025-01-28T16:35:06.337+0000] {processor.py:925} INFO - DAG(s) 'dataset_produces_2', 'dataset_consumes_1_and_2', 'consume_1_or_both_2_and_3_with_dataset_expressions', 'conditional_dataset_and_time_based_timetable', 'dataset_produces_1', 'dataset_consumes_1_never_scheduled', 'dataset_consumes_unknown_never_scheduled', 'consume_1_and_2_with_dataset_expressions', 'consume_1_or_2_with_dataset_expressions', 'dataset_consumes_1' retrieved from /home/airflow/.local/lib/python3.12/site-packages/airflow/example_dags/example_datasets.py
[2025-01-28T16:35:06.421+0000] {logging_mixin.py:190} INFO - [2025-01-28T16:35:06.421+0000] {dag.py:3239} INFO - Sync 10 DAGs
[2025-01-28T16:35:06.456+0000] {logging_mixin.py:190} INFO - [2025-01-28T16:35:06.456+0000] {dag.py:4180} INFO - Setting next_dagrun for conditional_dataset_and_time_based_timetable to 2025-01-22 01:00:00+00:00, run_after=2025-01-22 01:00:00+00:00
[2025-01-28T16:35:06.462+0000] {logging_mixin.py:190} INFO - [2025-01-28T16:35:06.462+0000] {dag.py:4180} INFO - Setting next_dagrun for consume_1_and_2_with_dataset_expressions to None, run_after=None
[2025-01-28T16:35:06.467+0000] {logging_mixin.py:190} INFO - [2025-01-28T16:35:06.467+0000] {dag.py:4180} INFO - Setting next_dagrun for consume_1_or_2_with_dataset_expressions to None, run_after=None
[2025-01-28T16:35:06.470+0000] {logging_mixin.py:190} INFO - [2025-01-28T16:35:06.469+0000] {dag.py:4180} INFO - Setting next_dagrun for consume_1_or_both_2_and_3_with_dataset_expressions to None, run_after=None
[2025-01-28T16:35:06.472+0000] {logging_mixin.py:190} INFO - [2025-01-28T16:35:06.472+0000] {dag.py:4180} INFO - Setting next_dagrun for dataset_consumes_1 to None, run_after=None
[2025-01-28T16:35:06.475+0000] {logging_mixin.py:190} INFO - [2025-01-28T16:35:06.474+0000] {dag.py:4180} INFO - Setting next_dagrun for dataset_consumes_1_and_2 to None, run_after=None
[2025-01-28T16:35:06.477+0000] {logging_mixin.py:190} INFO - [2025-01-28T16:35:06.477+0000] {dag.py:4180} INFO - Setting next_dagrun for dataset_consumes_1_never_scheduled to None, run_after=None
[2025-01-28T16:35:06.480+0000] {logging_mixin.py:190} INFO - [2025-01-28T16:35:06.479+0000] {dag.py:4180} INFO - Setting next_dagrun for dataset_consumes_unknown_never_scheduled to None, run_after=None
[2025-01-28T16:35:06.484+0000] {logging_mixin.py:190} INFO - [2025-01-28T16:35:06.483+0000] {dag.py:4180} INFO - Setting next_dagrun for dataset_produces_1 to 2025-01-27 00:00:00+00:00, run_after=2025-01-28 00:00:00+00:00
[2025-01-28T16:35:06.486+0000] {logging_mixin.py:190} INFO - [2025-01-28T16:35:06.486+0000] {dag.py:4180} INFO - Setting next_dagrun for dataset_produces_2 to None, run_after=None
[2025-01-28T16:35:06.538+0000] {processor.py:208} INFO - Processing /home/airflow/.local/lib/python3.12/site-packages/airflow/example_dags/example_datasets.py took 1.074 seconds
[2025-01-28T16:35:36.900+0000] {processor.py:186} INFO - Started process (PID=375) to work on /home/airflow/.local/lib/python3.12/site-packages/airflow/example_dags/example_datasets.py
[2025-01-28T16:35:36.902+0000] {processor.py:914} INFO - Processing file /home/airflow/.local/lib/python3.12/site-packages/airflow/example_dags/example_datasets.py for tasks to queue
[2025-01-28T16:35:36.909+0000] {logging_mixin.py:190} INFO - [2025-01-28T16:35:36.908+0000] {dagbag.py:588} INFO - Filling up the DagBag from /home/airflow/.local/lib/python3.12/site-packages/airflow/example_dags/example_datasets.py
[2025-01-28T16:35:37.741+0000] {processor.py:925} INFO - DAG(s) 'dataset_consumes_1_never_scheduled', 'dataset_consumes_1', 'dataset_produces_1', 'dataset_produces_2', 'consume_1_and_2_with_dataset_expressions', 'consume_1_or_2_with_dataset_expressions', 'dataset_consumes_1_and_2', 'conditional_dataset_and_time_based_timetable', 'dataset_consumes_unknown_never_scheduled', 'consume_1_or_both_2_and_3_with_dataset_expressions' retrieved from /home/airflow/.local/lib/python3.12/site-packages/airflow/example_dags/example_datasets.py
[2025-01-28T16:35:37.834+0000] {logging_mixin.py:190} INFO - [2025-01-28T16:35:37.834+0000] {dag.py:3239} INFO - Sync 10 DAGs
[2025-01-28T16:35:37.875+0000] {logging_mixin.py:190} INFO - [2025-01-28T16:35:37.875+0000] {dag.py:4180} INFO - Setting next_dagrun for conditional_dataset_and_time_based_timetable to 2025-01-22 01:00:00+00:00, run_after=2025-01-22 01:00:00+00:00
[2025-01-28T16:35:37.881+0000] {logging_mixin.py:190} INFO - [2025-01-28T16:35:37.881+0000] {dag.py:4180} INFO - Setting next_dagrun for consume_1_and_2_with_dataset_expressions to None, run_after=None
[2025-01-28T16:35:37.885+0000] {logging_mixin.py:190} INFO - [2025-01-28T16:35:37.884+0000] {dag.py:4180} INFO - Setting next_dagrun for consume_1_or_2_with_dataset_expressions to None, run_after=None
[2025-01-28T16:35:37.887+0000] {logging_mixin.py:190} INFO - [2025-01-28T16:35:37.887+0000] {dag.py:4180} INFO - Setting next_dagrun for consume_1_or_both_2_and_3_with_dataset_expressions to None, run_after=None
[2025-01-28T16:35:37.891+0000] {logging_mixin.py:190} INFO - [2025-01-28T16:35:37.890+0000] {dag.py:4180} INFO - Setting next_dagrun for dataset_consumes_1 to None, run_after=None
[2025-01-28T16:35:37.894+0000] {logging_mixin.py:190} INFO - [2025-01-28T16:35:37.894+0000] {dag.py:4180} INFO - Setting next_dagrun for dataset_consumes_1_and_2 to None, run_after=None
[2025-01-28T16:35:37.897+0000] {logging_mixin.py:190} INFO - [2025-01-28T16:35:37.897+0000] {dag.py:4180} INFO - Setting next_dagrun for dataset_consumes_1_never_scheduled to None, run_after=None
[2025-01-28T16:35:37.900+0000] {logging_mixin.py:190} INFO - [2025-01-28T16:35:37.900+0000] {dag.py:4180} INFO - Setting next_dagrun for dataset_consumes_unknown_never_scheduled to None, run_after=None
[2025-01-28T16:35:37.905+0000] {logging_mixin.py:190} INFO - [2025-01-28T16:35:37.904+0000] {dag.py:4180} INFO - Setting next_dagrun for dataset_produces_1 to 2025-01-27 00:00:00+00:00, run_after=2025-01-28 00:00:00+00:00
[2025-01-28T16:35:37.908+0000] {logging_mixin.py:190} INFO - [2025-01-28T16:35:37.908+0000] {dag.py:4180} INFO - Setting next_dagrun for dataset_produces_2 to None, run_after=None
[2025-01-28T16:35:37.975+0000] {processor.py:208} INFO - Processing /home/airflow/.local/lib/python3.12/site-packages/airflow/example_dags/example_datasets.py took 1.090 seconds
[2025-01-28T16:36:08.046+0000] {processor.py:186} INFO - Started process (PID=439) to work on /home/airflow/.local/lib/python3.12/site-packages/airflow/example_dags/example_datasets.py
[2025-01-28T16:36:08.048+0000] {processor.py:914} INFO - Processing file /home/airflow/.local/lib/python3.12/site-packages/airflow/example_dags/example_datasets.py for tasks to queue
[2025-01-28T16:36:08.053+0000] {logging_mixin.py:190} INFO - [2025-01-28T16:36:08.052+0000] {dagbag.py:588} INFO - Filling up the DagBag from /home/airflow/.local/lib/python3.12/site-packages/airflow/example_dags/example_datasets.py
[2025-01-28T16:36:08.876+0000] {processor.py:925} INFO - DAG(s) 'dataset_consumes_1_and_2', 'dataset_produces_2', 'dataset_consumes_unknown_never_scheduled', 'consume_1_or_both_2_and_3_with_dataset_expressions', 'consume_1_or_2_with_dataset_expressions', 'conditional_dataset_and_time_based_timetable', 'dataset_produces_1', 'dataset_consumes_1_never_scheduled', 'consume_1_and_2_with_dataset_expressions', 'dataset_consumes_1' retrieved from /home/airflow/.local/lib/python3.12/site-packages/airflow/example_dags/example_datasets.py
[2025-01-28T16:36:08.978+0000] {logging_mixin.py:190} INFO - [2025-01-28T16:36:08.978+0000] {dag.py:3239} INFO - Sync 10 DAGs
[2025-01-28T16:36:09.021+0000] {logging_mixin.py:190} INFO - [2025-01-28T16:36:09.020+0000] {dag.py:4180} INFO - Setting next_dagrun for conditional_dataset_and_time_based_timetable to 2025-01-22 01:00:00+00:00, run_after=2025-01-22 01:00:00+00:00
[2025-01-28T16:36:09.027+0000] {logging_mixin.py:190} INFO - [2025-01-28T16:36:09.027+0000] {dag.py:4180} INFO - Setting next_dagrun for consume_1_and_2_with_dataset_expressions to None, run_after=None
[2025-01-28T16:36:09.031+0000] {logging_mixin.py:190} INFO - [2025-01-28T16:36:09.030+0000] {dag.py:4180} INFO - Setting next_dagrun for consume_1_or_2_with_dataset_expressions to None, run_after=None
[2025-01-28T16:36:09.034+0000] {logging_mixin.py:190} INFO - [2025-01-28T16:36:09.033+0000] {dag.py:4180} INFO - Setting next_dagrun for consume_1_or_both_2_and_3_with_dataset_expressions to None, run_after=None
[2025-01-28T16:36:09.037+0000] {logging_mixin.py:190} INFO - [2025-01-28T16:36:09.036+0000] {dag.py:4180} INFO - Setting next_dagrun for dataset_consumes_1 to None, run_after=None
[2025-01-28T16:36:09.040+0000] {logging_mixin.py:190} INFO - [2025-01-28T16:36:09.040+0000] {dag.py:4180} INFO - Setting next_dagrun for dataset_consumes_1_and_2 to None, run_after=None
[2025-01-28T16:36:09.043+0000] {logging_mixin.py:190} INFO - [2025-01-28T16:36:09.043+0000] {dag.py:4180} INFO - Setting next_dagrun for dataset_consumes_1_never_scheduled to None, run_after=None
[2025-01-28T16:36:09.046+0000] {logging_mixin.py:190} INFO - [2025-01-28T16:36:09.045+0000] {dag.py:4180} INFO - Setting next_dagrun for dataset_consumes_unknown_never_scheduled to None, run_after=None
[2025-01-28T16:36:09.050+0000] {logging_mixin.py:190} INFO - [2025-01-28T16:36:09.050+0000] {dag.py:4180} INFO - Setting next_dagrun for dataset_produces_1 to 2025-01-27 00:00:00+00:00, run_after=2025-01-28 00:00:00+00:00
[2025-01-28T16:36:09.054+0000] {logging_mixin.py:190} INFO - [2025-01-28T16:36:09.053+0000] {dag.py:4180} INFO - Setting next_dagrun for dataset_produces_2 to None, run_after=None
[2025-01-28T16:36:09.121+0000] {processor.py:208} INFO - Processing /home/airflow/.local/lib/python3.12/site-packages/airflow/example_dags/example_datasets.py took 1.082 seconds
