[2025-01-28T15:27:54.013+0000] {processor.py:186} INFO - Started process (PID=120) to work on /home/airflow/.local/lib/python3.12/site-packages/airflow/example_dags/example_external_task_marker_dag.py
[2025-01-28T15:27:54.014+0000] {processor.py:914} INFO - Processing file /home/airflow/.local/lib/python3.12/site-packages/airflow/example_dags/example_external_task_marker_dag.py for tasks to queue
[2025-01-28T15:27:54.018+0000] {logging_mixin.py:190} INFO - [2025-01-28T15:27:54.018+0000] {dagbag.py:588} INFO - Filling up the DagBag from /home/airflow/.local/lib/python3.12/site-packages/airflow/example_dags/example_external_task_marker_dag.py
[2025-01-28T15:27:54.029+0000] {processor.py:925} INFO - DAG(s) 'example_external_task_marker_child', 'example_external_task_marker_parent' retrieved from /home/airflow/.local/lib/python3.12/site-packages/airflow/example_dags/example_external_task_marker_dag.py
[2025-01-28T15:27:54.148+0000] {logging_mixin.py:190} INFO - [2025-01-28T15:27:54.146+0000] {override.py:1911} INFO - Created Permission View: can delete on DAG:example_external_task_marker_child
[2025-01-28T15:27:54.167+0000] {logging_mixin.py:190} INFO - [2025-01-28T15:27:54.166+0000] {override.py:1911} INFO - Created Permission View: can edit on DAG:example_external_task_marker_child
[2025-01-28T15:27:54.179+0000] {logging_mixin.py:190} INFO - [2025-01-28T15:27:54.178+0000] {override.py:1911} INFO - Created Permission View: can read on DAG:example_external_task_marker_child
[2025-01-28T15:27:54.194+0000] {logging_mixin.py:190} INFO - [2025-01-28T15:27:54.194+0000] {override.py:1911} INFO - Created Permission View: menu access on DAG Run:example_external_task_marker_child
[2025-01-28T15:27:54.206+0000] {logging_mixin.py:190} INFO - [2025-01-28T15:27:54.206+0000] {override.py:1911} INFO - Created Permission View: can delete on DAG Run:example_external_task_marker_child
[2025-01-28T15:27:54.221+0000] {logging_mixin.py:190} INFO - [2025-01-28T15:27:54.220+0000] {override.py:1911} INFO - Created Permission View: can create on DAG Run:example_external_task_marker_child
[2025-01-28T15:27:54.239+0000] {logging_mixin.py:190} INFO - [2025-01-28T15:27:54.238+0000] {override.py:1911} INFO - Created Permission View: can read on DAG Run:example_external_task_marker_child
[2025-01-28T15:27:54.261+0000] {logging_mixin.py:190} INFO - [2025-01-28T15:27:54.260+0000] {override.py:1911} INFO - Created Permission View: can delete on DAG:example_external_task_marker_parent
[2025-01-28T15:27:54.273+0000] {logging_mixin.py:190} INFO - [2025-01-28T15:27:54.272+0000] {override.py:1911} INFO - Created Permission View: can edit on DAG:example_external_task_marker_parent
[2025-01-28T15:27:54.285+0000] {logging_mixin.py:190} INFO - [2025-01-28T15:27:54.285+0000] {override.py:1911} INFO - Created Permission View: can read on DAG:example_external_task_marker_parent
[2025-01-28T15:27:54.304+0000] {logging_mixin.py:190} INFO - [2025-01-28T15:27:54.303+0000] {override.py:1911} INFO - Created Permission View: menu access on DAG Run:example_external_task_marker_parent
[2025-01-28T15:27:54.319+0000] {logging_mixin.py:190} INFO - [2025-01-28T15:27:54.319+0000] {override.py:1911} INFO - Created Permission View: can delete on DAG Run:example_external_task_marker_parent
[2025-01-28T15:27:54.334+0000] {logging_mixin.py:190} INFO - [2025-01-28T15:27:54.333+0000] {override.py:1911} INFO - Created Permission View: can create on DAG Run:example_external_task_marker_parent
[2025-01-28T15:27:54.354+0000] {logging_mixin.py:190} INFO - [2025-01-28T15:27:54.353+0000] {override.py:1911} INFO - Created Permission View: can read on DAG Run:example_external_task_marker_parent
[2025-01-28T15:27:54.355+0000] {logging_mixin.py:190} INFO - [2025-01-28T15:27:54.355+0000] {dag.py:3239} INFO - Sync 2 DAGs
[2025-01-28T15:27:54.378+0000] {logging_mixin.py:190} INFO - [2025-01-28T15:27:54.378+0000] {dag.py:3262} INFO - Creating ORM DAG for example_external_task_marker_child
[2025-01-28T15:27:54.379+0000] {logging_mixin.py:190} INFO - [2025-01-28T15:27:54.379+0000] {dag.py:3262} INFO - Creating ORM DAG for example_external_task_marker_parent
[2025-01-28T15:27:54.380+0000] {logging_mixin.py:190} INFO - [2025-01-28T15:27:54.380+0000] {dag.py:4180} INFO - Setting next_dagrun for example_external_task_marker_child to None, run_after=None
[2025-01-28T15:27:54.381+0000] {logging_mixin.py:190} INFO - [2025-01-28T15:27:54.381+0000] {dag.py:4180} INFO - Setting next_dagrun for example_external_task_marker_parent to None, run_after=None
[2025-01-28T15:27:54.405+0000] {processor.py:208} INFO - Processing /home/airflow/.local/lib/python3.12/site-packages/airflow/example_dags/example_external_task_marker_dag.py took 0.405 seconds
[2025-01-28T15:28:24.816+0000] {processor.py:186} INFO - Started process (PID=183) to work on /home/airflow/.local/lib/python3.12/site-packages/airflow/example_dags/example_external_task_marker_dag.py
[2025-01-28T15:28:24.818+0000] {processor.py:914} INFO - Processing file /home/airflow/.local/lib/python3.12/site-packages/airflow/example_dags/example_external_task_marker_dag.py for tasks to queue
[2025-01-28T15:28:24.823+0000] {logging_mixin.py:190} INFO - [2025-01-28T15:28:24.822+0000] {dagbag.py:588} INFO - Filling up the DagBag from /home/airflow/.local/lib/python3.12/site-packages/airflow/example_dags/example_external_task_marker_dag.py
[2025-01-28T15:28:24.836+0000] {processor.py:925} INFO - DAG(s) 'example_external_task_marker_child', 'example_external_task_marker_parent' retrieved from /home/airflow/.local/lib/python3.12/site-packages/airflow/example_dags/example_external_task_marker_dag.py
[2025-01-28T15:28:24.877+0000] {logging_mixin.py:190} INFO - [2025-01-28T15:28:24.877+0000] {dag.py:3239} INFO - Sync 2 DAGs
[2025-01-28T15:28:24.900+0000] {logging_mixin.py:190} INFO - [2025-01-28T15:28:24.900+0000] {dag.py:4180} INFO - Setting next_dagrun for example_external_task_marker_child to None, run_after=None
[2025-01-28T15:28:24.906+0000] {logging_mixin.py:190} INFO - [2025-01-28T15:28:24.906+0000] {dag.py:4180} INFO - Setting next_dagrun for example_external_task_marker_parent to None, run_after=None
[2025-01-28T15:28:24.936+0000] {processor.py:208} INFO - Processing /home/airflow/.local/lib/python3.12/site-packages/airflow/example_dags/example_external_task_marker_dag.py took 0.129 seconds
[2025-01-28T15:28:55.739+0000] {processor.py:186} INFO - Started process (PID=246) to work on /home/airflow/.local/lib/python3.12/site-packages/airflow/example_dags/example_external_task_marker_dag.py
[2025-01-28T15:28:55.741+0000] {processor.py:914} INFO - Processing file /home/airflow/.local/lib/python3.12/site-packages/airflow/example_dags/example_external_task_marker_dag.py for tasks to queue
[2025-01-28T15:28:55.747+0000] {logging_mixin.py:190} INFO - [2025-01-28T15:28:55.746+0000] {dagbag.py:588} INFO - Filling up the DagBag from /home/airflow/.local/lib/python3.12/site-packages/airflow/example_dags/example_external_task_marker_dag.py
[2025-01-28T15:28:55.767+0000] {processor.py:925} INFO - DAG(s) 'example_external_task_marker_parent', 'example_external_task_marker_child' retrieved from /home/airflow/.local/lib/python3.12/site-packages/airflow/example_dags/example_external_task_marker_dag.py
[2025-01-28T15:28:55.810+0000] {logging_mixin.py:190} INFO - [2025-01-28T15:28:55.809+0000] {dag.py:3239} INFO - Sync 2 DAGs
[2025-01-28T15:28:55.831+0000] {logging_mixin.py:190} INFO - [2025-01-28T15:28:55.831+0000] {dag.py:4180} INFO - Setting next_dagrun for example_external_task_marker_child to None, run_after=None
[2025-01-28T15:28:55.837+0000] {logging_mixin.py:190} INFO - [2025-01-28T15:28:55.837+0000] {dag.py:4180} INFO - Setting next_dagrun for example_external_task_marker_parent to None, run_after=None
[2025-01-28T15:28:55.865+0000] {processor.py:208} INFO - Processing /home/airflow/.local/lib/python3.12/site-packages/airflow/example_dags/example_external_task_marker_dag.py took 0.140 seconds
[2025-01-28T15:29:27.012+0000] {processor.py:186} INFO - Started process (PID=309) to work on /home/airflow/.local/lib/python3.12/site-packages/airflow/example_dags/example_external_task_marker_dag.py
[2025-01-28T15:29:27.014+0000] {processor.py:914} INFO - Processing file /home/airflow/.local/lib/python3.12/site-packages/airflow/example_dags/example_external_task_marker_dag.py for tasks to queue
[2025-01-28T15:29:27.018+0000] {logging_mixin.py:190} INFO - [2025-01-28T15:29:27.018+0000] {dagbag.py:588} INFO - Filling up the DagBag from /home/airflow/.local/lib/python3.12/site-packages/airflow/example_dags/example_external_task_marker_dag.py
[2025-01-28T15:29:27.032+0000] {processor.py:925} INFO - DAG(s) 'example_external_task_marker_child', 'example_external_task_marker_parent' retrieved from /home/airflow/.local/lib/python3.12/site-packages/airflow/example_dags/example_external_task_marker_dag.py
[2025-01-28T15:29:27.073+0000] {logging_mixin.py:190} INFO - [2025-01-28T15:29:27.073+0000] {dag.py:3239} INFO - Sync 2 DAGs
[2025-01-28T15:29:27.103+0000] {logging_mixin.py:190} INFO - [2025-01-28T15:29:27.103+0000] {dag.py:4180} INFO - Setting next_dagrun for example_external_task_marker_child to None, run_after=None
[2025-01-28T15:29:27.110+0000] {logging_mixin.py:190} INFO - [2025-01-28T15:29:27.109+0000] {dag.py:4180} INFO - Setting next_dagrun for example_external_task_marker_parent to None, run_after=None
[2025-01-28T15:29:27.141+0000] {processor.py:208} INFO - Processing /home/airflow/.local/lib/python3.12/site-packages/airflow/example_dags/example_external_task_marker_dag.py took 0.145 seconds
[2025-01-28T15:29:58.567+0000] {processor.py:186} INFO - Started process (PID=372) to work on /home/airflow/.local/lib/python3.12/site-packages/airflow/example_dags/example_external_task_marker_dag.py
[2025-01-28T15:29:58.569+0000] {processor.py:914} INFO - Processing file /home/airflow/.local/lib/python3.12/site-packages/airflow/example_dags/example_external_task_marker_dag.py for tasks to queue
[2025-01-28T15:29:58.573+0000] {logging_mixin.py:190} INFO - [2025-01-28T15:29:58.573+0000] {dagbag.py:588} INFO - Filling up the DagBag from /home/airflow/.local/lib/python3.12/site-packages/airflow/example_dags/example_external_task_marker_dag.py
[2025-01-28T15:29:58.587+0000] {processor.py:925} INFO - DAG(s) 'example_external_task_marker_parent', 'example_external_task_marker_child' retrieved from /home/airflow/.local/lib/python3.12/site-packages/airflow/example_dags/example_external_task_marker_dag.py
[2025-01-28T15:29:58.626+0000] {logging_mixin.py:190} INFO - [2025-01-28T15:29:58.626+0000] {dag.py:3239} INFO - Sync 2 DAGs
[2025-01-28T15:29:58.650+0000] {logging_mixin.py:190} INFO - [2025-01-28T15:29:58.649+0000] {dag.py:4180} INFO - Setting next_dagrun for example_external_task_marker_child to None, run_after=None
[2025-01-28T15:29:58.656+0000] {logging_mixin.py:190} INFO - [2025-01-28T15:29:58.655+0000] {dag.py:4180} INFO - Setting next_dagrun for example_external_task_marker_parent to None, run_after=None
[2025-01-28T15:29:58.691+0000] {processor.py:208} INFO - Processing /home/airflow/.local/lib/python3.12/site-packages/airflow/example_dags/example_external_task_marker_dag.py took 0.138 seconds
[2025-01-28T15:30:29.828+0000] {processor.py:186} INFO - Started process (PID=435) to work on /home/airflow/.local/lib/python3.12/site-packages/airflow/example_dags/example_external_task_marker_dag.py
[2025-01-28T15:30:29.831+0000] {processor.py:914} INFO - Processing file /home/airflow/.local/lib/python3.12/site-packages/airflow/example_dags/example_external_task_marker_dag.py for tasks to queue
[2025-01-28T15:30:29.837+0000] {logging_mixin.py:190} INFO - [2025-01-28T15:30:29.836+0000] {dagbag.py:588} INFO - Filling up the DagBag from /home/airflow/.local/lib/python3.12/site-packages/airflow/example_dags/example_external_task_marker_dag.py
[2025-01-28T15:30:29.850+0000] {processor.py:925} INFO - DAG(s) 'example_external_task_marker_child', 'example_external_task_marker_parent' retrieved from /home/airflow/.local/lib/python3.12/site-packages/airflow/example_dags/example_external_task_marker_dag.py
[2025-01-28T15:30:29.893+0000] {logging_mixin.py:190} INFO - [2025-01-28T15:30:29.892+0000] {dag.py:3239} INFO - Sync 2 DAGs
[2025-01-28T15:30:29.918+0000] {logging_mixin.py:190} INFO - [2025-01-28T15:30:29.918+0000] {dag.py:4180} INFO - Setting next_dagrun for example_external_task_marker_child to None, run_after=None
[2025-01-28T15:30:29.925+0000] {logging_mixin.py:190} INFO - [2025-01-28T15:30:29.925+0000] {dag.py:4180} INFO - Setting next_dagrun for example_external_task_marker_parent to None, run_after=None
[2025-01-28T15:30:29.957+0000] {processor.py:208} INFO - Processing /home/airflow/.local/lib/python3.12/site-packages/airflow/example_dags/example_external_task_marker_dag.py took 0.144 seconds
[2025-01-28T15:31:01.301+0000] {processor.py:186} INFO - Started process (PID=498) to work on /home/airflow/.local/lib/python3.12/site-packages/airflow/example_dags/example_external_task_marker_dag.py
[2025-01-28T15:31:01.303+0000] {processor.py:914} INFO - Processing file /home/airflow/.local/lib/python3.12/site-packages/airflow/example_dags/example_external_task_marker_dag.py for tasks to queue
[2025-01-28T15:31:01.306+0000] {logging_mixin.py:190} INFO - [2025-01-28T15:31:01.306+0000] {dagbag.py:588} INFO - Filling up the DagBag from /home/airflow/.local/lib/python3.12/site-packages/airflow/example_dags/example_external_task_marker_dag.py
[2025-01-28T15:31:01.319+0000] {processor.py:925} INFO - DAG(s) 'example_external_task_marker_child', 'example_external_task_marker_parent' retrieved from /home/airflow/.local/lib/python3.12/site-packages/airflow/example_dags/example_external_task_marker_dag.py
[2025-01-28T15:31:01.360+0000] {logging_mixin.py:190} INFO - [2025-01-28T15:31:01.360+0000] {dag.py:3239} INFO - Sync 2 DAGs
[2025-01-28T15:31:01.385+0000] {logging_mixin.py:190} INFO - [2025-01-28T15:31:01.384+0000] {dag.py:4180} INFO - Setting next_dagrun for example_external_task_marker_child to None, run_after=None
[2025-01-28T15:31:01.391+0000] {logging_mixin.py:190} INFO - [2025-01-28T15:31:01.391+0000] {dag.py:4180} INFO - Setting next_dagrun for example_external_task_marker_parent to None, run_after=None
[2025-01-28T15:31:01.421+0000] {processor.py:208} INFO - Processing /home/airflow/.local/lib/python3.12/site-packages/airflow/example_dags/example_external_task_marker_dag.py took 0.130 seconds
[2025-01-28T15:31:32.471+0000] {processor.py:186} INFO - Started process (PID=561) to work on /home/airflow/.local/lib/python3.12/site-packages/airflow/example_dags/example_external_task_marker_dag.py
[2025-01-28T15:31:32.473+0000] {processor.py:914} INFO - Processing file /home/airflow/.local/lib/python3.12/site-packages/airflow/example_dags/example_external_task_marker_dag.py for tasks to queue
[2025-01-28T15:31:32.479+0000] {logging_mixin.py:190} INFO - [2025-01-28T15:31:32.478+0000] {dagbag.py:588} INFO - Filling up the DagBag from /home/airflow/.local/lib/python3.12/site-packages/airflow/example_dags/example_external_task_marker_dag.py
[2025-01-28T15:31:32.497+0000] {processor.py:925} INFO - DAG(s) 'example_external_task_marker_child', 'example_external_task_marker_parent' retrieved from /home/airflow/.local/lib/python3.12/site-packages/airflow/example_dags/example_external_task_marker_dag.py
[2025-01-28T15:31:32.538+0000] {logging_mixin.py:190} INFO - [2025-01-28T15:31:32.538+0000] {dag.py:3239} INFO - Sync 2 DAGs
[2025-01-28T15:31:32.565+0000] {logging_mixin.py:190} INFO - [2025-01-28T15:31:32.565+0000] {dag.py:4180} INFO - Setting next_dagrun for example_external_task_marker_child to None, run_after=None
[2025-01-28T15:31:32.572+0000] {logging_mixin.py:190} INFO - [2025-01-28T15:31:32.572+0000] {dag.py:4180} INFO - Setting next_dagrun for example_external_task_marker_parent to None, run_after=None
[2025-01-28T15:31:32.602+0000] {processor.py:208} INFO - Processing /home/airflow/.local/lib/python3.12/site-packages/airflow/example_dags/example_external_task_marker_dag.py took 0.145 seconds
[2025-01-28T16:33:29.501+0000] {processor.py:186} INFO - Started process (PID=115) to work on /home/airflow/.local/lib/python3.12/site-packages/airflow/example_dags/example_external_task_marker_dag.py
[2025-01-28T16:33:29.503+0000] {processor.py:914} INFO - Processing file /home/airflow/.local/lib/python3.12/site-packages/airflow/example_dags/example_external_task_marker_dag.py for tasks to queue
[2025-01-28T16:33:29.506+0000] {logging_mixin.py:190} INFO - [2025-01-28T16:33:29.506+0000] {dagbag.py:588} INFO - Filling up the DagBag from /home/airflow/.local/lib/python3.12/site-packages/airflow/example_dags/example_external_task_marker_dag.py
[2025-01-28T16:33:29.516+0000] {processor.py:925} INFO - DAG(s) 'example_external_task_marker_child', 'example_external_task_marker_parent' retrieved from /home/airflow/.local/lib/python3.12/site-packages/airflow/example_dags/example_external_task_marker_dag.py
[2025-01-28T16:33:29.559+0000] {logging_mixin.py:190} INFO - [2025-01-28T16:33:29.558+0000] {dag.py:3239} INFO - Sync 2 DAGs
[2025-01-28T16:33:29.581+0000] {logging_mixin.py:190} INFO - [2025-01-28T16:33:29.581+0000] {dag.py:4180} INFO - Setting next_dagrun for example_external_task_marker_child to None, run_after=None
[2025-01-28T16:33:29.587+0000] {logging_mixin.py:190} INFO - [2025-01-28T16:33:29.587+0000] {dag.py:4180} INFO - Setting next_dagrun for example_external_task_marker_parent to None, run_after=None
[2025-01-28T16:33:29.621+0000] {processor.py:208} INFO - Processing /home/airflow/.local/lib/python3.12/site-packages/airflow/example_dags/example_external_task_marker_dag.py took 0.131 seconds
[2025-01-28T16:34:01.358+0000] {processor.py:186} INFO - Started process (PID=178) to work on /home/airflow/.local/lib/python3.12/site-packages/airflow/example_dags/example_external_task_marker_dag.py
[2025-01-28T16:34:01.360+0000] {processor.py:914} INFO - Processing file /home/airflow/.local/lib/python3.12/site-packages/airflow/example_dags/example_external_task_marker_dag.py for tasks to queue
[2025-01-28T16:34:01.363+0000] {logging_mixin.py:190} INFO - [2025-01-28T16:34:01.363+0000] {dagbag.py:588} INFO - Filling up the DagBag from /home/airflow/.local/lib/python3.12/site-packages/airflow/example_dags/example_external_task_marker_dag.py
[2025-01-28T16:34:01.375+0000] {processor.py:925} INFO - DAG(s) 'example_external_task_marker_child', 'example_external_task_marker_parent' retrieved from /home/airflow/.local/lib/python3.12/site-packages/airflow/example_dags/example_external_task_marker_dag.py
[2025-01-28T16:34:01.410+0000] {logging_mixin.py:190} INFO - [2025-01-28T16:34:01.410+0000] {dag.py:3239} INFO - Sync 2 DAGs
[2025-01-28T16:34:01.433+0000] {logging_mixin.py:190} INFO - [2025-01-28T16:34:01.432+0000] {dag.py:4180} INFO - Setting next_dagrun for example_external_task_marker_child to None, run_after=None
[2025-01-28T16:34:01.439+0000] {logging_mixin.py:190} INFO - [2025-01-28T16:34:01.438+0000] {dag.py:4180} INFO - Setting next_dagrun for example_external_task_marker_parent to None, run_after=None
[2025-01-28T16:34:01.469+0000] {processor.py:208} INFO - Processing /home/airflow/.local/lib/python3.12/site-packages/airflow/example_dags/example_external_task_marker_dag.py took 0.120 seconds
[2025-01-28T16:34:32.780+0000] {processor.py:186} INFO - Started process (PID=241) to work on /home/airflow/.local/lib/python3.12/site-packages/airflow/example_dags/example_external_task_marker_dag.py
[2025-01-28T16:34:32.781+0000] {processor.py:914} INFO - Processing file /home/airflow/.local/lib/python3.12/site-packages/airflow/example_dags/example_external_task_marker_dag.py for tasks to queue
[2025-01-28T16:34:32.785+0000] {logging_mixin.py:190} INFO - [2025-01-28T16:34:32.784+0000] {dagbag.py:588} INFO - Filling up the DagBag from /home/airflow/.local/lib/python3.12/site-packages/airflow/example_dags/example_external_task_marker_dag.py
[2025-01-28T16:34:32.799+0000] {processor.py:925} INFO - DAG(s) 'example_external_task_marker_parent', 'example_external_task_marker_child' retrieved from /home/airflow/.local/lib/python3.12/site-packages/airflow/example_dags/example_external_task_marker_dag.py
[2025-01-28T16:34:32.839+0000] {logging_mixin.py:190} INFO - [2025-01-28T16:34:32.838+0000] {dag.py:3239} INFO - Sync 2 DAGs
[2025-01-28T16:34:32.864+0000] {logging_mixin.py:190} INFO - [2025-01-28T16:34:32.863+0000] {dag.py:4180} INFO - Setting next_dagrun for example_external_task_marker_child to None, run_after=None
[2025-01-28T16:34:32.875+0000] {logging_mixin.py:190} INFO - [2025-01-28T16:34:32.874+0000] {dag.py:4180} INFO - Setting next_dagrun for example_external_task_marker_parent to None, run_after=None
[2025-01-28T16:34:32.916+0000] {processor.py:208} INFO - Processing /home/airflow/.local/lib/python3.12/site-packages/airflow/example_dags/example_external_task_marker_dag.py took 0.145 seconds
[2025-01-28T16:35:04.410+0000] {processor.py:186} INFO - Started process (PID=304) to work on /home/airflow/.local/lib/python3.12/site-packages/airflow/example_dags/example_external_task_marker_dag.py
[2025-01-28T16:35:04.412+0000] {processor.py:914} INFO - Processing file /home/airflow/.local/lib/python3.12/site-packages/airflow/example_dags/example_external_task_marker_dag.py for tasks to queue
[2025-01-28T16:35:04.416+0000] {logging_mixin.py:190} INFO - [2025-01-28T16:35:04.415+0000] {dagbag.py:588} INFO - Filling up the DagBag from /home/airflow/.local/lib/python3.12/site-packages/airflow/example_dags/example_external_task_marker_dag.py
[2025-01-28T16:35:04.428+0000] {processor.py:925} INFO - DAG(s) 'example_external_task_marker_child', 'example_external_task_marker_parent' retrieved from /home/airflow/.local/lib/python3.12/site-packages/airflow/example_dags/example_external_task_marker_dag.py
[2025-01-28T16:35:04.471+0000] {logging_mixin.py:190} INFO - [2025-01-28T16:35:04.471+0000] {dag.py:3239} INFO - Sync 2 DAGs
[2025-01-28T16:35:04.494+0000] {logging_mixin.py:190} INFO - [2025-01-28T16:35:04.494+0000] {dag.py:4180} INFO - Setting next_dagrun for example_external_task_marker_child to None, run_after=None
[2025-01-28T16:35:04.502+0000] {logging_mixin.py:190} INFO - [2025-01-28T16:35:04.502+0000] {dag.py:4180} INFO - Setting next_dagrun for example_external_task_marker_parent to None, run_after=None
[2025-01-28T16:35:04.531+0000] {processor.py:208} INFO - Processing /home/airflow/.local/lib/python3.12/site-packages/airflow/example_dags/example_external_task_marker_dag.py took 0.129 seconds
[2025-01-28T16:35:35.785+0000] {processor.py:186} INFO - Started process (PID=367) to work on /home/airflow/.local/lib/python3.12/site-packages/airflow/example_dags/example_external_task_marker_dag.py
[2025-01-28T16:35:35.787+0000] {processor.py:914} INFO - Processing file /home/airflow/.local/lib/python3.12/site-packages/airflow/example_dags/example_external_task_marker_dag.py for tasks to queue
[2025-01-28T16:35:35.792+0000] {logging_mixin.py:190} INFO - [2025-01-28T16:35:35.791+0000] {dagbag.py:588} INFO - Filling up the DagBag from /home/airflow/.local/lib/python3.12/site-packages/airflow/example_dags/example_external_task_marker_dag.py
[2025-01-28T16:35:35.808+0000] {processor.py:925} INFO - DAG(s) 'example_external_task_marker_child', 'example_external_task_marker_parent' retrieved from /home/airflow/.local/lib/python3.12/site-packages/airflow/example_dags/example_external_task_marker_dag.py
[2025-01-28T16:35:35.848+0000] {logging_mixin.py:190} INFO - [2025-01-28T16:35:35.847+0000] {dag.py:3239} INFO - Sync 2 DAGs
[2025-01-28T16:35:35.872+0000] {logging_mixin.py:190} INFO - [2025-01-28T16:35:35.871+0000] {dag.py:4180} INFO - Setting next_dagrun for example_external_task_marker_child to None, run_after=None
[2025-01-28T16:35:35.878+0000] {logging_mixin.py:190} INFO - [2025-01-28T16:35:35.878+0000] {dag.py:4180} INFO - Setting next_dagrun for example_external_task_marker_parent to None, run_after=None
[2025-01-28T16:35:35.908+0000] {processor.py:208} INFO - Processing /home/airflow/.local/lib/python3.12/site-packages/airflow/example_dags/example_external_task_marker_dag.py took 0.137 seconds
[2025-01-28T16:36:06.375+0000] {processor.py:186} INFO - Started process (PID=429) to work on /home/airflow/.local/lib/python3.12/site-packages/airflow/example_dags/example_external_task_marker_dag.py
[2025-01-28T16:36:06.377+0000] {processor.py:914} INFO - Processing file /home/airflow/.local/lib/python3.12/site-packages/airflow/example_dags/example_external_task_marker_dag.py for tasks to queue
[2025-01-28T16:36:06.382+0000] {logging_mixin.py:190} INFO - [2025-01-28T16:36:06.381+0000] {dagbag.py:588} INFO - Filling up the DagBag from /home/airflow/.local/lib/python3.12/site-packages/airflow/example_dags/example_external_task_marker_dag.py
[2025-01-28T16:36:06.394+0000] {processor.py:925} INFO - DAG(s) 'example_external_task_marker_parent', 'example_external_task_marker_child' retrieved from /home/airflow/.local/lib/python3.12/site-packages/airflow/example_dags/example_external_task_marker_dag.py
[2025-01-28T16:36:06.433+0000] {logging_mixin.py:190} INFO - [2025-01-28T16:36:06.433+0000] {dag.py:3239} INFO - Sync 2 DAGs
[2025-01-28T16:36:06.457+0000] {logging_mixin.py:190} INFO - [2025-01-28T16:36:06.456+0000] {dag.py:4180} INFO - Setting next_dagrun for example_external_task_marker_child to None, run_after=None
[2025-01-28T16:36:06.463+0000] {logging_mixin.py:190} INFO - [2025-01-28T16:36:06.463+0000] {dag.py:4180} INFO - Setting next_dagrun for example_external_task_marker_parent to None, run_after=None
[2025-01-28T16:36:06.493+0000] {processor.py:208} INFO - Processing /home/airflow/.local/lib/python3.12/site-packages/airflow/example_dags/example_external_task_marker_dag.py took 0.126 seconds
