[2025-01-28T15:27:53.236+0000] {processor.py:186} INFO - Started process (PID=116) to work on /home/airflow/.local/lib/python3.12/site-packages/airflow/example_dags/example_sensor_decorator.py
[2025-01-28T15:27:53.237+0000] {processor.py:914} INFO - Processing file /home/airflow/.local/lib/python3.12/site-packages/airflow/example_dags/example_sensor_decorator.py for tasks to queue
[2025-01-28T15:27:53.240+0000] {logging_mixin.py:190} INFO - [2025-01-28T15:27:53.239+0000] {dagbag.py:588} INFO - Filling up the DagBag from /home/airflow/.local/lib/python3.12/site-packages/airflow/example_dags/example_sensor_decorator.py
[2025-01-28T15:27:53.252+0000] {processor.py:925} INFO - DAG(s) 'example_sensor_decorator' retrieved from /home/airflow/.local/lib/python3.12/site-packages/airflow/example_dags/example_sensor_decorator.py
[2025-01-28T15:27:53.380+0000] {logging_mixin.py:190} INFO - [2025-01-28T15:27:53.379+0000] {override.py:1911} INFO - Created Permission View: can delete on DAG:example_sensor_decorator
[2025-01-28T15:27:53.399+0000] {logging_mixin.py:190} INFO - [2025-01-28T15:27:53.399+0000] {override.py:1911} INFO - Created Permission View: can edit on DAG:example_sensor_decorator
[2025-01-28T15:27:53.417+0000] {logging_mixin.py:190} INFO - [2025-01-28T15:27:53.416+0000] {override.py:1911} INFO - Created Permission View: can read on DAG:example_sensor_decorator
[2025-01-28T15:27:53.435+0000] {logging_mixin.py:190} INFO - [2025-01-28T15:27:53.434+0000] {override.py:1911} INFO - Created Permission View: menu access on DAG Run:example_sensor_decorator
[2025-01-28T15:27:53.453+0000] {logging_mixin.py:190} INFO - [2025-01-28T15:27:53.452+0000] {override.py:1911} INFO - Created Permission View: can delete on DAG Run:example_sensor_decorator
[2025-01-28T15:27:53.469+0000] {logging_mixin.py:190} INFO - [2025-01-28T15:27:53.468+0000] {override.py:1911} INFO - Created Permission View: can create on DAG Run:example_sensor_decorator
[2025-01-28T15:27:53.486+0000] {logging_mixin.py:190} INFO - [2025-01-28T15:27:53.485+0000] {override.py:1911} INFO - Created Permission View: can read on DAG Run:example_sensor_decorator
[2025-01-28T15:27:53.487+0000] {logging_mixin.py:190} INFO - [2025-01-28T15:27:53.486+0000] {dag.py:3239} INFO - Sync 1 DAGs
[2025-01-28T15:27:53.507+0000] {logging_mixin.py:190} INFO - [2025-01-28T15:27:53.506+0000] {dag.py:3262} INFO - Creating ORM DAG for example_sensor_decorator
[2025-01-28T15:27:53.507+0000] {logging_mixin.py:190} INFO - [2025-01-28T15:27:53.507+0000] {dag.py:4180} INFO - Setting next_dagrun for example_sensor_decorator to None, run_after=None
[2025-01-28T15:27:53.537+0000] {processor.py:208} INFO - Processing /home/airflow/.local/lib/python3.12/site-packages/airflow/example_dags/example_sensor_decorator.py took 0.307 seconds
[2025-01-28T15:28:24.281+0000] {processor.py:186} INFO - Started process (PID=179) to work on /home/airflow/.local/lib/python3.12/site-packages/airflow/example_dags/example_sensor_decorator.py
[2025-01-28T15:28:24.284+0000] {processor.py:914} INFO - Processing file /home/airflow/.local/lib/python3.12/site-packages/airflow/example_dags/example_sensor_decorator.py for tasks to queue
[2025-01-28T15:28:24.288+0000] {logging_mixin.py:190} INFO - [2025-01-28T15:28:24.287+0000] {dagbag.py:588} INFO - Filling up the DagBag from /home/airflow/.local/lib/python3.12/site-packages/airflow/example_dags/example_sensor_decorator.py
[2025-01-28T15:28:24.299+0000] {processor.py:925} INFO - DAG(s) 'example_sensor_decorator' retrieved from /home/airflow/.local/lib/python3.12/site-packages/airflow/example_dags/example_sensor_decorator.py
[2025-01-28T15:28:24.330+0000] {logging_mixin.py:190} INFO - [2025-01-28T15:28:24.330+0000] {dag.py:3239} INFO - Sync 1 DAGs
[2025-01-28T15:28:24.352+0000] {logging_mixin.py:190} INFO - [2025-01-28T15:28:24.352+0000] {dag.py:4180} INFO - Setting next_dagrun for example_sensor_decorator to None, run_after=None
[2025-01-28T15:28:24.382+0000] {processor.py:208} INFO - Processing /home/airflow/.local/lib/python3.12/site-packages/airflow/example_dags/example_sensor_decorator.py took 0.115 seconds
[2025-01-28T15:28:55.371+0000] {processor.py:186} INFO - Started process (PID=242) to work on /home/airflow/.local/lib/python3.12/site-packages/airflow/example_dags/example_sensor_decorator.py
[2025-01-28T15:28:55.373+0000] {processor.py:914} INFO - Processing file /home/airflow/.local/lib/python3.12/site-packages/airflow/example_dags/example_sensor_decorator.py for tasks to queue
[2025-01-28T15:28:55.379+0000] {logging_mixin.py:190} INFO - [2025-01-28T15:28:55.378+0000] {dagbag.py:588} INFO - Filling up the DagBag from /home/airflow/.local/lib/python3.12/site-packages/airflow/example_dags/example_sensor_decorator.py
[2025-01-28T15:28:55.397+0000] {processor.py:925} INFO - DAG(s) 'example_sensor_decorator' retrieved from /home/airflow/.local/lib/python3.12/site-packages/airflow/example_dags/example_sensor_decorator.py
[2025-01-28T15:28:55.427+0000] {logging_mixin.py:190} INFO - [2025-01-28T15:28:55.426+0000] {dag.py:3239} INFO - Sync 1 DAGs
[2025-01-28T15:28:55.451+0000] {logging_mixin.py:190} INFO - [2025-01-28T15:28:55.451+0000] {dag.py:4180} INFO - Setting next_dagrun for example_sensor_decorator to None, run_after=None
[2025-01-28T15:28:55.490+0000] {processor.py:208} INFO - Processing /home/airflow/.local/lib/python3.12/site-packages/airflow/example_dags/example_sensor_decorator.py took 0.134 seconds
[2025-01-28T15:29:26.499+0000] {processor.py:186} INFO - Started process (PID=305) to work on /home/airflow/.local/lib/python3.12/site-packages/airflow/example_dags/example_sensor_decorator.py
[2025-01-28T15:29:26.501+0000] {processor.py:914} INFO - Processing file /home/airflow/.local/lib/python3.12/site-packages/airflow/example_dags/example_sensor_decorator.py for tasks to queue
[2025-01-28T15:29:26.506+0000] {logging_mixin.py:190} INFO - [2025-01-28T15:29:26.505+0000] {dagbag.py:588} INFO - Filling up the DagBag from /home/airflow/.local/lib/python3.12/site-packages/airflow/example_dags/example_sensor_decorator.py
[2025-01-28T15:29:26.519+0000] {processor.py:925} INFO - DAG(s) 'example_sensor_decorator' retrieved from /home/airflow/.local/lib/python3.12/site-packages/airflow/example_dags/example_sensor_decorator.py
[2025-01-28T15:29:26.548+0000] {logging_mixin.py:190} INFO - [2025-01-28T15:29:26.548+0000] {dag.py:3239} INFO - Sync 1 DAGs
[2025-01-28T15:29:26.568+0000] {logging_mixin.py:190} INFO - [2025-01-28T15:29:26.568+0000] {dag.py:4180} INFO - Setting next_dagrun for example_sensor_decorator to None, run_after=None
[2025-01-28T15:29:26.598+0000] {processor.py:208} INFO - Processing /home/airflow/.local/lib/python3.12/site-packages/airflow/example_dags/example_sensor_decorator.py took 0.107 seconds
[2025-01-28T15:29:58.029+0000] {processor.py:186} INFO - Started process (PID=368) to work on /home/airflow/.local/lib/python3.12/site-packages/airflow/example_dags/example_sensor_decorator.py
[2025-01-28T15:29:58.031+0000] {processor.py:914} INFO - Processing file /home/airflow/.local/lib/python3.12/site-packages/airflow/example_dags/example_sensor_decorator.py for tasks to queue
[2025-01-28T15:29:58.037+0000] {logging_mixin.py:190} INFO - [2025-01-28T15:29:58.036+0000] {dagbag.py:588} INFO - Filling up the DagBag from /home/airflow/.local/lib/python3.12/site-packages/airflow/example_dags/example_sensor_decorator.py
[2025-01-28T15:29:58.051+0000] {processor.py:925} INFO - DAG(s) 'example_sensor_decorator' retrieved from /home/airflow/.local/lib/python3.12/site-packages/airflow/example_dags/example_sensor_decorator.py
[2025-01-28T15:29:58.086+0000] {logging_mixin.py:190} INFO - [2025-01-28T15:29:58.086+0000] {dag.py:3239} INFO - Sync 1 DAGs
[2025-01-28T15:29:58.109+0000] {logging_mixin.py:190} INFO - [2025-01-28T15:29:58.109+0000] {dag.py:4180} INFO - Setting next_dagrun for example_sensor_decorator to None, run_after=None
[2025-01-28T15:29:58.141+0000] {processor.py:208} INFO - Processing /home/airflow/.local/lib/python3.12/site-packages/airflow/example_dags/example_sensor_decorator.py took 0.127 seconds
[2025-01-28T15:30:29.456+0000] {processor.py:186} INFO - Started process (PID=431) to work on /home/airflow/.local/lib/python3.12/site-packages/airflow/example_dags/example_sensor_decorator.py
[2025-01-28T15:30:29.459+0000] {processor.py:914} INFO - Processing file /home/airflow/.local/lib/python3.12/site-packages/airflow/example_dags/example_sensor_decorator.py for tasks to queue
[2025-01-28T15:30:29.463+0000] {logging_mixin.py:190} INFO - [2025-01-28T15:30:29.463+0000] {dagbag.py:588} INFO - Filling up the DagBag from /home/airflow/.local/lib/python3.12/site-packages/airflow/example_dags/example_sensor_decorator.py
[2025-01-28T15:30:29.476+0000] {processor.py:925} INFO - DAG(s) 'example_sensor_decorator' retrieved from /home/airflow/.local/lib/python3.12/site-packages/airflow/example_dags/example_sensor_decorator.py
[2025-01-28T15:30:29.511+0000] {logging_mixin.py:190} INFO - [2025-01-28T15:30:29.510+0000] {dag.py:3239} INFO - Sync 1 DAGs
[2025-01-28T15:30:29.534+0000] {logging_mixin.py:190} INFO - [2025-01-28T15:30:29.534+0000] {dag.py:4180} INFO - Setting next_dagrun for example_sensor_decorator to None, run_after=None
[2025-01-28T15:30:29.568+0000] {processor.py:208} INFO - Processing /home/airflow/.local/lib/python3.12/site-packages/airflow/example_dags/example_sensor_decorator.py took 0.126 seconds
[2025-01-28T15:31:00.739+0000] {processor.py:186} INFO - Started process (PID=494) to work on /home/airflow/.local/lib/python3.12/site-packages/airflow/example_dags/example_sensor_decorator.py
[2025-01-28T15:31:00.741+0000] {processor.py:914} INFO - Processing file /home/airflow/.local/lib/python3.12/site-packages/airflow/example_dags/example_sensor_decorator.py for tasks to queue
[2025-01-28T15:31:00.747+0000] {logging_mixin.py:190} INFO - [2025-01-28T15:31:00.746+0000] {dagbag.py:588} INFO - Filling up the DagBag from /home/airflow/.local/lib/python3.12/site-packages/airflow/example_dags/example_sensor_decorator.py
[2025-01-28T15:31:00.767+0000] {processor.py:925} INFO - DAG(s) 'example_sensor_decorator' retrieved from /home/airflow/.local/lib/python3.12/site-packages/airflow/example_dags/example_sensor_decorator.py
[2025-01-28T15:31:00.809+0000] {logging_mixin.py:190} INFO - [2025-01-28T15:31:00.809+0000] {dag.py:3239} INFO - Sync 1 DAGs
[2025-01-28T15:31:00.833+0000] {logging_mixin.py:190} INFO - [2025-01-28T15:31:00.832+0000] {dag.py:4180} INFO - Setting next_dagrun for example_sensor_decorator to None, run_after=None
[2025-01-28T15:31:00.867+0000] {processor.py:208} INFO - Processing /home/airflow/.local/lib/python3.12/site-packages/airflow/example_dags/example_sensor_decorator.py took 0.142 seconds
[2025-01-28T15:31:31.897+0000] {processor.py:186} INFO - Started process (PID=557) to work on /home/airflow/.local/lib/python3.12/site-packages/airflow/example_dags/example_sensor_decorator.py
[2025-01-28T15:31:31.900+0000] {processor.py:914} INFO - Processing file /home/airflow/.local/lib/python3.12/site-packages/airflow/example_dags/example_sensor_decorator.py for tasks to queue
[2025-01-28T15:31:31.906+0000] {logging_mixin.py:190} INFO - [2025-01-28T15:31:31.905+0000] {dagbag.py:588} INFO - Filling up the DagBag from /home/airflow/.local/lib/python3.12/site-packages/airflow/example_dags/example_sensor_decorator.py
[2025-01-28T15:31:31.920+0000] {processor.py:925} INFO - DAG(s) 'example_sensor_decorator' retrieved from /home/airflow/.local/lib/python3.12/site-packages/airflow/example_dags/example_sensor_decorator.py
[2025-01-28T15:31:31.960+0000] {logging_mixin.py:190} INFO - [2025-01-28T15:31:31.960+0000] {dag.py:3239} INFO - Sync 1 DAGs
[2025-01-28T15:31:31.988+0000] {logging_mixin.py:190} INFO - [2025-01-28T15:31:31.988+0000] {dag.py:4180} INFO - Setting next_dagrun for example_sensor_decorator to None, run_after=None
[2025-01-28T15:31:32.023+0000] {processor.py:208} INFO - Processing /home/airflow/.local/lib/python3.12/site-packages/airflow/example_dags/example_sensor_decorator.py took 0.143 seconds
[2025-01-28T16:33:29.050+0000] {processor.py:186} INFO - Started process (PID=111) to work on /home/airflow/.local/lib/python3.12/site-packages/airflow/example_dags/example_sensor_decorator.py
[2025-01-28T16:33:29.052+0000] {processor.py:914} INFO - Processing file /home/airflow/.local/lib/python3.12/site-packages/airflow/example_dags/example_sensor_decorator.py for tasks to queue
[2025-01-28T16:33:29.059+0000] {logging_mixin.py:190} INFO - [2025-01-28T16:33:29.057+0000] {dagbag.py:588} INFO - Filling up the DagBag from /home/airflow/.local/lib/python3.12/site-packages/airflow/example_dags/example_sensor_decorator.py
[2025-01-28T16:33:29.080+0000] {processor.py:925} INFO - DAG(s) 'example_sensor_decorator' retrieved from /home/airflow/.local/lib/python3.12/site-packages/airflow/example_dags/example_sensor_decorator.py
[2025-01-28T16:33:29.113+0000] {logging_mixin.py:190} INFO - [2025-01-28T16:33:29.113+0000] {dag.py:3239} INFO - Sync 1 DAGs
[2025-01-28T16:33:29.131+0000] {logging_mixin.py:190} INFO - [2025-01-28T16:33:29.130+0000] {dag.py:4180} INFO - Setting next_dagrun for example_sensor_decorator to None, run_after=None
[2025-01-28T16:33:29.159+0000] {processor.py:208} INFO - Processing /home/airflow/.local/lib/python3.12/site-packages/airflow/example_dags/example_sensor_decorator.py took 0.122 seconds
[2025-01-28T16:34:00.669+0000] {processor.py:186} INFO - Started process (PID=174) to work on /home/airflow/.local/lib/python3.12/site-packages/airflow/example_dags/example_sensor_decorator.py
[2025-01-28T16:34:00.671+0000] {processor.py:914} INFO - Processing file /home/airflow/.local/lib/python3.12/site-packages/airflow/example_dags/example_sensor_decorator.py for tasks to queue
[2025-01-28T16:34:00.677+0000] {logging_mixin.py:190} INFO - [2025-01-28T16:34:00.676+0000] {dagbag.py:588} INFO - Filling up the DagBag from /home/airflow/.local/lib/python3.12/site-packages/airflow/example_dags/example_sensor_decorator.py
[2025-01-28T16:34:00.694+0000] {processor.py:925} INFO - DAG(s) 'example_sensor_decorator' retrieved from /home/airflow/.local/lib/python3.12/site-packages/airflow/example_dags/example_sensor_decorator.py
[2025-01-28T16:34:00.730+0000] {logging_mixin.py:190} INFO - [2025-01-28T16:34:00.729+0000] {dag.py:3239} INFO - Sync 1 DAGs
[2025-01-28T16:34:00.752+0000] {logging_mixin.py:190} INFO - [2025-01-28T16:34:00.752+0000] {dag.py:4180} INFO - Setting next_dagrun for example_sensor_decorator to None, run_after=None
[2025-01-28T16:34:00.786+0000] {processor.py:208} INFO - Processing /home/airflow/.local/lib/python3.12/site-packages/airflow/example_dags/example_sensor_decorator.py took 0.132 seconds
[2025-01-28T16:34:32.025+0000] {processor.py:186} INFO - Started process (PID=237) to work on /home/airflow/.local/lib/python3.12/site-packages/airflow/example_dags/example_sensor_decorator.py
[2025-01-28T16:34:32.026+0000] {processor.py:914} INFO - Processing file /home/airflow/.local/lib/python3.12/site-packages/airflow/example_dags/example_sensor_decorator.py for tasks to queue
[2025-01-28T16:34:32.030+0000] {logging_mixin.py:190} INFO - [2025-01-28T16:34:32.029+0000] {dagbag.py:588} INFO - Filling up the DagBag from /home/airflow/.local/lib/python3.12/site-packages/airflow/example_dags/example_sensor_decorator.py
[2025-01-28T16:34:32.043+0000] {processor.py:925} INFO - DAG(s) 'example_sensor_decorator' retrieved from /home/airflow/.local/lib/python3.12/site-packages/airflow/example_dags/example_sensor_decorator.py
[2025-01-28T16:34:32.076+0000] {logging_mixin.py:190} INFO - [2025-01-28T16:34:32.075+0000] {dag.py:3239} INFO - Sync 1 DAGs
[2025-01-28T16:34:32.099+0000] {logging_mixin.py:190} INFO - [2025-01-28T16:34:32.098+0000] {dag.py:4180} INFO - Setting next_dagrun for example_sensor_decorator to None, run_after=None
[2025-01-28T16:34:32.134+0000] {processor.py:208} INFO - Processing /home/airflow/.local/lib/python3.12/site-packages/airflow/example_dags/example_sensor_decorator.py took 0.119 seconds
[2025-01-28T16:35:03.660+0000] {processor.py:186} INFO - Started process (PID=300) to work on /home/airflow/.local/lib/python3.12/site-packages/airflow/example_dags/example_sensor_decorator.py
[2025-01-28T16:35:03.662+0000] {processor.py:914} INFO - Processing file /home/airflow/.local/lib/python3.12/site-packages/airflow/example_dags/example_sensor_decorator.py for tasks to queue
[2025-01-28T16:35:03.669+0000] {logging_mixin.py:190} INFO - [2025-01-28T16:35:03.668+0000] {dagbag.py:588} INFO - Filling up the DagBag from /home/airflow/.local/lib/python3.12/site-packages/airflow/example_dags/example_sensor_decorator.py
[2025-01-28T16:35:03.690+0000] {processor.py:925} INFO - DAG(s) 'example_sensor_decorator' retrieved from /home/airflow/.local/lib/python3.12/site-packages/airflow/example_dags/example_sensor_decorator.py
[2025-01-28T16:35:03.730+0000] {logging_mixin.py:190} INFO - [2025-01-28T16:35:03.730+0000] {dag.py:3239} INFO - Sync 1 DAGs
[2025-01-28T16:35:03.753+0000] {logging_mixin.py:190} INFO - [2025-01-28T16:35:03.753+0000] {dag.py:4180} INFO - Setting next_dagrun for example_sensor_decorator to None, run_after=None
[2025-01-28T16:35:03.789+0000] {processor.py:208} INFO - Processing /home/airflow/.local/lib/python3.12/site-packages/airflow/example_dags/example_sensor_decorator.py took 0.143 seconds
[2025-01-28T16:35:35.031+0000] {processor.py:186} INFO - Started process (PID=362) to work on /home/airflow/.local/lib/python3.12/site-packages/airflow/example_dags/example_sensor_decorator.py
[2025-01-28T16:35:35.034+0000] {processor.py:914} INFO - Processing file /home/airflow/.local/lib/python3.12/site-packages/airflow/example_dags/example_sensor_decorator.py for tasks to queue
[2025-01-28T16:35:35.038+0000] {logging_mixin.py:190} INFO - [2025-01-28T16:35:35.037+0000] {dagbag.py:588} INFO - Filling up the DagBag from /home/airflow/.local/lib/python3.12/site-packages/airflow/example_dags/example_sensor_decorator.py
[2025-01-28T16:35:35.053+0000] {processor.py:925} INFO - DAG(s) 'example_sensor_decorator' retrieved from /home/airflow/.local/lib/python3.12/site-packages/airflow/example_dags/example_sensor_decorator.py
[2025-01-28T16:35:35.097+0000] {logging_mixin.py:190} INFO - [2025-01-28T16:35:35.096+0000] {dag.py:3239} INFO - Sync 1 DAGs
[2025-01-28T16:35:35.122+0000] {logging_mixin.py:190} INFO - [2025-01-28T16:35:35.122+0000] {dag.py:4180} INFO - Setting next_dagrun for example_sensor_decorator to None, run_after=None
[2025-01-28T16:35:35.155+0000] {processor.py:208} INFO - Processing /home/airflow/.local/lib/python3.12/site-packages/airflow/example_dags/example_sensor_decorator.py took 0.146 seconds
[2025-01-28T16:36:05.421+0000] {processor.py:186} INFO - Started process (PID=424) to work on /home/airflow/.local/lib/python3.12/site-packages/airflow/example_dags/example_sensor_decorator.py
[2025-01-28T16:36:05.423+0000] {processor.py:914} INFO - Processing file /home/airflow/.local/lib/python3.12/site-packages/airflow/example_dags/example_sensor_decorator.py for tasks to queue
[2025-01-28T16:36:05.430+0000] {logging_mixin.py:190} INFO - [2025-01-28T16:36:05.429+0000] {dagbag.py:588} INFO - Filling up the DagBag from /home/airflow/.local/lib/python3.12/site-packages/airflow/example_dags/example_sensor_decorator.py
[2025-01-28T16:36:05.446+0000] {processor.py:925} INFO - DAG(s) 'example_sensor_decorator' retrieved from /home/airflow/.local/lib/python3.12/site-packages/airflow/example_dags/example_sensor_decorator.py
[2025-01-28T16:36:05.480+0000] {logging_mixin.py:190} INFO - [2025-01-28T16:36:05.480+0000] {dag.py:3239} INFO - Sync 1 DAGs
[2025-01-28T16:36:05.502+0000] {logging_mixin.py:190} INFO - [2025-01-28T16:36:05.502+0000] {dag.py:4180} INFO - Setting next_dagrun for example_sensor_decorator to None, run_after=None
[2025-01-28T16:36:05.540+0000] {processor.py:208} INFO - Processing /home/airflow/.local/lib/python3.12/site-packages/airflow/example_dags/example_sensor_decorator.py took 0.133 seconds
