[2025-01-28T15:27:47.130+0000] {processor.py:186} INFO - Started process (PID=94) to work on /home/airflow/.local/lib/python3.12/site-packages/airflow/example_dags/example_task_group.py
[2025-01-28T15:27:47.132+0000] {processor.py:914} INFO - Processing file /home/airflow/.local/lib/python3.12/site-packages/airflow/example_dags/example_task_group.py for tasks to queue
[2025-01-28T15:27:47.137+0000] {logging_mixin.py:190} INFO - [2025-01-28T15:27:47.136+0000] {dagbag.py:588} INFO - Filling up the DagBag from /home/airflow/.local/lib/python3.12/site-packages/airflow/example_dags/example_task_group.py
[2025-01-28T15:27:47.157+0000] {processor.py:925} INFO - DAG(s) 'example_task_group' retrieved from /home/airflow/.local/lib/python3.12/site-packages/airflow/example_dags/example_task_group.py
[2025-01-28T15:27:47.294+0000] {logging_mixin.py:190} INFO - [2025-01-28T15:27:47.293+0000] {override.py:1911} INFO - Created Permission View: can delete on DAG:example_task_group
[2025-01-28T15:27:47.314+0000] {logging_mixin.py:190} INFO - [2025-01-28T15:27:47.313+0000] {override.py:1911} INFO - Created Permission View: can edit on DAG:example_task_group
[2025-01-28T15:27:47.327+0000] {logging_mixin.py:190} INFO - [2025-01-28T15:27:47.326+0000] {override.py:1911} INFO - Created Permission View: can read on DAG:example_task_group
[2025-01-28T15:27:47.342+0000] {logging_mixin.py:190} INFO - [2025-01-28T15:27:47.341+0000] {override.py:1911} INFO - Created Permission View: menu access on DAG Run:example_task_group
[2025-01-28T15:27:47.355+0000] {logging_mixin.py:190} INFO - [2025-01-28T15:27:47.355+0000] {override.py:1911} INFO - Created Permission View: can delete on DAG Run:example_task_group
[2025-01-28T15:27:47.368+0000] {logging_mixin.py:190} INFO - [2025-01-28T15:27:47.367+0000] {override.py:1911} INFO - Created Permission View: can create on DAG Run:example_task_group
[2025-01-28T15:27:47.383+0000] {logging_mixin.py:190} INFO - [2025-01-28T15:27:47.383+0000] {override.py:1911} INFO - Created Permission View: can read on DAG Run:example_task_group
[2025-01-28T15:27:47.385+0000] {logging_mixin.py:190} INFO - [2025-01-28T15:27:47.384+0000] {dag.py:3239} INFO - Sync 1 DAGs
[2025-01-28T15:27:47.403+0000] {logging_mixin.py:190} INFO - [2025-01-28T15:27:47.402+0000] {dag.py:3262} INFO - Creating ORM DAG for example_task_group
[2025-01-28T15:27:47.404+0000] {logging_mixin.py:190} INFO - [2025-01-28T15:27:47.404+0000] {dag.py:4180} INFO - Setting next_dagrun for example_task_group to None, run_after=None
[2025-01-28T15:27:47.430+0000] {processor.py:208} INFO - Processing /home/airflow/.local/lib/python3.12/site-packages/airflow/example_dags/example_task_group.py took 0.312 seconds
[2025-01-28T15:28:17.540+0000] {processor.py:186} INFO - Started process (PID=156) to work on /home/airflow/.local/lib/python3.12/site-packages/airflow/example_dags/example_task_group.py
[2025-01-28T15:28:17.542+0000] {processor.py:914} INFO - Processing file /home/airflow/.local/lib/python3.12/site-packages/airflow/example_dags/example_task_group.py for tasks to queue
[2025-01-28T15:28:17.547+0000] {logging_mixin.py:190} INFO - [2025-01-28T15:28:17.547+0000] {dagbag.py:588} INFO - Filling up the DagBag from /home/airflow/.local/lib/python3.12/site-packages/airflow/example_dags/example_task_group.py
[2025-01-28T15:28:17.562+0000] {processor.py:925} INFO - DAG(s) 'example_task_group' retrieved from /home/airflow/.local/lib/python3.12/site-packages/airflow/example_dags/example_task_group.py
[2025-01-28T15:28:17.605+0000] {logging_mixin.py:190} INFO - [2025-01-28T15:28:17.604+0000] {dag.py:3239} INFO - Sync 1 DAGs
[2025-01-28T15:28:17.633+0000] {logging_mixin.py:190} INFO - [2025-01-28T15:28:17.632+0000] {dag.py:4180} INFO - Setting next_dagrun for example_task_group to None, run_after=None
[2025-01-28T15:28:17.684+0000] {processor.py:208} INFO - Processing /home/airflow/.local/lib/python3.12/site-packages/airflow/example_dags/example_task_group.py took 0.154 seconds
[2025-01-28T15:28:48.282+0000] {processor.py:186} INFO - Started process (PID=219) to work on /home/airflow/.local/lib/python3.12/site-packages/airflow/example_dags/example_task_group.py
[2025-01-28T15:28:48.285+0000] {processor.py:914} INFO - Processing file /home/airflow/.local/lib/python3.12/site-packages/airflow/example_dags/example_task_group.py for tasks to queue
[2025-01-28T15:28:48.291+0000] {logging_mixin.py:190} INFO - [2025-01-28T15:28:48.290+0000] {dagbag.py:588} INFO - Filling up the DagBag from /home/airflow/.local/lib/python3.12/site-packages/airflow/example_dags/example_task_group.py
[2025-01-28T15:28:48.307+0000] {processor.py:925} INFO - DAG(s) 'example_task_group' retrieved from /home/airflow/.local/lib/python3.12/site-packages/airflow/example_dags/example_task_group.py
[2025-01-28T15:28:48.351+0000] {logging_mixin.py:190} INFO - [2025-01-28T15:28:48.351+0000] {dag.py:3239} INFO - Sync 1 DAGs
[2025-01-28T15:28:48.378+0000] {logging_mixin.py:190} INFO - [2025-01-28T15:28:48.378+0000] {dag.py:4180} INFO - Setting next_dagrun for example_task_group to None, run_after=None
[2025-01-28T15:28:48.424+0000] {processor.py:208} INFO - Processing /home/airflow/.local/lib/python3.12/site-packages/airflow/example_dags/example_task_group.py took 0.158 seconds
[2025-01-28T15:29:18.767+0000] {processor.py:186} INFO - Started process (PID=282) to work on /home/airflow/.local/lib/python3.12/site-packages/airflow/example_dags/example_task_group.py
[2025-01-28T15:29:18.770+0000] {processor.py:914} INFO - Processing file /home/airflow/.local/lib/python3.12/site-packages/airflow/example_dags/example_task_group.py for tasks to queue
[2025-01-28T15:29:18.775+0000] {logging_mixin.py:190} INFO - [2025-01-28T15:29:18.774+0000] {dagbag.py:588} INFO - Filling up the DagBag from /home/airflow/.local/lib/python3.12/site-packages/airflow/example_dags/example_task_group.py
[2025-01-28T15:29:18.790+0000] {processor.py:925} INFO - DAG(s) 'example_task_group' retrieved from /home/airflow/.local/lib/python3.12/site-packages/airflow/example_dags/example_task_group.py
[2025-01-28T15:29:18.830+0000] {logging_mixin.py:190} INFO - [2025-01-28T15:29:18.830+0000] {dag.py:3239} INFO - Sync 1 DAGs
[2025-01-28T15:29:18.856+0000] {logging_mixin.py:190} INFO - [2025-01-28T15:29:18.855+0000] {dag.py:4180} INFO - Setting next_dagrun for example_task_group to None, run_after=None
[2025-01-28T15:29:18.893+0000] {processor.py:208} INFO - Processing /home/airflow/.local/lib/python3.12/site-packages/airflow/example_dags/example_task_group.py took 0.140 seconds
[2025-01-28T15:29:49.249+0000] {processor.py:186} INFO - Started process (PID=345) to work on /home/airflow/.local/lib/python3.12/site-packages/airflow/example_dags/example_task_group.py
[2025-01-28T15:29:49.251+0000] {processor.py:914} INFO - Processing file /home/airflow/.local/lib/python3.12/site-packages/airflow/example_dags/example_task_group.py for tasks to queue
[2025-01-28T15:29:49.258+0000] {logging_mixin.py:190} INFO - [2025-01-28T15:29:49.256+0000] {dagbag.py:588} INFO - Filling up the DagBag from /home/airflow/.local/lib/python3.12/site-packages/airflow/example_dags/example_task_group.py
[2025-01-28T15:29:49.276+0000] {processor.py:925} INFO - DAG(s) 'example_task_group' retrieved from /home/airflow/.local/lib/python3.12/site-packages/airflow/example_dags/example_task_group.py
[2025-01-28T15:29:49.315+0000] {logging_mixin.py:190} INFO - [2025-01-28T15:29:49.314+0000] {dag.py:3239} INFO - Sync 1 DAGs
[2025-01-28T15:29:49.337+0000] {logging_mixin.py:190} INFO - [2025-01-28T15:29:49.337+0000] {dag.py:4180} INFO - Setting next_dagrun for example_task_group to None, run_after=None
[2025-01-28T15:29:49.371+0000] {processor.py:208} INFO - Processing /home/airflow/.local/lib/python3.12/site-packages/airflow/example_dags/example_task_group.py took 0.139 seconds
[2025-01-28T15:30:19.706+0000] {processor.py:186} INFO - Started process (PID=408) to work on /home/airflow/.local/lib/python3.12/site-packages/airflow/example_dags/example_task_group.py
[2025-01-28T15:30:19.708+0000] {processor.py:914} INFO - Processing file /home/airflow/.local/lib/python3.12/site-packages/airflow/example_dags/example_task_group.py for tasks to queue
[2025-01-28T15:30:19.713+0000] {logging_mixin.py:190} INFO - [2025-01-28T15:30:19.713+0000] {dagbag.py:588} INFO - Filling up the DagBag from /home/airflow/.local/lib/python3.12/site-packages/airflow/example_dags/example_task_group.py
[2025-01-28T15:30:19.729+0000] {processor.py:925} INFO - DAG(s) 'example_task_group' retrieved from /home/airflow/.local/lib/python3.12/site-packages/airflow/example_dags/example_task_group.py
[2025-01-28T15:30:19.778+0000] {logging_mixin.py:190} INFO - [2025-01-28T15:30:19.777+0000] {dag.py:3239} INFO - Sync 1 DAGs
[2025-01-28T15:30:19.805+0000] {logging_mixin.py:190} INFO - [2025-01-28T15:30:19.805+0000] {dag.py:4180} INFO - Setting next_dagrun for example_task_group to None, run_after=None
[2025-01-28T15:30:19.845+0000] {processor.py:208} INFO - Processing /home/airflow/.local/lib/python3.12/site-packages/airflow/example_dags/example_task_group.py took 0.148 seconds
[2025-01-28T15:30:50.162+0000] {processor.py:186} INFO - Started process (PID=471) to work on /home/airflow/.local/lib/python3.12/site-packages/airflow/example_dags/example_task_group.py
[2025-01-28T15:30:50.164+0000] {processor.py:914} INFO - Processing file /home/airflow/.local/lib/python3.12/site-packages/airflow/example_dags/example_task_group.py for tasks to queue
[2025-01-28T15:30:50.170+0000] {logging_mixin.py:190} INFO - [2025-01-28T15:30:50.169+0000] {dagbag.py:588} INFO - Filling up the DagBag from /home/airflow/.local/lib/python3.12/site-packages/airflow/example_dags/example_task_group.py
[2025-01-28T15:30:50.186+0000] {processor.py:925} INFO - DAG(s) 'example_task_group' retrieved from /home/airflow/.local/lib/python3.12/site-packages/airflow/example_dags/example_task_group.py
[2025-01-28T15:30:50.229+0000] {logging_mixin.py:190} INFO - [2025-01-28T15:30:50.228+0000] {dag.py:3239} INFO - Sync 1 DAGs
[2025-01-28T15:30:50.257+0000] {logging_mixin.py:190} INFO - [2025-01-28T15:30:50.256+0000] {dag.py:4180} INFO - Setting next_dagrun for example_task_group to None, run_after=None
[2025-01-28T15:30:50.307+0000] {processor.py:208} INFO - Processing /home/airflow/.local/lib/python3.12/site-packages/airflow/example_dags/example_task_group.py took 0.160 seconds
[2025-01-28T15:31:20.418+0000] {processor.py:186} INFO - Started process (PID=534) to work on /home/airflow/.local/lib/python3.12/site-packages/airflow/example_dags/example_task_group.py
[2025-01-28T15:31:20.420+0000] {processor.py:914} INFO - Processing file /home/airflow/.local/lib/python3.12/site-packages/airflow/example_dags/example_task_group.py for tasks to queue
[2025-01-28T15:31:20.425+0000] {logging_mixin.py:190} INFO - [2025-01-28T15:31:20.425+0000] {dagbag.py:588} INFO - Filling up the DagBag from /home/airflow/.local/lib/python3.12/site-packages/airflow/example_dags/example_task_group.py
[2025-01-28T15:31:20.441+0000] {processor.py:925} INFO - DAG(s) 'example_task_group' retrieved from /home/airflow/.local/lib/python3.12/site-packages/airflow/example_dags/example_task_group.py
[2025-01-28T15:31:20.480+0000] {logging_mixin.py:190} INFO - [2025-01-28T15:31:20.480+0000] {dag.py:3239} INFO - Sync 1 DAGs
[2025-01-28T15:31:20.506+0000] {logging_mixin.py:190} INFO - [2025-01-28T15:31:20.506+0000] {dag.py:4180} INFO - Setting next_dagrun for example_task_group to None, run_after=None
[2025-01-28T15:31:20.552+0000] {processor.py:208} INFO - Processing /home/airflow/.local/lib/python3.12/site-packages/airflow/example_dags/example_task_group.py took 0.143 seconds
[2025-01-28T15:31:50.793+0000] {processor.py:186} INFO - Started process (PID=597) to work on /home/airflow/.local/lib/python3.12/site-packages/airflow/example_dags/example_task_group.py
[2025-01-28T15:31:50.794+0000] {processor.py:914} INFO - Processing file /home/airflow/.local/lib/python3.12/site-packages/airflow/example_dags/example_task_group.py for tasks to queue
[2025-01-28T15:31:50.799+0000] {logging_mixin.py:190} INFO - [2025-01-28T15:31:50.798+0000] {dagbag.py:588} INFO - Filling up the DagBag from /home/airflow/.local/lib/python3.12/site-packages/airflow/example_dags/example_task_group.py
[2025-01-28T15:31:50.814+0000] {processor.py:925} INFO - DAG(s) 'example_task_group' retrieved from /home/airflow/.local/lib/python3.12/site-packages/airflow/example_dags/example_task_group.py
[2025-01-28T15:31:50.852+0000] {logging_mixin.py:190} INFO - [2025-01-28T15:31:50.852+0000] {dag.py:3239} INFO - Sync 1 DAGs
[2025-01-28T15:31:50.875+0000] {logging_mixin.py:190} INFO - [2025-01-28T15:31:50.875+0000] {dag.py:4180} INFO - Setting next_dagrun for example_task_group to None, run_after=None
[2025-01-28T15:31:50.909+0000] {processor.py:208} INFO - Processing /home/airflow/.local/lib/python3.12/site-packages/airflow/example_dags/example_task_group.py took 0.127 seconds
[2025-01-28T16:33:24.887+0000] {processor.py:186} INFO - Started process (PID=83) to work on /home/airflow/.local/lib/python3.12/site-packages/airflow/example_dags/example_task_group.py
[2025-01-28T16:33:24.889+0000] {processor.py:914} INFO - Processing file /home/airflow/.local/lib/python3.12/site-packages/airflow/example_dags/example_task_group.py for tasks to queue
[2025-01-28T16:33:24.893+0000] {logging_mixin.py:190} INFO - [2025-01-28T16:33:24.892+0000] {dagbag.py:588} INFO - Filling up the DagBag from /home/airflow/.local/lib/python3.12/site-packages/airflow/example_dags/example_task_group.py
[2025-01-28T16:33:24.914+0000] {processor.py:925} INFO - DAG(s) 'example_task_group' retrieved from /home/airflow/.local/lib/python3.12/site-packages/airflow/example_dags/example_task_group.py
[2025-01-28T16:33:24.973+0000] {logging_mixin.py:190} INFO - [2025-01-28T16:33:24.972+0000] {dag.py:3239} INFO - Sync 1 DAGs
[2025-01-28T16:33:25.000+0000] {logging_mixin.py:190} INFO - [2025-01-28T16:33:24.999+0000] {dag.py:4180} INFO - Setting next_dagrun for example_task_group to None, run_after=None
[2025-01-28T16:33:25.060+0000] {processor.py:208} INFO - Processing /home/airflow/.local/lib/python3.12/site-packages/airflow/example_dags/example_task_group.py took 0.183 seconds
[2025-01-28T16:33:55.993+0000] {processor.py:186} INFO - Started process (PID=152) to work on /home/airflow/.local/lib/python3.12/site-packages/airflow/example_dags/example_task_group.py
[2025-01-28T16:33:55.994+0000] {processor.py:914} INFO - Processing file /home/airflow/.local/lib/python3.12/site-packages/airflow/example_dags/example_task_group.py for tasks to queue
[2025-01-28T16:33:55.998+0000] {logging_mixin.py:190} INFO - [2025-01-28T16:33:55.997+0000] {dagbag.py:588} INFO - Filling up the DagBag from /home/airflow/.local/lib/python3.12/site-packages/airflow/example_dags/example_task_group.py
[2025-01-28T16:33:56.011+0000] {processor.py:925} INFO - DAG(s) 'example_task_group' retrieved from /home/airflow/.local/lib/python3.12/site-packages/airflow/example_dags/example_task_group.py
[2025-01-28T16:33:56.046+0000] {logging_mixin.py:190} INFO - [2025-01-28T16:33:56.046+0000] {dag.py:3239} INFO - Sync 1 DAGs
[2025-01-28T16:33:56.066+0000] {logging_mixin.py:190} INFO - [2025-01-28T16:33:56.065+0000] {dag.py:4180} INFO - Setting next_dagrun for example_task_group to None, run_after=None
[2025-01-28T16:33:56.098+0000] {processor.py:208} INFO - Processing /home/airflow/.local/lib/python3.12/site-packages/airflow/example_dags/example_task_group.py took 0.115 seconds
[2025-01-28T16:34:26.179+0000] {processor.py:186} INFO - Started process (PID=214) to work on /home/airflow/.local/lib/python3.12/site-packages/airflow/example_dags/example_task_group.py
[2025-01-28T16:34:26.181+0000] {processor.py:914} INFO - Processing file /home/airflow/.local/lib/python3.12/site-packages/airflow/example_dags/example_task_group.py for tasks to queue
[2025-01-28T16:34:26.185+0000] {logging_mixin.py:190} INFO - [2025-01-28T16:34:26.185+0000] {dagbag.py:588} INFO - Filling up the DagBag from /home/airflow/.local/lib/python3.12/site-packages/airflow/example_dags/example_task_group.py
[2025-01-28T16:34:26.202+0000] {processor.py:925} INFO - DAG(s) 'example_task_group' retrieved from /home/airflow/.local/lib/python3.12/site-packages/airflow/example_dags/example_task_group.py
[2025-01-28T16:34:26.250+0000] {logging_mixin.py:190} INFO - [2025-01-28T16:34:26.249+0000] {dag.py:3239} INFO - Sync 1 DAGs
[2025-01-28T16:34:26.281+0000] {logging_mixin.py:190} INFO - [2025-01-28T16:34:26.281+0000] {dag.py:4180} INFO - Setting next_dagrun for example_task_group to None, run_after=None
[2025-01-28T16:34:26.320+0000] {processor.py:208} INFO - Processing /home/airflow/.local/lib/python3.12/site-packages/airflow/example_dags/example_task_group.py took 0.159 seconds
[2025-01-28T16:34:56.629+0000] {processor.py:186} INFO - Started process (PID=277) to work on /home/airflow/.local/lib/python3.12/site-packages/airflow/example_dags/example_task_group.py
[2025-01-28T16:34:56.632+0000] {processor.py:914} INFO - Processing file /home/airflow/.local/lib/python3.12/site-packages/airflow/example_dags/example_task_group.py for tasks to queue
[2025-01-28T16:34:56.639+0000] {logging_mixin.py:190} INFO - [2025-01-28T16:34:56.638+0000] {dagbag.py:588} INFO - Filling up the DagBag from /home/airflow/.local/lib/python3.12/site-packages/airflow/example_dags/example_task_group.py
[2025-01-28T16:34:56.662+0000] {processor.py:925} INFO - DAG(s) 'example_task_group' retrieved from /home/airflow/.local/lib/python3.12/site-packages/airflow/example_dags/example_task_group.py
[2025-01-28T16:34:56.708+0000] {logging_mixin.py:190} INFO - [2025-01-28T16:34:56.708+0000] {dag.py:3239} INFO - Sync 1 DAGs
[2025-01-28T16:34:56.732+0000] {logging_mixin.py:190} INFO - [2025-01-28T16:34:56.731+0000] {dag.py:4180} INFO - Setting next_dagrun for example_task_group to None, run_after=None
[2025-01-28T16:34:56.768+0000] {processor.py:208} INFO - Processing /home/airflow/.local/lib/python3.12/site-packages/airflow/example_dags/example_task_group.py took 0.156 seconds
[2025-01-28T16:35:27.055+0000] {processor.py:186} INFO - Started process (PID=340) to work on /home/airflow/.local/lib/python3.12/site-packages/airflow/example_dags/example_task_group.py
[2025-01-28T16:35:27.057+0000] {processor.py:914} INFO - Processing file /home/airflow/.local/lib/python3.12/site-packages/airflow/example_dags/example_task_group.py for tasks to queue
[2025-01-28T16:35:27.064+0000] {logging_mixin.py:190} INFO - [2025-01-28T16:35:27.063+0000] {dagbag.py:588} INFO - Filling up the DagBag from /home/airflow/.local/lib/python3.12/site-packages/airflow/example_dags/example_task_group.py
[2025-01-28T16:35:27.078+0000] {processor.py:925} INFO - DAG(s) 'example_task_group' retrieved from /home/airflow/.local/lib/python3.12/site-packages/airflow/example_dags/example_task_group.py
[2025-01-28T16:35:27.132+0000] {logging_mixin.py:190} INFO - [2025-01-28T16:35:27.131+0000] {dag.py:3239} INFO - Sync 1 DAGs
[2025-01-28T16:35:27.156+0000] {logging_mixin.py:190} INFO - [2025-01-28T16:35:27.156+0000] {dag.py:4180} INFO - Setting next_dagrun for example_task_group to None, run_after=None
[2025-01-28T16:35:27.200+0000] {processor.py:208} INFO - Processing /home/airflow/.local/lib/python3.12/site-packages/airflow/example_dags/example_task_group.py took 0.160 seconds
[2025-01-28T16:35:57.620+0000] {processor.py:186} INFO - Started process (PID=403) to work on /home/airflow/.local/lib/python3.12/site-packages/airflow/example_dags/example_task_group.py
[2025-01-28T16:35:57.622+0000] {processor.py:914} INFO - Processing file /home/airflow/.local/lib/python3.12/site-packages/airflow/example_dags/example_task_group.py for tasks to queue
[2025-01-28T16:35:57.626+0000] {logging_mixin.py:190} INFO - [2025-01-28T16:35:57.626+0000] {dagbag.py:588} INFO - Filling up the DagBag from /home/airflow/.local/lib/python3.12/site-packages/airflow/example_dags/example_task_group.py
[2025-01-28T16:35:57.644+0000] {processor.py:925} INFO - DAG(s) 'example_task_group' retrieved from /home/airflow/.local/lib/python3.12/site-packages/airflow/example_dags/example_task_group.py
[2025-01-28T16:35:57.682+0000] {logging_mixin.py:190} INFO - [2025-01-28T16:35:57.681+0000] {dag.py:3239} INFO - Sync 1 DAGs
[2025-01-28T16:35:57.703+0000] {logging_mixin.py:190} INFO - [2025-01-28T16:35:57.703+0000] {dag.py:4180} INFO - Setting next_dagrun for example_task_group to None, run_after=None
[2025-01-28T16:35:57.738+0000] {processor.py:208} INFO - Processing /home/airflow/.local/lib/python3.12/site-packages/airflow/example_dags/example_task_group.py took 0.131 seconds
