[2025-01-28T15:27:51.367+0000] {processor.py:186} INFO - Started process (PID=111) to work on /home/airflow/.local/lib/python3.12/site-packages/airflow/example_dags/example_inlet_event_extra.py
[2025-01-28T15:27:51.370+0000] {processor.py:914} INFO - Processing file /home/airflow/.local/lib/python3.12/site-packages/airflow/example_dags/example_inlet_event_extra.py for tasks to queue
[2025-01-28T15:27:51.375+0000] {logging_mixin.py:190} INFO - [2025-01-28T15:27:51.374+0000] {dagbag.py:588} INFO - Filling up the DagBag from /home/airflow/.local/lib/python3.12/site-packages/airflow/example_dags/example_inlet_event_extra.py
[2025-01-28T15:27:51.976+0000] {processor.py:925} INFO - DAG(s) 'read_dataset_event_from_classic', 'read_dataset_event' retrieved from /home/airflow/.local/lib/python3.12/site-packages/airflow/example_dags/example_inlet_event_extra.py
[2025-01-28T15:27:52.099+0000] {logging_mixin.py:190} INFO - [2025-01-28T15:27:52.098+0000] {override.py:1911} INFO - Created Permission View: can delete on DAG:read_dataset_event_from_classic
[2025-01-28T15:27:52.116+0000] {logging_mixin.py:190} INFO - [2025-01-28T15:27:52.115+0000] {override.py:1911} INFO - Created Permission View: can edit on DAG:read_dataset_event_from_classic
[2025-01-28T15:27:52.150+0000] {logging_mixin.py:190} INFO - [2025-01-28T15:27:52.149+0000] {override.py:1911} INFO - Created Permission View: can read on DAG:read_dataset_event_from_classic
[2025-01-28T15:27:52.200+0000] {logging_mixin.py:190} INFO - [2025-01-28T15:27:52.200+0000] {override.py:1911} INFO - Created Permission View: menu access on DAG Run:read_dataset_event_from_classic
[2025-01-28T15:27:52.246+0000] {logging_mixin.py:190} INFO - [2025-01-28T15:27:52.246+0000] {override.py:1911} INFO - Created Permission View: can delete on DAG Run:read_dataset_event_from_classic
[2025-01-28T15:27:52.269+0000] {logging_mixin.py:190} INFO - [2025-01-28T15:27:52.268+0000] {override.py:1911} INFO - Created Permission View: can create on DAG Run:read_dataset_event_from_classic
[2025-01-28T15:27:52.290+0000] {logging_mixin.py:190} INFO - [2025-01-28T15:27:52.289+0000] {override.py:1911} INFO - Created Permission View: can read on DAG Run:read_dataset_event_from_classic
[2025-01-28T15:27:52.320+0000] {logging_mixin.py:190} INFO - [2025-01-28T15:27:52.319+0000] {override.py:1911} INFO - Created Permission View: can delete on DAG:read_dataset_event
[2025-01-28T15:27:52.338+0000] {logging_mixin.py:190} INFO - [2025-01-28T15:27:52.338+0000] {override.py:1911} INFO - Created Permission View: can edit on DAG:read_dataset_event
[2025-01-28T15:27:52.356+0000] {logging_mixin.py:190} INFO - [2025-01-28T15:27:52.356+0000] {override.py:1911} INFO - Created Permission View: can read on DAG:read_dataset_event
[2025-01-28T15:27:52.375+0000] {logging_mixin.py:190} INFO - [2025-01-28T15:27:52.374+0000] {override.py:1911} INFO - Created Permission View: menu access on DAG Run:read_dataset_event
[2025-01-28T15:27:52.405+0000] {logging_mixin.py:190} INFO - [2025-01-28T15:27:52.404+0000] {override.py:1911} INFO - Created Permission View: can delete on DAG Run:read_dataset_event
[2025-01-28T15:27:52.430+0000] {logging_mixin.py:190} INFO - [2025-01-28T15:27:52.429+0000] {override.py:1911} INFO - Created Permission View: can create on DAG Run:read_dataset_event
[2025-01-28T15:27:52.448+0000] {logging_mixin.py:190} INFO - [2025-01-28T15:27:52.447+0000] {override.py:1911} INFO - Created Permission View: can read on DAG Run:read_dataset_event
[2025-01-28T15:27:52.449+0000] {logging_mixin.py:190} INFO - [2025-01-28T15:27:52.449+0000] {dag.py:3239} INFO - Sync 2 DAGs
[2025-01-28T15:27:52.473+0000] {logging_mixin.py:190} INFO - [2025-01-28T15:27:52.472+0000] {dag.py:3262} INFO - Creating ORM DAG for read_dataset_event_from_classic
[2025-01-28T15:27:52.475+0000] {logging_mixin.py:190} INFO - [2025-01-28T15:27:52.475+0000] {dag.py:3262} INFO - Creating ORM DAG for read_dataset_event
[2025-01-28T15:27:52.487+0000] {logging_mixin.py:190} INFO - [2025-01-28T15:27:52.487+0000] {dag.py:4180} INFO - Setting next_dagrun for read_dataset_event to 2025-01-27 00:00:00+00:00, run_after=2025-01-28 00:00:00+00:00
[2025-01-28T15:27:52.490+0000] {logging_mixin.py:190} INFO - [2025-01-28T15:27:52.490+0000] {dag.py:4180} INFO - Setting next_dagrun for read_dataset_event_from_classic to 2025-01-27 00:00:00+00:00, run_after=2025-01-28 00:00:00+00:00
[2025-01-28T15:27:52.516+0000] {processor.py:208} INFO - Processing /home/airflow/.local/lib/python3.12/site-packages/airflow/example_dags/example_inlet_event_extra.py took 1.160 seconds
[2025-01-28T15:28:22.832+0000] {processor.py:186} INFO - Started process (PID=174) to work on /home/airflow/.local/lib/python3.12/site-packages/airflow/example_dags/example_inlet_event_extra.py
[2025-01-28T15:28:22.834+0000] {processor.py:914} INFO - Processing file /home/airflow/.local/lib/python3.12/site-packages/airflow/example_dags/example_inlet_event_extra.py for tasks to queue
[2025-01-28T15:28:22.840+0000] {logging_mixin.py:190} INFO - [2025-01-28T15:28:22.839+0000] {dagbag.py:588} INFO - Filling up the DagBag from /home/airflow/.local/lib/python3.12/site-packages/airflow/example_dags/example_inlet_event_extra.py
[2025-01-28T15:28:23.650+0000] {processor.py:925} INFO - DAG(s) 'read_dataset_event_from_classic', 'read_dataset_event' retrieved from /home/airflow/.local/lib/python3.12/site-packages/airflow/example_dags/example_inlet_event_extra.py
[2025-01-28T15:28:23.695+0000] {logging_mixin.py:190} INFO - [2025-01-28T15:28:23.694+0000] {dag.py:3239} INFO - Sync 2 DAGs
[2025-01-28T15:28:23.740+0000] {logging_mixin.py:190} INFO - [2025-01-28T15:28:23.739+0000] {dag.py:4180} INFO - Setting next_dagrun for read_dataset_event to 2025-01-27 00:00:00+00:00, run_after=2025-01-28 00:00:00+00:00
[2025-01-28T15:28:23.750+0000] {logging_mixin.py:190} INFO - [2025-01-28T15:28:23.749+0000] {dag.py:4180} INFO - Setting next_dagrun for read_dataset_event_from_classic to 2025-01-27 00:00:00+00:00, run_after=2025-01-28 00:00:00+00:00
[2025-01-28T15:28:23.788+0000] {processor.py:208} INFO - Processing /home/airflow/.local/lib/python3.12/site-packages/airflow/example_dags/example_inlet_event_extra.py took 0.971 seconds
[2025-01-28T15:28:53.986+0000] {processor.py:186} INFO - Started process (PID=237) to work on /home/airflow/.local/lib/python3.12/site-packages/airflow/example_dags/example_inlet_event_extra.py
[2025-01-28T15:28:53.988+0000] {processor.py:914} INFO - Processing file /home/airflow/.local/lib/python3.12/site-packages/airflow/example_dags/example_inlet_event_extra.py for tasks to queue
[2025-01-28T15:28:53.994+0000] {logging_mixin.py:190} INFO - [2025-01-28T15:28:53.993+0000] {dagbag.py:588} INFO - Filling up the DagBag from /home/airflow/.local/lib/python3.12/site-packages/airflow/example_dags/example_inlet_event_extra.py
[2025-01-28T15:28:54.807+0000] {processor.py:925} INFO - DAG(s) 'read_dataset_event', 'read_dataset_event_from_classic' retrieved from /home/airflow/.local/lib/python3.12/site-packages/airflow/example_dags/example_inlet_event_extra.py
[2025-01-28T15:28:54.860+0000] {logging_mixin.py:190} INFO - [2025-01-28T15:28:54.860+0000] {dag.py:3239} INFO - Sync 2 DAGs
[2025-01-28T15:28:54.904+0000] {logging_mixin.py:190} INFO - [2025-01-28T15:28:54.904+0000] {dag.py:4180} INFO - Setting next_dagrun for read_dataset_event to 2025-01-27 00:00:00+00:00, run_after=2025-01-28 00:00:00+00:00
[2025-01-28T15:28:54.913+0000] {logging_mixin.py:190} INFO - [2025-01-28T15:28:54.913+0000] {dag.py:4180} INFO - Setting next_dagrun for read_dataset_event_from_classic to 2025-01-27 00:00:00+00:00, run_after=2025-01-28 00:00:00+00:00
[2025-01-28T15:28:54.974+0000] {processor.py:208} INFO - Processing /home/airflow/.local/lib/python3.12/site-packages/airflow/example_dags/example_inlet_event_extra.py took 1.003 seconds
[2025-01-28T15:29:25.142+0000] {processor.py:186} INFO - Started process (PID=300) to work on /home/airflow/.local/lib/python3.12/site-packages/airflow/example_dags/example_inlet_event_extra.py
[2025-01-28T15:29:25.145+0000] {processor.py:914} INFO - Processing file /home/airflow/.local/lib/python3.12/site-packages/airflow/example_dags/example_inlet_event_extra.py for tasks to queue
[2025-01-28T15:29:25.152+0000] {logging_mixin.py:190} INFO - [2025-01-28T15:29:25.151+0000] {dagbag.py:588} INFO - Filling up the DagBag from /home/airflow/.local/lib/python3.12/site-packages/airflow/example_dags/example_inlet_event_extra.py
[2025-01-28T15:29:25.922+0000] {processor.py:925} INFO - DAG(s) 'read_dataset_event_from_classic', 'read_dataset_event' retrieved from /home/airflow/.local/lib/python3.12/site-packages/airflow/example_dags/example_inlet_event_extra.py
[2025-01-28T15:29:25.960+0000] {logging_mixin.py:190} INFO - [2025-01-28T15:29:25.960+0000] {dag.py:3239} INFO - Sync 2 DAGs
[2025-01-28T15:29:25.996+0000] {logging_mixin.py:190} INFO - [2025-01-28T15:29:25.995+0000] {dag.py:4180} INFO - Setting next_dagrun for read_dataset_event to 2025-01-27 00:00:00+00:00, run_after=2025-01-28 00:00:00+00:00
[2025-01-28T15:29:26.004+0000] {logging_mixin.py:190} INFO - [2025-01-28T15:29:26.004+0000] {dag.py:4180} INFO - Setting next_dagrun for read_dataset_event_from_classic to 2025-01-27 00:00:00+00:00, run_after=2025-01-28 00:00:00+00:00
[2025-01-28T15:29:26.042+0000] {processor.py:208} INFO - Processing /home/airflow/.local/lib/python3.12/site-packages/airflow/example_dags/example_inlet_event_extra.py took 0.915 seconds
[2025-01-28T15:29:56.771+0000] {processor.py:186} INFO - Started process (PID=364) to work on /home/airflow/.local/lib/python3.12/site-packages/airflow/example_dags/example_inlet_event_extra.py
[2025-01-28T15:29:56.774+0000] {processor.py:914} INFO - Processing file /home/airflow/.local/lib/python3.12/site-packages/airflow/example_dags/example_inlet_event_extra.py for tasks to queue
[2025-01-28T15:29:56.781+0000] {logging_mixin.py:190} INFO - [2025-01-28T15:29:56.780+0000] {dagbag.py:588} INFO - Filling up the DagBag from /home/airflow/.local/lib/python3.12/site-packages/airflow/example_dags/example_inlet_event_extra.py
[2025-01-28T15:29:57.595+0000] {processor.py:925} INFO - DAG(s) 'read_dataset_event', 'read_dataset_event_from_classic' retrieved from /home/airflow/.local/lib/python3.12/site-packages/airflow/example_dags/example_inlet_event_extra.py
[2025-01-28T15:29:57.636+0000] {logging_mixin.py:190} INFO - [2025-01-28T15:29:57.635+0000] {dag.py:3239} INFO - Sync 2 DAGs
[2025-01-28T15:29:57.678+0000] {logging_mixin.py:190} INFO - [2025-01-28T15:29:57.677+0000] {dag.py:4180} INFO - Setting next_dagrun for read_dataset_event to 2025-01-27 00:00:00+00:00, run_after=2025-01-28 00:00:00+00:00
[2025-01-28T15:29:57.692+0000] {logging_mixin.py:190} INFO - [2025-01-28T15:29:57.691+0000] {dag.py:4180} INFO - Setting next_dagrun for read_dataset_event_from_classic to 2025-01-27 00:00:00+00:00, run_after=2025-01-28 00:00:00+00:00
[2025-01-28T15:29:57.747+0000] {processor.py:208} INFO - Processing /home/airflow/.local/lib/python3.12/site-packages/airflow/example_dags/example_inlet_event_extra.py took 0.992 seconds
[2025-01-28T15:30:28.105+0000] {processor.py:186} INFO - Started process (PID=427) to work on /home/airflow/.local/lib/python3.12/site-packages/airflow/example_dags/example_inlet_event_extra.py
[2025-01-28T15:30:28.107+0000] {processor.py:914} INFO - Processing file /home/airflow/.local/lib/python3.12/site-packages/airflow/example_dags/example_inlet_event_extra.py for tasks to queue
[2025-01-28T15:30:28.115+0000] {logging_mixin.py:190} INFO - [2025-01-28T15:30:28.114+0000] {dagbag.py:588} INFO - Filling up the DagBag from /home/airflow/.local/lib/python3.12/site-packages/airflow/example_dags/example_inlet_event_extra.py
[2025-01-28T15:30:28.899+0000] {processor.py:925} INFO - DAG(s) 'read_dataset_event', 'read_dataset_event_from_classic' retrieved from /home/airflow/.local/lib/python3.12/site-packages/airflow/example_dags/example_inlet_event_extra.py
[2025-01-28T15:30:28.929+0000] {logging_mixin.py:190} INFO - [2025-01-28T15:30:28.929+0000] {dag.py:3239} INFO - Sync 2 DAGs
[2025-01-28T15:30:28.967+0000] {logging_mixin.py:190} INFO - [2025-01-28T15:30:28.967+0000] {dag.py:4180} INFO - Setting next_dagrun for read_dataset_event to 2025-01-27 00:00:00+00:00, run_after=2025-01-28 00:00:00+00:00
[2025-01-28T15:30:28.976+0000] {logging_mixin.py:190} INFO - [2025-01-28T15:30:28.975+0000] {dag.py:4180} INFO - Setting next_dagrun for read_dataset_event_from_classic to 2025-01-27 00:00:00+00:00, run_after=2025-01-28 00:00:00+00:00
[2025-01-28T15:30:29.007+0000] {processor.py:208} INFO - Processing /home/airflow/.local/lib/python3.12/site-packages/airflow/example_dags/example_inlet_event_extra.py took 0.918 seconds
[2025-01-28T15:30:59.398+0000] {processor.py:186} INFO - Started process (PID=490) to work on /home/airflow/.local/lib/python3.12/site-packages/airflow/example_dags/example_inlet_event_extra.py
[2025-01-28T15:30:59.401+0000] {processor.py:914} INFO - Processing file /home/airflow/.local/lib/python3.12/site-packages/airflow/example_dags/example_inlet_event_extra.py for tasks to queue
[2025-01-28T15:30:59.405+0000] {logging_mixin.py:190} INFO - [2025-01-28T15:30:59.404+0000] {dagbag.py:588} INFO - Filling up the DagBag from /home/airflow/.local/lib/python3.12/site-packages/airflow/example_dags/example_inlet_event_extra.py
[2025-01-28T15:31:00.260+0000] {processor.py:925} INFO - DAG(s) 'read_dataset_event_from_classic', 'read_dataset_event' retrieved from /home/airflow/.local/lib/python3.12/site-packages/airflow/example_dags/example_inlet_event_extra.py
[2025-01-28T15:31:00.304+0000] {logging_mixin.py:190} INFO - [2025-01-28T15:31:00.304+0000] {dag.py:3239} INFO - Sync 2 DAGs
[2025-01-28T15:31:00.358+0000] {logging_mixin.py:190} INFO - [2025-01-28T15:31:00.357+0000] {dag.py:4180} INFO - Setting next_dagrun for read_dataset_event to 2025-01-27 00:00:00+00:00, run_after=2025-01-28 00:00:00+00:00
[2025-01-28T15:31:00.368+0000] {logging_mixin.py:190} INFO - [2025-01-28T15:31:00.368+0000] {dag.py:4180} INFO - Setting next_dagrun for read_dataset_event_from_classic to 2025-01-27 00:00:00+00:00, run_after=2025-01-28 00:00:00+00:00
[2025-01-28T15:31:00.486+0000] {processor.py:208} INFO - Processing /home/airflow/.local/lib/python3.12/site-packages/airflow/example_dags/example_inlet_event_extra.py took 1.103 seconds
[2025-01-28T15:31:30.715+0000] {processor.py:186} INFO - Started process (PID=553) to work on /home/airflow/.local/lib/python3.12/site-packages/airflow/example_dags/example_inlet_event_extra.py
[2025-01-28T15:31:30.718+0000] {processor.py:914} INFO - Processing file /home/airflow/.local/lib/python3.12/site-packages/airflow/example_dags/example_inlet_event_extra.py for tasks to queue
[2025-01-28T15:31:30.724+0000] {logging_mixin.py:190} INFO - [2025-01-28T15:31:30.723+0000] {dagbag.py:588} INFO - Filling up the DagBag from /home/airflow/.local/lib/python3.12/site-packages/airflow/example_dags/example_inlet_event_extra.py
[2025-01-28T15:31:31.488+0000] {processor.py:925} INFO - DAG(s) 'read_dataset_event', 'read_dataset_event_from_classic' retrieved from /home/airflow/.local/lib/python3.12/site-packages/airflow/example_dags/example_inlet_event_extra.py
[2025-01-28T15:31:31.529+0000] {logging_mixin.py:190} INFO - [2025-01-28T15:31:31.528+0000] {dag.py:3239} INFO - Sync 2 DAGs
[2025-01-28T15:31:31.573+0000] {logging_mixin.py:190} INFO - [2025-01-28T15:31:31.572+0000] {dag.py:4180} INFO - Setting next_dagrun for read_dataset_event to 2025-01-27 00:00:00+00:00, run_after=2025-01-28 00:00:00+00:00
[2025-01-28T15:31:31.583+0000] {logging_mixin.py:190} INFO - [2025-01-28T15:31:31.583+0000] {dag.py:4180} INFO - Setting next_dagrun for read_dataset_event_from_classic to 2025-01-27 00:00:00+00:00, run_after=2025-01-28 00:00:00+00:00
[2025-01-28T15:31:31.613+0000] {processor.py:208} INFO - Processing /home/airflow/.local/lib/python3.12/site-packages/airflow/example_dags/example_inlet_event_extra.py took 0.911 seconds
[2025-01-28T15:32:01.964+0000] {processor.py:186} INFO - Started process (PID=616) to work on /home/airflow/.local/lib/python3.12/site-packages/airflow/example_dags/example_inlet_event_extra.py
[2025-01-28T15:32:01.968+0000] {processor.py:914} INFO - Processing file /home/airflow/.local/lib/python3.12/site-packages/airflow/example_dags/example_inlet_event_extra.py for tasks to queue
[2025-01-28T15:32:01.975+0000] {logging_mixin.py:190} INFO - [2025-01-28T15:32:01.974+0000] {dagbag.py:588} INFO - Filling up the DagBag from /home/airflow/.local/lib/python3.12/site-packages/airflow/example_dags/example_inlet_event_extra.py
[2025-01-28T15:32:04.882+0000] {logging_mixin.py:190} INFO - [2025-01-28T15:32:04.881+0000] {process_utils.py:266} INFO - Waiting up to 5 seconds for processes to exit...
[2025-01-28T16:33:27.339+0000] {processor.py:186} INFO - Started process (PID=106) to work on /home/airflow/.local/lib/python3.12/site-packages/airflow/example_dags/example_inlet_event_extra.py
[2025-01-28T16:33:27.342+0000] {processor.py:914} INFO - Processing file /home/airflow/.local/lib/python3.12/site-packages/airflow/example_dags/example_inlet_event_extra.py for tasks to queue
[2025-01-28T16:33:27.346+0000] {logging_mixin.py:190} INFO - [2025-01-28T16:33:27.345+0000] {dagbag.py:588} INFO - Filling up the DagBag from /home/airflow/.local/lib/python3.12/site-packages/airflow/example_dags/example_inlet_event_extra.py
[2025-01-28T16:33:28.319+0000] {processor.py:925} INFO - DAG(s) 'read_dataset_event', 'read_dataset_event_from_classic' retrieved from /home/airflow/.local/lib/python3.12/site-packages/airflow/example_dags/example_inlet_event_extra.py
[2025-01-28T16:33:28.352+0000] {logging_mixin.py:190} INFO - [2025-01-28T16:33:28.351+0000] {dag.py:3239} INFO - Sync 2 DAGs
[2025-01-28T16:33:28.383+0000] {logging_mixin.py:190} INFO - [2025-01-28T16:33:28.383+0000] {dag.py:4180} INFO - Setting next_dagrun for read_dataset_event to 2025-01-27 00:00:00+00:00, run_after=2025-01-28 00:00:00+00:00
[2025-01-28T16:33:28.390+0000] {logging_mixin.py:190} INFO - [2025-01-28T16:33:28.390+0000] {dag.py:4180} INFO - Setting next_dagrun for read_dataset_event_from_classic to 2025-01-27 00:00:00+00:00, run_after=2025-01-28 00:00:00+00:00
[2025-01-28T16:33:28.414+0000] {processor.py:208} INFO - Processing /home/airflow/.local/lib/python3.12/site-packages/airflow/example_dags/example_inlet_event_extra.py took 1.090 seconds
[2025-01-28T16:33:58.965+0000] {processor.py:186} INFO - Started process (PID=169) to work on /home/airflow/.local/lib/python3.12/site-packages/airflow/example_dags/example_inlet_event_extra.py
[2025-01-28T16:33:58.967+0000] {processor.py:914} INFO - Processing file /home/airflow/.local/lib/python3.12/site-packages/airflow/example_dags/example_inlet_event_extra.py for tasks to queue
[2025-01-28T16:33:58.975+0000] {logging_mixin.py:190} INFO - [2025-01-28T16:33:58.973+0000] {dagbag.py:588} INFO - Filling up the DagBag from /home/airflow/.local/lib/python3.12/site-packages/airflow/example_dags/example_inlet_event_extra.py
[2025-01-28T16:33:59.867+0000] {processor.py:925} INFO - DAG(s) 'read_dataset_event_from_classic', 'read_dataset_event' retrieved from /home/airflow/.local/lib/python3.12/site-packages/airflow/example_dags/example_inlet_event_extra.py
[2025-01-28T16:33:59.913+0000] {logging_mixin.py:190} INFO - [2025-01-28T16:33:59.912+0000] {dag.py:3239} INFO - Sync 2 DAGs
[2025-01-28T16:33:59.959+0000] {logging_mixin.py:190} INFO - [2025-01-28T16:33:59.958+0000] {dag.py:4180} INFO - Setting next_dagrun for read_dataset_event to 2025-01-27 00:00:00+00:00, run_after=2025-01-28 00:00:00+00:00
[2025-01-28T16:33:59.969+0000] {logging_mixin.py:190} INFO - [2025-01-28T16:33:59.969+0000] {dag.py:4180} INFO - Setting next_dagrun for read_dataset_event_from_classic to 2025-01-27 00:00:00+00:00, run_after=2025-01-28 00:00:00+00:00
[2025-01-28T16:34:00.005+0000] {processor.py:208} INFO - Processing /home/airflow/.local/lib/python3.12/site-packages/airflow/example_dags/example_inlet_event_extra.py took 1.054 seconds
[2025-01-28T16:34:30.487+0000] {processor.py:186} INFO - Started process (PID=232) to work on /home/airflow/.local/lib/python3.12/site-packages/airflow/example_dags/example_inlet_event_extra.py
[2025-01-28T16:34:30.489+0000] {processor.py:914} INFO - Processing file /home/airflow/.local/lib/python3.12/site-packages/airflow/example_dags/example_inlet_event_extra.py for tasks to queue
[2025-01-28T16:34:30.495+0000] {logging_mixin.py:190} INFO - [2025-01-28T16:34:30.494+0000] {dagbag.py:588} INFO - Filling up the DagBag from /home/airflow/.local/lib/python3.12/site-packages/airflow/example_dags/example_inlet_event_extra.py
[2025-01-28T16:34:31.335+0000] {processor.py:925} INFO - DAG(s) 'read_dataset_event_from_classic', 'read_dataset_event' retrieved from /home/airflow/.local/lib/python3.12/site-packages/airflow/example_dags/example_inlet_event_extra.py
[2025-01-28T16:34:31.367+0000] {logging_mixin.py:190} INFO - [2025-01-28T16:34:31.366+0000] {dag.py:3239} INFO - Sync 2 DAGs
[2025-01-28T16:34:31.405+0000] {logging_mixin.py:190} INFO - [2025-01-28T16:34:31.405+0000] {dag.py:4180} INFO - Setting next_dagrun for read_dataset_event to 2025-01-27 00:00:00+00:00, run_after=2025-01-28 00:00:00+00:00
[2025-01-28T16:34:31.414+0000] {logging_mixin.py:190} INFO - [2025-01-28T16:34:31.414+0000] {dag.py:4180} INFO - Setting next_dagrun for read_dataset_event_from_classic to 2025-01-27 00:00:00+00:00, run_after=2025-01-28 00:00:00+00:00
[2025-01-28T16:34:31.445+0000] {processor.py:208} INFO - Processing /home/airflow/.local/lib/python3.12/site-packages/airflow/example_dags/example_inlet_event_extra.py took 0.974 seconds
[2025-01-28T16:35:02.168+0000] {processor.py:186} INFO - Started process (PID=295) to work on /home/airflow/.local/lib/python3.12/site-packages/airflow/example_dags/example_inlet_event_extra.py
[2025-01-28T16:35:02.169+0000] {processor.py:914} INFO - Processing file /home/airflow/.local/lib/python3.12/site-packages/airflow/example_dags/example_inlet_event_extra.py for tasks to queue
[2025-01-28T16:35:02.174+0000] {logging_mixin.py:190} INFO - [2025-01-28T16:35:02.173+0000] {dagbag.py:588} INFO - Filling up the DagBag from /home/airflow/.local/lib/python3.12/site-packages/airflow/example_dags/example_inlet_event_extra.py
[2025-01-28T16:35:02.966+0000] {processor.py:925} INFO - DAG(s) 'read_dataset_event_from_classic', 'read_dataset_event' retrieved from /home/airflow/.local/lib/python3.12/site-packages/airflow/example_dags/example_inlet_event_extra.py
[2025-01-28T16:35:03.012+0000] {logging_mixin.py:190} INFO - [2025-01-28T16:35:03.011+0000] {dag.py:3239} INFO - Sync 2 DAGs
[2025-01-28T16:35:03.056+0000] {logging_mixin.py:190} INFO - [2025-01-28T16:35:03.056+0000] {dag.py:4180} INFO - Setting next_dagrun for read_dataset_event to 2025-01-27 00:00:00+00:00, run_after=2025-01-28 00:00:00+00:00
[2025-01-28T16:35:03.065+0000] {logging_mixin.py:190} INFO - [2025-01-28T16:35:03.065+0000] {dag.py:4180} INFO - Setting next_dagrun for read_dataset_event_from_classic to 2025-01-27 00:00:00+00:00, run_after=2025-01-28 00:00:00+00:00
[2025-01-28T16:35:03.177+0000] {processor.py:208} INFO - Processing /home/airflow/.local/lib/python3.12/site-packages/airflow/example_dags/example_inlet_event_extra.py took 1.020 seconds
[2025-01-28T16:35:33.260+0000] {processor.py:186} INFO - Started process (PID=357) to work on /home/airflow/.local/lib/python3.12/site-packages/airflow/example_dags/example_inlet_event_extra.py
[2025-01-28T16:35:33.263+0000] {processor.py:914} INFO - Processing file /home/airflow/.local/lib/python3.12/site-packages/airflow/example_dags/example_inlet_event_extra.py for tasks to queue
[2025-01-28T16:35:33.269+0000] {logging_mixin.py:190} INFO - [2025-01-28T16:35:33.268+0000] {dagbag.py:588} INFO - Filling up the DagBag from /home/airflow/.local/lib/python3.12/site-packages/airflow/example_dags/example_inlet_event_extra.py
[2025-01-28T16:35:34.153+0000] {processor.py:925} INFO - DAG(s) 'read_dataset_event', 'read_dataset_event_from_classic' retrieved from /home/airflow/.local/lib/python3.12/site-packages/airflow/example_dags/example_inlet_event_extra.py
[2025-01-28T16:35:34.196+0000] {logging_mixin.py:190} INFO - [2025-01-28T16:35:34.196+0000] {dag.py:3239} INFO - Sync 2 DAGs
[2025-01-28T16:35:34.237+0000] {logging_mixin.py:190} INFO - [2025-01-28T16:35:34.237+0000] {dag.py:4180} INFO - Setting next_dagrun for read_dataset_event to 2025-01-27 00:00:00+00:00, run_after=2025-01-28 00:00:00+00:00
[2025-01-28T16:35:34.246+0000] {logging_mixin.py:190} INFO - [2025-01-28T16:35:34.246+0000] {dag.py:4180} INFO - Setting next_dagrun for read_dataset_event_from_classic to 2025-01-27 00:00:00+00:00, run_after=2025-01-28 00:00:00+00:00
[2025-01-28T16:35:34.290+0000] {processor.py:208} INFO - Processing /home/airflow/.local/lib/python3.12/site-packages/airflow/example_dags/example_inlet_event_extra.py took 1.044 seconds
[2025-01-28T16:36:04.797+0000] {processor.py:186} INFO - Started process (PID=420) to work on /home/airflow/.local/lib/python3.12/site-packages/airflow/example_dags/example_inlet_event_extra.py
[2025-01-28T16:36:04.800+0000] {processor.py:914} INFO - Processing file /home/airflow/.local/lib/python3.12/site-packages/airflow/example_dags/example_inlet_event_extra.py for tasks to queue
[2025-01-28T16:36:04.807+0000] {logging_mixin.py:190} INFO - [2025-01-28T16:36:04.806+0000] {dagbag.py:588} INFO - Filling up the DagBag from /home/airflow/.local/lib/python3.12/site-packages/airflow/example_dags/example_inlet_event_extra.py
[2025-01-28T16:36:05.642+0000] {processor.py:925} INFO - DAG(s) 'read_dataset_event', 'read_dataset_event_from_classic' retrieved from /home/airflow/.local/lib/python3.12/site-packages/airflow/example_dags/example_inlet_event_extra.py
[2025-01-28T16:36:05.679+0000] {logging_mixin.py:190} INFO - [2025-01-28T16:36:05.679+0000] {dag.py:3239} INFO - Sync 2 DAGs
[2025-01-28T16:36:05.718+0000] {logging_mixin.py:190} INFO - [2025-01-28T16:36:05.717+0000] {dag.py:4180} INFO - Setting next_dagrun for read_dataset_event to 2025-01-27 00:00:00+00:00, run_after=2025-01-28 00:00:00+00:00
[2025-01-28T16:36:05.726+0000] {logging_mixin.py:190} INFO - [2025-01-28T16:36:05.726+0000] {dag.py:4180} INFO - Setting next_dagrun for read_dataset_event_from_classic to 2025-01-27 00:00:00+00:00, run_after=2025-01-28 00:00:00+00:00
[2025-01-28T16:36:05.755+0000] {processor.py:208} INFO - Processing /home/airflow/.local/lib/python3.12/site-packages/airflow/example_dags/example_inlet_event_extra.py took 0.975 seconds
