[2025-01-28T15:27:50.679+0000] {processor.py:186} INFO - Started process (PID=109) to work on /home/airflow/.local/lib/python3.12/site-packages/airflow/example_dags/example_bash_operator.py
[2025-01-28T15:27:50.680+0000] {processor.py:914} INFO - Processing file /home/airflow/.local/lib/python3.12/site-packages/airflow/example_dags/example_bash_operator.py for tasks to queue
[2025-01-28T15:27:50.684+0000] {logging_mixin.py:190} INFO - [2025-01-28T15:27:50.684+0000] {dagbag.py:588} INFO - Filling up the DagBag from /home/airflow/.local/lib/python3.12/site-packages/airflow/example_dags/example_bash_operator.py
[2025-01-28T15:27:50.699+0000] {processor.py:925} INFO - DAG(s) 'example_bash_operator' retrieved from /home/airflow/.local/lib/python3.12/site-packages/airflow/example_dags/example_bash_operator.py
[2025-01-28T15:27:50.836+0000] {logging_mixin.py:190} INFO - [2025-01-28T15:27:50.835+0000] {override.py:1911} INFO - Created Permission View: can delete on DAG:example_bash_operator
[2025-01-28T15:27:50.850+0000] {logging_mixin.py:190} INFO - [2025-01-28T15:27:50.850+0000] {override.py:1911} INFO - Created Permission View: can edit on DAG:example_bash_operator
[2025-01-28T15:27:50.862+0000] {logging_mixin.py:190} INFO - [2025-01-28T15:27:50.861+0000] {override.py:1911} INFO - Created Permission View: can read on DAG:example_bash_operator
[2025-01-28T15:27:50.881+0000] {logging_mixin.py:190} INFO - [2025-01-28T15:27:50.881+0000] {override.py:1911} INFO - Created Permission View: menu access on DAG Run:example_bash_operator
[2025-01-28T15:27:50.899+0000] {logging_mixin.py:190} INFO - [2025-01-28T15:27:50.898+0000] {override.py:1911} INFO - Created Permission View: can delete on DAG Run:example_bash_operator
[2025-01-28T15:27:50.917+0000] {logging_mixin.py:190} INFO - [2025-01-28T15:27:50.916+0000] {override.py:1911} INFO - Created Permission View: can create on DAG Run:example_bash_operator
[2025-01-28T15:27:50.935+0000] {logging_mixin.py:190} INFO - [2025-01-28T15:27:50.934+0000] {override.py:1911} INFO - Created Permission View: can read on DAG Run:example_bash_operator
[2025-01-28T15:27:50.936+0000] {logging_mixin.py:190} INFO - [2025-01-28T15:27:50.936+0000] {dag.py:3239} INFO - Sync 1 DAGs
[2025-01-28T15:27:50.954+0000] {logging_mixin.py:190} INFO - [2025-01-28T15:27:50.953+0000] {dag.py:3262} INFO - Creating ORM DAG for example_bash_operator
[2025-01-28T15:27:50.965+0000] {logging_mixin.py:190} INFO - [2025-01-28T15:27:50.965+0000] {dag.py:4180} INFO - Setting next_dagrun for example_bash_operator to 2025-01-27 00:00:00+00:00, run_after=2025-01-28 00:00:00+00:00
[2025-01-28T15:27:50.991+0000] {processor.py:208} INFO - Processing /home/airflow/.local/lib/python3.12/site-packages/airflow/example_dags/example_bash_operator.py took 0.318 seconds
[2025-01-28T15:28:21.812+0000] {processor.py:186} INFO - Started process (PID=172) to work on /home/airflow/.local/lib/python3.12/site-packages/airflow/example_dags/example_bash_operator.py
[2025-01-28T15:28:21.814+0000] {processor.py:914} INFO - Processing file /home/airflow/.local/lib/python3.12/site-packages/airflow/example_dags/example_bash_operator.py for tasks to queue
[2025-01-28T15:28:21.818+0000] {logging_mixin.py:190} INFO - [2025-01-28T15:28:21.817+0000] {dagbag.py:588} INFO - Filling up the DagBag from /home/airflow/.local/lib/python3.12/site-packages/airflow/example_dags/example_bash_operator.py
[2025-01-28T15:28:21.838+0000] {processor.py:925} INFO - DAG(s) 'example_bash_operator' retrieved from /home/airflow/.local/lib/python3.12/site-packages/airflow/example_dags/example_bash_operator.py
[2025-01-28T15:28:21.887+0000] {logging_mixin.py:190} INFO - [2025-01-28T15:28:21.887+0000] {dag.py:3239} INFO - Sync 1 DAGs
[2025-01-28T15:28:21.930+0000] {logging_mixin.py:190} INFO - [2025-01-28T15:28:21.930+0000] {dag.py:4180} INFO - Setting next_dagrun for example_bash_operator to 2025-01-27 00:00:00+00:00, run_after=2025-01-28 00:00:00+00:00
[2025-01-28T15:28:21.962+0000] {processor.py:208} INFO - Processing /home/airflow/.local/lib/python3.12/site-packages/airflow/example_dags/example_bash_operator.py took 0.164 seconds
[2025-01-28T15:28:52.732+0000] {processor.py:186} INFO - Started process (PID=234) to work on /home/airflow/.local/lib/python3.12/site-packages/airflow/example_dags/example_bash_operator.py
[2025-01-28T15:28:52.735+0000] {processor.py:914} INFO - Processing file /home/airflow/.local/lib/python3.12/site-packages/airflow/example_dags/example_bash_operator.py for tasks to queue
[2025-01-28T15:28:52.743+0000] {logging_mixin.py:190} INFO - [2025-01-28T15:28:52.742+0000] {dagbag.py:588} INFO - Filling up the DagBag from /home/airflow/.local/lib/python3.12/site-packages/airflow/example_dags/example_bash_operator.py
[2025-01-28T15:28:52.767+0000] {processor.py:925} INFO - DAG(s) 'example_bash_operator' retrieved from /home/airflow/.local/lib/python3.12/site-packages/airflow/example_dags/example_bash_operator.py
[2025-01-28T15:28:52.823+0000] {logging_mixin.py:190} INFO - [2025-01-28T15:28:52.823+0000] {dag.py:3239} INFO - Sync 1 DAGs
[2025-01-28T15:28:52.866+0000] {logging_mixin.py:190} INFO - [2025-01-28T15:28:52.866+0000] {dag.py:4180} INFO - Setting next_dagrun for example_bash_operator to 2025-01-27 00:00:00+00:00, run_after=2025-01-28 00:00:00+00:00
[2025-01-28T15:28:52.906+0000] {processor.py:208} INFO - Processing /home/airflow/.local/lib/python3.12/site-packages/airflow/example_dags/example_bash_operator.py took 0.188 seconds
[2025-01-28T15:29:23.898+0000] {processor.py:186} INFO - Started process (PID=297) to work on /home/airflow/.local/lib/python3.12/site-packages/airflow/example_dags/example_bash_operator.py
[2025-01-28T15:29:23.901+0000] {processor.py:914} INFO - Processing file /home/airflow/.local/lib/python3.12/site-packages/airflow/example_dags/example_bash_operator.py for tasks to queue
[2025-01-28T15:29:23.905+0000] {logging_mixin.py:190} INFO - [2025-01-28T15:29:23.904+0000] {dagbag.py:588} INFO - Filling up the DagBag from /home/airflow/.local/lib/python3.12/site-packages/airflow/example_dags/example_bash_operator.py
[2025-01-28T15:29:23.937+0000] {processor.py:925} INFO - DAG(s) 'example_bash_operator' retrieved from /home/airflow/.local/lib/python3.12/site-packages/airflow/example_dags/example_bash_operator.py
[2025-01-28T15:29:23.996+0000] {logging_mixin.py:190} INFO - [2025-01-28T15:29:23.995+0000] {dag.py:3239} INFO - Sync 1 DAGs
[2025-01-28T15:29:24.044+0000] {logging_mixin.py:190} INFO - [2025-01-28T15:29:24.044+0000] {dag.py:4180} INFO - Setting next_dagrun for example_bash_operator to 2025-01-27 00:00:00+00:00, run_after=2025-01-28 00:00:00+00:00
[2025-01-28T15:29:24.080+0000] {processor.py:208} INFO - Processing /home/airflow/.local/lib/python3.12/site-packages/airflow/example_dags/example_bash_operator.py took 0.197 seconds
[2025-01-28T15:29:54.452+0000] {processor.py:186} INFO - Started process (PID=360) to work on /home/airflow/.local/lib/python3.12/site-packages/airflow/example_dags/example_bash_operator.py
[2025-01-28T15:29:54.454+0000] {processor.py:914} INFO - Processing file /home/airflow/.local/lib/python3.12/site-packages/airflow/example_dags/example_bash_operator.py for tasks to queue
[2025-01-28T15:29:54.461+0000] {logging_mixin.py:190} INFO - [2025-01-28T15:29:54.460+0000] {dagbag.py:588} INFO - Filling up the DagBag from /home/airflow/.local/lib/python3.12/site-packages/airflow/example_dags/example_bash_operator.py
[2025-01-28T15:29:54.484+0000] {processor.py:925} INFO - DAG(s) 'example_bash_operator' retrieved from /home/airflow/.local/lib/python3.12/site-packages/airflow/example_dags/example_bash_operator.py
[2025-01-28T15:29:54.539+0000] {logging_mixin.py:190} INFO - [2025-01-28T15:29:54.538+0000] {dag.py:3239} INFO - Sync 1 DAGs
[2025-01-28T15:29:54.599+0000] {logging_mixin.py:190} INFO - [2025-01-28T15:29:54.599+0000] {dag.py:4180} INFO - Setting next_dagrun for example_bash_operator to 2025-01-27 00:00:00+00:00, run_after=2025-01-28 00:00:00+00:00
[2025-01-28T15:29:54.637+0000] {processor.py:208} INFO - Processing /home/airflow/.local/lib/python3.12/site-packages/airflow/example_dags/example_bash_operator.py took 0.200 seconds
[2025-01-28T15:30:24.830+0000] {processor.py:186} INFO - Started process (PID=424) to work on /home/airflow/.local/lib/python3.12/site-packages/airflow/example_dags/example_bash_operator.py
[2025-01-28T15:30:24.832+0000] {processor.py:914} INFO - Processing file /home/airflow/.local/lib/python3.12/site-packages/airflow/example_dags/example_bash_operator.py for tasks to queue
[2025-01-28T15:30:24.836+0000] {logging_mixin.py:190} INFO - [2025-01-28T15:30:24.836+0000] {dagbag.py:588} INFO - Filling up the DagBag from /home/airflow/.local/lib/python3.12/site-packages/airflow/example_dags/example_bash_operator.py
[2025-01-28T15:30:24.855+0000] {processor.py:925} INFO - DAG(s) 'example_bash_operator' retrieved from /home/airflow/.local/lib/python3.12/site-packages/airflow/example_dags/example_bash_operator.py
[2025-01-28T15:30:24.900+0000] {logging_mixin.py:190} INFO - [2025-01-28T15:30:24.899+0000] {dag.py:3239} INFO - Sync 1 DAGs
[2025-01-28T15:30:24.937+0000] {logging_mixin.py:190} INFO - [2025-01-28T15:30:24.937+0000] {dag.py:4180} INFO - Setting next_dagrun for example_bash_operator to 2025-01-27 00:00:00+00:00, run_after=2025-01-28 00:00:00+00:00
[2025-01-28T15:30:24.972+0000] {processor.py:208} INFO - Processing /home/airflow/.local/lib/python3.12/site-packages/airflow/example_dags/example_bash_operator.py took 0.153 seconds
[2025-01-28T15:30:55.101+0000] {processor.py:186} INFO - Started process (PID=487) to work on /home/airflow/.local/lib/python3.12/site-packages/airflow/example_dags/example_bash_operator.py
[2025-01-28T15:30:55.103+0000] {processor.py:914} INFO - Processing file /home/airflow/.local/lib/python3.12/site-packages/airflow/example_dags/example_bash_operator.py for tasks to queue
[2025-01-28T15:30:55.110+0000] {logging_mixin.py:190} INFO - [2025-01-28T15:30:55.109+0000] {dagbag.py:588} INFO - Filling up the DagBag from /home/airflow/.local/lib/python3.12/site-packages/airflow/example_dags/example_bash_operator.py
[2025-01-28T15:30:55.137+0000] {processor.py:925} INFO - DAG(s) 'example_bash_operator' retrieved from /home/airflow/.local/lib/python3.12/site-packages/airflow/example_dags/example_bash_operator.py
[2025-01-28T15:30:55.187+0000] {logging_mixin.py:190} INFO - [2025-01-28T15:30:55.186+0000] {dag.py:3239} INFO - Sync 1 DAGs
[2025-01-28T15:30:55.228+0000] {logging_mixin.py:190} INFO - [2025-01-28T15:30:55.228+0000] {dag.py:4180} INFO - Setting next_dagrun for example_bash_operator to 2025-01-27 00:00:00+00:00, run_after=2025-01-28 00:00:00+00:00
[2025-01-28T15:30:55.267+0000] {processor.py:208} INFO - Processing /home/airflow/.local/lib/python3.12/site-packages/airflow/example_dags/example_bash_operator.py took 0.180 seconds
[2025-01-28T15:31:25.470+0000] {processor.py:186} INFO - Started process (PID=548) to work on /home/airflow/.local/lib/python3.12/site-packages/airflow/example_dags/example_bash_operator.py
[2025-01-28T15:31:25.473+0000] {processor.py:914} INFO - Processing file /home/airflow/.local/lib/python3.12/site-packages/airflow/example_dags/example_bash_operator.py for tasks to queue
[2025-01-28T15:31:25.480+0000] {logging_mixin.py:190} INFO - [2025-01-28T15:31:25.479+0000] {dagbag.py:588} INFO - Filling up the DagBag from /home/airflow/.local/lib/python3.12/site-packages/airflow/example_dags/example_bash_operator.py
[2025-01-28T15:31:25.502+0000] {processor.py:925} INFO - DAG(s) 'example_bash_operator' retrieved from /home/airflow/.local/lib/python3.12/site-packages/airflow/example_dags/example_bash_operator.py
[2025-01-28T15:31:25.553+0000] {logging_mixin.py:190} INFO - [2025-01-28T15:31:25.553+0000] {dag.py:3239} INFO - Sync 1 DAGs
[2025-01-28T15:31:25.598+0000] {logging_mixin.py:190} INFO - [2025-01-28T15:31:25.596+0000] {dag.py:4180} INFO - Setting next_dagrun for example_bash_operator to 2025-01-27 00:00:00+00:00, run_after=2025-01-28 00:00:00+00:00
[2025-01-28T15:31:25.642+0000] {processor.py:208} INFO - Processing /home/airflow/.local/lib/python3.12/site-packages/airflow/example_dags/example_bash_operator.py took 0.187 seconds
[2025-01-28T15:31:56.606+0000] {processor.py:186} INFO - Started process (PID=611) to work on /home/airflow/.local/lib/python3.12/site-packages/airflow/example_dags/example_bash_operator.py
[2025-01-28T15:31:56.611+0000] {processor.py:914} INFO - Processing file /home/airflow/.local/lib/python3.12/site-packages/airflow/example_dags/example_bash_operator.py for tasks to queue
[2025-01-28T15:31:56.618+0000] {logging_mixin.py:190} INFO - [2025-01-28T15:31:56.617+0000] {dagbag.py:588} INFO - Filling up the DagBag from /home/airflow/.local/lib/python3.12/site-packages/airflow/example_dags/example_bash_operator.py
[2025-01-28T15:31:56.685+0000] {processor.py:925} INFO - DAG(s) 'example_bash_operator' retrieved from /home/airflow/.local/lib/python3.12/site-packages/airflow/example_dags/example_bash_operator.py
[2025-01-28T15:31:56.769+0000] {logging_mixin.py:190} INFO - [2025-01-28T15:31:56.765+0000] {dag.py:3239} INFO - Sync 1 DAGs
[2025-01-28T15:31:56.829+0000] {logging_mixin.py:190} INFO - [2025-01-28T15:31:56.829+0000] {dag.py:4180} INFO - Setting next_dagrun for example_bash_operator to 2025-01-27 00:00:00+00:00, run_after=2025-01-28 00:00:00+00:00
[2025-01-28T15:31:56.879+0000] {processor.py:208} INFO - Processing /home/airflow/.local/lib/python3.12/site-packages/airflow/example_dags/example_bash_operator.py took 0.294 seconds
[2025-01-28T16:33:26.773+0000] {processor.py:186} INFO - Started process (PID=104) to work on /home/airflow/.local/lib/python3.12/site-packages/airflow/example_dags/example_bash_operator.py
[2025-01-28T16:33:26.775+0000] {processor.py:914} INFO - Processing file /home/airflow/.local/lib/python3.12/site-packages/airflow/example_dags/example_bash_operator.py for tasks to queue
[2025-01-28T16:33:26.780+0000] {logging_mixin.py:190} INFO - [2025-01-28T16:33:26.779+0000] {dagbag.py:588} INFO - Filling up the DagBag from /home/airflow/.local/lib/python3.12/site-packages/airflow/example_dags/example_bash_operator.py
[2025-01-28T16:33:26.799+0000] {processor.py:925} INFO - DAG(s) 'example_bash_operator' retrieved from /home/airflow/.local/lib/python3.12/site-packages/airflow/example_dags/example_bash_operator.py
[2025-01-28T16:33:26.835+0000] {logging_mixin.py:190} INFO - [2025-01-28T16:33:26.835+0000] {dag.py:3239} INFO - Sync 1 DAGs
[2025-01-28T16:33:26.866+0000] {logging_mixin.py:190} INFO - [2025-01-28T16:33:26.866+0000] {dag.py:4180} INFO - Setting next_dagrun for example_bash_operator to 2025-01-27 00:00:00+00:00, run_after=2025-01-28 00:00:00+00:00
[2025-01-28T16:33:26.933+0000] {processor.py:208} INFO - Processing /home/airflow/.local/lib/python3.12/site-packages/airflow/example_dags/example_bash_operator.py took 0.173 seconds
[2025-01-28T16:33:57.694+0000] {processor.py:186} INFO - Started process (PID=166) to work on /home/airflow/.local/lib/python3.12/site-packages/airflow/example_dags/example_bash_operator.py
[2025-01-28T16:33:57.697+0000] {processor.py:914} INFO - Processing file /home/airflow/.local/lib/python3.12/site-packages/airflow/example_dags/example_bash_operator.py for tasks to queue
[2025-01-28T16:33:57.703+0000] {logging_mixin.py:190} INFO - [2025-01-28T16:33:57.702+0000] {dagbag.py:588} INFO - Filling up the DagBag from /home/airflow/.local/lib/python3.12/site-packages/airflow/example_dags/example_bash_operator.py
[2025-01-28T16:33:57.728+0000] {processor.py:925} INFO - DAG(s) 'example_bash_operator' retrieved from /home/airflow/.local/lib/python3.12/site-packages/airflow/example_dags/example_bash_operator.py
[2025-01-28T16:33:57.781+0000] {logging_mixin.py:190} INFO - [2025-01-28T16:33:57.781+0000] {dag.py:3239} INFO - Sync 1 DAGs
[2025-01-28T16:33:57.831+0000] {logging_mixin.py:190} INFO - [2025-01-28T16:33:57.831+0000] {dag.py:4180} INFO - Setting next_dagrun for example_bash_operator to 2025-01-27 00:00:00+00:00, run_after=2025-01-28 00:00:00+00:00
[2025-01-28T16:33:57.877+0000] {processor.py:208} INFO - Processing /home/airflow/.local/lib/python3.12/site-packages/airflow/example_dags/example_bash_operator.py took 0.198 seconds
[2025-01-28T16:34:28.216+0000] {processor.py:186} INFO - Started process (PID=229) to work on /home/airflow/.local/lib/python3.12/site-packages/airflow/example_dags/example_bash_operator.py
[2025-01-28T16:34:28.219+0000] {processor.py:914} INFO - Processing file /home/airflow/.local/lib/python3.12/site-packages/airflow/example_dags/example_bash_operator.py for tasks to queue
[2025-01-28T16:34:28.224+0000] {logging_mixin.py:190} INFO - [2025-01-28T16:34:28.224+0000] {dagbag.py:588} INFO - Filling up the DagBag from /home/airflow/.local/lib/python3.12/site-packages/airflow/example_dags/example_bash_operator.py
[2025-01-28T16:34:28.252+0000] {processor.py:925} INFO - DAG(s) 'example_bash_operator' retrieved from /home/airflow/.local/lib/python3.12/site-packages/airflow/example_dags/example_bash_operator.py
[2025-01-28T16:34:28.308+0000] {logging_mixin.py:190} INFO - [2025-01-28T16:34:28.307+0000] {dag.py:3239} INFO - Sync 1 DAGs
[2025-01-28T16:34:28.349+0000] {logging_mixin.py:190} INFO - [2025-01-28T16:34:28.348+0000] {dag.py:4180} INFO - Setting next_dagrun for example_bash_operator to 2025-01-27 00:00:00+00:00, run_after=2025-01-28 00:00:00+00:00
[2025-01-28T16:34:28.390+0000] {processor.py:208} INFO - Processing /home/airflow/.local/lib/python3.12/site-packages/airflow/example_dags/example_bash_operator.py took 0.186 seconds
[2025-01-28T16:34:58.926+0000] {processor.py:186} INFO - Started process (PID=292) to work on /home/airflow/.local/lib/python3.12/site-packages/airflow/example_dags/example_bash_operator.py
[2025-01-28T16:34:58.928+0000] {processor.py:914} INFO - Processing file /home/airflow/.local/lib/python3.12/site-packages/airflow/example_dags/example_bash_operator.py for tasks to queue
[2025-01-28T16:34:58.932+0000] {logging_mixin.py:190} INFO - [2025-01-28T16:34:58.931+0000] {dagbag.py:588} INFO - Filling up the DagBag from /home/airflow/.local/lib/python3.12/site-packages/airflow/example_dags/example_bash_operator.py
[2025-01-28T16:34:58.951+0000] {processor.py:925} INFO - DAG(s) 'example_bash_operator' retrieved from /home/airflow/.local/lib/python3.12/site-packages/airflow/example_dags/example_bash_operator.py
[2025-01-28T16:34:58.996+0000] {logging_mixin.py:190} INFO - [2025-01-28T16:34:58.995+0000] {dag.py:3239} INFO - Sync 1 DAGs
[2025-01-28T16:34:59.033+0000] {logging_mixin.py:190} INFO - [2025-01-28T16:34:59.033+0000] {dag.py:4180} INFO - Setting next_dagrun for example_bash_operator to 2025-01-27 00:00:00+00:00, run_after=2025-01-28 00:00:00+00:00
[2025-01-28T16:34:59.068+0000] {processor.py:208} INFO - Processing /home/airflow/.local/lib/python3.12/site-packages/airflow/example_dags/example_bash_operator.py took 0.156 seconds
[2025-01-28T16:35:29.991+0000] {processor.py:186} INFO - Started process (PID=355) to work on /home/airflow/.local/lib/python3.12/site-packages/airflow/example_dags/example_bash_operator.py
[2025-01-28T16:35:29.993+0000] {processor.py:914} INFO - Processing file /home/airflow/.local/lib/python3.12/site-packages/airflow/example_dags/example_bash_operator.py for tasks to queue
[2025-01-28T16:35:30.000+0000] {logging_mixin.py:190} INFO - [2025-01-28T16:35:29.999+0000] {dagbag.py:588} INFO - Filling up the DagBag from /home/airflow/.local/lib/python3.12/site-packages/airflow/example_dags/example_bash_operator.py
[2025-01-28T16:35:30.031+0000] {processor.py:925} INFO - DAG(s) 'example_bash_operator' retrieved from /home/airflow/.local/lib/python3.12/site-packages/airflow/example_dags/example_bash_operator.py
[2025-01-28T16:35:30.076+0000] {logging_mixin.py:190} INFO - [2025-01-28T16:35:30.075+0000] {dag.py:3239} INFO - Sync 1 DAGs
[2025-01-28T16:35:30.112+0000] {logging_mixin.py:190} INFO - [2025-01-28T16:35:30.112+0000] {dag.py:4180} INFO - Setting next_dagrun for example_bash_operator to 2025-01-27 00:00:00+00:00, run_after=2025-01-28 00:00:00+00:00
[2025-01-28T16:35:30.155+0000] {processor.py:208} INFO - Processing /home/airflow/.local/lib/python3.12/site-packages/airflow/example_dags/example_bash_operator.py took 0.178 seconds
[2025-01-28T16:36:00.380+0000] {processor.py:186} INFO - Started process (PID=418) to work on /home/airflow/.local/lib/python3.12/site-packages/airflow/example_dags/example_bash_operator.py
[2025-01-28T16:36:00.383+0000] {processor.py:914} INFO - Processing file /home/airflow/.local/lib/python3.12/site-packages/airflow/example_dags/example_bash_operator.py for tasks to queue
[2025-01-28T16:36:00.387+0000] {logging_mixin.py:190} INFO - [2025-01-28T16:36:00.386+0000] {dagbag.py:588} INFO - Filling up the DagBag from /home/airflow/.local/lib/python3.12/site-packages/airflow/example_dags/example_bash_operator.py
[2025-01-28T16:36:00.406+0000] {processor.py:925} INFO - DAG(s) 'example_bash_operator' retrieved from /home/airflow/.local/lib/python3.12/site-packages/airflow/example_dags/example_bash_operator.py
[2025-01-28T16:36:00.445+0000] {logging_mixin.py:190} INFO - [2025-01-28T16:36:00.445+0000] {dag.py:3239} INFO - Sync 1 DAGs
[2025-01-28T16:36:00.481+0000] {logging_mixin.py:190} INFO - [2025-01-28T16:36:00.480+0000] {dag.py:4180} INFO - Setting next_dagrun for example_bash_operator to 2025-01-27 00:00:00+00:00, run_after=2025-01-28 00:00:00+00:00
[2025-01-28T16:36:00.513+0000] {processor.py:208} INFO - Processing /home/airflow/.local/lib/python3.12/site-packages/airflow/example_dags/example_bash_operator.py took 0.147 seconds
