[2025-01-28T15:27:47.486+0000] {processor.py:186} INFO - Started process (PID=95) to work on /home/airflow/.local/lib/python3.12/site-packages/airflow/example_dags/tutorial.py
[2025-01-28T15:27:47.488+0000] {processor.py:914} INFO - Processing file /home/airflow/.local/lib/python3.12/site-packages/airflow/example_dags/tutorial.py for tasks to queue
[2025-01-28T15:27:47.493+0000] {logging_mixin.py:190} INFO - [2025-01-28T15:27:47.492+0000] {dagbag.py:588} INFO - Filling up the DagBag from /home/airflow/.local/lib/python3.12/site-packages/airflow/example_dags/tutorial.py
[2025-01-28T15:27:47.511+0000] {processor.py:925} INFO - DAG(s) 'tutorial' retrieved from /home/airflow/.local/lib/python3.12/site-packages/airflow/example_dags/tutorial.py
[2025-01-28T15:27:47.658+0000] {logging_mixin.py:190} INFO - [2025-01-28T15:27:47.657+0000] {override.py:1911} INFO - Created Permission View: can delete on DAG:tutorial
[2025-01-28T15:27:47.690+0000] {logging_mixin.py:190} INFO - [2025-01-28T15:27:47.690+0000] {override.py:1911} INFO - Created Permission View: can edit on DAG:tutorial
[2025-01-28T15:27:47.713+0000] {logging_mixin.py:190} INFO - [2025-01-28T15:27:47.712+0000] {override.py:1911} INFO - Created Permission View: can read on DAG:tutorial
[2025-01-28T15:27:47.732+0000] {logging_mixin.py:190} INFO - [2025-01-28T15:27:47.732+0000] {override.py:1911} INFO - Created Permission View: menu access on DAG Run:tutorial
[2025-01-28T15:27:47.750+0000] {logging_mixin.py:190} INFO - [2025-01-28T15:27:47.749+0000] {override.py:1911} INFO - Created Permission View: can delete on DAG Run:tutorial
[2025-01-28T15:27:47.765+0000] {logging_mixin.py:190} INFO - [2025-01-28T15:27:47.764+0000] {override.py:1911} INFO - Created Permission View: can create on DAG Run:tutorial
[2025-01-28T15:27:47.785+0000] {logging_mixin.py:190} INFO - [2025-01-28T15:27:47.785+0000] {override.py:1911} INFO - Created Permission View: can read on DAG Run:tutorial
[2025-01-28T15:27:47.786+0000] {logging_mixin.py:190} INFO - [2025-01-28T15:27:47.786+0000] {dag.py:3239} INFO - Sync 1 DAGs
[2025-01-28T15:27:47.803+0000] {logging_mixin.py:190} INFO - [2025-01-28T15:27:47.803+0000] {dag.py:3262} INFO - Creating ORM DAG for tutorial
[2025-01-28T15:27:47.814+0000] {logging_mixin.py:190} INFO - [2025-01-28T15:27:47.814+0000] {dag.py:4180} INFO - Setting next_dagrun for tutorial to 2025-01-27 00:00:00+00:00, run_after=2025-01-28 00:00:00+00:00
[2025-01-28T15:27:47.841+0000] {processor.py:208} INFO - Processing /home/airflow/.local/lib/python3.12/site-packages/airflow/example_dags/tutorial.py took 0.368 seconds
[2025-01-28T15:28:18.608+0000] {processor.py:186} INFO - Started process (PID=158) to work on /home/airflow/.local/lib/python3.12/site-packages/airflow/example_dags/tutorial.py
[2025-01-28T15:28:18.611+0000] {processor.py:914} INFO - Processing file /home/airflow/.local/lib/python3.12/site-packages/airflow/example_dags/tutorial.py for tasks to queue
[2025-01-28T15:28:18.618+0000] {logging_mixin.py:190} INFO - [2025-01-28T15:28:18.617+0000] {dagbag.py:588} INFO - Filling up the DagBag from /home/airflow/.local/lib/python3.12/site-packages/airflow/example_dags/tutorial.py
[2025-01-28T15:28:18.639+0000] {processor.py:925} INFO - DAG(s) 'tutorial' retrieved from /home/airflow/.local/lib/python3.12/site-packages/airflow/example_dags/tutorial.py
[2025-01-28T15:28:18.692+0000] {logging_mixin.py:190} INFO - [2025-01-28T15:28:18.691+0000] {dag.py:3239} INFO - Sync 1 DAGs
[2025-01-28T15:28:18.750+0000] {logging_mixin.py:190} INFO - [2025-01-28T15:28:18.749+0000] {dag.py:4180} INFO - Setting next_dagrun for tutorial to 2025-01-27 00:00:00+00:00, run_after=2025-01-28 00:00:00+00:00
[2025-01-28T15:28:18.793+0000] {processor.py:208} INFO - Processing /home/airflow/.local/lib/python3.12/site-packages/airflow/example_dags/tutorial.py took 0.202 seconds
[2025-01-28T15:28:49.309+0000] {processor.py:186} INFO - Started process (PID=220) to work on /home/airflow/.local/lib/python3.12/site-packages/airflow/example_dags/tutorial.py
[2025-01-28T15:28:49.311+0000] {processor.py:914} INFO - Processing file /home/airflow/.local/lib/python3.12/site-packages/airflow/example_dags/tutorial.py for tasks to queue
[2025-01-28T15:28:49.318+0000] {logging_mixin.py:190} INFO - [2025-01-28T15:28:49.317+0000] {dagbag.py:588} INFO - Filling up the DagBag from /home/airflow/.local/lib/python3.12/site-packages/airflow/example_dags/tutorial.py
[2025-01-28T15:28:49.336+0000] {processor.py:925} INFO - DAG(s) 'tutorial' retrieved from /home/airflow/.local/lib/python3.12/site-packages/airflow/example_dags/tutorial.py
[2025-01-28T15:28:49.379+0000] {logging_mixin.py:190} INFO - [2025-01-28T15:28:49.379+0000] {dag.py:3239} INFO - Sync 1 DAGs
[2025-01-28T15:28:49.423+0000] {logging_mixin.py:190} INFO - [2025-01-28T15:28:49.423+0000] {dag.py:4180} INFO - Setting next_dagrun for tutorial to 2025-01-27 00:00:00+00:00, run_after=2025-01-28 00:00:00+00:00
[2025-01-28T15:28:49.467+0000] {processor.py:208} INFO - Processing /home/airflow/.local/lib/python3.12/site-packages/airflow/example_dags/tutorial.py took 0.173 seconds
[2025-01-28T15:29:19.790+0000] {processor.py:186} INFO - Started process (PID=283) to work on /home/airflow/.local/lib/python3.12/site-packages/airflow/example_dags/tutorial.py
[2025-01-28T15:29:19.793+0000] {processor.py:914} INFO - Processing file /home/airflow/.local/lib/python3.12/site-packages/airflow/example_dags/tutorial.py for tasks to queue
[2025-01-28T15:29:19.799+0000] {logging_mixin.py:190} INFO - [2025-01-28T15:29:19.798+0000] {dagbag.py:588} INFO - Filling up the DagBag from /home/airflow/.local/lib/python3.12/site-packages/airflow/example_dags/tutorial.py
[2025-01-28T15:29:19.819+0000] {processor.py:925} INFO - DAG(s) 'tutorial' retrieved from /home/airflow/.local/lib/python3.12/site-packages/airflow/example_dags/tutorial.py
[2025-01-28T15:29:19.863+0000] {logging_mixin.py:190} INFO - [2025-01-28T15:29:19.862+0000] {dag.py:3239} INFO - Sync 1 DAGs
[2025-01-28T15:29:19.907+0000] {logging_mixin.py:190} INFO - [2025-01-28T15:29:19.907+0000] {dag.py:4180} INFO - Setting next_dagrun for tutorial to 2025-01-27 00:00:00+00:00, run_after=2025-01-28 00:00:00+00:00
[2025-01-28T15:29:19.949+0000] {processor.py:208} INFO - Processing /home/airflow/.local/lib/python3.12/site-packages/airflow/example_dags/tutorial.py took 0.174 seconds
[2025-01-28T15:29:50.270+0000] {processor.py:186} INFO - Started process (PID=346) to work on /home/airflow/.local/lib/python3.12/site-packages/airflow/example_dags/tutorial.py
[2025-01-28T15:29:50.273+0000] {processor.py:914} INFO - Processing file /home/airflow/.local/lib/python3.12/site-packages/airflow/example_dags/tutorial.py for tasks to queue
[2025-01-28T15:29:50.279+0000] {logging_mixin.py:190} INFO - [2025-01-28T15:29:50.278+0000] {dagbag.py:588} INFO - Filling up the DagBag from /home/airflow/.local/lib/python3.12/site-packages/airflow/example_dags/tutorial.py
[2025-01-28T15:29:50.299+0000] {processor.py:925} INFO - DAG(s) 'tutorial' retrieved from /home/airflow/.local/lib/python3.12/site-packages/airflow/example_dags/tutorial.py
[2025-01-28T15:29:50.339+0000] {logging_mixin.py:190} INFO - [2025-01-28T15:29:50.338+0000] {dag.py:3239} INFO - Sync 1 DAGs
[2025-01-28T15:29:50.376+0000] {logging_mixin.py:190} INFO - [2025-01-28T15:29:50.376+0000] {dag.py:4180} INFO - Setting next_dagrun for tutorial to 2025-01-27 00:00:00+00:00, run_after=2025-01-28 00:00:00+00:00
[2025-01-28T15:29:50.412+0000] {processor.py:208} INFO - Processing /home/airflow/.local/lib/python3.12/site-packages/airflow/example_dags/tutorial.py took 0.155 seconds
[2025-01-28T15:30:20.901+0000] {processor.py:186} INFO - Started process (PID=409) to work on /home/airflow/.local/lib/python3.12/site-packages/airflow/example_dags/tutorial.py
[2025-01-28T15:30:20.904+0000] {processor.py:914} INFO - Processing file /home/airflow/.local/lib/python3.12/site-packages/airflow/example_dags/tutorial.py for tasks to queue
[2025-01-28T15:30:20.911+0000] {logging_mixin.py:190} INFO - [2025-01-28T15:30:20.910+0000] {dagbag.py:588} INFO - Filling up the DagBag from /home/airflow/.local/lib/python3.12/site-packages/airflow/example_dags/tutorial.py
[2025-01-28T15:30:20.934+0000] {processor.py:925} INFO - DAG(s) 'tutorial' retrieved from /home/airflow/.local/lib/python3.12/site-packages/airflow/example_dags/tutorial.py
[2025-01-28T15:30:20.975+0000] {logging_mixin.py:190} INFO - [2025-01-28T15:30:20.974+0000] {dag.py:3239} INFO - Sync 1 DAGs
[2025-01-28T15:30:21.018+0000] {logging_mixin.py:190} INFO - [2025-01-28T15:30:21.017+0000] {dag.py:4180} INFO - Setting next_dagrun for tutorial to 2025-01-27 00:00:00+00:00, run_after=2025-01-28 00:00:00+00:00
[2025-01-28T15:30:21.062+0000] {processor.py:208} INFO - Processing /home/airflow/.local/lib/python3.12/site-packages/airflow/example_dags/tutorial.py took 0.176 seconds
[2025-01-28T15:30:51.189+0000] {processor.py:186} INFO - Started process (PID=472) to work on /home/airflow/.local/lib/python3.12/site-packages/airflow/example_dags/tutorial.py
[2025-01-28T15:30:51.193+0000] {processor.py:914} INFO - Processing file /home/airflow/.local/lib/python3.12/site-packages/airflow/example_dags/tutorial.py for tasks to queue
[2025-01-28T15:30:51.199+0000] {logging_mixin.py:190} INFO - [2025-01-28T15:30:51.198+0000] {dagbag.py:588} INFO - Filling up the DagBag from /home/airflow/.local/lib/python3.12/site-packages/airflow/example_dags/tutorial.py
[2025-01-28T15:30:51.216+0000] {processor.py:925} INFO - DAG(s) 'tutorial' retrieved from /home/airflow/.local/lib/python3.12/site-packages/airflow/example_dags/tutorial.py
[2025-01-28T15:30:51.258+0000] {logging_mixin.py:190} INFO - [2025-01-28T15:30:51.258+0000] {dag.py:3239} INFO - Sync 1 DAGs
[2025-01-28T15:30:51.301+0000] {logging_mixin.py:190} INFO - [2025-01-28T15:30:51.300+0000] {dag.py:4180} INFO - Setting next_dagrun for tutorial to 2025-01-27 00:00:00+00:00, run_after=2025-01-28 00:00:00+00:00
[2025-01-28T15:30:51.340+0000] {processor.py:208} INFO - Processing /home/airflow/.local/lib/python3.12/site-packages/airflow/example_dags/tutorial.py took 0.166 seconds
[2025-01-28T15:31:21.456+0000] {processor.py:186} INFO - Started process (PID=535) to work on /home/airflow/.local/lib/python3.12/site-packages/airflow/example_dags/tutorial.py
[2025-01-28T15:31:21.459+0000] {processor.py:914} INFO - Processing file /home/airflow/.local/lib/python3.12/site-packages/airflow/example_dags/tutorial.py for tasks to queue
[2025-01-28T15:31:21.467+0000] {logging_mixin.py:190} INFO - [2025-01-28T15:31:21.465+0000] {dagbag.py:588} INFO - Filling up the DagBag from /home/airflow/.local/lib/python3.12/site-packages/airflow/example_dags/tutorial.py
[2025-01-28T15:31:21.490+0000] {processor.py:925} INFO - DAG(s) 'tutorial' retrieved from /home/airflow/.local/lib/python3.12/site-packages/airflow/example_dags/tutorial.py
[2025-01-28T15:31:21.535+0000] {logging_mixin.py:190} INFO - [2025-01-28T15:31:21.535+0000] {dag.py:3239} INFO - Sync 1 DAGs
[2025-01-28T15:31:21.575+0000] {logging_mixin.py:190} INFO - [2025-01-28T15:31:21.574+0000] {dag.py:4180} INFO - Setting next_dagrun for tutorial to 2025-01-27 00:00:00+00:00, run_after=2025-01-28 00:00:00+00:00
[2025-01-28T15:31:21.615+0000] {processor.py:208} INFO - Processing /home/airflow/.local/lib/python3.12/site-packages/airflow/example_dags/tutorial.py took 0.175 seconds
[2025-01-28T15:31:51.821+0000] {processor.py:186} INFO - Started process (PID=598) to work on /home/airflow/.local/lib/python3.12/site-packages/airflow/example_dags/tutorial.py
[2025-01-28T15:31:51.824+0000] {processor.py:914} INFO - Processing file /home/airflow/.local/lib/python3.12/site-packages/airflow/example_dags/tutorial.py for tasks to queue
[2025-01-28T15:31:51.828+0000] {logging_mixin.py:190} INFO - [2025-01-28T15:31:51.827+0000] {dagbag.py:588} INFO - Filling up the DagBag from /home/airflow/.local/lib/python3.12/site-packages/airflow/example_dags/tutorial.py
[2025-01-28T15:31:51.848+0000] {processor.py:925} INFO - DAG(s) 'tutorial' retrieved from /home/airflow/.local/lib/python3.12/site-packages/airflow/example_dags/tutorial.py
[2025-01-28T15:31:51.885+0000] {logging_mixin.py:190} INFO - [2025-01-28T15:31:51.884+0000] {dag.py:3239} INFO - Sync 1 DAGs
[2025-01-28T15:31:51.923+0000] {logging_mixin.py:190} INFO - [2025-01-28T15:31:51.922+0000] {dag.py:4180} INFO - Setting next_dagrun for tutorial to 2025-01-27 00:00:00+00:00, run_after=2025-01-28 00:00:00+00:00
[2025-01-28T15:31:51.962+0000] {processor.py:208} INFO - Processing /home/airflow/.local/lib/python3.12/site-packages/airflow/example_dags/tutorial.py took 0.156 seconds
[2025-01-28T16:33:24.896+0000] {processor.py:186} INFO - Started process (PID=90) to work on /home/airflow/.local/lib/python3.12/site-packages/airflow/example_dags/tutorial.py
[2025-01-28T16:33:24.899+0000] {processor.py:914} INFO - Processing file /home/airflow/.local/lib/python3.12/site-packages/airflow/example_dags/tutorial.py for tasks to queue
[2025-01-28T16:33:24.905+0000] {logging_mixin.py:190} INFO - [2025-01-28T16:33:24.904+0000] {dagbag.py:588} INFO - Filling up the DagBag from /home/airflow/.local/lib/python3.12/site-packages/airflow/example_dags/tutorial.py
[2025-01-28T16:33:24.925+0000] {processor.py:925} INFO - DAG(s) 'tutorial' retrieved from /home/airflow/.local/lib/python3.12/site-packages/airflow/example_dags/tutorial.py
[2025-01-28T16:33:24.979+0000] {logging_mixin.py:190} INFO - [2025-01-28T16:33:24.979+0000] {dag.py:3239} INFO - Sync 1 DAGs
[2025-01-28T16:33:25.026+0000] {logging_mixin.py:190} INFO - [2025-01-28T16:33:25.025+0000] {dag.py:4180} INFO - Setting next_dagrun for tutorial to 2025-01-27 00:00:00+00:00, run_after=2025-01-28 00:00:00+00:00
[2025-01-28T16:33:25.075+0000] {processor.py:208} INFO - Processing /home/airflow/.local/lib/python3.12/site-packages/airflow/example_dags/tutorial.py took 0.188 seconds
[2025-01-28T16:33:56.151+0000] {processor.py:186} INFO - Started process (PID=153) to work on /home/airflow/.local/lib/python3.12/site-packages/airflow/example_dags/tutorial.py
[2025-01-28T16:33:56.153+0000] {processor.py:914} INFO - Processing file /home/airflow/.local/lib/python3.12/site-packages/airflow/example_dags/tutorial.py for tasks to queue
[2025-01-28T16:33:56.159+0000] {logging_mixin.py:190} INFO - [2025-01-28T16:33:56.159+0000] {dagbag.py:588} INFO - Filling up the DagBag from /home/airflow/.local/lib/python3.12/site-packages/airflow/example_dags/tutorial.py
[2025-01-28T16:33:56.176+0000] {processor.py:925} INFO - DAG(s) 'tutorial' retrieved from /home/airflow/.local/lib/python3.12/site-packages/airflow/example_dags/tutorial.py
[2025-01-28T16:33:56.209+0000] {logging_mixin.py:190} INFO - [2025-01-28T16:33:56.208+0000] {dag.py:3239} INFO - Sync 1 DAGs
[2025-01-28T16:33:56.246+0000] {logging_mixin.py:190} INFO - [2025-01-28T16:33:56.246+0000] {dag.py:4180} INFO - Setting next_dagrun for tutorial to 2025-01-27 00:00:00+00:00, run_after=2025-01-28 00:00:00+00:00
[2025-01-28T16:33:56.278+0000] {processor.py:208} INFO - Processing /home/airflow/.local/lib/python3.12/site-packages/airflow/example_dags/tutorial.py took 0.141 seconds
[2025-01-28T16:34:26.376+0000] {processor.py:186} INFO - Started process (PID=216) to work on /home/airflow/.local/lib/python3.12/site-packages/airflow/example_dags/tutorial.py
[2025-01-28T16:34:26.378+0000] {processor.py:914} INFO - Processing file /home/airflow/.local/lib/python3.12/site-packages/airflow/example_dags/tutorial.py for tasks to queue
[2025-01-28T16:34:26.382+0000] {logging_mixin.py:190} INFO - [2025-01-28T16:34:26.382+0000] {dagbag.py:588} INFO - Filling up the DagBag from /home/airflow/.local/lib/python3.12/site-packages/airflow/example_dags/tutorial.py
[2025-01-28T16:34:26.396+0000] {processor.py:925} INFO - DAG(s) 'tutorial' retrieved from /home/airflow/.local/lib/python3.12/site-packages/airflow/example_dags/tutorial.py
[2025-01-28T16:34:26.431+0000] {logging_mixin.py:190} INFO - [2025-01-28T16:34:26.430+0000] {dag.py:3239} INFO - Sync 1 DAGs
[2025-01-28T16:34:26.477+0000] {logging_mixin.py:190} INFO - [2025-01-28T16:34:26.476+0000] {dag.py:4180} INFO - Setting next_dagrun for tutorial to 2025-01-27 00:00:00+00:00, run_after=2025-01-28 00:00:00+00:00
[2025-01-28T16:34:26.509+0000] {processor.py:208} INFO - Processing /home/airflow/.local/lib/python3.12/site-packages/airflow/example_dags/tutorial.py took 0.141 seconds
[2025-01-28T16:34:56.664+0000] {processor.py:186} INFO - Started process (PID=278) to work on /home/airflow/.local/lib/python3.12/site-packages/airflow/example_dags/tutorial.py
[2025-01-28T16:34:56.666+0000] {processor.py:914} INFO - Processing file /home/airflow/.local/lib/python3.12/site-packages/airflow/example_dags/tutorial.py for tasks to queue
[2025-01-28T16:34:56.672+0000] {logging_mixin.py:190} INFO - [2025-01-28T16:34:56.671+0000] {dagbag.py:588} INFO - Filling up the DagBag from /home/airflow/.local/lib/python3.12/site-packages/airflow/example_dags/tutorial.py
[2025-01-28T16:34:56.687+0000] {processor.py:925} INFO - DAG(s) 'tutorial' retrieved from /home/airflow/.local/lib/python3.12/site-packages/airflow/example_dags/tutorial.py
[2025-01-28T16:34:56.727+0000] {logging_mixin.py:190} INFO - [2025-01-28T16:34:56.727+0000] {dag.py:3239} INFO - Sync 1 DAGs
[2025-01-28T16:34:56.766+0000] {logging_mixin.py:190} INFO - [2025-01-28T16:34:56.766+0000] {dag.py:4180} INFO - Setting next_dagrun for tutorial to 2025-01-27 00:00:00+00:00, run_after=2025-01-28 00:00:00+00:00
[2025-01-28T16:34:56.803+0000] {processor.py:208} INFO - Processing /home/airflow/.local/lib/python3.12/site-packages/airflow/example_dags/tutorial.py took 0.152 seconds
[2025-01-28T16:35:27.246+0000] {processor.py:186} INFO - Started process (PID=341) to work on /home/airflow/.local/lib/python3.12/site-packages/airflow/example_dags/tutorial.py
[2025-01-28T16:35:27.248+0000] {processor.py:914} INFO - Processing file /home/airflow/.local/lib/python3.12/site-packages/airflow/example_dags/tutorial.py for tasks to queue
[2025-01-28T16:35:27.253+0000] {logging_mixin.py:190} INFO - [2025-01-28T16:35:27.252+0000] {dagbag.py:588} INFO - Filling up the DagBag from /home/airflow/.local/lib/python3.12/site-packages/airflow/example_dags/tutorial.py
[2025-01-28T16:35:27.266+0000] {processor.py:925} INFO - DAG(s) 'tutorial' retrieved from /home/airflow/.local/lib/python3.12/site-packages/airflow/example_dags/tutorial.py
[2025-01-28T16:35:27.298+0000] {logging_mixin.py:190} INFO - [2025-01-28T16:35:27.297+0000] {dag.py:3239} INFO - Sync 1 DAGs
[2025-01-28T16:35:27.336+0000] {logging_mixin.py:190} INFO - [2025-01-28T16:35:27.335+0000] {dag.py:4180} INFO - Setting next_dagrun for tutorial to 2025-01-27 00:00:00+00:00, run_after=2025-01-28 00:00:00+00:00
[2025-01-28T16:35:27.371+0000] {processor.py:208} INFO - Processing /home/airflow/.local/lib/python3.12/site-packages/airflow/example_dags/tutorial.py took 0.136 seconds
[2025-01-28T16:35:57.622+0000] {processor.py:186} INFO - Started process (PID=404) to work on /home/airflow/.local/lib/python3.12/site-packages/airflow/example_dags/tutorial.py
[2025-01-28T16:35:57.623+0000] {processor.py:914} INFO - Processing file /home/airflow/.local/lib/python3.12/site-packages/airflow/example_dags/tutorial.py for tasks to queue
[2025-01-28T16:35:57.628+0000] {logging_mixin.py:190} INFO - [2025-01-28T16:35:57.627+0000] {dagbag.py:588} INFO - Filling up the DagBag from /home/airflow/.local/lib/python3.12/site-packages/airflow/example_dags/tutorial.py
[2025-01-28T16:35:57.644+0000] {processor.py:925} INFO - DAG(s) 'tutorial' retrieved from /home/airflow/.local/lib/python3.12/site-packages/airflow/example_dags/tutorial.py
[2025-01-28T16:35:57.678+0000] {logging_mixin.py:190} INFO - [2025-01-28T16:35:57.678+0000] {dag.py:3239} INFO - Sync 1 DAGs
[2025-01-28T16:35:57.718+0000] {logging_mixin.py:190} INFO - [2025-01-28T16:35:57.718+0000] {dag.py:4180} INFO - Setting next_dagrun for tutorial to 2025-01-27 00:00:00+00:00, run_after=2025-01-28 00:00:00+00:00
[2025-01-28T16:35:57.749+0000] {processor.py:208} INFO - Processing /home/airflow/.local/lib/python3.12/site-packages/airflow/example_dags/tutorial.py took 0.136 seconds
