[2025-01-30T14:43:04.736+0000] {local_task_job_runner.py:123} INFO - ::group::Pre task execution logs
[2025-01-30T14:43:04.772+0000] {taskinstance.py:2613} INFO - Dependencies all met for dep_context=non-requeueable deps ti=<TaskInstance: http_dag.create_table_op scheduled__2025-01-29T00:00:00+00:00 [queued]>
[2025-01-30T14:43:04.795+0000] {taskinstance.py:2613} INFO - Dependencies all met for dep_context=requeueable deps ti=<TaskInstance: http_dag.create_table_op scheduled__2025-01-29T00:00:00+00:00 [queued]>
[2025-01-30T14:43:04.796+0000] {taskinstance.py:2866} INFO - Starting attempt 1 of 1
[2025-01-30T14:43:04.829+0000] {taskinstance.py:2889} INFO - Executing <Task(PostgresOperator): create_table_op> on 2025-01-29 00:00:00+00:00
[2025-01-30T14:43:04.848+0000] {warnings.py:112} WARNING - /home/***/.local/lib/python3.12/site-packages/***/task/task_runner/standard_task_runner.py:70: DeprecationWarning: This process (pid=561) is multi-threaded, use of fork() may lead to deadlocks in the child.
  pid = os.fork()

[2025-01-30T14:43:04.852+0000] {standard_task_runner.py:72} INFO - Started process 563 to run task
[2025-01-30T14:43:04.851+0000] {standard_task_runner.py:104} INFO - Running: ['***', 'tasks', 'run', 'http_dag', 'create_table_op', 'scheduled__2025-01-29T00:00:00+00:00', '--job-id', '46', '--raw', '--subdir', 'DAGS_FOLDER/http_dag.py', '--cfg-path', '/tmp/tmp6irsflgl']
[2025-01-30T14:43:04.859+0000] {standard_task_runner.py:105} INFO - Job 46: Subtask create_table_op
[2025-01-30T14:43:04.968+0000] {task_command.py:467} INFO - Running <TaskInstance: http_dag.create_table_op scheduled__2025-01-29T00:00:00+00:00 [running]> on host a83ed179c59d
[2025-01-30T14:43:05.129+0000] {taskinstance.py:3132} INFO - Exporting env vars: AIRFLOW_CTX_DAG_OWNER='***' AIRFLOW_CTX_DAG_ID='http_dag' AIRFLOW_CTX_TASK_ID='create_table_op' AIRFLOW_CTX_EXECUTION_DATE='2025-01-29T00:00:00+00:00' AIRFLOW_CTX_TRY_NUMBER='1' AIRFLOW_CTX_DAG_RUN_ID='scheduled__2025-01-29T00:00:00+00:00'
[2025-01-30T14:43:05.131+0000] {taskinstance.py:731} INFO - ::endgroup::
[2025-01-30T14:43:05.183+0000] {sql.py:278} INFO - Executing: 
            CREATE TABLE IF NOT EXISTS starwars_character (
                name TEXT NOT NULL,
                height TEXT NOT NULL,
                mass TEXT NOT NULL
            );
        
[2025-01-30T14:43:05.194+0000] {base.py:84} INFO - Retrieving connection 'my_postgres_connection'
[2025-01-30T14:43:05.209+0000] {base.py:84} INFO - Retrieving connection 'my_postgres_connection'
[2025-01-30T14:43:05.219+0000] {sql.py:553} INFO - Running statement: 
            CREATE TABLE IF NOT EXISTS starwars_character (
                name TEXT NOT NULL,
                height TEXT NOT NULL,
                mass TEXT NOT NULL
            );
        , parameters: None
[2025-01-30T14:43:05.279+0000] {taskinstance.py:340} INFO - ::group::Post task execution logs
[2025-01-30T14:43:05.281+0000] {taskinstance.py:352} INFO - Marking task as SUCCESS. dag_id=http_dag, task_id=create_table_op, run_id=scheduled__2025-01-29T00:00:00+00:00, execution_date=20250129T000000, start_date=20250130T144304, end_date=20250130T144305
[2025-01-30T14:43:05.332+0000] {local_task_job_runner.py:266} INFO - Task exited with return code 0
[2025-01-30T14:43:05.378+0000] {taskinstance.py:3895} INFO - 1 downstream tasks scheduled from follow-on schedule check
[2025-01-30T14:43:05.383+0000] {local_task_job_runner.py:245} INFO - ::endgroup::
