[2025-01-30T14:43:06.557+0000] {local_task_job_runner.py:123} INFO - ::group::Pre task execution logs
[2025-01-30T14:43:06.582+0000] {taskinstance.py:2613} INFO - Dependencies all met for dep_context=non-requeueable deps ti=<TaskInstance: http_dag.get_op scheduled__2025-01-29T00:00:00+00:00 [queued]>
[2025-01-30T14:43:06.594+0000] {taskinstance.py:2613} INFO - Dependencies all met for dep_context=requeueable deps ti=<TaskInstance: http_dag.get_op scheduled__2025-01-29T00:00:00+00:00 [queued]>
[2025-01-30T14:43:06.595+0000] {taskinstance.py:2866} INFO - Starting attempt 1 of 1
[2025-01-30T14:43:06.612+0000] {taskinstance.py:2889} INFO - Executing <Task(SimpleHttpOperator): get_op> on 2025-01-29 00:00:00+00:00
[2025-01-30T14:43:06.621+0000] {warnings.py:112} WARNING - /home/***/.local/lib/python3.12/site-packages/***/task/task_runner/standard_task_runner.py:70: DeprecationWarning: This process (pid=565) is multi-threaded, use of fork() may lead to deadlocks in the child.
  pid = os.fork()

[2025-01-30T14:43:06.623+0000] {standard_task_runner.py:72} INFO - Started process 567 to run task
[2025-01-30T14:43:06.627+0000] {standard_task_runner.py:104} INFO - Running: ['***', 'tasks', 'run', 'http_dag', 'get_op', 'scheduled__2025-01-29T00:00:00+00:00', '--job-id', '47', '--raw', '--subdir', 'DAGS_FOLDER/http_dag.py', '--cfg-path', '/tmp/tmpzg4cjtjp']
[2025-01-30T14:43:06.632+0000] {standard_task_runner.py:105} INFO - Job 47: Subtask get_op
[2025-01-30T14:43:06.856+0000] {task_command.py:467} INFO - Running <TaskInstance: http_dag.get_op scheduled__2025-01-29T00:00:00+00:00 [running]> on host a83ed179c59d
[2025-01-30T14:43:06.952+0000] {taskinstance.py:3132} INFO - Exporting env vars: AIRFLOW_CTX_DAG_OWNER='***' AIRFLOW_CTX_DAG_ID='http_dag' AIRFLOW_CTX_TASK_ID='get_op' AIRFLOW_CTX_EXECUTION_DATE='2025-01-29T00:00:00+00:00' AIRFLOW_CTX_TRY_NUMBER='1' AIRFLOW_CTX_DAG_RUN_ID='scheduled__2025-01-29T00:00:00+00:00'
[2025-01-30T14:43:06.954+0000] {taskinstance.py:731} INFO - ::endgroup::
[2025-01-30T14:43:06.968+0000] {http.py:175} INFO - Calling HTTP method
[2025-01-30T14:43:06.983+0000] {base.py:84} INFO - Retrieving connection 'my_http_connection'
[2025-01-30T14:43:06.994+0000] {base.py:84} INFO - Retrieving connection 'my_http_connection'
[2025-01-30T14:43:08.666+0000] {http.py:236} INFO - {"name":"Luke Skywalker","height":"172","mass":"77","hair_color":"blond","skin_color":"fair","eye_color":"blue","birth_year":"19BBY","gender":"male","homeworld":"https://swapi.dev/api/planets/1/","films":["https://swapi.dev/api/films/1/","https://swapi.dev/api/films/2/","https://swapi.dev/api/films/3/","https://swapi.dev/api/films/6/"],"species":[],"vehicles":["https://swapi.dev/api/vehicles/14/","https://swapi.dev/api/vehicles/30/"],"starships":["https://swapi.dev/api/starships/12/","https://swapi.dev/api/starships/22/"],"created":"2014-12-09T13:50:51.644000Z","edited":"2014-12-20T21:17:56.891000Z","url":"https://swapi.dev/api/people/1/"}
[2025-01-30T14:43:08.725+0000] {taskinstance.py:340} INFO - ::group::Post task execution logs
[2025-01-30T14:43:08.726+0000] {taskinstance.py:352} INFO - Marking task as SUCCESS. dag_id=http_dag, task_id=get_op, run_id=scheduled__2025-01-29T00:00:00+00:00, execution_date=20250129T000000, start_date=20250130T144306, end_date=20250130T144308
[2025-01-30T14:43:08.776+0000] {local_task_job_runner.py:266} INFO - Task exited with return code 0
[2025-01-30T14:43:08.975+0000] {taskinstance.py:3895} INFO - 1 downstream tasks scheduled from follow-on schedule check
[2025-01-30T14:43:08.980+0000] {local_task_job_runner.py:245} INFO - ::endgroup::
